<?xml version="1.0" encoding="UTF-8"?>
<testsuite name="dev.pethaven.controllers.ChatControllerTest" tests="4" skipped="0" failures="0" errors="0" timestamp="2023-11-25T08:44:31" hostname="DESKTOP-A5JLMPO" time="1.465">
  <properties/>
  <testcase name="testAddMessage()" classname="dev.pethaven.controllers.ChatControllerTest" time="0.77"/>
  <testcase name="testGetChats()" classname="dev.pethaven.controllers.ChatControllerTest" time="0.25"/>
  <testcase name="testGetMessages()" classname="dev.pethaven.controllers.ChatControllerTest" time="0.183"/>
  <testcase name="testCreateChatAndAddRequestMessage()" classname="dev.pethaven.controllers.ChatControllerTest" time="0.256"/>
  <system-out><![CDATA[11:44:18.422 [Test worker] DEBUG org.springframework.test.context.BootstrapUtils - Instantiating CacheAwareContextLoaderDelegate from class [org.springframework.test.context.cache.DefaultCacheAwareContextLoaderDelegate]
11:44:18.435 [Test worker] DEBUG org.springframework.test.context.BootstrapUtils - Instantiating BootstrapContext using constructor [public org.springframework.test.context.support.DefaultBootstrapContext(java.lang.Class,org.springframework.test.context.CacheAwareContextLoaderDelegate)]
11:44:18.467 [Test worker] DEBUG org.springframework.test.context.BootstrapUtils - Instantiating TestContextBootstrapper for test class [dev.pethaven.controllers.ChatControllerTest] from class [org.springframework.boot.test.context.SpringBootTestContextBootstrapper]
11:44:18.481 [Test worker] DEBUG org.springframework.test.context.support.AbstractContextLoader - Did not detect default resource location for test class [dev.pethaven.controllers.ChatControllerTest]: class path resource [dev/pethaven/controllers/ChatControllerTest-context.xml] does not exist
11:44:18.481 [Test worker] DEBUG org.springframework.test.context.support.AbstractContextLoader - Did not detect default resource location for test class [dev.pethaven.controllers.ChatControllerTest]: class path resource [dev/pethaven/controllers/ChatControllerTestContext.groovy] does not exist
11:44:18.481 [Test worker] INFO org.springframework.test.context.support.AbstractContextLoader - Could not detect default resource locations for test class [dev.pethaven.controllers.ChatControllerTest]: no resource found for suffixes {-context.xml, Context.groovy}.
11:44:18.483 [Test worker] DEBUG org.springframework.test.context.support.AnnotationConfigContextLoaderUtils - Ignoring class [dev.pethaven.controllers.ChatControllerTest$Initializer]; it must be static, non-private, non-final, and annotated with @Configuration to be considered a default configuration class.
11:44:18.483 [Test worker] INFO org.springframework.test.context.support.AnnotationConfigContextLoaderUtils - Could not detect default configuration classes for test class [dev.pethaven.controllers.ChatControllerTest]: ChatControllerTest does not declare any static, non-private, non-final, nested classes annotated with @Configuration.
11:44:18.540 [Test worker] DEBUG org.springframework.test.context.support.ActiveProfilesUtils - Could not find an 'annotation declaring class' for annotation type [org.springframework.test.context.ActiveProfiles] and class [dev.pethaven.controllers.ChatControllerTest]
11:44:18.724 [Test worker] DEBUG org.springframework.context.annotation.ClassPathScanningCandidateComponentProvider - Identified candidate component class: file [D:\Proekti\PetHaven\backend\build\classes\java\main\dev\pethaven\PetHavenApplication.class]
11:44:18.725 [Test worker] INFO org.springframework.boot.test.context.SpringBootTestContextBootstrapper - Found @SpringBootConfiguration dev.pethaven.PetHavenApplication for test class dev.pethaven.controllers.ChatControllerTest
11:44:18.829 [Test worker] DEBUG org.springframework.boot.test.context.SpringBootTestContextBootstrapper - @TestExecutionListeners is not present for class [dev.pethaven.controllers.ChatControllerTest]: using defaults.
11:44:18.829 [Test worker] INFO org.springframework.boot.test.context.SpringBootTestContextBootstrapper - Loaded default TestExecutionListener class names from location [META-INF/spring.factories]: [org.springframework.security.test.context.support.WithSecurityContextTestExecutionListener, org.springframework.security.test.context.support.ReactorContextTestExecutionListener, org.springframework.boot.test.autoconfigure.restdocs.RestDocsTestExecutionListener, org.springframework.boot.test.autoconfigure.web.client.MockRestServiceServerResetTestExecutionListener, org.springframework.boot.test.autoconfigure.web.servlet.MockMvcPrintOnlyOnFailureTestExecutionListener, org.springframework.boot.test.autoconfigure.web.servlet.WebDriverTestExecutionListener, org.springframework.boot.test.autoconfigure.webservices.client.MockWebServiceServerTestExecutionListener, org.springframework.boot.test.mock.mockito.MockitoTestExecutionListener, org.springframework.boot.test.mock.mockito.ResetMocksTestExecutionListener, org.springframework.test.context.web.ServletTestExecutionListener, org.springframework.test.context.support.DirtiesContextBeforeModesTestExecutionListener, org.springframework.test.context.event.ApplicationEventsTestExecutionListener, org.springframework.test.context.support.DependencyInjectionTestExecutionListener, org.springframework.test.context.support.DirtiesContextTestExecutionListener, org.springframework.test.context.transaction.TransactionalTestExecutionListener, org.springframework.test.context.jdbc.SqlScriptsTestExecutionListener, org.springframework.test.context.event.EventPublishingTestExecutionListener]
11:44:18.850 [Test worker] INFO org.springframework.boot.test.context.SpringBootTestContextBootstrapper - Using TestExecutionListeners: [org.springframework.test.context.web.ServletTestExecutionListener@72c28d64, org.springframework.test.context.support.DirtiesContextBeforeModesTestExecutionListener@6492fab5, org.springframework.test.context.event.ApplicationEventsTestExecutionListener@2c5529ab, org.springframework.boot.test.mock.mockito.MockitoTestExecutionListener@39a8312f, org.springframework.boot.test.autoconfigure.SpringBootDependencyInjectionTestExecutionListener@5f6722d3, org.springframework.test.context.support.DirtiesContextTestExecutionListener@2c532cd8, org.springframework.test.context.transaction.TransactionalTestExecutionListener@294e5088, org.springframework.test.context.jdbc.SqlScriptsTestExecutionListener@51972dc7, org.springframework.security.test.context.support.WithSecurityContextTestExecutionListener@3700ec9c, org.springframework.test.context.event.EventPublishingTestExecutionListener@2002348, org.springframework.security.test.context.support.ReactorContextTestExecutionListener@5911e990, org.springframework.boot.test.autoconfigure.restdocs.RestDocsTestExecutionListener@31000e60, org.springframework.boot.test.autoconfigure.web.client.MockRestServiceServerResetTestExecutionListener@1d470d0, org.springframework.boot.test.autoconfigure.web.servlet.MockMvcPrintOnlyOnFailureTestExecutionListener@24d09c1, org.springframework.boot.test.autoconfigure.web.servlet.WebDriverTestExecutionListener@54c62d71, org.springframework.boot.test.autoconfigure.webservices.client.MockWebServiceServerTestExecutionListener@65045a87, org.springframework.boot.test.mock.mockito.ResetMocksTestExecutionListener@47f4e407]
11:44:18.854 [Test worker] DEBUG org.springframework.test.context.support.AbstractDirtiesContextTestExecutionListener - Before test class: context [DefaultTestContext@732f29af testClass = ChatControllerTest, testInstance = [null], testMethod = [null], testException = [null], mergedContextConfiguration = [WebMergedContextConfiguration@d3957fe testClass = ChatControllerTest, locations = '{}', classes = '{class dev.pethaven.PetHavenApplication}', contextInitializerClasses = '[class dev.pethaven.controllers.ChatControllerTest$Initializer]', activeProfiles = '{}', propertySourceLocations = '{}', propertySourceProperties = '{org.springframework.boot.test.context.SpringBootTestContextBootstrapper=true}', contextCustomizers = set[org.springframework.boot.test.autoconfigure.actuate.metrics.MetricsExportContextCustomizerFactory$DisableMetricExportContextCustomizer@478db956, org.springframework.boot.test.autoconfigure.properties.PropertyMappingContextCustomizer@4b3fa0b3, org.springframework.boot.test.autoconfigure.web.servlet.WebDriverContextCustomizerFactory$Customizer@75c56eb9, [ImportsContextCustomizer@6622fc65 key = [org.springframework.boot.test.autoconfigure.web.servlet.MockMvcAutoConfiguration, org.springframework.boot.test.autoconfigure.web.servlet.MockMvcWebClientAutoConfiguration, org.springframework.boot.test.autoconfigure.web.servlet.MockMvcWebDriverAutoConfiguration, org.springframework.boot.autoconfigure.security.oauth2.client.servlet.OAuth2ClientAutoConfiguration, org.springframework.boot.autoconfigure.security.oauth2.resource.servlet.OAuth2ResourceServerAutoConfiguration, org.springframework.boot.autoconfigure.security.servlet.SecurityAutoConfiguration, org.springframework.boot.autoconfigure.security.servlet.SecurityFilterAutoConfiguration, org.springframework.boot.autoconfigure.security.servlet.UserDetailsServiceAutoConfiguration, org.springframework.boot.test.autoconfigure.web.servlet.MockMvcSecurityConfiguration, org.springframework.boot.test.autoconfigure.web.reactive.WebTestClientAutoConfiguration]], org.springframework.boot.test.context.filter.ExcludeFilterContextCustomizer@2cb2fc20, org.springframework.boot.test.json.DuplicateJsonObjectContextCustomizerFactory$DuplicateJsonObjectContextCustomizer@495ee280, org.springframework.boot.test.mock.mockito.MockitoContextCustomizer@0, org.springframework.boot.test.web.client.TestRestTemplateContextCustomizer@4c012563, org.springframework.boot.test.context.SpringBootTestArgs@1, org.springframework.boot.test.context.SpringBootTestWebEnvironment@188715b5], resourceBasePath = 'src/main/webapp', contextLoader = 'org.springframework.boot.test.context.SpringBootContextLoader', parent = [null]], attributes = map['org.springframework.test.context.web.ServletTestExecutionListener.activateListener' -> true]], class annotated with @DirtiesContext [false] with mode [null].
11:44:18.885 [Test worker] DEBUG org.testcontainers.utility.TestcontainersConfiguration - Testcontainers configuration overrides will be loaded from file:/C:/Users/Dmitry/.testcontainers.properties
11:44:18.893 [Test worker] INFO org.testcontainers.images.PullPolicy - Image pull policy will be performed by: DefaultPullPolicy()
11:44:18.895 [Test worker] INFO org.testcontainers.utility.ImageNameSubstitutor - Image name substitution will be performed by: DefaultImageNameSubstitutor (composite of 'ConfigurationFileImageNameSubstitutor' and 'PrefixingImageNameSubstitutor')
11:44:19.125 [Test worker] INFO org.testcontainers.dockerclient.DockerClientProviderStrategy - Loaded org.testcontainers.dockerclient.NpipeSocketClientProviderStrategy from ~/.testcontainers.properties, will try it first
11:44:19.126 [Test worker] DEBUG org.testcontainers.dockerclient.DockerClientProviderStrategy - Trying out strategy: NpipeSocketClientProviderStrategy
11:44:19.291 [Test worker] DEBUG org.testcontainers.shaded.com.github.dockerjava.core.command.AbstrDockerCmd - Cmd: 
11:44:19.322 [Test worker] DEBUG com.github.dockerjava.zerodep.shaded.org.apache.hc.client5.http.impl.classic.InternalHttpClient - ex-00000001: preparing request execution
11:44:19.327 [Test worker] DEBUG com.github.dockerjava.zerodep.shaded.org.apache.hc.client5.http.protocol.RequestAddCookies - Cookie spec selected: strict
11:44:19.331 [Test worker] DEBUG com.github.dockerjava.zerodep.shaded.org.apache.hc.client5.http.protocol.RequestAuthCache - Auth cache not set in the context
11:44:19.332 [Test worker] DEBUG com.github.dockerjava.zerodep.shaded.org.apache.hc.client5.http.impl.classic.ProtocolExec - ex-00000001: target auth state: UNCHALLENGED
11:44:19.333 [Test worker] DEBUG com.github.dockerjava.zerodep.shaded.org.apache.hc.client5.http.impl.classic.ProtocolExec - ex-00000001: proxy auth state: UNCHALLENGED
11:44:19.333 [Test worker] DEBUG com.github.dockerjava.zerodep.shaded.org.apache.hc.client5.http.impl.classic.ConnectExec - ex-00000001: acquiring connection with route {}->npipe://localhost:2375
11:44:19.333 [Test worker] DEBUG com.github.dockerjava.zerodep.shaded.org.apache.hc.client5.http.impl.classic.InternalHttpClient - ex-00000001: acquiring endpoint (3 MINUTES)
11:44:19.335 [Test worker] DEBUG com.github.dockerjava.zerodep.shaded.org.apache.hc.client5.http.impl.io.PoolingHttpClientConnectionManager - ex-00000001: endpoint lease request (3 MINUTES) [route: {}->npipe://localhost:2375][total available: 0; route allocated: 0 of 2147483647; total allocated: 0 of 2147483647]
11:44:19.339 [Test worker] DEBUG com.github.dockerjava.zerodep.shaded.org.apache.hc.client5.http.impl.io.PoolingHttpClientConnectionManager - ex-00000001: endpoint leased [route: {}->npipe://localhost:2375][total available: 0; route allocated: 1 of 2147483647; total allocated: 1 of 2147483647]
11:44:19.351 [Test worker] DEBUG com.github.dockerjava.zerodep.shaded.org.apache.hc.client5.http.impl.io.PoolingHttpClientConnectionManager - ex-00000001: acquired ep-00000000
11:44:19.351 [Test worker] DEBUG com.github.dockerjava.zerodep.shaded.org.apache.hc.client5.http.impl.classic.InternalHttpClient - ex-00000001: acquired endpoint ep-00000000
11:44:19.351 [Test worker] DEBUG com.github.dockerjava.zerodep.shaded.org.apache.hc.client5.http.impl.classic.ConnectExec - ex-00000001: opening connection {}->npipe://localhost:2375
11:44:19.352 [Test worker] DEBUG com.github.dockerjava.zerodep.shaded.org.apache.hc.client5.http.impl.classic.InternalHttpClient - ep-00000000: connecting endpoint (3 MINUTES)
11:44:19.352 [Test worker] DEBUG com.github.dockerjava.zerodep.shaded.org.apache.hc.client5.http.impl.io.PoolingHttpClientConnectionManager - ep-00000000: connecting endpoint to npipe://localhost:2375 (3 MINUTES)
11:44:19.354 [Test worker] DEBUG com.github.dockerjava.zerodep.shaded.org.apache.hc.client5.http.impl.io.DefaultHttpClientConnectionOperator - http-outgoing-0: connecting to localhost/127.0.0.1:2375
11:44:19.355 [Test worker] DEBUG com.github.dockerjava.zerodep.shaded.org.apache.hc.client5.http.impl.io.DefaultHttpClientConnectionOperator - http-outgoing-0: connection established 
11:44:19.355 [Test worker] DEBUG com.github.dockerjava.zerodep.shaded.org.apache.hc.client5.http.impl.io.PoolingHttpClientConnectionManager - ep-00000000: connected http-outgoing-0
11:44:19.355 [Test worker] DEBUG com.github.dockerjava.zerodep.shaded.org.apache.hc.client5.http.impl.classic.InternalHttpClient - ep-00000000: endpoint connected
11:44:19.356 [Test worker] DEBUG com.github.dockerjava.zerodep.shaded.org.apache.hc.client5.http.impl.classic.MainClientExec - ex-00000001: executing GET /v1.32/info HTTP/1.1
11:44:19.357 [Test worker] DEBUG com.github.dockerjava.zerodep.shaded.org.apache.hc.client5.http.impl.classic.InternalHttpClient - ep-00000000: start execution ex-00000001
11:44:19.357 [Test worker] DEBUG com.github.dockerjava.zerodep.shaded.org.apache.hc.client5.http.impl.io.PoolingHttpClientConnectionManager - ep-00000000: executing exchange ex-00000001 over http-outgoing-0
11:44:19.357 [Test worker] DEBUG com.github.dockerjava.zerodep.shaded.org.apache.hc.client5.http.headers - http-outgoing-0 >> GET /v1.32/info HTTP/1.1
11:44:19.358 [Test worker] DEBUG com.github.dockerjava.zerodep.shaded.org.apache.hc.client5.http.headers - http-outgoing-0 >> x-tc-sid: af84bb41-8d04-425a-9335-6ad2c7615817
11:44:19.358 [Test worker] DEBUG com.github.dockerjava.zerodep.shaded.org.apache.hc.client5.http.headers - http-outgoing-0 >> User-Agent: tc-java/1.19.2
11:44:19.358 [Test worker] DEBUG com.github.dockerjava.zerodep.shaded.org.apache.hc.client5.http.headers - http-outgoing-0 >> Accept-Encoding: gzip, x-gzip, deflate
11:44:19.358 [Test worker] DEBUG com.github.dockerjava.zerodep.shaded.org.apache.hc.client5.http.headers - http-outgoing-0 >> Host: localhost:2375
11:44:19.358 [Test worker] DEBUG com.github.dockerjava.zerodep.shaded.org.apache.hc.client5.http.headers - http-outgoing-0 >> Connection: keep-alive
11:44:19.358 [Test worker] DEBUG com.github.dockerjava.zerodep.shaded.org.apache.hc.client5.http.wire - http-outgoing-0 >> "GET /v1.32/info HTTP/1.1[\r][\n]"
11:44:19.358 [Test worker] DEBUG com.github.dockerjava.zerodep.shaded.org.apache.hc.client5.http.wire - http-outgoing-0 >> "x-tc-sid: af84bb41-8d04-425a-9335-6ad2c7615817[\r][\n]"
11:44:19.358 [Test worker] DEBUG com.github.dockerjava.zerodep.shaded.org.apache.hc.client5.http.wire - http-outgoing-0 >> "User-Agent: tc-java/1.19.2[\r][\n]"
11:44:19.358 [Test worker] DEBUG com.github.dockerjava.zerodep.shaded.org.apache.hc.client5.http.wire - http-outgoing-0 >> "Accept-Encoding: gzip, x-gzip, deflate[\r][\n]"
11:44:19.358 [Test worker] DEBUG com.github.dockerjava.zerodep.shaded.org.apache.hc.client5.http.wire - http-outgoing-0 >> "Host: localhost:2375[\r][\n]"
11:44:19.359 [Test worker] DEBUG com.github.dockerjava.zerodep.shaded.org.apache.hc.client5.http.wire - http-outgoing-0 >> "Connection: keep-alive[\r][\n]"
11:44:19.359 [Test worker] DEBUG com.github.dockerjava.zerodep.shaded.org.apache.hc.client5.http.wire - http-outgoing-0 >> "[\r][\n]"
11:44:19.374 [Test worker] DEBUG com.github.dockerjava.zerodep.shaded.org.apache.hc.client5.http.wire - http-outgoing-0 << "HTTP/1.1 200 OK[\r][\n]"
11:44:19.374 [Test worker] DEBUG com.github.dockerjava.zerodep.shaded.org.apache.hc.client5.http.wire - http-outgoing-0 << "Api-Version: 1.43[\r][\n]"
11:44:19.374 [Test worker] DEBUG com.github.dockerjava.zerodep.shaded.org.apache.hc.client5.http.wire - http-outgoing-0 << "Content-Type: application/json[\r][\n]"
11:44:19.374 [Test worker] DEBUG com.github.dockerjava.zerodep.shaded.org.apache.hc.client5.http.wire - http-outgoing-0 << "Date: Sat, 25 Nov 2023 08:44:19 GMT[\r][\n]"
11:44:19.374 [Test worker] DEBUG com.github.dockerjava.zerodep.shaded.org.apache.hc.client5.http.wire - http-outgoing-0 << "Docker-Experimental: false[\r][\n]"
11:44:19.374 [Test worker] DEBUG com.github.dockerjava.zerodep.shaded.org.apache.hc.client5.http.wire - http-outgoing-0 << "Ostype: linux[\r][\n]"
11:44:19.374 [Test worker] DEBUG com.github.dockerjava.zerodep.shaded.org.apache.hc.client5.http.wire - http-outgoing-0 << "Server: Docker/24.0.6 (linux)[\r][\n]"
11:44:19.374 [Test worker] DEBUG com.github.dockerjava.zerodep.shaded.org.apache.hc.client5.http.wire - http-outgoing-0 << "Transfer-Encoding: chunked[\r][\n]"
11:44:19.374 [Test worker] DEBUG com.github.dockerjava.zerodep.shaded.org.apache.hc.client5.http.wire - http-outgoing-0 << "[\r][\n]"
11:44:19.378 [Test worker] DEBUG com.github.dockerjava.zerodep.shaded.org.apache.hc.client5.http.headers - http-outgoing-0 << HTTP/1.1 200 OK
11:44:19.379 [Test worker] DEBUG com.github.dockerjava.zerodep.shaded.org.apache.hc.client5.http.headers - http-outgoing-0 << Api-Version: 1.43
11:44:19.379 [Test worker] DEBUG com.github.dockerjava.zerodep.shaded.org.apache.hc.client5.http.headers - http-outgoing-0 << Content-Type: application/json
11:44:19.379 [Test worker] DEBUG com.github.dockerjava.zerodep.shaded.org.apache.hc.client5.http.headers - http-outgoing-0 << Date: Sat, 25 Nov 2023 08:44:19 GMT
11:44:19.379 [Test worker] DEBUG com.github.dockerjava.zerodep.shaded.org.apache.hc.client5.http.headers - http-outgoing-0 << Docker-Experimental: false
11:44:19.380 [Test worker] DEBUG com.github.dockerjava.zerodep.shaded.org.apache.hc.client5.http.headers - http-outgoing-0 << Ostype: linux
11:44:19.380 [Test worker] DEBUG com.github.dockerjava.zerodep.shaded.org.apache.hc.client5.http.headers - http-outgoing-0 << Server: Docker/24.0.6 (linux)
11:44:19.380 [Test worker] DEBUG com.github.dockerjava.zerodep.shaded.org.apache.hc.client5.http.headers - http-outgoing-0 << Transfer-Encoding: chunked
11:44:19.395 [Test worker] DEBUG com.github.dockerjava.zerodep.shaded.org.apache.hc.client5.http.impl.classic.MainClientExec - ex-00000001: connection can be kept alive for 3 MINUTES
11:44:19.400 [Test worker] DEBUG com.github.dockerjava.zerodep.shaded.org.apache.hc.client5.http.wire - http-outgoing-0 << "a9e[\r][\n]"
11:44:19.400 [Test worker] DEBUG com.github.dockerjava.zerodep.shaded.org.apache.hc.client5.http.wire - http-outgoing-0 << "{"ID":"4c1a40cb-0ba0-4984-b390-aed0f352df46","Containers":4,"ContainersRunning":1,"ContainersPaused":0,"ContainersStopped":3,"Images":5,"Driver":"overlay2","DriverStatus":[["Backing Filesystem","extfs"],["Supports d_type","true"],["Using metacopy","false"],["Native Overlay Diff","true"],["userxattr","false"]],"Plugins":{"Volume":["local"],"Network":["bridge","host","ipvlan","macvlan","null","overlay"],"Authorization":null,"Log":["awslogs","fluentd","gcplogs","gelf","journald","json-file","local","logentries","splunk","syslog"]},"MemoryLimit":true,"SwapLimit":true,"KernelMemory":true,"KernelMemoryTCP":true,"CpuCfsPeriod":true,"CpuCfsQuota":true,"CPUShares":true,"CPUSet":true,"PidsLimit":true,"IPv4Forwarding":true,"BridgeNfIptables":true,"BridgeNfIp6tables":true,"Debug":false,"NFd":50,"OomKillDisable":true,"NGoroutines":64,"SystemTime":"2023-11-25T08:44:19.365437528Z","LoggingDriver":"json-file","CgroupDriver":"cgroupfs","CgroupVersion":"1","NEventsListener":10,"KernelVersion":"5.15.133.1-microsoft-standard-WSL2","OperatingSystem":"Docker Desktop","OSVersion":"","OSType":"linux","Architecture":"x86_64","IndexServerAddress":"https://index.docker.io/v1/","RegistryConfig":{"AllowNondistributableArtifactsCIDRs":null,"AllowNondistributableArtifactsHostnames":null,"InsecureRegistryCIDRs":["127.0.0.0/8"],"IndexConfigs":{"docker.io":{"Name":"docker.io","Mirrors":[],"Secure":true,"Official":true},"hubproxy.docker.internal:5555":{"Name":"hubproxy.docker.internal:5555","Mirrors":[],"Secure":false,"Official":false}},"Mirrors":null},"NCPU":8,"MemTotal":8210329600,"GenericResources":null,"DockerRootDir":"/var/lib/docker","HttpProxy":"http.docker.internal:3128","HttpsProxy":"http.docker.internal:3128","NoProxy":"hubproxy.docker.internal","Name":"DESKTOP-A5JLMPO","Labels":[],"ExperimentalBuild":false,"ServerVersion":"24.0.6","Runtimes":{"io.containerd.runc.v2":{"path":"runc"},"runc":{"path":"runc"}},"DefaultRuntime":"runc","Swarm":{"NodeID":"","NodeAddr":"","LocalNodeState":"inactive","ControlAvailable":false,"Error":"","RemoteManagers":null},"LiveRestoreEnabled":false,"Isolation":"","InitBinary":"docker-init","ContainerdCommit":{"ID":"8165feabfdfe38c65b599c4993d227328c231fca","Expected":"8165feabfdfe38c65b599c4993d227328c231fca"},"RuncCommit":{"ID":"v1.1.8-0-g82f18fe","Expected":"v1.1.8-0-g82f18fe"},"InitCommit":{"ID":"de40ad0","Expected":"de40ad0"},"SecurityOptions":["name=seccomp,profile=unconfined"],"Warnings":["WARNING: No blkio throttle.read_bps_device support","WARNING: No blkio throttle.write_bps_device support","WARNING: No blkio throttle.read_iops_device support","WARNING: No blkio throttle.write_iops_device support","WARNING: daemon is not using the default seccomp profile"]}[\n]"
11:44:19.400 [Test worker] DEBUG com.github.dockerjava.zerodep.shaded.org.apache.hc.client5.http.wire - http-outgoing-0 << "[\r][\n]"
11:44:19.400 [Test worker] DEBUG com.github.dockerjava.zerodep.shaded.org.apache.hc.client5.http.wire - http-outgoing-0 << "0[\r][\n]"
11:44:19.400 [Test worker] DEBUG com.github.dockerjava.zerodep.shaded.org.apache.hc.client5.http.wire - http-outgoing-0 << "[\r][\n]"
11:44:19.467 [Test worker] DEBUG com.github.dockerjava.zerodep.shaded.org.apache.hc.client5.http.impl.classic.InternalHttpClient - ep-00000000: releasing valid endpoint
11:44:19.468 [Test worker] DEBUG com.github.dockerjava.zerodep.shaded.org.apache.hc.client5.http.impl.io.PoolingHttpClientConnectionManager - ep-00000000: releasing endpoint
11:44:19.468 [Test worker] DEBUG com.github.dockerjava.zerodep.shaded.org.apache.hc.client5.http.impl.io.PoolingHttpClientConnectionManager - ep-00000000: connection http-outgoing-0 can be kept alive for 3 MINUTES
11:44:19.468 [Test worker] DEBUG com.github.dockerjava.zerodep.shaded.org.apache.hc.client5.http.impl.io.PoolingHttpClientConnectionManager - ep-00000000: connection released [route: {}->npipe://localhost:2375][total available: 1; route allocated: 1 of 2147483647; total allocated: 1 of 2147483647]
11:44:19.469 [Test worker] INFO org.testcontainers.dockerclient.DockerClientProviderStrategy - Found Docker environment with local Npipe socket (npipe:////./pipe/docker_engine)
11:44:19.469 [Test worker] DEBUG org.testcontainers.dockerclient.DockerClientProviderStrategy - Transport type: 'httpclient5', Docker host: 'npipe:////./pipe/docker_engine'
11:44:19.469 [Test worker] DEBUG org.testcontainers.dockerclient.DockerClientProviderStrategy - Checking Docker OS type for local Npipe socket (npipe:////./pipe/docker_engine)
11:44:19.471 [Test worker] INFO org.testcontainers.DockerClientFactory - Docker host IP address is localhost
11:44:19.471 [Test worker] DEBUG org.testcontainers.DockerClientFactory - Docker info: {NGoroutines=64, Name=DESKTOP-A5JLMPO, Swarm={NodeID=, NodeAddr=, LocalNodeState=inactive, ControlAvailable=false, Error=, RemoteManagers=null}, RuncCommit={ID=v1.1.8-0-g82f18fe, Expected=v1.1.8-0-g82f18fe}, OSVersion=, Runtimes={io.containerd.runc.v2={path=runc}, runc={path=runc}}, ID=4c1a40cb-0ba0-4984-b390-aed0f352df46, DriverStatus=[[Backing Filesystem, extfs], [Supports d_type, true], [Using metacopy, false], [Native Overlay Diff, true], [userxattr, false]], BridgeNfIptables=true, LiveRestoreEnabled=false, SystemTime=2023-11-25T08:44:19.365437528Z, NoProxy=hubproxy.docker.internal, Architecture=x86_64, NEventsListener=10, HttpsProxy=http.docker.internal:3128, Images=5, ContainersRunning=1, Labels=[], InitCommit={ID=de40ad0, Expected=de40ad0}, NFd=50, KernelVersion=5.15.133.1-microsoft-standard-WSL2, LoggingDriver=json-file, OSType=linux, SecurityOptions=[name=seccomp,profile=unconfined], ContainerdCommit={ID=8165feabfdfe38c65b599c4993d227328c231fca, Expected=8165feabfdfe38c65b599c4993d227328c231fca}, GenericResources=null, KernelMemory=true, OperatingSystem=Docker Desktop, RegistryConfig={AllowNondistributableArtifactsCIDRs=null, AllowNondistributableArtifactsHostnames=null, InsecureRegistryCIDRs=[127.0.0.0/8], IndexConfigs={docker.io={Name=docker.io, Mirrors=[], Secure=true, Official=true}, hubproxy.docker.internal:5555={Name=hubproxy.docker.internal:5555, Mirrors=[], Secure=false, Official=false}}, Mirrors=null}, ServerVersion=24.0.6, OomKillDisable=true, CpuCfsQuota=true, Containers=4, Driver=overlay2, KernelMemoryTCP=true, IPv4Forwarding=true, ExperimentalBuild=false, DockerRootDir=/var/lib/docker, CPUSet=true, CpuCfsPeriod=true, DefaultRuntime=runc, CPUShares=true, Debug=false, NCPU=8, Plugins={Volume=[local], Network=[bridge, host, ipvlan, macvlan, null, overlay], Authorization=null, Log=[awslogs, fluentd, gcplogs, gelf, journald, json-file, local, logentries, splunk, syslog]}, SwapLimit=true, CgroupDriver=cgroupfs, ContainersPaused=0, MemTotal=8210329600, IndexServerAddress=https://index.docker.io/v1/, MemoryLimit=true, HttpProxy=http.docker.internal:3128, InitBinary=docker-init, CgroupVersion=1, PidsLimit=true, Isolation=, BridgeNfIp6tables=true, Warnings=[WARNING: No blkio throttle.read_bps_device support, WARNING: No blkio throttle.write_bps_device support, WARNING: No blkio throttle.read_iops_device support, WARNING: No blkio throttle.write_iops_device support, WARNING: daemon is not using the default seccomp profile], ContainersStopped=3}
11:44:19.473 [Test worker] DEBUG org.testcontainers.shaded.com.github.dockerjava.core.command.AbstrDockerCmd - Cmd: 
11:44:19.474 [Test worker] DEBUG com.github.dockerjava.zerodep.shaded.org.apache.hc.client5.http.impl.classic.InternalHttpClient - ex-00000002: preparing request execution
11:44:19.474 [Test worker] DEBUG com.github.dockerjava.zerodep.shaded.org.apache.hc.client5.http.protocol.RequestAddCookies - Cookie spec selected: strict
11:44:19.474 [Test worker] DEBUG com.github.dockerjava.zerodep.shaded.org.apache.hc.client5.http.protocol.RequestAuthCache - Auth cache not set in the context
11:44:19.474 [Test worker] DEBUG com.github.dockerjava.zerodep.shaded.org.apache.hc.client5.http.impl.classic.ProtocolExec - ex-00000002: target auth state: UNCHALLENGED
11:44:19.474 [Test worker] DEBUG com.github.dockerjava.zerodep.shaded.org.apache.hc.client5.http.impl.classic.ProtocolExec - ex-00000002: proxy auth state: UNCHALLENGED
11:44:19.474 [Test worker] DEBUG com.github.dockerjava.zerodep.shaded.org.apache.hc.client5.http.impl.classic.ConnectExec - ex-00000002: acquiring connection with route {}->npipe://localhost:2375
11:44:19.474 [Test worker] DEBUG com.github.dockerjava.zerodep.shaded.org.apache.hc.client5.http.impl.classic.InternalHttpClient - ex-00000002: acquiring endpoint (3 MINUTES)
11:44:19.475 [Test worker] DEBUG com.github.dockerjava.zerodep.shaded.org.apache.hc.client5.http.impl.io.PoolingHttpClientConnectionManager - ex-00000002: endpoint lease request (3 MINUTES) [route: {}->npipe://localhost:2375][total available: 1; route allocated: 1 of 2147483647; total allocated: 1 of 2147483647]
11:44:19.475 [Test worker] DEBUG com.github.dockerjava.zerodep.shaded.org.apache.hc.client5.http.impl.io.PoolingHttpClientConnectionManager - ex-00000002: endpoint leased [route: {}->npipe://localhost:2375][total available: 0; route allocated: 1 of 2147483647; total allocated: 1 of 2147483647]
11:44:19.475 [Test worker] DEBUG com.github.dockerjava.zerodep.shaded.org.apache.hc.client5.http.impl.io.PoolingHttpClientConnectionManager - ex-00000002: acquired ep-00000001
11:44:19.475 [Test worker] DEBUG com.github.dockerjava.zerodep.shaded.org.apache.hc.client5.http.impl.classic.InternalHttpClient - ex-00000002: acquired endpoint ep-00000001
11:44:19.475 [Test worker] DEBUG com.github.dockerjava.zerodep.shaded.org.apache.hc.client5.http.impl.classic.MainClientExec - ex-00000002: executing GET /v1.32/version HTTP/1.1
11:44:19.475 [Test worker] DEBUG com.github.dockerjava.zerodep.shaded.org.apache.hc.client5.http.impl.classic.InternalHttpClient - ep-00000001: start execution ex-00000002
11:44:19.475 [Test worker] DEBUG com.github.dockerjava.zerodep.shaded.org.apache.hc.client5.http.impl.io.PoolingHttpClientConnectionManager - ep-00000001: executing exchange ex-00000002 over http-outgoing-0
11:44:19.475 [Test worker] DEBUG com.github.dockerjava.zerodep.shaded.org.apache.hc.client5.http.headers - http-outgoing-0 >> GET /v1.32/version HTTP/1.1
11:44:19.475 [Test worker] DEBUG com.github.dockerjava.zerodep.shaded.org.apache.hc.client5.http.headers - http-outgoing-0 >> accept: application/json
11:44:19.475 [Test worker] DEBUG com.github.dockerjava.zerodep.shaded.org.apache.hc.client5.http.headers - http-outgoing-0 >> x-tc-sid: af84bb41-8d04-425a-9335-6ad2c7615817
11:44:19.475 [Test worker] DEBUG com.github.dockerjava.zerodep.shaded.org.apache.hc.client5.http.headers - http-outgoing-0 >> User-Agent: tc-java/1.19.2
11:44:19.475 [Test worker] DEBUG com.github.dockerjava.zerodep.shaded.org.apache.hc.client5.http.headers - http-outgoing-0 >> Accept-Encoding: gzip, x-gzip, deflate
11:44:19.476 [Test worker] DEBUG com.github.dockerjava.zerodep.shaded.org.apache.hc.client5.http.headers - http-outgoing-0 >> Host: localhost:2375
11:44:19.476 [Test worker] DEBUG com.github.dockerjava.zerodep.shaded.org.apache.hc.client5.http.headers - http-outgoing-0 >> Connection: keep-alive
11:44:19.476 [Test worker] DEBUG com.github.dockerjava.zerodep.shaded.org.apache.hc.client5.http.wire - http-outgoing-0 >> "GET /v1.32/version HTTP/1.1[\r][\n]"
11:44:19.476 [Test worker] DEBUG com.github.dockerjava.zerodep.shaded.org.apache.hc.client5.http.wire - http-outgoing-0 >> "accept: application/json[\r][\n]"
11:44:19.476 [Test worker] DEBUG com.github.dockerjava.zerodep.shaded.org.apache.hc.client5.http.wire - http-outgoing-0 >> "x-tc-sid: af84bb41-8d04-425a-9335-6ad2c7615817[\r][\n]"
11:44:19.476 [Test worker] DEBUG com.github.dockerjava.zerodep.shaded.org.apache.hc.client5.http.wire - http-outgoing-0 >> "User-Agent: tc-java/1.19.2[\r][\n]"
11:44:19.476 [Test worker] DEBUG com.github.dockerjava.zerodep.shaded.org.apache.hc.client5.http.wire - http-outgoing-0 >> "Accept-Encoding: gzip, x-gzip, deflate[\r][\n]"
11:44:19.476 [Test worker] DEBUG com.github.dockerjava.zerodep.shaded.org.apache.hc.client5.http.wire - http-outgoing-0 >> "Host: localhost:2375[\r][\n]"
11:44:19.476 [Test worker] DEBUG com.github.dockerjava.zerodep.shaded.org.apache.hc.client5.http.wire - http-outgoing-0 >> "Connection: keep-alive[\r][\n]"
11:44:19.476 [Test worker] DEBUG com.github.dockerjava.zerodep.shaded.org.apache.hc.client5.http.wire - http-outgoing-0 >> "[\r][\n]"
11:44:19.485 [Test worker] DEBUG com.github.dockerjava.zerodep.shaded.org.apache.hc.client5.http.wire - http-outgoing-0 << "HTTP/1.1 200 OK[\r][\n]"
11:44:19.485 [Test worker] DEBUG com.github.dockerjava.zerodep.shaded.org.apache.hc.client5.http.wire - http-outgoing-0 << "Api-Version: 1.43[\r][\n]"
11:44:19.485 [Test worker] DEBUG com.github.dockerjava.zerodep.shaded.org.apache.hc.client5.http.wire - http-outgoing-0 << "Content-Type: application/json[\r][\n]"
11:44:19.485 [Test worker] DEBUG com.github.dockerjava.zerodep.shaded.org.apache.hc.client5.http.wire - http-outgoing-0 << "Date: Sat, 25 Nov 2023 08:44:19 GMT[\r][\n]"
11:44:19.485 [Test worker] DEBUG com.github.dockerjava.zerodep.shaded.org.apache.hc.client5.http.wire - http-outgoing-0 << "Docker-Experimental: false[\r][\n]"
11:44:19.485 [Test worker] DEBUG com.github.dockerjava.zerodep.shaded.org.apache.hc.client5.http.wire - http-outgoing-0 << "Ostype: linux[\r][\n]"
11:44:19.485 [Test worker] DEBUG com.github.dockerjava.zerodep.shaded.org.apache.hc.client5.http.wire - http-outgoing-0 << "Server: Docker/24.0.6 (linux)[\r][\n]"
11:44:19.485 [Test worker] DEBUG com.github.dockerjava.zerodep.shaded.org.apache.hc.client5.http.wire - http-outgoing-0 << "Transfer-Encoding: chunked[\r][\n]"
11:44:19.485 [Test worker] DEBUG com.github.dockerjava.zerodep.shaded.org.apache.hc.client5.http.wire - http-outgoing-0 << "[\r][\n]"
11:44:19.485 [Test worker] DEBUG com.github.dockerjava.zerodep.shaded.org.apache.hc.client5.http.headers - http-outgoing-0 << HTTP/1.1 200 OK
11:44:19.485 [Test worker] DEBUG com.github.dockerjava.zerodep.shaded.org.apache.hc.client5.http.headers - http-outgoing-0 << Api-Version: 1.43
11:44:19.485 [Test worker] DEBUG com.github.dockerjava.zerodep.shaded.org.apache.hc.client5.http.headers - http-outgoing-0 << Content-Type: application/json
11:44:19.486 [Test worker] DEBUG com.github.dockerjava.zerodep.shaded.org.apache.hc.client5.http.headers - http-outgoing-0 << Date: Sat, 25 Nov 2023 08:44:19 GMT
11:44:19.486 [Test worker] DEBUG com.github.dockerjava.zerodep.shaded.org.apache.hc.client5.http.headers - http-outgoing-0 << Docker-Experimental: false
11:44:19.486 [Test worker] DEBUG com.github.dockerjava.zerodep.shaded.org.apache.hc.client5.http.headers - http-outgoing-0 << Ostype: linux
11:44:19.486 [Test worker] DEBUG com.github.dockerjava.zerodep.shaded.org.apache.hc.client5.http.headers - http-outgoing-0 << Server: Docker/24.0.6 (linux)
11:44:19.486 [Test worker] DEBUG com.github.dockerjava.zerodep.shaded.org.apache.hc.client5.http.headers - http-outgoing-0 << Transfer-Encoding: chunked
11:44:19.487 [Test worker] DEBUG com.github.dockerjava.zerodep.shaded.org.apache.hc.client5.http.impl.classic.MainClientExec - ex-00000002: connection can be kept alive for 3 MINUTES
11:44:19.487 [Test worker] DEBUG com.github.dockerjava.zerodep.shaded.org.apache.hc.client5.http.wire - http-outgoing-0 << "35d[\r][\n]"
11:44:19.487 [Test worker] DEBUG com.github.dockerjava.zerodep.shaded.org.apache.hc.client5.http.wire - http-outgoing-0 << "{"Platform":{"Name":"Docker Desktop 4.25.0 (126437)"},"Components":[{"Name":"Engine","Version":"24.0.6","Details":{"ApiVersion":"1.43","Arch":"amd64","BuildTime":"2023-09-04T12:32:16.000000000+00:00","Experimental":"false","GitCommit":"1a79695","GoVersion":"go1.20.7","KernelVersion":"5.15.133.1-microsoft-standard-WSL2","MinAPIVersion":"1.12","Os":"linux"}},{"Name":"containerd","Version":"1.6.22","Details":{"GitCommit":"8165feabfdfe38c65b599c4993d227328c231fca"}},{"Name":"runc","Version":"1.1.8","Details":{"GitCommit":"v1.1.8-0-g82f18fe"}},{"Name":"docker-init","Version":"0.19.0","Details":{"GitCommit":"de40ad0"}}],"Version":"24.0.6","ApiVersion":"1.43","MinAPIVersion":"1.12","GitCommit":"1a79695","GoVersion":"go1.20.7","Os":"linux","Arch":"amd64","KernelVersion":"5.15.133.1-microsoft-standard-WSL2","BuildTime":"2023-09-04T12:32:16.000000000+00:00"}[\n]"
11:44:19.487 [Test worker] DEBUG com.github.dockerjava.zerodep.shaded.org.apache.hc.client5.http.wire - http-outgoing-0 << "[\r][\n]"
11:44:19.487 [Test worker] DEBUG com.github.dockerjava.zerodep.shaded.org.apache.hc.client5.http.wire - http-outgoing-0 << "0[\r][\n]"
11:44:19.487 [Test worker] DEBUG com.github.dockerjava.zerodep.shaded.org.apache.hc.client5.http.wire - http-outgoing-0 << "[\r][\n]"
11:44:19.495 [Test worker] DEBUG com.github.dockerjava.zerodep.shaded.org.apache.hc.client5.http.impl.classic.InternalHttpClient - ep-00000001: releasing valid endpoint
11:44:19.495 [Test worker] DEBUG com.github.dockerjava.zerodep.shaded.org.apache.hc.client5.http.impl.io.PoolingHttpClientConnectionManager - ep-00000001: releasing endpoint
11:44:19.495 [Test worker] DEBUG com.github.dockerjava.zerodep.shaded.org.apache.hc.client5.http.impl.io.PoolingHttpClientConnectionManager - ep-00000001: connection http-outgoing-0 can be kept alive for 3 MINUTES
11:44:19.495 [Test worker] DEBUG com.github.dockerjava.zerodep.shaded.org.apache.hc.client5.http.impl.io.PoolingHttpClientConnectionManager - ep-00000001: connection released [route: {}->npipe://localhost:2375][total available: 1; route allocated: 1 of 2147483647; total allocated: 1 of 2147483647]
11:44:19.495 [Test worker] DEBUG org.testcontainers.DockerClientFactory - Docker version: {Components=[{Name=Engine, Version=24.0.6, Details={ApiVersion=1.43, Arch=amd64, BuildTime=2023-09-04T12:32:16.000000000+00:00, Experimental=false, GitCommit=1a79695, GoVersion=go1.20.7, KernelVersion=5.15.133.1-microsoft-standard-WSL2, MinAPIVersion=1.12, Os=linux}}, {Name=containerd, Version=1.6.22, Details={GitCommit=8165feabfdfe38c65b599c4993d227328c231fca}}, {Name=runc, Version=1.1.8, Details={GitCommit=v1.1.8-0-g82f18fe}}, {Name=docker-init, Version=0.19.0, Details={GitCommit=de40ad0}}], KernelVersion=5.15.133.1-microsoft-standard-WSL2, ApiVersion=1.43, Platform={Name=Docker Desktop 4.25.0 (126437)}, GitCommit=1a79695, Os=linux, Version=24.0.6, MinAPIVersion=1.12, Arch=amd64, GoVersion=go1.20.7, BuildTime=2023-09-04T12:32:16.000000000+00:00}
11:44:19.495 [Test worker] INFO org.testcontainers.DockerClientFactory - Connected to docker: 
  Server Version: 24.0.6
  API Version: 1.43
  Operating System: Docker Desktop
  Total Memory: 7829 MB
11:44:19.507 [Test worker] DEBUG org.testcontainers.utility.RyukResourceReaper - Ryuk is enabled
11:44:19.510 [Test worker] DEBUG org.testcontainers.utility.PrefixingImageNameSubstitutor - No prefix is configured
11:44:19.510 [Test worker] DEBUG org.testcontainers.utility.ImageNameSubstitutor - Did not find a substitute image for testcontainers/ryuk:0.5.1 (using image substitutor: DefaultImageNameSubstitutor (composite of 'ConfigurationFileImageNameSubstitutor' and 'PrefixingImageNameSubstitutor'))
11:44:19.512 [Test worker] DEBUG org.testcontainers.shaded.com.github.dockerjava.core.command.AbstrDockerCmd - Cmd: ListImagesCmdImpl[filters=org.testcontainers.shaded.com.github.dockerjava.core.util.FiltersBuilder@0,imageNameFilter=<null>,showAll=false]
11:44:19.516 [Test worker] DEBUG com.github.dockerjava.zerodep.shaded.org.apache.hc.client5.http.impl.classic.InternalHttpClient - ex-00000003: preparing request execution
11:44:19.516 [Test worker] DEBUG com.github.dockerjava.zerodep.shaded.org.apache.hc.client5.http.protocol.RequestAddCookies - Cookie spec selected: strict
11:44:19.516 [Test worker] DEBUG com.github.dockerjava.zerodep.shaded.org.apache.hc.client5.http.protocol.RequestAuthCache - Auth cache not set in the context
11:44:19.516 [Test worker] DEBUG com.github.dockerjava.zerodep.shaded.org.apache.hc.client5.http.impl.classic.ProtocolExec - ex-00000003: target auth state: UNCHALLENGED
11:44:19.516 [Test worker] DEBUG com.github.dockerjava.zerodep.shaded.org.apache.hc.client5.http.impl.classic.ProtocolExec - ex-00000003: proxy auth state: UNCHALLENGED
11:44:19.516 [Test worker] DEBUG com.github.dockerjava.zerodep.shaded.org.apache.hc.client5.http.impl.classic.ConnectExec - ex-00000003: acquiring connection with route {}->npipe://localhost:2375
11:44:19.516 [Test worker] DEBUG com.github.dockerjava.zerodep.shaded.org.apache.hc.client5.http.impl.classic.InternalHttpClient - ex-00000003: acquiring endpoint (3 MINUTES)
11:44:19.517 [Test worker] DEBUG com.github.dockerjava.zerodep.shaded.org.apache.hc.client5.http.impl.io.PoolingHttpClientConnectionManager - ex-00000003: endpoint lease request (3 MINUTES) [route: {}->npipe://localhost:2375][total available: 1; route allocated: 1 of 2147483647; total allocated: 1 of 2147483647]
11:44:19.517 [Test worker] DEBUG com.github.dockerjava.zerodep.shaded.org.apache.hc.client5.http.impl.io.PoolingHttpClientConnectionManager - ex-00000003: endpoint leased [route: {}->npipe://localhost:2375][total available: 0; route allocated: 1 of 2147483647; total allocated: 1 of 2147483647]
11:44:19.517 [Test worker] DEBUG com.github.dockerjava.zerodep.shaded.org.apache.hc.client5.http.impl.io.PoolingHttpClientConnectionManager - ex-00000003: acquired ep-00000002
11:44:19.517 [Test worker] DEBUG com.github.dockerjava.zerodep.shaded.org.apache.hc.client5.http.impl.classic.InternalHttpClient - ex-00000003: acquired endpoint ep-00000002
11:44:19.517 [Test worker] DEBUG com.github.dockerjava.zerodep.shaded.org.apache.hc.client5.http.impl.classic.MainClientExec - ex-00000003: executing GET /v1.32/images/json HTTP/1.1
11:44:19.517 [Test worker] DEBUG com.github.dockerjava.zerodep.shaded.org.apache.hc.client5.http.impl.classic.InternalHttpClient - ep-00000002: start execution ex-00000003
11:44:19.517 [Test worker] DEBUG com.github.dockerjava.zerodep.shaded.org.apache.hc.client5.http.impl.io.PoolingHttpClientConnectionManager - ep-00000002: executing exchange ex-00000003 over http-outgoing-0
11:44:19.517 [Test worker] DEBUG com.github.dockerjava.zerodep.shaded.org.apache.hc.client5.http.headers - http-outgoing-0 >> GET /v1.32/images/json HTTP/1.1
11:44:19.517 [Test worker] DEBUG com.github.dockerjava.zerodep.shaded.org.apache.hc.client5.http.headers - http-outgoing-0 >> accept: application/json
11:44:19.517 [Test worker] DEBUG com.github.dockerjava.zerodep.shaded.org.apache.hc.client5.http.headers - http-outgoing-0 >> x-tc-sid: af84bb41-8d04-425a-9335-6ad2c7615817
11:44:19.517 [Test worker] DEBUG com.github.dockerjava.zerodep.shaded.org.apache.hc.client5.http.headers - http-outgoing-0 >> User-Agent: tc-java/1.19.2
11:44:19.517 [Test worker] DEBUG com.github.dockerjava.zerodep.shaded.org.apache.hc.client5.http.headers - http-outgoing-0 >> Accept-Encoding: gzip, x-gzip, deflate
11:44:19.517 [Test worker] DEBUG com.github.dockerjava.zerodep.shaded.org.apache.hc.client5.http.headers - http-outgoing-0 >> Host: localhost:2375
11:44:19.517 [Test worker] DEBUG com.github.dockerjava.zerodep.shaded.org.apache.hc.client5.http.headers - http-outgoing-0 >> Connection: keep-alive
11:44:19.517 [Test worker] DEBUG com.github.dockerjava.zerodep.shaded.org.apache.hc.client5.http.wire - http-outgoing-0 >> "GET /v1.32/images/json HTTP/1.1[\r][\n]"
11:44:19.517 [Test worker] DEBUG com.github.dockerjava.zerodep.shaded.org.apache.hc.client5.http.wire - http-outgoing-0 >> "accept: application/json[\r][\n]"
11:44:19.517 [Test worker] DEBUG com.github.dockerjava.zerodep.shaded.org.apache.hc.client5.http.wire - http-outgoing-0 >> "x-tc-sid: af84bb41-8d04-425a-9335-6ad2c7615817[\r][\n]"
11:44:19.517 [Test worker] DEBUG com.github.dockerjava.zerodep.shaded.org.apache.hc.client5.http.wire - http-outgoing-0 >> "User-Agent: tc-java/1.19.2[\r][\n]"
11:44:19.517 [Test worker] DEBUG com.github.dockerjava.zerodep.shaded.org.apache.hc.client5.http.wire - http-outgoing-0 >> "Accept-Encoding: gzip, x-gzip, deflate[\r][\n]"
11:44:19.517 [Test worker] DEBUG com.github.dockerjava.zerodep.shaded.org.apache.hc.client5.http.wire - http-outgoing-0 >> "Host: localhost:2375[\r][\n]"
11:44:19.517 [Test worker] DEBUG com.github.dockerjava.zerodep.shaded.org.apache.hc.client5.http.wire - http-outgoing-0 >> "Connection: keep-alive[\r][\n]"
11:44:19.518 [Test worker] DEBUG com.github.dockerjava.zerodep.shaded.org.apache.hc.client5.http.wire - http-outgoing-0 >> "[\r][\n]"
11:44:19.522 [Test worker] DEBUG com.github.dockerjava.zerodep.shaded.org.apache.hc.client5.http.wire - http-outgoing-0 << "HTTP/1.1 200 OK[\r][\n]"
11:44:19.522 [Test worker] DEBUG com.github.dockerjava.zerodep.shaded.org.apache.hc.client5.http.wire - http-outgoing-0 << "Api-Version: 1.43[\r][\n]"
11:44:19.523 [Test worker] DEBUG com.github.dockerjava.zerodep.shaded.org.apache.hc.client5.http.wire - http-outgoing-0 << "Content-Type: application/json[\r][\n]"
11:44:19.523 [Test worker] DEBUG com.github.dockerjava.zerodep.shaded.org.apache.hc.client5.http.wire - http-outgoing-0 << "Date: Sat, 25 Nov 2023 08:44:19 GMT[\r][\n]"
11:44:19.523 [Test worker] DEBUG com.github.dockerjava.zerodep.shaded.org.apache.hc.client5.http.wire - http-outgoing-0 << "Docker-Experimental: false[\r][\n]"
11:44:19.523 [Test worker] DEBUG com.github.dockerjava.zerodep.shaded.org.apache.hc.client5.http.wire - http-outgoing-0 << "Ostype: linux[\r][\n]"
11:44:19.523 [Test worker] DEBUG com.github.dockerjava.zerodep.shaded.org.apache.hc.client5.http.wire - http-outgoing-0 << "Server: Docker/24.0.6 (linux)[\r][\n]"
11:44:19.523 [Test worker] DEBUG com.github.dockerjava.zerodep.shaded.org.apache.hc.client5.http.wire - http-outgoing-0 << "Transfer-Encoding: chunked[\r][\n]"
11:44:19.523 [Test worker] DEBUG com.github.dockerjava.zerodep.shaded.org.apache.hc.client5.http.wire - http-outgoing-0 << "[\r][\n]"
11:44:19.523 [Test worker] DEBUG com.github.dockerjava.zerodep.shaded.org.apache.hc.client5.http.headers - http-outgoing-0 << HTTP/1.1 200 OK
11:44:19.523 [Test worker] DEBUG com.github.dockerjava.zerodep.shaded.org.apache.hc.client5.http.headers - http-outgoing-0 << Api-Version: 1.43
11:44:19.523 [Test worker] DEBUG com.github.dockerjava.zerodep.shaded.org.apache.hc.client5.http.headers - http-outgoing-0 << Content-Type: application/json
11:44:19.523 [Test worker] DEBUG com.github.dockerjava.zerodep.shaded.org.apache.hc.client5.http.headers - http-outgoing-0 << Date: Sat, 25 Nov 2023 08:44:19 GMT
11:44:19.523 [Test worker] DEBUG com.github.dockerjava.zerodep.shaded.org.apache.hc.client5.http.headers - http-outgoing-0 << Docker-Experimental: false
11:44:19.523 [Test worker] DEBUG com.github.dockerjava.zerodep.shaded.org.apache.hc.client5.http.headers - http-outgoing-0 << Ostype: linux
11:44:19.523 [Test worker] DEBUG com.github.dockerjava.zerodep.shaded.org.apache.hc.client5.http.headers - http-outgoing-0 << Server: Docker/24.0.6 (linux)
11:44:19.523 [Test worker] DEBUG com.github.dockerjava.zerodep.shaded.org.apache.hc.client5.http.headers - http-outgoing-0 << Transfer-Encoding: chunked
11:44:19.523 [Test worker] DEBUG com.github.dockerjava.zerodep.shaded.org.apache.hc.client5.http.impl.classic.MainClientExec - ex-00000003: connection can be kept alive for 3 MINUTES
11:44:19.524 [Test worker] DEBUG com.github.dockerjava.zerodep.shaded.org.apache.hc.client5.http.wire - http-outgoing-0 << "b0c[\r][\n]"
11:44:19.524 [Test worker] DEBUG com.github.dockerjava.zerodep.shaded.org.apache.hc.client5.http.wire - http-outgoing-0 << "[{"Containers":-1,"Created":1700831977,"Id":"sha256:9966de07440bc00b02cd5137ca7f053e1b732ac804730bdea5d6746795550832","Labels":{"maintainer":"NGINX Docker Maintainers <docker-maint@nginx.com>"},"ParentId":"","RepoDigests":null,"RepoTags":["angular-app-image:latest"],"SharedSize":-1,"Size":23871022,"VirtualSize":23871022},{"Containers":-1,"Created":1700830065,"Id":"sha256:0ac7354c42050e064a4ff967b80570ef2bdcb7e82ee78081c84ad68d7eb0927a","Labels":null,"ParentId":"","RepoDigests":null,"RepoTags":["spring-app-image:latest"],"SharedSize":-1,"Size":172826352,"VirtualSize":172826352},{"Containers":-1,"Created":1699559475,"Id":"sha256:30822e49853906b4aa69c3b854ced1ea38c55254ccb8f867550f0deece5486af","Labels":null,"ParentId":"","RepoDigests":["postgres@sha256:2a4a773a097f79f673273d95637b72aa36f20bcc2f8892a01c3f7348f5ba3459"],"RepoTags":["postgres:15"],"SharedSize":-1,"Size":419050837,"VirtualSize":419050837},{"Containers":-1,"Created":1698875982,"Id":"sha256:c96851d33ed3e44e74ea869af7ec017daec8a19be118bcad7cdc5156c09cc2ed","Labels":{"architecture":"x86_64","build-date":"2023-10-05T14:26:21","com.redhat.component":"ubi9-micro-container","com.redhat.license_terms":"https://www.redhat.com/en/about/red-hat-end-user-license-agreements#UBI","description":"MinIO object storage is fundamentally different. Designed for performance and the S3 API, it is 100% open-source. MinIO is ideal for large, private cloud environments with stringent security requirements and delivers mission-critical availability across a diverse range of workloads.","distribution-scope":"public","io.buildah.version":"1.29.0","io.k8s.description":"Very small image which doesn't install the package manager.","io.k8s.display-name":"Ubi9-micro","io.openshift.expose-services":"","maintainer":"MinIO Inc <dev@min.io>","name":"MinIO","release":"RELEASE.2023-11-01T18-37-25Z","summary":"MinIO is a High Performance Object Storage, API compatible with Amazon S3 cloud storage service.","url":"https://access.redhat.com/containers/#/registry.access.redhat.com/ubi9/ubi-micro/images/9.2-15.1696515526","vcs-ref":"1fe65958f0b903c34b9f4e297121f45d958e4ae8","vcs-type":"git","vendor":"MinIO Inc <dev@min.io>","version":"RELEASE.2023-11-01T18-37-25Z"},"ParentId":"","RepoDigests":["quay.io/minio/minio@sha256:8871650797a40e6094828e86709f3e7180615f03d72ea9d385a720dfb2b63510"],"RepoTags":["quay.io/minio/minio:latest"],"SharedSize":-1,"Size":150084090,"VirtualSize":150084090},{"Containers":-1,"Created":1684336262,"Id":"sha256:ec913eeff75a6b5ed284cf17e186213a466ec10a8f471798318ffa0813b5d828","Labels":{"org.testcontainers.ryuk":"true"},"ParentId":"","RepoDigests":["testcontainers/ryuk@sha256:533abc56c07b52a26c955d1e7ae428d810582ab01c156384ae79960eb5fa0775"],"RepoTags":["testcontainers/ryuk:0.5.1"],"SharedSize":-1,"Size":12695732,"VirtualSize":12695732}][\n]"
11:44:19.524 [Test worker] DEBUG com.github.dockerjava.zerodep.shaded.org.apache.hc.client5.http.wire - http-outgoing-0 << "[\r][\n]"
11:44:19.525 [Test worker] DEBUG com.github.dockerjava.zerodep.shaded.org.apache.hc.client5.http.wire - http-outgoing-0 << "0[\r][\n]"
11:44:19.525 [Test worker] DEBUG com.github.dockerjava.zerodep.shaded.org.apache.hc.client5.http.wire - http-outgoing-0 << "[\r][\n]"
11:44:19.529 [Test worker] DEBUG com.github.dockerjava.zerodep.shaded.org.apache.hc.client5.http.impl.classic.InternalHttpClient - ep-00000002: releasing valid endpoint
11:44:19.529 [Test worker] DEBUG com.github.dockerjava.zerodep.shaded.org.apache.hc.client5.http.impl.io.PoolingHttpClientConnectionManager - ep-00000002: releasing endpoint
11:44:19.529 [Test worker] DEBUG com.github.dockerjava.zerodep.shaded.org.apache.hc.client5.http.impl.io.PoolingHttpClientConnectionManager - ep-00000002: connection http-outgoing-0 can be kept alive for 3 MINUTES
11:44:19.529 [Test worker] DEBUG com.github.dockerjava.zerodep.shaded.org.apache.hc.client5.http.impl.io.PoolingHttpClientConnectionManager - ep-00000002: connection released [route: {}->npipe://localhost:2375][total available: 1; route allocated: 1 of 2147483647; total allocated: 1 of 2147483647]
11:44:19.534 [Test worker] DEBUG org.testcontainers.images.AbstractImagePullPolicy - Using locally available and not pulling image: testcontainers/ryuk:0.5.1
11:44:19.535 [Test worker] DEBUG tc.testcontainers/ryuk:0.5.1 - Starting container: testcontainers/ryuk:0.5.1
11:44:19.544 [Test worker] DEBUG tc.testcontainers/ryuk:0.5.1 - Trying to start container: testcontainers/ryuk:0.5.1 (attempt 1/1)
11:44:19.544 [Test worker] DEBUG tc.testcontainers/ryuk:0.5.1 - Starting container: testcontainers/ryuk:0.5.1
11:44:19.544 [Test worker] INFO tc.testcontainers/ryuk:0.5.1 - Creating container for image: testcontainers/ryuk:0.5.1
11:44:19.554 [Test worker] DEBUG org.testcontainers.utility.RegistryAuthLocator - Looking up auth config for image: testcontainers/ryuk:0.5.1 at registry: https://index.docker.io/v1/
11:44:19.555 [Test worker] DEBUG org.testcontainers.utility.RegistryAuthLocator - RegistryAuthLocator has configFile: C:\Users\Dmitry\.docker\config.json (exists) configEnv: DOCKER_AUTH_CONFIG (does not exist) and commandPathPrefix: 
11:44:19.555 [Test worker] DEBUG org.testcontainers.utility.RegistryAuthLocator - RegistryAuthLocator reading from configFile: C:\Users\Dmitry\.docker\config.json
11:44:19.556 [Test worker] DEBUG org.testcontainers.utility.RegistryAuthLocator - registryName [https://index.docker.io/v1/] for dockerImageName [testcontainers/ryuk:0.5.1]
11:44:19.556 [Test worker] DEBUG org.testcontainers.utility.RegistryAuthLocator - Executing docker credential provider: docker-credential-desktop to locate auth config for: https://index.docker.io/v1/
11:44:19.565 [Test worker] DEBUG org.testcontainers.shaded.org.zeroturnaround.exec.ProcessExecutor - Executing [cmd, /c, docker-credential-desktop, get].
11:44:19.570 [Test worker] DEBUG org.testcontainers.shaded.org.zeroturnaround.exec.ProcessExecutor - Started java.lang.ProcessImpl@6ce90bc5
11:44:19.831 [WaitForProcess-java.lang.ProcessImpl@6ce90bc5] DEBUG org.testcontainers.shaded.org.zeroturnaround.exec.WaitForProcess - java.lang.ProcessImpl@6ce90bc5 stopped with exit code 1
11:44:19.833 [Test worker] DEBUG org.testcontainers.shaded.org.zeroturnaround.exec.ProcessExecutor - Executing [cmd, /c, docker-credential-desktop, get].
11:44:19.835 [Test worker] DEBUG org.testcontainers.shaded.org.zeroturnaround.exec.ProcessExecutor - Started java.lang.ProcessImpl@71a3a190
11:44:19.940 [WaitForProcess-java.lang.ProcessImpl@71a3a190] DEBUG org.testcontainers.shaded.org.zeroturnaround.exec.WaitForProcess - java.lang.ProcessImpl@71a3a190 stopped with exit code 1
11:44:19.940 [Test worker] DEBUG org.testcontainers.utility.RegistryAuthLocator - Got credentials not found error message from docker credential helper - credentials not found in native keychain
11:44:19.940 [Test worker] INFO org.testcontainers.utility.RegistryAuthLocator - Credential helper/store (docker-credential-desktop) does not have credentials for https://index.docker.io/v1/
11:44:19.941 [Test worker] DEBUG org.testcontainers.utility.RegistryAuthLocator - No matching Auth Configs - falling back to defaultAuthConfig [null]
11:44:19.941 [Test worker] DEBUG org.testcontainers.dockerclient.AuthDelegatingDockerClientConfig - Effective auth config [null]
11:44:19.952 [Test worker] DEBUG org.testcontainers.shaded.com.github.dockerjava.core.command.AbstrDockerCmd - Cmd: org.testcontainers.shaded.com.github.dockerjava.core.command.CreateContainerCmdImpl@488b50ec[aliases=<null>,argsEscaped=<null>,attachStderr=<null>,attachStdin=<null>,attachStdout=<null>,authConfig=<null>,cmd={},domainName=<null>,entrypoint=<null>,env={},exposedPorts=ExposedPorts(exposedPorts=[8080/tcp]),healthcheck=<null>,hostConfig=HostConfig(binds=[//var/run/docker.sock:/var/run/docker.sock:rw], blkioWeight=null, blkioWeightDevice=null, blkioDeviceReadBps=null, blkioDeviceWriteBps=null, blkioDeviceReadIOps=null, blkioDeviceWriteIOps=null, memorySwappiness=null, nanoCPUs=null, capAdd=null, capDrop=null, containerIDFile=null, cpuPeriod=null, cpuRealtimePeriod=null, cpuRealtimeRuntime=null, cpuShares=null, cpuQuota=null, cpusetCpus=null, cpusetMems=null, devices=null, deviceCgroupRules=null, deviceRequests=null, diskQuota=null, dns=null, dnsOptions=null, dnsSearch=null, extraHosts=[], groupAdd=null, ipcMode=null, cgroup=null, links=[], logConfig=LogConfig(type=null, config=null), lxcConf=null, memory=null, memorySwap=null, memoryReservation=null, kernelMemory=null, networkMode=null, oomKillDisable=null, init=null, autoRemove=true, oomScoreAdj=null, portBindings={8080/tcp=[Lcom.github.dockerjava.api.model.Ports$Binding;@21fff664}, privileged=true, publishAllPorts=null, readonlyRootfs=null, restartPolicy=null, ulimits=null, cpuCount=null, cpuPercent=null, ioMaximumIOps=null, ioMaximumBandwidth=null, volumesFrom=[], mounts=null, pidMode=null, isolation=null, securityOpts=null, storageOpt=null, cgroupParent=null, volumeDriver=null, shmSize=null, pidsLimit=null, runtime=null, tmpFs=null, utSMode=null, usernsMode=null, sysctls=null, consoleSize=null, cgroupnsMode=null),hostName=<null>,image=testcontainers/ryuk:0.5.1,ipv4Address=<null>,ipv6Address=<null>,labels={org.testcontainers=true, org.testcontainers.lang=java, org.testcontainers.version=1.19.2},macAddress=<null>,name=testcontainers-ryuk-af84bb41-8d04-425a-9335-6ad2c7615817,networkDisabled=<null>,networkingConfig=<null>,onBuild=<null>,platform=<null>,portSpecs=<null>,shell=<null>,stdInOnce=<null>,stdinOpen=<null>,stopSignal=<null>,stopTimeout=<null>,tty=<null>,user=<null>,volumes=Volumes(volumes=[]),workingDir=<null>]
11:44:20.003 [Test worker] DEBUG com.github.dockerjava.zerodep.shaded.org.apache.hc.client5.http.impl.classic.InternalHttpClient - ex-00000004: preparing request execution
11:44:20.003 [Test worker] DEBUG com.github.dockerjava.zerodep.shaded.org.apache.hc.client5.http.protocol.RequestAddCookies - Cookie spec selected: strict
11:44:20.003 [Test worker] DEBUG com.github.dockerjava.zerodep.shaded.org.apache.hc.client5.http.protocol.RequestAuthCache - Auth cache not set in the context
11:44:20.003 [Test worker] DEBUG com.github.dockerjava.zerodep.shaded.org.apache.hc.client5.http.impl.classic.ProtocolExec - ex-00000004: target auth state: UNCHALLENGED
11:44:20.004 [Test worker] DEBUG com.github.dockerjava.zerodep.shaded.org.apache.hc.client5.http.impl.classic.ProtocolExec - ex-00000004: proxy auth state: UNCHALLENGED
11:44:20.004 [Test worker] DEBUG com.github.dockerjava.zerodep.shaded.org.apache.hc.client5.http.impl.classic.ConnectExec - ex-00000004: acquiring connection with route {}->npipe://localhost:2375
11:44:20.004 [Test worker] DEBUG com.github.dockerjava.zerodep.shaded.org.apache.hc.client5.http.impl.classic.InternalHttpClient - ex-00000004: acquiring endpoint (3 MINUTES)
11:44:20.004 [Test worker] DEBUG com.github.dockerjava.zerodep.shaded.org.apache.hc.client5.http.impl.io.PoolingHttpClientConnectionManager - ex-00000004: endpoint lease request (3 MINUTES) [route: {}->npipe://localhost:2375][total available: 1; route allocated: 1 of 2147483647; total allocated: 1 of 2147483647]
11:44:20.004 [Test worker] DEBUG com.github.dockerjava.zerodep.shaded.org.apache.hc.client5.http.impl.io.PoolingHttpClientConnectionManager - ex-00000004: endpoint leased [route: {}->npipe://localhost:2375][total available: 0; route allocated: 1 of 2147483647; total allocated: 1 of 2147483647]
11:44:20.004 [Test worker] DEBUG com.github.dockerjava.zerodep.shaded.org.apache.hc.client5.http.impl.io.PoolingHttpClientConnectionManager - ex-00000004: acquired ep-00000003
11:44:20.004 [Test worker] DEBUG com.github.dockerjava.zerodep.shaded.org.apache.hc.client5.http.impl.classic.InternalHttpClient - ex-00000004: acquired endpoint ep-00000003
11:44:20.004 [Test worker] DEBUG com.github.dockerjava.zerodep.shaded.org.apache.hc.client5.http.impl.classic.MainClientExec - ex-00000004: executing POST /v1.32/containers/create?name=testcontainers-ryuk-af84bb41-8d04-425a-9335-6ad2c7615817 HTTP/1.1
11:44:20.004 [Test worker] DEBUG com.github.dockerjava.zerodep.shaded.org.apache.hc.client5.http.impl.classic.InternalHttpClient - ep-00000003: start execution ex-00000004
11:44:20.004 [Test worker] DEBUG com.github.dockerjava.zerodep.shaded.org.apache.hc.client5.http.impl.io.PoolingHttpClientConnectionManager - ep-00000003: executing exchange ex-00000004 over http-outgoing-0
11:44:20.004 [Test worker] DEBUG com.github.dockerjava.zerodep.shaded.org.apache.hc.client5.http.headers - http-outgoing-0 >> POST /v1.32/containers/create?name=testcontainers-ryuk-af84bb41-8d04-425a-9335-6ad2c7615817 HTTP/1.1
11:44:20.004 [Test worker] DEBUG com.github.dockerjava.zerodep.shaded.org.apache.hc.client5.http.headers - http-outgoing-0 >> accept: application/json
11:44:20.004 [Test worker] DEBUG com.github.dockerjava.zerodep.shaded.org.apache.hc.client5.http.headers - http-outgoing-0 >> content-type: application/json
11:44:20.004 [Test worker] DEBUG com.github.dockerjava.zerodep.shaded.org.apache.hc.client5.http.headers - http-outgoing-0 >> x-tc-sid: af84bb41-8d04-425a-9335-6ad2c7615817
11:44:20.004 [Test worker] DEBUG com.github.dockerjava.zerodep.shaded.org.apache.hc.client5.http.headers - http-outgoing-0 >> User-Agent: tc-java/1.19.2
11:44:20.004 [Test worker] DEBUG com.github.dockerjava.zerodep.shaded.org.apache.hc.client5.http.headers - http-outgoing-0 >> Accept-Encoding: gzip, x-gzip, deflate
11:44:20.004 [Test worker] DEBUG com.github.dockerjava.zerodep.shaded.org.apache.hc.client5.http.headers - http-outgoing-0 >> Content-Length: 1955
11:44:20.004 [Test worker] DEBUG com.github.dockerjava.zerodep.shaded.org.apache.hc.client5.http.headers - http-outgoing-0 >> Host: localhost:2375
11:44:20.005 [Test worker] DEBUG com.github.dockerjava.zerodep.shaded.org.apache.hc.client5.http.headers - http-outgoing-0 >> Connection: keep-alive
11:44:20.005 [Test worker] DEBUG com.github.dockerjava.zerodep.shaded.org.apache.hc.client5.http.wire - http-outgoing-0 >> "POST /v1.32/containers/create?name=testcontainers-ryuk-af84bb41-8d04-425a-9335-6ad2c7615817 HTTP/1.1[\r][\n]"
11:44:20.005 [Test worker] DEBUG com.github.dockerjava.zerodep.shaded.org.apache.hc.client5.http.wire - http-outgoing-0 >> "accept: application/json[\r][\n]"
11:44:20.005 [Test worker] DEBUG com.github.dockerjava.zerodep.shaded.org.apache.hc.client5.http.wire - http-outgoing-0 >> "content-type: application/json[\r][\n]"
11:44:20.005 [Test worker] DEBUG com.github.dockerjava.zerodep.shaded.org.apache.hc.client5.http.wire - http-outgoing-0 >> "x-tc-sid: af84bb41-8d04-425a-9335-6ad2c7615817[\r][\n]"
11:44:20.005 [Test worker] DEBUG com.github.dockerjava.zerodep.shaded.org.apache.hc.client5.http.wire - http-outgoing-0 >> "User-Agent: tc-java/1.19.2[\r][\n]"
11:44:20.005 [Test worker] DEBUG com.github.dockerjava.zerodep.shaded.org.apache.hc.client5.http.wire - http-outgoing-0 >> "Accept-Encoding: gzip, x-gzip, deflate[\r][\n]"
11:44:20.005 [Test worker] DEBUG com.github.dockerjava.zerodep.shaded.org.apache.hc.client5.http.wire - http-outgoing-0 >> "Content-Length: 1955[\r][\n]"
11:44:20.005 [Test worker] DEBUG com.github.dockerjava.zerodep.shaded.org.apache.hc.client5.http.wire - http-outgoing-0 >> "Host: localhost:2375[\r][\n]"
11:44:20.005 [Test worker] DEBUG com.github.dockerjava.zerodep.shaded.org.apache.hc.client5.http.wire - http-outgoing-0 >> "Connection: keep-alive[\r][\n]"
11:44:20.005 [Test worker] DEBUG com.github.dockerjava.zerodep.shaded.org.apache.hc.client5.http.wire - http-outgoing-0 >> "[\r][\n]"
11:44:20.006 [Test worker] DEBUG com.github.dockerjava.zerodep.shaded.org.apache.hc.client5.http.wire - http-outgoing-0 >> "{"Hostname":null,"Domainname":null,"User":null,"AttachStdin":null,"AttachStdout":null,"AttachStderr":null,"PortSpecs":null,"Tty":null,"OpenStdin":null,"StdinOnce":null,"Env":[],"Cmd":[],"Healthcheck":null,"ArgsEscaped":null,"Entrypoint":null,"Image":"testcontainers/ryuk:0.5.1","Volumes":{},"WorkingDir":null,"MacAddress":null,"OnBuild":null,"NetworkDisabled":null,"ExposedPorts":{"8080/tcp":{}},"StopSignal":null,"StopTimeout":null,"HostConfig":{"Binds":["//var/run/docker.sock:/var/run/docker.sock:rw"],"BlkioWeight":null,"BlkioWeightDevice":null,"BlkioDeviceReadBps":null,"BlkioDeviceWriteBps":null,"BlkioDeviceReadIOps":null,"BlkioDeviceWriteIOps":null,"MemorySwappiness":null,"NanoCpus":null,"CapAdd":null,"CapDrop":null,"ContainerIDFile":null,"CpuPeriod":null,"CpuRealtimePeriod":null,"CpuRealtimeRuntime":null,"CpuShares":null,"CpuQuota":null,"CpusetCpus":null,"CpusetMems":null,"Devices":null,"DeviceCgroupRules":null,"DeviceRequests":null,"DiskQuota":null,"Dns":null,"DnsOptions":null,"DnsSearch":null,"ExtraHosts":[],"GroupAdd":null,"IpcMode":null,"Cgroup":null,"Links":[],"LogConfig":null,"LxcConf":null,"Memory":null,"MemorySwap":null,"MemoryReservation":null,"KernelMemory":null,"NetworkMode":null,"OomKillDisable":null,"Init":null,"AutoRemove":true,"OomScoreAdj":null,"PortBindings":{"8080/tcp":[{"HostIp":"","HostPort":""}]},"Privileged":true,"PublishAllPorts":null,"ReadonlyRootfs":null,"RestartPolicy":null,"Ulimits":null,"CpuCount":null,"CpuPercent":null,"IOMaximumIOps":null,"IOMaximumBandwidth":null,"VolumesFrom":[],"Mounts":null,"PidMode":null,"Isolation":null,"SecurityOpt":null,"StorageOpt":null,"CgroupParent":null,"VolumeDriver":null,"ShmSize":null,"PidsLimit":null,"Runtime":null,"Tmpfs":null,"UTSMode":null,"UsernsMode":null,"Sysctls":null,"ConsoleSize":null,"CgroupnsMode":null},"Labels":{"org.testcontainers":"true","org.testcontainers.lang":"java","org.testcontainers.version":"1.19.2"},"Shell":null,"NetworkingConfig":null}"
11:44:20.041 [Test worker] DEBUG com.github.dockerjava.zerodep.shaded.org.apache.hc.client5.http.wire - http-outgoing-0 << "HTTP/1.1 201 Created[\r][\n]"
11:44:20.042 [Test worker] DEBUG com.github.dockerjava.zerodep.shaded.org.apache.hc.client5.http.wire - http-outgoing-0 << "Api-Version: 1.43[\r][\n]"
11:44:20.042 [Test worker] DEBUG com.github.dockerjava.zerodep.shaded.org.apache.hc.client5.http.wire - http-outgoing-0 << "Content-Type: application/json[\r][\n]"
11:44:20.042 [Test worker] DEBUG com.github.dockerjava.zerodep.shaded.org.apache.hc.client5.http.wire - http-outgoing-0 << "Date: Sat, 25 Nov 2023 08:44:20 GMT[\r][\n]"
11:44:20.042 [Test worker] DEBUG com.github.dockerjava.zerodep.shaded.org.apache.hc.client5.http.wire - http-outgoing-0 << "Docker-Experimental: false[\r][\n]"
11:44:20.042 [Test worker] DEBUG com.github.dockerjava.zerodep.shaded.org.apache.hc.client5.http.wire - http-outgoing-0 << "Ostype: linux[\r][\n]"
11:44:20.042 [Test worker] DEBUG com.github.dockerjava.zerodep.shaded.org.apache.hc.client5.http.wire - http-outgoing-0 << "Server: Docker/24.0.6 (linux)[\r][\n]"
11:44:20.042 [Test worker] DEBUG com.github.dockerjava.zerodep.shaded.org.apache.hc.client5.http.wire - http-outgoing-0 << "Transfer-Encoding: chunked[\r][\n]"
11:44:20.042 [Test worker] DEBUG com.github.dockerjava.zerodep.shaded.org.apache.hc.client5.http.wire - http-outgoing-0 << "[\r][\n]"
11:44:20.042 [Test worker] DEBUG com.github.dockerjava.zerodep.shaded.org.apache.hc.client5.http.headers - http-outgoing-0 << HTTP/1.1 201 Created
11:44:20.042 [Test worker] DEBUG com.github.dockerjava.zerodep.shaded.org.apache.hc.client5.http.headers - http-outgoing-0 << Api-Version: 1.43
11:44:20.042 [Test worker] DEBUG com.github.dockerjava.zerodep.shaded.org.apache.hc.client5.http.headers - http-outgoing-0 << Content-Type: application/json
11:44:20.042 [Test worker] DEBUG com.github.dockerjava.zerodep.shaded.org.apache.hc.client5.http.headers - http-outgoing-0 << Date: Sat, 25 Nov 2023 08:44:20 GMT
11:44:20.042 [Test worker] DEBUG com.github.dockerjava.zerodep.shaded.org.apache.hc.client5.http.headers - http-outgoing-0 << Docker-Experimental: false
11:44:20.042 [Test worker] DEBUG com.github.dockerjava.zerodep.shaded.org.apache.hc.client5.http.headers - http-outgoing-0 << Ostype: linux
11:44:20.042 [Test worker] DEBUG com.github.dockerjava.zerodep.shaded.org.apache.hc.client5.http.headers - http-outgoing-0 << Server: Docker/24.0.6 (linux)
11:44:20.043 [Test worker] DEBUG com.github.dockerjava.zerodep.shaded.org.apache.hc.client5.http.headers - http-outgoing-0 << Transfer-Encoding: chunked
11:44:20.043 [Test worker] DEBUG com.github.dockerjava.zerodep.shaded.org.apache.hc.client5.http.impl.classic.MainClientExec - ex-00000004: connection can be kept alive for 3 MINUTES
11:44:20.043 [Test worker] DEBUG com.github.dockerjava.zerodep.shaded.org.apache.hc.client5.http.wire - http-outgoing-0 << "58[\r][\n]"
11:44:20.043 [Test worker] DEBUG com.github.dockerjava.zerodep.shaded.org.apache.hc.client5.http.wire - http-outgoing-0 << "{"Id":"3cbe46a97b61706d00a7358ea28766b13afd3b9b5d122d8ed7fe6dc5cf91a46c","Warnings":[]}[\n]"
11:44:20.043 [Test worker] DEBUG com.github.dockerjava.zerodep.shaded.org.apache.hc.client5.http.wire - http-outgoing-0 << "[\r][\n]"
11:44:20.043 [Test worker] DEBUG com.github.dockerjava.zerodep.shaded.org.apache.hc.client5.http.wire - http-outgoing-0 << "0[\r][\n]"
11:44:20.043 [Test worker] DEBUG com.github.dockerjava.zerodep.shaded.org.apache.hc.client5.http.wire - http-outgoing-0 << "[\r][\n]"
11:44:20.045 [Test worker] DEBUG com.github.dockerjava.zerodep.shaded.org.apache.hc.client5.http.impl.classic.InternalHttpClient - ep-00000003: releasing valid endpoint
11:44:20.045 [Test worker] DEBUG com.github.dockerjava.zerodep.shaded.org.apache.hc.client5.http.impl.io.PoolingHttpClientConnectionManager - ep-00000003: releasing endpoint
11:44:20.045 [Test worker] DEBUG com.github.dockerjava.zerodep.shaded.org.apache.hc.client5.http.impl.io.PoolingHttpClientConnectionManager - ep-00000003: connection http-outgoing-0 can be kept alive for 3 MINUTES
11:44:20.045 [Test worker] DEBUG com.github.dockerjava.zerodep.shaded.org.apache.hc.client5.http.impl.io.PoolingHttpClientConnectionManager - ep-00000003: connection released [route: {}->npipe://localhost:2375][total available: 1; route allocated: 1 of 2147483647; total allocated: 1 of 2147483647]
11:44:20.048 [Test worker] INFO tc.testcontainers/ryuk:0.5.1 - Container testcontainers/ryuk:0.5.1 is starting: 3cbe46a97b61706d00a7358ea28766b13afd3b9b5d122d8ed7fe6dc5cf91a46c
11:44:20.049 [Test worker] DEBUG org.testcontainers.shaded.com.github.dockerjava.core.command.AbstrDockerCmd - Cmd: 3cbe46a97b61706d00a7358ea28766b13afd3b9b5d122d8ed7fe6dc5cf91a46c
11:44:20.050 [Test worker] DEBUG com.github.dockerjava.zerodep.shaded.org.apache.hc.client5.http.impl.classic.InternalHttpClient - ex-00000005: preparing request execution
11:44:20.050 [Test worker] DEBUG com.github.dockerjava.zerodep.shaded.org.apache.hc.client5.http.protocol.RequestAddCookies - Cookie spec selected: strict
11:44:20.050 [Test worker] DEBUG com.github.dockerjava.zerodep.shaded.org.apache.hc.client5.http.protocol.RequestAuthCache - Auth cache not set in the context
11:44:20.050 [Test worker] DEBUG com.github.dockerjava.zerodep.shaded.org.apache.hc.client5.http.impl.classic.ProtocolExec - ex-00000005: target auth state: UNCHALLENGED
11:44:20.050 [Test worker] DEBUG com.github.dockerjava.zerodep.shaded.org.apache.hc.client5.http.impl.classic.ProtocolExec - ex-00000005: proxy auth state: UNCHALLENGED
11:44:20.050 [Test worker] DEBUG com.github.dockerjava.zerodep.shaded.org.apache.hc.client5.http.impl.classic.ConnectExec - ex-00000005: acquiring connection with route {}->npipe://localhost:2375
11:44:20.050 [Test worker] DEBUG com.github.dockerjava.zerodep.shaded.org.apache.hc.client5.http.impl.classic.InternalHttpClient - ex-00000005: acquiring endpoint (3 MINUTES)
11:44:20.050 [Test worker] DEBUG com.github.dockerjava.zerodep.shaded.org.apache.hc.client5.http.impl.io.PoolingHttpClientConnectionManager - ex-00000005: endpoint lease request (3 MINUTES) [route: {}->npipe://localhost:2375][total available: 1; route allocated: 1 of 2147483647; total allocated: 1 of 2147483647]
11:44:20.050 [Test worker] DEBUG com.github.dockerjava.zerodep.shaded.org.apache.hc.client5.http.impl.io.PoolingHttpClientConnectionManager - ex-00000005: endpoint leased [route: {}->npipe://localhost:2375][total available: 0; route allocated: 1 of 2147483647; total allocated: 1 of 2147483647]
11:44:20.050 [Test worker] DEBUG com.github.dockerjava.zerodep.shaded.org.apache.hc.client5.http.impl.io.PoolingHttpClientConnectionManager - ex-00000005: acquired ep-00000004
11:44:20.052 [Test worker] DEBUG com.github.dockerjava.zerodep.shaded.org.apache.hc.client5.http.impl.classic.InternalHttpClient - ex-00000005: acquired endpoint ep-00000004
11:44:20.052 [Test worker] DEBUG com.github.dockerjava.zerodep.shaded.org.apache.hc.client5.http.impl.classic.MainClientExec - ex-00000005: executing POST /v1.32/containers/3cbe46a97b61706d00a7358ea28766b13afd3b9b5d122d8ed7fe6dc5cf91a46c/start HTTP/1.1
11:44:20.052 [Test worker] DEBUG com.github.dockerjava.zerodep.shaded.org.apache.hc.client5.http.impl.classic.InternalHttpClient - ep-00000004: start execution ex-00000005
11:44:20.052 [Test worker] DEBUG com.github.dockerjava.zerodep.shaded.org.apache.hc.client5.http.impl.io.PoolingHttpClientConnectionManager - ep-00000004: executing exchange ex-00000005 over http-outgoing-0
11:44:20.052 [Test worker] DEBUG com.github.dockerjava.zerodep.shaded.org.apache.hc.client5.http.headers - http-outgoing-0 >> POST /v1.32/containers/3cbe46a97b61706d00a7358ea28766b13afd3b9b5d122d8ed7fe6dc5cf91a46c/start HTTP/1.1
11:44:20.052 [Test worker] DEBUG com.github.dockerjava.zerodep.shaded.org.apache.hc.client5.http.headers - http-outgoing-0 >> accept: application/json
11:44:20.052 [Test worker] DEBUG com.github.dockerjava.zerodep.shaded.org.apache.hc.client5.http.headers - http-outgoing-0 >> content-type: application/json
11:44:20.052 [Test worker] DEBUG com.github.dockerjava.zerodep.shaded.org.apache.hc.client5.http.headers - http-outgoing-0 >> x-tc-sid: af84bb41-8d04-425a-9335-6ad2c7615817
11:44:20.052 [Test worker] DEBUG com.github.dockerjava.zerodep.shaded.org.apache.hc.client5.http.headers - http-outgoing-0 >> User-Agent: tc-java/1.19.2
11:44:20.052 [Test worker] DEBUG com.github.dockerjava.zerodep.shaded.org.apache.hc.client5.http.headers - http-outgoing-0 >> Accept-Encoding: gzip, x-gzip, deflate
11:44:20.052 [Test worker] DEBUG com.github.dockerjava.zerodep.shaded.org.apache.hc.client5.http.headers - http-outgoing-0 >> Host: localhost:2375
11:44:20.052 [Test worker] DEBUG com.github.dockerjava.zerodep.shaded.org.apache.hc.client5.http.headers - http-outgoing-0 >> Connection: keep-alive
11:44:20.052 [Test worker] DEBUG com.github.dockerjava.zerodep.shaded.org.apache.hc.client5.http.wire - http-outgoing-0 >> "POST /v1.32/containers/3cbe46a97b61706d00a7358ea28766b13afd3b9b5d122d8ed7fe6dc5cf91a46c/start HTTP/1.1[\r][\n]"
11:44:20.052 [Test worker] DEBUG com.github.dockerjava.zerodep.shaded.org.apache.hc.client5.http.wire - http-outgoing-0 >> "accept: application/json[\r][\n]"
11:44:20.052 [Test worker] DEBUG com.github.dockerjava.zerodep.shaded.org.apache.hc.client5.http.wire - http-outgoing-0 >> "content-type: application/json[\r][\n]"
11:44:20.052 [Test worker] DEBUG com.github.dockerjava.zerodep.shaded.org.apache.hc.client5.http.wire - http-outgoing-0 >> "x-tc-sid: af84bb41-8d04-425a-9335-6ad2c7615817[\r][\n]"
11:44:20.052 [Test worker] DEBUG com.github.dockerjava.zerodep.shaded.org.apache.hc.client5.http.wire - http-outgoing-0 >> "User-Agent: tc-java/1.19.2[\r][\n]"
11:44:20.052 [Test worker] DEBUG com.github.dockerjava.zerodep.shaded.org.apache.hc.client5.http.wire - http-outgoing-0 >> "Accept-Encoding: gzip, x-gzip, deflate[\r][\n]"
11:44:20.052 [Test worker] DEBUG com.github.dockerjava.zerodep.shaded.org.apache.hc.client5.http.wire - http-outgoing-0 >> "Host: localhost:2375[\r][\n]"
11:44:20.052 [Test worker] DEBUG com.github.dockerjava.zerodep.shaded.org.apache.hc.client5.http.wire - http-outgoing-0 >> "Connection: keep-alive[\r][\n]"
11:44:20.052 [Test worker] DEBUG com.github.dockerjava.zerodep.shaded.org.apache.hc.client5.http.wire - http-outgoing-0 >> "[\r][\n]"
11:44:20.390 [Test worker] DEBUG com.github.dockerjava.zerodep.shaded.org.apache.hc.client5.http.wire - http-outgoing-0 << "HTTP/1.1 204 No Content[\r][\n]"
11:44:20.390 [Test worker] DEBUG com.github.dockerjava.zerodep.shaded.org.apache.hc.client5.http.wire - http-outgoing-0 << "Api-Version: 1.43[\r][\n]"
11:44:20.390 [Test worker] DEBUG com.github.dockerjava.zerodep.shaded.org.apache.hc.client5.http.wire - http-outgoing-0 << "Date: Sat, 25 Nov 2023 08:44:20 GMT[\r][\n]"
11:44:20.390 [Test worker] DEBUG com.github.dockerjava.zerodep.shaded.org.apache.hc.client5.http.wire - http-outgoing-0 << "Docker-Experimental: false[\r][\n]"
11:44:20.390 [Test worker] DEBUG com.github.dockerjava.zerodep.shaded.org.apache.hc.client5.http.wire - http-outgoing-0 << "Ostype: linux[\r][\n]"
11:44:20.391 [Test worker] DEBUG com.github.dockerjava.zerodep.shaded.org.apache.hc.client5.http.wire - http-outgoing-0 << "Server: Docker/24.0.6 (linux)[\r][\n]"
11:44:20.391 [Test worker] DEBUG com.github.dockerjava.zerodep.shaded.org.apache.hc.client5.http.wire - http-outgoing-0 << "[\r][\n]"
11:44:20.391 [Test worker] DEBUG com.github.dockerjava.zerodep.shaded.org.apache.hc.client5.http.headers - http-outgoing-0 << HTTP/1.1 204 No Content
11:44:20.391 [Test worker] DEBUG com.github.dockerjava.zerodep.shaded.org.apache.hc.client5.http.headers - http-outgoing-0 << Api-Version: 1.43
11:44:20.391 [Test worker] DEBUG com.github.dockerjava.zerodep.shaded.org.apache.hc.client5.http.headers - http-outgoing-0 << Date: Sat, 25 Nov 2023 08:44:20 GMT
11:44:20.391 [Test worker] DEBUG com.github.dockerjava.zerodep.shaded.org.apache.hc.client5.http.headers - http-outgoing-0 << Docker-Experimental: false
11:44:20.391 [Test worker] DEBUG com.github.dockerjava.zerodep.shaded.org.apache.hc.client5.http.headers - http-outgoing-0 << Ostype: linux
11:44:20.391 [Test worker] DEBUG com.github.dockerjava.zerodep.shaded.org.apache.hc.client5.http.headers - http-outgoing-0 << Server: Docker/24.0.6 (linux)
11:44:20.392 [Test worker] DEBUG com.github.dockerjava.zerodep.shaded.org.apache.hc.client5.http.impl.classic.MainClientExec - ex-00000005: connection can be kept alive for 3 MINUTES
11:44:20.393 [Test worker] DEBUG com.github.dockerjava.zerodep.shaded.org.apache.hc.client5.http.impl.classic.InternalHttpClient - ep-00000004: releasing valid endpoint
11:44:20.393 [Test worker] DEBUG com.github.dockerjava.zerodep.shaded.org.apache.hc.client5.http.impl.io.PoolingHttpClientConnectionManager - ep-00000004: releasing endpoint
11:44:20.393 [Test worker] DEBUG com.github.dockerjava.zerodep.shaded.org.apache.hc.client5.http.impl.io.PoolingHttpClientConnectionManager - ep-00000004: connection http-outgoing-0 can be kept alive for 3 MINUTES
11:44:20.393 [Test worker] DEBUG com.github.dockerjava.zerodep.shaded.org.apache.hc.client5.http.impl.io.PoolingHttpClientConnectionManager - ep-00000004: connection released [route: {}->npipe://localhost:2375][total available: 1; route allocated: 1 of 2147483647; total allocated: 1 of 2147483647]
11:44:20.402 [Test worker] DEBUG org.testcontainers.shaded.com.github.dockerjava.core.command.AbstrDockerCmd - Cmd: 3cbe46a97b61706d00a7358ea28766b13afd3b9b5d122d8ed7fe6dc5cf91a46c,false
11:44:20.402 [Test worker] DEBUG org.testcontainers.shaded.com.github.dockerjava.core.exec.InspectContainerCmdExec - GET: DefaultWebTarget{path=[/containers/3cbe46a97b61706d00a7358ea28766b13afd3b9b5d122d8ed7fe6dc5cf91a46c/json], queryParams={}}
11:44:20.402 [Test worker] DEBUG com.github.dockerjava.zerodep.shaded.org.apache.hc.client5.http.impl.classic.InternalHttpClient - ex-00000006: preparing request execution
11:44:20.403 [Test worker] DEBUG com.github.dockerjava.zerodep.shaded.org.apache.hc.client5.http.protocol.RequestAddCookies - Cookie spec selected: strict
11:44:20.403 [Test worker] DEBUG com.github.dockerjava.zerodep.shaded.org.apache.hc.client5.http.protocol.RequestAuthCache - Auth cache not set in the context
11:44:20.403 [Test worker] DEBUG com.github.dockerjava.zerodep.shaded.org.apache.hc.client5.http.impl.classic.ProtocolExec - ex-00000006: target auth state: UNCHALLENGED
11:44:20.403 [Test worker] DEBUG com.github.dockerjava.zerodep.shaded.org.apache.hc.client5.http.impl.classic.ProtocolExec - ex-00000006: proxy auth state: UNCHALLENGED
11:44:20.403 [Test worker] DEBUG com.github.dockerjava.zerodep.shaded.org.apache.hc.client5.http.impl.classic.ConnectExec - ex-00000006: acquiring connection with route {}->npipe://localhost:2375
11:44:20.403 [Test worker] DEBUG com.github.dockerjava.zerodep.shaded.org.apache.hc.client5.http.impl.classic.InternalHttpClient - ex-00000006: acquiring endpoint (3 MINUTES)
11:44:20.403 [Test worker] DEBUG com.github.dockerjava.zerodep.shaded.org.apache.hc.client5.http.impl.io.PoolingHttpClientConnectionManager - ex-00000006: endpoint lease request (3 MINUTES) [route: {}->npipe://localhost:2375][total available: 1; route allocated: 1 of 2147483647; total allocated: 1 of 2147483647]
11:44:20.403 [Test worker] DEBUG com.github.dockerjava.zerodep.shaded.org.apache.hc.client5.http.impl.io.PoolingHttpClientConnectionManager - ex-00000006: endpoint leased [route: {}->npipe://localhost:2375][total available: 0; route allocated: 1 of 2147483647; total allocated: 1 of 2147483647]
11:44:20.403 [Test worker] DEBUG com.github.dockerjava.zerodep.shaded.org.apache.hc.client5.http.impl.io.PoolingHttpClientConnectionManager - ex-00000006: acquired ep-00000005
11:44:20.403 [Test worker] DEBUG com.github.dockerjava.zerodep.shaded.org.apache.hc.client5.http.impl.classic.InternalHttpClient - ex-00000006: acquired endpoint ep-00000005
11:44:20.404 [Test worker] DEBUG com.github.dockerjava.zerodep.shaded.org.apache.hc.client5.http.impl.classic.MainClientExec - ex-00000006: executing GET /v1.32/containers/3cbe46a97b61706d00a7358ea28766b13afd3b9b5d122d8ed7fe6dc5cf91a46c/json HTTP/1.1
11:44:20.404 [Test worker] DEBUG com.github.dockerjava.zerodep.shaded.org.apache.hc.client5.http.impl.classic.InternalHttpClient - ep-00000005: start execution ex-00000006
11:44:20.404 [Test worker] DEBUG com.github.dockerjava.zerodep.shaded.org.apache.hc.client5.http.impl.io.PoolingHttpClientConnectionManager - ep-00000005: executing exchange ex-00000006 over http-outgoing-0
11:44:20.404 [Test worker] DEBUG com.github.dockerjava.zerodep.shaded.org.apache.hc.client5.http.headers - http-outgoing-0 >> GET /v1.32/containers/3cbe46a97b61706d00a7358ea28766b13afd3b9b5d122d8ed7fe6dc5cf91a46c/json HTTP/1.1
11:44:20.404 [Test worker] DEBUG com.github.dockerjava.zerodep.shaded.org.apache.hc.client5.http.headers - http-outgoing-0 >> accept: application/json
11:44:20.404 [Test worker] DEBUG com.github.dockerjava.zerodep.shaded.org.apache.hc.client5.http.headers - http-outgoing-0 >> x-tc-sid: af84bb41-8d04-425a-9335-6ad2c7615817
11:44:20.404 [Test worker] DEBUG com.github.dockerjava.zerodep.shaded.org.apache.hc.client5.http.headers - http-outgoing-0 >> User-Agent: tc-java/1.19.2
11:44:20.404 [Test worker] DEBUG com.github.dockerjava.zerodep.shaded.org.apache.hc.client5.http.headers - http-outgoing-0 >> Accept-Encoding: gzip, x-gzip, deflate
11:44:20.404 [Test worker] DEBUG com.github.dockerjava.zerodep.shaded.org.apache.hc.client5.http.headers - http-outgoing-0 >> Host: localhost:2375
11:44:20.404 [Test worker] DEBUG com.github.dockerjava.zerodep.shaded.org.apache.hc.client5.http.headers - http-outgoing-0 >> Connection: keep-alive
11:44:20.404 [Test worker] DEBUG com.github.dockerjava.zerodep.shaded.org.apache.hc.client5.http.wire - http-outgoing-0 >> "GET /v1.32/containers/3cbe46a97b61706d00a7358ea28766b13afd3b9b5d122d8ed7fe6dc5cf91a46c/json HTTP/1.1[\r][\n]"
11:44:20.404 [Test worker] DEBUG com.github.dockerjava.zerodep.shaded.org.apache.hc.client5.http.wire - http-outgoing-0 >> "accept: application/json[\r][\n]"
11:44:20.404 [Test worker] DEBUG com.github.dockerjava.zerodep.shaded.org.apache.hc.client5.http.wire - http-outgoing-0 >> "x-tc-sid: af84bb41-8d04-425a-9335-6ad2c7615817[\r][\n]"
11:44:20.404 [Test worker] DEBUG com.github.dockerjava.zerodep.shaded.org.apache.hc.client5.http.wire - http-outgoing-0 >> "User-Agent: tc-java/1.19.2[\r][\n]"
11:44:20.404 [Test worker] DEBUG com.github.dockerjava.zerodep.shaded.org.apache.hc.client5.http.wire - http-outgoing-0 >> "Accept-Encoding: gzip, x-gzip, deflate[\r][\n]"
11:44:20.404 [Test worker] DEBUG com.github.dockerjava.zerodep.shaded.org.apache.hc.client5.http.wire - http-outgoing-0 >> "Host: localhost:2375[\r][\n]"
11:44:20.404 [Test worker] DEBUG com.github.dockerjava.zerodep.shaded.org.apache.hc.client5.http.wire - http-outgoing-0 >> "Connection: keep-alive[\r][\n]"
11:44:20.404 [Test worker] DEBUG com.github.dockerjava.zerodep.shaded.org.apache.hc.client5.http.wire - http-outgoing-0 >> "[\r][\n]"
11:44:20.408 [Test worker] DEBUG com.github.dockerjava.zerodep.shaded.org.apache.hc.client5.http.wire - http-outgoing-0 << "HTTP/1.1 200 OK[\r][\n]"
11:44:20.408 [Test worker] DEBUG com.github.dockerjava.zerodep.shaded.org.apache.hc.client5.http.wire - http-outgoing-0 << "Api-Version: 1.43[\r][\n]"
11:44:20.408 [Test worker] DEBUG com.github.dockerjava.zerodep.shaded.org.apache.hc.client5.http.wire - http-outgoing-0 << "Content-Type: application/json[\r][\n]"
11:44:20.408 [Test worker] DEBUG com.github.dockerjava.zerodep.shaded.org.apache.hc.client5.http.wire - http-outgoing-0 << "Date: Sat, 25 Nov 2023 08:44:20 GMT[\r][\n]"
11:44:20.408 [Test worker] DEBUG com.github.dockerjava.zerodep.shaded.org.apache.hc.client5.http.wire - http-outgoing-0 << "Docker-Experimental: false[\r][\n]"
11:44:20.408 [Test worker] DEBUG com.github.dockerjava.zerodep.shaded.org.apache.hc.client5.http.wire - http-outgoing-0 << "Ostype: linux[\r][\n]"
11:44:20.408 [Test worker] DEBUG com.github.dockerjava.zerodep.shaded.org.apache.hc.client5.http.wire - http-outgoing-0 << "Server: Docker/24.0.6 (linux)[\r][\n]"
11:44:20.408 [Test worker] DEBUG com.github.dockerjava.zerodep.shaded.org.apache.hc.client5.http.wire - http-outgoing-0 << "Transfer-Encoding: chunked[\r][\n]"
11:44:20.408 [Test worker] DEBUG com.github.dockerjava.zerodep.shaded.org.apache.hc.client5.http.wire - http-outgoing-0 << "[\r][\n]"
11:44:20.409 [Test worker] DEBUG com.github.dockerjava.zerodep.shaded.org.apache.hc.client5.http.headers - http-outgoing-0 << HTTP/1.1 200 OK
11:44:20.409 [Test worker] DEBUG com.github.dockerjava.zerodep.shaded.org.apache.hc.client5.http.headers - http-outgoing-0 << Api-Version: 1.43
11:44:20.409 [Test worker] DEBUG com.github.dockerjava.zerodep.shaded.org.apache.hc.client5.http.headers - http-outgoing-0 << Content-Type: application/json
11:44:20.409 [Test worker] DEBUG com.github.dockerjava.zerodep.shaded.org.apache.hc.client5.http.headers - http-outgoing-0 << Date: Sat, 25 Nov 2023 08:44:20 GMT
11:44:20.409 [Test worker] DEBUG com.github.dockerjava.zerodep.shaded.org.apache.hc.client5.http.headers - http-outgoing-0 << Docker-Experimental: false
11:44:20.409 [Test worker] DEBUG com.github.dockerjava.zerodep.shaded.org.apache.hc.client5.http.headers - http-outgoing-0 << Ostype: linux
11:44:20.409 [Test worker] DEBUG com.github.dockerjava.zerodep.shaded.org.apache.hc.client5.http.headers - http-outgoing-0 << Server: Docker/24.0.6 (linux)
11:44:20.409 [Test worker] DEBUG com.github.dockerjava.zerodep.shaded.org.apache.hc.client5.http.headers - http-outgoing-0 << Transfer-Encoding: chunked
11:44:20.409 [Test worker] DEBUG com.github.dockerjava.zerodep.shaded.org.apache.hc.client5.http.impl.classic.MainClientExec - ex-00000006: connection can be kept alive for 3 MINUTES
11:44:20.412 [Test worker] DEBUG com.github.dockerjava.zerodep.shaded.org.apache.hc.client5.http.wire - http-outgoing-0 << "1366[\r][\n]"
11:44:20.412 [Test worker] DEBUG com.github.dockerjava.zerodep.shaded.org.apache.hc.client5.http.wire - http-outgoing-0 << "{"Id":"3cbe46a97b61706d00a7358ea28766b13afd3b9b5d122d8ed7fe6dc5cf91a46c","Created":"2023-11-25T08:44:20.014905994Z","Path":"/bin/ryuk","Args":[],"State":{"Status":"running","Running":true,"Paused":false,"Restarting":false,"OOMKilled":false,"Dead":false,"Pid":950,"ExitCode":0,"Error":"","StartedAt":"2023-11-25T08:44:20.382627566Z","FinishedAt":"0001-01-01T00:00:00Z"},"Image":"sha256:ec913eeff75a6b5ed284cf17e186213a466ec10a8f471798318ffa0813b5d828","ResolvConfPath":"/var/lib/docker/containers/3cbe46a97b61706d00a7358ea28766b13afd3b9b5d122d8ed7fe6dc5cf91a46c/resolv.conf","HostnamePath":"/var/lib/docker/containers/3cbe46a97b61706d00a7358ea28766b13afd3b9b5d122d8ed7fe6dc5cf91a46c/hostname","HostsPath":"/var/lib/docker/containers/3cbe46a97b61706d00a7358ea28766b13afd3b9b5d122d8ed7fe6dc5cf91a46c/hosts","LogPath":"/var/lib/docker/containers/3cbe46a97b61706d00a7358ea28766b13afd3b9b5d122d8ed7fe6dc5cf91a46c/3cbe46a97b61706d00a7358ea28766b13afd3b9b5d122d8ed7fe6dc5cf91a46c-json.log","Name":"/testcontainers-ryuk-af84bb41-8d04-425a-9335-6ad2c7615817","RestartCount":0,"Driver":"overlay2","Platform":"linux","MountLabel":"","ProcessLabel":"","AppArmorProfile":"","ExecIDs":null,"HostConfig":{"Binds":["//var/run/docker.sock:/var/run/docker.sock:rw"],"ContainerIDFile":"","LogConfig":{"Type":"json-file","Config":{}},"NetworkMode":"default","PortBindings":{"8080/tcp":[{"HostIp":"0.0.0.0","HostPort":"0"}]},"RestartPolicy":{"Name":"","MaximumRetryCount":0},"AutoRemove":true,"VolumeDriver":"","VolumesFrom":[],"ConsoleSize":[0,0],"CapAdd":null,"CapDrop":null,"CgroupnsMode":"host","Dns":null,"DnsOptions":null,"DnsSearch":null,"ExtraHosts":[],"GroupAdd":null,"IpcMode":"shareable","Cgroup":"","Links":null,"OomScoreAdj":0,"PidMode":"","Privileged":true,"PublishAllPorts":false,"ReadonlyRootfs":false,"SecurityOpt":["label=disable"],"UTSMode":"","UsernsMode":"","ShmSize":67108864,"Runtime":"runc","Isolation":"","CpuShares":0,"Memory":0,"NanoCpus":0,"CgroupParent":"","BlkioWeight":0,"BlkioWeightDevice":null,"BlkioDeviceReadBps":null,"BlkioDeviceWriteBps":null,"BlkioDeviceReadIOps":null,"BlkioDeviceWriteIOps":null,"CpuPeriod":0,"CpuQuota":0,"CpuRealtimePeriod":0,"CpuRealtimeRuntime":0,"CpusetCpus":"","CpusetMems":"","Devices":null,"DeviceCgroupRules":null,"DeviceRequests":null,"MemoryReservation":0,"MemorySwap":0,"MemorySwappiness":null,"OomKillDisable":false,"PidsLimit":null,"Ulimits":null,"CpuCount":0,"CpuPercent":0,"IOMaximumIOps":0,"IOMaximumBandwidth":0,"MaskedPaths":null,"ReadonlyPaths":null},"GraphDriver":{"Data":{"LowerDir":"/var/lib/docker/overlay2/26be496a12d57e903ec4605698e8420ee380ecec1b1d1349037faba87d5d90db-init/diff:/var/lib/docker/overlay2/b2efda147113c45145e943c7b4cee55cc30feb66399b9105b634100ac3dcced0/diff:/var/lib/docker/overlay2/cd6f6fb8ea6f14938f2c13e7ac7ce5fed301008b7861d3ebed00a1147e3d61c0/diff:/var/lib/docker/overlay2/0507f48932e45f6c41986bc55987d0d3d0938e561577eacda848221355de24c4/diff","MergedDir":"/var/lib/docker/overlay2/26be496a12d57e903ec4605698e8420ee380ecec1b1d1349037faba87d5d90db/merged","UpperDir":"/var/lib/docker/overlay2/26be496a12d57e903ec4605698e8420ee380ecec1b1d1349037faba87d5d90db/diff","WorkDir":"/var/lib/docker/overlay2/26be496a12d57e903ec4605698e8420ee380ecec1b1d1349037faba87d5d90db/work"},"Name":"overlay2"},"Mounts":[{"Type":"bind","Source":"//var/run/docker.sock","Destination":"/var/run/docker.sock","Mode":"rw","RW":true,"Propagation":"rprivate"}],"Config":{"Hostname":"3cbe46a97b61","Domainname":"","User":"","AttachStdin":false,"AttachStdout":false,"AttachStderr":false,"ExposedPorts":{"8080/tcp":{}},"Tty":false,"OpenStdin":false,"StdinOnce":false,"Env":["PATH=/usr/local/sbin:/usr/local/bin:/usr/sbin:/usr/bin:/sbin:/bin"],"Cmd":["/bin/ryuk"],"Image":"testcontainers/ryuk:0.5.1","Volumes":null,"WorkingDir":"","Entrypoint":null,"OnBuild":null,"Labels":{"org.testcontainers":"true","org.testcontainers.lang":"java","org.testcontainers.ryuk":"true","org.testcontainers.version":"1.19.2"}},"NetworkSettings":{"Bridge":"","SandboxID":"611d0681e22544baac0058a33e22a00fba75b19c5d3118aaa433cd2a375cc942","HairpinMode":false,""
11:44:20.471 [Test worker] DEBUG com.github.dockerjava.zerodep.shaded.org.apache.hc.client5.http.wire - http-outgoing-0 << "LinkLocalIPv6Address":"","LinkLocalIPv6PrefixLen":0,"Ports":{"8080/tcp":[{"HostIp":"0.0.0.0","HostPort":"60893"}]},"SandboxKey":"/var/run/docker/netns/611d0681e225","SecondaryIPAddresses":null,"SecondaryIPv6Addresses":null,"EndpointID":"c213a453d087d3b2ce8da49348061dcfe6b75ee52549e88dace819b0038ad0e8","Gateway":"172.17.0.1","GlobalIPv6Address":"","GlobalIPv6PrefixLen":0,"IPAddress":"172.17.0.2","IPPrefixLen":16,"IPv6Gateway":"","MacAddress":"02:42:ac:11:00:02","Networks":{"bridge":{"IPAMConfig":null,"Links":null,"Aliases":null,"NetworkID":"c3be540af3c247ad90b78915e92d8da1799de4169ddf9333eb90684d819cbb7b","EndpointID":"c213a453d087d3b2ce8da49348061dcfe6b75ee52549e88dace819b0038ad0e8","Gateway":"172.17.0.1","IPAddress":"172.17.0.2","IPPrefixLen":16,"IPv6Gateway":"","GlobalIPv6Address":"","GlobalIPv6PrefixLen":0,"MacAddress":"02:42:ac:11:00:02","DriverOpts":null}}}}[\n]"
11:44:20.501 [Test worker] DEBUG com.github.dockerjava.zerodep.shaded.org.apache.hc.client5.http.wire - http-outgoing-0 << "[\r][\n]"
11:44:20.501 [Test worker] DEBUG com.github.dockerjava.zerodep.shaded.org.apache.hc.client5.http.wire - http-outgoing-0 << "0[\r][\n]"
11:44:20.501 [Test worker] DEBUG com.github.dockerjava.zerodep.shaded.org.apache.hc.client5.http.wire - http-outgoing-0 << "[\r][\n]"
11:44:20.501 [Test worker] DEBUG com.github.dockerjava.zerodep.shaded.org.apache.hc.client5.http.impl.classic.InternalHttpClient - ep-00000005: releasing valid endpoint
11:44:20.501 [Test worker] DEBUG com.github.dockerjava.zerodep.shaded.org.apache.hc.client5.http.impl.io.PoolingHttpClientConnectionManager - ep-00000005: releasing endpoint
11:44:20.501 [Test worker] DEBUG com.github.dockerjava.zerodep.shaded.org.apache.hc.client5.http.impl.io.PoolingHttpClientConnectionManager - ep-00000005: connection http-outgoing-0 can be kept alive for 3 MINUTES
11:44:20.501 [Test worker] DEBUG com.github.dockerjava.zerodep.shaded.org.apache.hc.client5.http.impl.io.PoolingHttpClientConnectionManager - ep-00000005: connection released [route: {}->npipe://localhost:2375][total available: 1; route allocated: 1 of 2147483647; total allocated: 1 of 2147483647]
11:44:20.506 [Test worker] DEBUG org.testcontainers.shaded.com.github.dockerjava.core.command.AbstrDockerCmd - Cmd: sha256:ec913eeff75a6b5ed284cf17e186213a466ec10a8f471798318ffa0813b5d828
11:44:20.507 [Test worker] DEBUG com.github.dockerjava.zerodep.shaded.org.apache.hc.client5.http.impl.classic.InternalHttpClient - ex-00000007: preparing request execution
11:44:20.507 [Test worker] DEBUG com.github.dockerjava.zerodep.shaded.org.apache.hc.client5.http.protocol.RequestAddCookies - Cookie spec selected: strict
11:44:20.507 [Test worker] DEBUG com.github.dockerjava.zerodep.shaded.org.apache.hc.client5.http.protocol.RequestAuthCache - Auth cache not set in the context
11:44:20.507 [Test worker] DEBUG com.github.dockerjava.zerodep.shaded.org.apache.hc.client5.http.impl.classic.ProtocolExec - ex-00000007: target auth state: UNCHALLENGED
11:44:20.507 [Test worker] DEBUG com.github.dockerjava.zerodep.shaded.org.apache.hc.client5.http.impl.classic.ProtocolExec - ex-00000007: proxy auth state: UNCHALLENGED
11:44:20.507 [Test worker] DEBUG com.github.dockerjava.zerodep.shaded.org.apache.hc.client5.http.impl.classic.ConnectExec - ex-00000007: acquiring connection with route {}->npipe://localhost:2375
11:44:20.507 [Test worker] DEBUG com.github.dockerjava.zerodep.shaded.org.apache.hc.client5.http.impl.classic.InternalHttpClient - ex-00000007: acquiring endpoint (3 MINUTES)
11:44:20.507 [Test worker] DEBUG com.github.dockerjava.zerodep.shaded.org.apache.hc.client5.http.impl.io.PoolingHttpClientConnectionManager - ex-00000007: endpoint lease request (3 MINUTES) [route: {}->npipe://localhost:2375][total available: 1; route allocated: 1 of 2147483647; total allocated: 1 of 2147483647]
11:44:20.507 [Test worker] DEBUG com.github.dockerjava.zerodep.shaded.org.apache.hc.client5.http.impl.io.PoolingHttpClientConnectionManager - ex-00000007: endpoint leased [route: {}->npipe://localhost:2375][total available: 0; route allocated: 1 of 2147483647; total allocated: 1 of 2147483647]
11:44:20.507 [Test worker] DEBUG com.github.dockerjava.zerodep.shaded.org.apache.hc.client5.http.impl.io.PoolingHttpClientConnectionManager - ex-00000007: acquired ep-00000006
11:44:20.507 [Test worker] DEBUG com.github.dockerjava.zerodep.shaded.org.apache.hc.client5.http.impl.classic.InternalHttpClient - ex-00000007: acquired endpoint ep-00000006
11:44:20.507 [Test worker] DEBUG com.github.dockerjava.zerodep.shaded.org.apache.hc.client5.http.impl.classic.MainClientExec - ex-00000007: executing GET /v1.32/images/sha256:ec913eeff75a6b5ed284cf17e186213a466ec10a8f471798318ffa0813b5d828/json HTTP/1.1
11:44:20.508 [Test worker] DEBUG com.github.dockerjava.zerodep.shaded.org.apache.hc.client5.http.impl.classic.InternalHttpClient - ep-00000006: start execution ex-00000007
11:44:20.508 [Test worker] DEBUG com.github.dockerjava.zerodep.shaded.org.apache.hc.client5.http.impl.io.PoolingHttpClientConnectionManager - ep-00000006: executing exchange ex-00000007 over http-outgoing-0
11:44:20.508 [Test worker] DEBUG com.github.dockerjava.zerodep.shaded.org.apache.hc.client5.http.headers - http-outgoing-0 >> GET /v1.32/images/sha256:ec913eeff75a6b5ed284cf17e186213a466ec10a8f471798318ffa0813b5d828/json HTTP/1.1
11:44:20.508 [Test worker] DEBUG com.github.dockerjava.zerodep.shaded.org.apache.hc.client5.http.headers - http-outgoing-0 >> accept: application/json
11:44:20.508 [Test worker] DEBUG com.github.dockerjava.zerodep.shaded.org.apache.hc.client5.http.headers - http-outgoing-0 >> x-tc-sid: af84bb41-8d04-425a-9335-6ad2c7615817
11:44:20.508 [Test worker] DEBUG com.github.dockerjava.zerodep.shaded.org.apache.hc.client5.http.headers - http-outgoing-0 >> User-Agent: tc-java/1.19.2
11:44:20.508 [Test worker] DEBUG com.github.dockerjava.zerodep.shaded.org.apache.hc.client5.http.headers - http-outgoing-0 >> Accept-Encoding: gzip, x-gzip, deflate
11:44:20.508 [Test worker] DEBUG com.github.dockerjava.zerodep.shaded.org.apache.hc.client5.http.headers - http-outgoing-0 >> Host: localhost:2375
11:44:20.508 [Test worker] DEBUG com.github.dockerjava.zerodep.shaded.org.apache.hc.client5.http.headers - http-outgoing-0 >> Connection: keep-alive
11:44:20.508 [Test worker] DEBUG com.github.dockerjava.zerodep.shaded.org.apache.hc.client5.http.wire - http-outgoing-0 >> "GET /v1.32/images/sha256:ec913eeff75a6b5ed284cf17e186213a466ec10a8f471798318ffa0813b5d828/json HTTP/1.1[\r][\n]"
11:44:20.508 [Test worker] DEBUG com.github.dockerjava.zerodep.shaded.org.apache.hc.client5.http.wire - http-outgoing-0 >> "accept: application/json[\r][\n]"
11:44:20.508 [Test worker] DEBUG com.github.dockerjava.zerodep.shaded.org.apache.hc.client5.http.wire - http-outgoing-0 >> "x-tc-sid: af84bb41-8d04-425a-9335-6ad2c7615817[\r][\n]"
11:44:20.508 [Test worker] DEBUG com.github.dockerjava.zerodep.shaded.org.apache.hc.client5.http.wire - http-outgoing-0 >> "User-Agent: tc-java/1.19.2[\r][\n]"
11:44:20.508 [Test worker] DEBUG com.github.dockerjava.zerodep.shaded.org.apache.hc.client5.http.wire - http-outgoing-0 >> "Accept-Encoding: gzip, x-gzip, deflate[\r][\n]"
11:44:20.508 [Test worker] DEBUG com.github.dockerjava.zerodep.shaded.org.apache.hc.client5.http.wire - http-outgoing-0 >> "Host: localhost:2375[\r][\n]"
11:44:20.508 [Test worker] DEBUG com.github.dockerjava.zerodep.shaded.org.apache.hc.client5.http.wire - http-outgoing-0 >> "Connection: keep-alive[\r][\n]"
11:44:20.508 [Test worker] DEBUG com.github.dockerjava.zerodep.shaded.org.apache.hc.client5.http.wire - http-outgoing-0 >> "[\r][\n]"
11:44:20.513 [Test worker] DEBUG com.github.dockerjava.zerodep.shaded.org.apache.hc.client5.http.wire - http-outgoing-0 << "HTTP/1.1 200 OK[\r][\n]"
11:44:20.513 [Test worker] DEBUG com.github.dockerjava.zerodep.shaded.org.apache.hc.client5.http.wire - http-outgoing-0 << "Api-Version: 1.43[\r][\n]"
11:44:20.513 [Test worker] DEBUG com.github.dockerjava.zerodep.shaded.org.apache.hc.client5.http.wire - http-outgoing-0 << "Content-Type: application/json[\r][\n]"
11:44:20.514 [Test worker] DEBUG com.github.dockerjava.zerodep.shaded.org.apache.hc.client5.http.wire - http-outgoing-0 << "Date: Sat, 25 Nov 2023 08:44:20 GMT[\r][\n]"
11:44:20.514 [Test worker] DEBUG com.github.dockerjava.zerodep.shaded.org.apache.hc.client5.http.wire - http-outgoing-0 << "Docker-Experimental: false[\r][\n]"
11:44:20.514 [Test worker] DEBUG com.github.dockerjava.zerodep.shaded.org.apache.hc.client5.http.wire - http-outgoing-0 << "Ostype: linux[\r][\n]"
11:44:20.514 [Test worker] DEBUG com.github.dockerjava.zerodep.shaded.org.apache.hc.client5.http.wire - http-outgoing-0 << "Server: Docker/24.0.6 (linux)[\r][\n]"
11:44:20.514 [Test worker] DEBUG com.github.dockerjava.zerodep.shaded.org.apache.hc.client5.http.wire - http-outgoing-0 << "Transfer-Encoding: chunked[\r][\n]"
11:44:20.514 [Test worker] DEBUG com.github.dockerjava.zerodep.shaded.org.apache.hc.client5.http.wire - http-outgoing-0 << "[\r][\n]"
11:44:20.514 [Test worker] DEBUG com.github.dockerjava.zerodep.shaded.org.apache.hc.client5.http.headers - http-outgoing-0 << HTTP/1.1 200 OK
11:44:20.514 [Test worker] DEBUG com.github.dockerjava.zerodep.shaded.org.apache.hc.client5.http.headers - http-outgoing-0 << Api-Version: 1.43
11:44:20.514 [Test worker] DEBUG com.github.dockerjava.zerodep.shaded.org.apache.hc.client5.http.headers - http-outgoing-0 << Content-Type: application/json
11:44:20.514 [Test worker] DEBUG com.github.dockerjava.zerodep.shaded.org.apache.hc.client5.http.headers - http-outgoing-0 << Date: Sat, 25 Nov 2023 08:44:20 GMT
11:44:20.514 [Test worker] DEBUG com.github.dockerjava.zerodep.shaded.org.apache.hc.client5.http.headers - http-outgoing-0 << Docker-Experimental: false
11:44:20.514 [Test worker] DEBUG com.github.dockerjava.zerodep.shaded.org.apache.hc.client5.http.headers - http-outgoing-0 << Ostype: linux
11:44:20.514 [Test worker] DEBUG com.github.dockerjava.zerodep.shaded.org.apache.hc.client5.http.headers - http-outgoing-0 << Server: Docker/24.0.6 (linux)
11:44:20.514 [Test worker] DEBUG com.github.dockerjava.zerodep.shaded.org.apache.hc.client5.http.headers - http-outgoing-0 << Transfer-Encoding: chunked
11:44:20.514 [Test worker] DEBUG com.github.dockerjava.zerodep.shaded.org.apache.hc.client5.http.impl.classic.MainClientExec - ex-00000007: connection can be kept alive for 3 MINUTES
11:44:20.515 [Test worker] DEBUG com.github.dockerjava.zerodep.shaded.org.apache.hc.client5.http.wire - http-outgoing-0 << "7d1[\r][\n]"
11:44:20.515 [Test worker] DEBUG com.github.dockerjava.zerodep.shaded.org.apache.hc.client5.http.wire - http-outgoing-0 << "{"Id":"sha256:ec913eeff75a6b5ed284cf17e186213a466ec10a8f471798318ffa0813b5d828","RepoTags":["testcontainers/ryuk:0.5.1"],"RepoDigests":["testcontainers/ryuk@sha256:533abc56c07b52a26c955d1e7ae428d810582ab01c156384ae79960eb5fa0775"],"Parent":"","Comment":"buildkit.dockerfile.v0","Created":"2023-05-17T15:11:02.784684507Z","Container":"","ContainerConfig":{"Hostname":"","Domainname":"","User":"","AttachStdin":false,"AttachStdout":false,"AttachStderr":false,"Tty":false,"OpenStdin":false,"StdinOnce":false,"Env":null,"Cmd":null,"Image":"","Volumes":null,"WorkingDir":"","Entrypoint":null,"OnBuild":null,"Labels":null},"DockerVersion":"","Author":"","Config":{"Hostname":"","Domainname":"","User":"","AttachStdin":false,"AttachStdout":false,"AttachStderr":false,"Tty":false,"OpenStdin":false,"StdinOnce":false,"Env":["PATH=/usr/local/sbin:/usr/local/bin:/usr/sbin:/usr/bin:/sbin:/bin"],"Cmd":["/bin/ryuk"],"ArgsEscaped":true,"Image":"","Volumes":null,"WorkingDir":"","Entrypoint":null,"OnBuild":null,"Labels":{"org.testcontainers.ryuk":"true"}},"Architecture":"amd64","Os":"linux","Size":12695732,"VirtualSize":12695732,"GraphDriver":{"Data":{"LowerDir":"/var/lib/docker/overlay2/cd6f6fb8ea6f14938f2c13e7ac7ce5fed301008b7861d3ebed00a1147e3d61c0/diff:/var/lib/docker/overlay2/0507f48932e45f6c41986bc55987d0d3d0938e561577eacda848221355de24c4/diff","MergedDir":"/var/lib/docker/overlay2/b2efda147113c45145e943c7b4cee55cc30feb66399b9105b634100ac3dcced0/merged","UpperDir":"/var/lib/docker/overlay2/b2efda147113c45145e943c7b4cee55cc30feb66399b9105b634100ac3dcced0/diff","WorkDir":"/var/lib/docker/overlay2/b2efda147113c45145e943c7b4cee55cc30feb66399b9105b634100ac3dcced0/work"},"Name":"overlay2"},"RootFS":{"Type":"layers","Layers":["sha256:5bc340f6d4f5a3bc999dfbc790a0bdf0920b9103ef794645034de4260ee4e9c8","sha256:399f3aa1fc62064e0be857829b8e7284408be4b60db81996e105a78e2059e5c9","sha256:2ad1a08beb0cf8625d0ffd3d2847150709df6fdb34c6a2ef514106ad08c5d785"]},"Metadata":{"LastTagTime":"0001-01-01T00:00:00Z"}}[\n]"
11:44:20.515 [Test worker] DEBUG com.github.dockerjava.zerodep.shaded.org.apache.hc.client5.http.wire - http-outgoing-0 << "[\r][\n]"
11:44:20.515 [Test worker] DEBUG com.github.dockerjava.zerodep.shaded.org.apache.hc.client5.http.wire - http-outgoing-0 << "0[\r][\n]"
11:44:20.515 [Test worker] DEBUG com.github.dockerjava.zerodep.shaded.org.apache.hc.client5.http.wire - http-outgoing-0 << "[\r][\n]"
11:44:20.519 [Test worker] DEBUG com.github.dockerjava.zerodep.shaded.org.apache.hc.client5.http.impl.classic.InternalHttpClient - ep-00000006: releasing valid endpoint
11:44:20.520 [Test worker] DEBUG com.github.dockerjava.zerodep.shaded.org.apache.hc.client5.http.impl.io.PoolingHttpClientConnectionManager - ep-00000006: releasing endpoint
11:44:20.520 [Test worker] DEBUG com.github.dockerjava.zerodep.shaded.org.apache.hc.client5.http.impl.io.PoolingHttpClientConnectionManager - ep-00000006: connection http-outgoing-0 can be kept alive for 3 MINUTES
11:44:20.520 [Test worker] DEBUG com.github.dockerjava.zerodep.shaded.org.apache.hc.client5.http.impl.io.PoolingHttpClientConnectionManager - ep-00000006: connection released [route: {}->npipe://localhost:2375][total available: 1; route allocated: 1 of 2147483647; total allocated: 1 of 2147483647]
11:44:20.520 [Test worker] DEBUG org.testcontainers.shaded.com.github.dockerjava.core.command.AbstrDockerCmd - Cmd: 
11:44:20.520 [Test worker] DEBUG com.github.dockerjava.zerodep.shaded.org.apache.hc.client5.http.impl.classic.InternalHttpClient - ex-00000008: preparing request execution
11:44:20.520 [Test worker] DEBUG com.github.dockerjava.zerodep.shaded.org.apache.hc.client5.http.protocol.RequestAddCookies - Cookie spec selected: strict
11:44:20.520 [Test worker] DEBUG com.github.dockerjava.zerodep.shaded.org.apache.hc.client5.http.protocol.RequestAuthCache - Auth cache not set in the context
11:44:20.520 [Test worker] DEBUG com.github.dockerjava.zerodep.shaded.org.apache.hc.client5.http.impl.classic.ProtocolExec - ex-00000008: target auth state: UNCHALLENGED
11:44:20.520 [Test worker] DEBUG com.github.dockerjava.zerodep.shaded.org.apache.hc.client5.http.impl.classic.ProtocolExec - ex-00000008: proxy auth state: UNCHALLENGED
11:44:20.520 [Test worker] DEBUG com.github.dockerjava.zerodep.shaded.org.apache.hc.client5.http.impl.classic.ConnectExec - ex-00000008: acquiring connection with route {}->npipe://localhost:2375
11:44:20.520 [Test worker] DEBUG com.github.dockerjava.zerodep.shaded.org.apache.hc.client5.http.impl.classic.InternalHttpClient - ex-00000008: acquiring endpoint (3 MINUTES)
11:44:20.521 [Test worker] DEBUG com.github.dockerjava.zerodep.shaded.org.apache.hc.client5.http.impl.io.PoolingHttpClientConnectionManager - ex-00000008: endpoint lease request (3 MINUTES) [route: {}->npipe://localhost:2375][total available: 1; route allocated: 1 of 2147483647; total allocated: 1 of 2147483647]
11:44:20.521 [Test worker] DEBUG com.github.dockerjava.zerodep.shaded.org.apache.hc.client5.http.impl.io.PoolingHttpClientConnectionManager - ex-00000008: endpoint leased [route: {}->npipe://localhost:2375][total available: 0; route allocated: 1 of 2147483647; total allocated: 1 of 2147483647]
11:44:20.521 [Test worker] DEBUG com.github.dockerjava.zerodep.shaded.org.apache.hc.client5.http.impl.io.PoolingHttpClientConnectionManager - ex-00000008: acquired ep-00000007
11:44:20.521 [Test worker] DEBUG com.github.dockerjava.zerodep.shaded.org.apache.hc.client5.http.impl.classic.InternalHttpClient - ex-00000008: acquired endpoint ep-00000007
11:44:20.521 [Test worker] DEBUG com.github.dockerjava.zerodep.shaded.org.apache.hc.client5.http.impl.classic.MainClientExec - ex-00000008: executing GET /v1.32/version HTTP/1.1
11:44:20.521 [Test worker] DEBUG com.github.dockerjava.zerodep.shaded.org.apache.hc.client5.http.impl.classic.InternalHttpClient - ep-00000007: start execution ex-00000008
11:44:20.521 [Test worker] DEBUG com.github.dockerjava.zerodep.shaded.org.apache.hc.client5.http.impl.io.PoolingHttpClientConnectionManager - ep-00000007: executing exchange ex-00000008 over http-outgoing-0
11:44:20.521 [Test worker] DEBUG com.github.dockerjava.zerodep.shaded.org.apache.hc.client5.http.headers - http-outgoing-0 >> GET /v1.32/version HTTP/1.1
11:44:20.521 [Test worker] DEBUG com.github.dockerjava.zerodep.shaded.org.apache.hc.client5.http.headers - http-outgoing-0 >> accept: application/json
11:44:20.521 [Test worker] DEBUG com.github.dockerjava.zerodep.shaded.org.apache.hc.client5.http.headers - http-outgoing-0 >> x-tc-sid: af84bb41-8d04-425a-9335-6ad2c7615817
11:44:20.521 [Test worker] DEBUG com.github.dockerjava.zerodep.shaded.org.apache.hc.client5.http.headers - http-outgoing-0 >> User-Agent: tc-java/1.19.2
11:44:20.521 [Test worker] DEBUG com.github.dockerjava.zerodep.shaded.org.apache.hc.client5.http.headers - http-outgoing-0 >> Accept-Encoding: gzip, x-gzip, deflate
11:44:20.521 [Test worker] DEBUG com.github.dockerjava.zerodep.shaded.org.apache.hc.client5.http.headers - http-outgoing-0 >> Host: localhost:2375
11:44:20.521 [Test worker] DEBUG com.github.dockerjava.zerodep.shaded.org.apache.hc.client5.http.headers - http-outgoing-0 >> Connection: keep-alive
11:44:20.521 [Test worker] DEBUG com.github.dockerjava.zerodep.shaded.org.apache.hc.client5.http.wire - http-outgoing-0 >> "GET /v1.32/version HTTP/1.1[\r][\n]"
11:44:20.521 [Test worker] DEBUG com.github.dockerjava.zerodep.shaded.org.apache.hc.client5.http.wire - http-outgoing-0 >> "accept: application/json[\r][\n]"
11:44:20.521 [Test worker] DEBUG com.github.dockerjava.zerodep.shaded.org.apache.hc.client5.http.wire - http-outgoing-0 >> "x-tc-sid: af84bb41-8d04-425a-9335-6ad2c7615817[\r][\n]"
11:44:20.521 [Test worker] DEBUG com.github.dockerjava.zerodep.shaded.org.apache.hc.client5.http.wire - http-outgoing-0 >> "User-Agent: tc-java/1.19.2[\r][\n]"
11:44:20.521 [Test worker] DEBUG com.github.dockerjava.zerodep.shaded.org.apache.hc.client5.http.wire - http-outgoing-0 >> "Accept-Encoding: gzip, x-gzip, deflate[\r][\n]"
11:44:20.521 [Test worker] DEBUG com.github.dockerjava.zerodep.shaded.org.apache.hc.client5.http.wire - http-outgoing-0 >> "Host: localhost:2375[\r][\n]"
11:44:20.521 [Test worker] DEBUG com.github.dockerjava.zerodep.shaded.org.apache.hc.client5.http.wire - http-outgoing-0 >> "Connection: keep-alive[\r][\n]"
11:44:20.521 [Test worker] DEBUG com.github.dockerjava.zerodep.shaded.org.apache.hc.client5.http.wire - http-outgoing-0 >> "[\r][\n]"
11:44:20.530 [Test worker] DEBUG com.github.dockerjava.zerodep.shaded.org.apache.hc.client5.http.wire - http-outgoing-0 << "HTTP/1.1 200 OK[\r][\n]"
11:44:20.530 [Test worker] DEBUG com.github.dockerjava.zerodep.shaded.org.apache.hc.client5.http.wire - http-outgoing-0 << "Api-Version: 1.43[\r][\n]"
11:44:20.530 [Test worker] DEBUG com.github.dockerjava.zerodep.shaded.org.apache.hc.client5.http.wire - http-outgoing-0 << "Content-Type: application/json[\r][\n]"
11:44:20.530 [Test worker] DEBUG com.github.dockerjava.zerodep.shaded.org.apache.hc.client5.http.wire - http-outgoing-0 << "Date: Sat, 25 Nov 2023 08:44:20 GMT[\r][\n]"
11:44:20.530 [Test worker] DEBUG com.github.dockerjava.zerodep.shaded.org.apache.hc.client5.http.wire - http-outgoing-0 << "Docker-Experimental: false[\r][\n]"
11:44:20.530 [Test worker] DEBUG com.github.dockerjava.zerodep.shaded.org.apache.hc.client5.http.wire - http-outgoing-0 << "Ostype: linux[\r][\n]"
11:44:20.530 [Test worker] DEBUG com.github.dockerjava.zerodep.shaded.org.apache.hc.client5.http.wire - http-outgoing-0 << "Server: Docker/24.0.6 (linux)[\r][\n]"
11:44:20.530 [Test worker] DEBUG com.github.dockerjava.zerodep.shaded.org.apache.hc.client5.http.wire - http-outgoing-0 << "Transfer-Encoding: chunked[\r][\n]"
11:44:20.530 [Test worker] DEBUG com.github.dockerjava.zerodep.shaded.org.apache.hc.client5.http.wire - http-outgoing-0 << "[\r][\n]"
11:44:20.530 [Test worker] DEBUG com.github.dockerjava.zerodep.shaded.org.apache.hc.client5.http.headers - http-outgoing-0 << HTTP/1.1 200 OK
11:44:20.530 [Test worker] DEBUG com.github.dockerjava.zerodep.shaded.org.apache.hc.client5.http.headers - http-outgoing-0 << Api-Version: 1.43
11:44:20.530 [Test worker] DEBUG com.github.dockerjava.zerodep.shaded.org.apache.hc.client5.http.headers - http-outgoing-0 << Content-Type: application/json
11:44:20.530 [Test worker] DEBUG com.github.dockerjava.zerodep.shaded.org.apache.hc.client5.http.headers - http-outgoing-0 << Date: Sat, 25 Nov 2023 08:44:20 GMT
11:44:20.531 [Test worker] DEBUG com.github.dockerjava.zerodep.shaded.org.apache.hc.client5.http.headers - http-outgoing-0 << Docker-Experimental: false
11:44:20.531 [Test worker] DEBUG com.github.dockerjava.zerodep.shaded.org.apache.hc.client5.http.headers - http-outgoing-0 << Ostype: linux
11:44:20.531 [Test worker] DEBUG com.github.dockerjava.zerodep.shaded.org.apache.hc.client5.http.headers - http-outgoing-0 << Server: Docker/24.0.6 (linux)
11:44:20.531 [Test worker] DEBUG com.github.dockerjava.zerodep.shaded.org.apache.hc.client5.http.headers - http-outgoing-0 << Transfer-Encoding: chunked
11:44:20.531 [Test worker] DEBUG com.github.dockerjava.zerodep.shaded.org.apache.hc.client5.http.impl.classic.MainClientExec - ex-00000008: connection can be kept alive for 3 MINUTES
11:44:20.531 [Test worker] DEBUG com.github.dockerjava.zerodep.shaded.org.apache.hc.client5.http.wire - http-outgoing-0 << "35d[\r][\n]"
11:44:20.531 [Test worker] DEBUG com.github.dockerjava.zerodep.shaded.org.apache.hc.client5.http.wire - http-outgoing-0 << "{"Platform":{"Name":"Docker Desktop 4.25.0 (126437)"},"Components":[{"Name":"Engine","Version":"24.0.6","Details":{"ApiVersion":"1.43","Arch":"amd64","BuildTime":"2023-09-04T12:32:16.000000000+00:00","Experimental":"false","GitCommit":"1a79695","GoVersion":"go1.20.7","KernelVersion":"5.15.133.1-microsoft-standard-WSL2","MinAPIVersion":"1.12","Os":"linux"}},{"Name":"containerd","Version":"1.6.22","Details":{"GitCommit":"8165feabfdfe38c65b599c4993d227328c231fca"}},{"Name":"runc","Version":"1.1.8","Details":{"GitCommit":"v1.1.8-0-g82f18fe"}},{"Name":"docker-init","Version":"0.19.0","Details":{"GitCommit":"de40ad0"}}],"Version":"24.0.6","ApiVersion":"1.43","MinAPIVersion":"1.12","GitCommit":"1a79695","GoVersion":"go1.20.7","Os":"linux","Arch":"amd64","KernelVersion":"5.15.133.1-microsoft-standard-WSL2","BuildTime":"2023-09-04T12:32:16.000000000+00:00"}[\n]"
11:44:20.531 [Test worker] DEBUG com.github.dockerjava.zerodep.shaded.org.apache.hc.client5.http.wire - http-outgoing-0 << "[\r][\n]"
11:44:20.531 [Test worker] DEBUG com.github.dockerjava.zerodep.shaded.org.apache.hc.client5.http.wire - http-outgoing-0 << "0[\r][\n]"
11:44:20.532 [Test worker] DEBUG com.github.dockerjava.zerodep.shaded.org.apache.hc.client5.http.wire - http-outgoing-0 << "[\r][\n]"
11:44:20.532 [Test worker] DEBUG com.github.dockerjava.zerodep.shaded.org.apache.hc.client5.http.impl.classic.InternalHttpClient - ep-00000007: releasing valid endpoint
11:44:20.532 [Test worker] DEBUG com.github.dockerjava.zerodep.shaded.org.apache.hc.client5.http.impl.io.PoolingHttpClientConnectionManager - ep-00000007: releasing endpoint
11:44:20.533 [Test worker] DEBUG com.github.dockerjava.zerodep.shaded.org.apache.hc.client5.http.impl.io.PoolingHttpClientConnectionManager - ep-00000007: connection http-outgoing-0 can be kept alive for 3 MINUTES
11:44:20.533 [Test worker] DEBUG com.github.dockerjava.zerodep.shaded.org.apache.hc.client5.http.impl.io.PoolingHttpClientConnectionManager - ep-00000007: connection released [route: {}->npipe://localhost:2375][total available: 1; route allocated: 1 of 2147483647; total allocated: 1 of 2147483647]
11:44:20.550 [docker-java-stream--732253271] DEBUG com.github.dockerjava.zerodep.shaded.org.apache.hc.client5.http.impl.classic.InternalHttpClient - ex-00000009: preparing request execution
11:44:20.550 [docker-java-stream--732253271] DEBUG com.github.dockerjava.zerodep.shaded.org.apache.hc.client5.http.protocol.RequestAddCookies - Cookie spec selected: strict
11:44:20.550 [docker-java-stream--732253271] DEBUG com.github.dockerjava.zerodep.shaded.org.apache.hc.client5.http.protocol.RequestAuthCache - Auth cache not set in the context
11:44:20.550 [docker-java-stream--732253271] DEBUG com.github.dockerjava.zerodep.shaded.org.apache.hc.client5.http.impl.classic.ProtocolExec - ex-00000009: target auth state: UNCHALLENGED
11:44:20.550 [docker-java-stream--732253271] DEBUG com.github.dockerjava.zerodep.shaded.org.apache.hc.client5.http.impl.classic.ProtocolExec - ex-00000009: proxy auth state: UNCHALLENGED
11:44:20.550 [docker-java-stream--732253271] DEBUG com.github.dockerjava.zerodep.shaded.org.apache.hc.client5.http.impl.classic.ConnectExec - ex-00000009: acquiring connection with route {}->npipe://localhost:2375
11:44:20.550 [docker-java-stream--732253271] DEBUG com.github.dockerjava.zerodep.shaded.org.apache.hc.client5.http.impl.classic.InternalHttpClient - ex-00000009: acquiring endpoint (3 MINUTES)
11:44:20.550 [docker-java-stream--732253271] DEBUG com.github.dockerjava.zerodep.shaded.org.apache.hc.client5.http.impl.io.PoolingHttpClientConnectionManager - ex-00000009: endpoint lease request (3 MINUTES) [route: {}->npipe://localhost:2375][total available: 1; route allocated: 1 of 2147483647; total allocated: 1 of 2147483647]
11:44:20.551 [docker-java-stream--732253271] DEBUG com.github.dockerjava.zerodep.shaded.org.apache.hc.client5.http.impl.io.PoolingHttpClientConnectionManager - ex-00000009: endpoint leased [route: {}->npipe://localhost:2375][total available: 0; route allocated: 1 of 2147483647; total allocated: 1 of 2147483647]
11:44:20.551 [docker-java-stream--732253271] DEBUG com.github.dockerjava.zerodep.shaded.org.apache.hc.client5.http.impl.io.PoolingHttpClientConnectionManager - ex-00000009: acquired ep-00000008
11:44:20.551 [docker-java-stream--732253271] DEBUG com.github.dockerjava.zerodep.shaded.org.apache.hc.client5.http.impl.classic.InternalHttpClient - ex-00000009: acquired endpoint ep-00000008
11:44:20.551 [docker-java-stream--732253271] DEBUG com.github.dockerjava.zerodep.shaded.org.apache.hc.client5.http.impl.classic.MainClientExec - ex-00000009: executing GET /v1.32/containers/3cbe46a97b61706d00a7358ea28766b13afd3b9b5d122d8ed7fe6dc5cf91a46c/logs?stdout=true&stderr=true&follow=true&since=0 HTTP/1.1
11:44:20.551 [docker-java-stream--732253271] DEBUG com.github.dockerjava.zerodep.shaded.org.apache.hc.client5.http.impl.classic.InternalHttpClient - ep-00000008: start execution ex-00000009
11:44:20.551 [docker-java-stream--732253271] DEBUG com.github.dockerjava.zerodep.shaded.org.apache.hc.client5.http.impl.io.PoolingHttpClientConnectionManager - ep-00000008: executing exchange ex-00000009 over http-outgoing-0
11:44:20.551 [docker-java-stream--732253271] DEBUG com.github.dockerjava.zerodep.shaded.org.apache.hc.client5.http.headers - http-outgoing-0 >> GET /v1.32/containers/3cbe46a97b61706d00a7358ea28766b13afd3b9b5d122d8ed7fe6dc5cf91a46c/logs?stdout=true&stderr=true&follow=true&since=0 HTTP/1.1
11:44:20.551 [docker-java-stream--732253271] DEBUG com.github.dockerjava.zerodep.shaded.org.apache.hc.client5.http.headers - http-outgoing-0 >> x-tc-sid: af84bb41-8d04-425a-9335-6ad2c7615817
11:44:20.551 [docker-java-stream--732253271] DEBUG com.github.dockerjava.zerodep.shaded.org.apache.hc.client5.http.headers - http-outgoing-0 >> User-Agent: tc-java/1.19.2
11:44:20.551 [docker-java-stream--732253271] DEBUG com.github.dockerjava.zerodep.shaded.org.apache.hc.client5.http.headers - http-outgoing-0 >> Accept-Encoding: gzip, x-gzip, deflate
11:44:20.551 [docker-java-stream--732253271] DEBUG com.github.dockerjava.zerodep.shaded.org.apache.hc.client5.http.headers - http-outgoing-0 >> Host: localhost:2375
11:44:20.551 [docker-java-stream--732253271] DEBUG com.github.dockerjava.zerodep.shaded.org.apache.hc.client5.http.headers - http-outgoing-0 >> Connection: keep-alive
11:44:20.551 [docker-java-stream--732253271] DEBUG com.github.dockerjava.zerodep.shaded.org.apache.hc.client5.http.wire - http-outgoing-0 >> "GET /v1.32/containers/3cbe46a97b61706d00a7358ea28766b13afd3b9b5d122d8ed7fe6dc5cf91a46c/logs?stdout=true&stderr=true&follow=true&since=0 HTTP/1.1[\r][\n]"
11:44:20.551 [docker-java-stream--732253271] DEBUG com.github.dockerjava.zerodep.shaded.org.apache.hc.client5.http.wire - http-outgoing-0 >> "x-tc-sid: af84bb41-8d04-425a-9335-6ad2c7615817[\r][\n]"
11:44:20.551 [docker-java-stream--732253271] DEBUG com.github.dockerjava.zerodep.shaded.org.apache.hc.client5.http.wire - http-outgoing-0 >> "User-Agent: tc-java/1.19.2[\r][\n]"
11:44:20.551 [docker-java-stream--732253271] DEBUG com.github.dockerjava.zerodep.shaded.org.apache.hc.client5.http.wire - http-outgoing-0 >> "Accept-Encoding: gzip, x-gzip, deflate[\r][\n]"
11:44:20.551 [docker-java-stream--732253271] DEBUG com.github.dockerjava.zerodep.shaded.org.apache.hc.client5.http.wire - http-outgoing-0 >> "Host: localhost:2375[\r][\n]"
11:44:20.551 [docker-java-stream--732253271] DEBUG com.github.dockerjava.zerodep.shaded.org.apache.hc.client5.http.wire - http-outgoing-0 >> "Connection: keep-alive[\r][\n]"
11:44:20.551 [docker-java-stream--732253271] DEBUG com.github.dockerjava.zerodep.shaded.org.apache.hc.client5.http.wire - http-outgoing-0 >> "[\r][\n]"
11:44:20.555 [docker-java-stream--732253271] DEBUG com.github.dockerjava.zerodep.shaded.org.apache.hc.client5.http.wire - http-outgoing-0 << "HTTP/1.1 200 OK[\r][\n]"
11:44:20.555 [docker-java-stream--732253271] DEBUG com.github.dockerjava.zerodep.shaded.org.apache.hc.client5.http.wire - http-outgoing-0 << "Api-Version: 1.43[\r][\n]"
11:44:20.555 [docker-java-stream--732253271] DEBUG com.github.dockerjava.zerodep.shaded.org.apache.hc.client5.http.wire - http-outgoing-0 << "Content-Type: application/vnd.docker.raw-stream[\r][\n]"
11:44:20.555 [docker-java-stream--732253271] DEBUG com.github.dockerjava.zerodep.shaded.org.apache.hc.client5.http.wire - http-outgoing-0 << "Date: Sat, 25 Nov 2023 08:44:20 GMT[\r][\n]"
11:44:20.555 [docker-java-stream--732253271] DEBUG com.github.dockerjava.zerodep.shaded.org.apache.hc.client5.http.wire - http-outgoing-0 << "Docker-Experimental: false[\r][\n]"
11:44:20.555 [docker-java-stream--732253271] DEBUG com.github.dockerjava.zerodep.shaded.org.apache.hc.client5.http.wire - http-outgoing-0 << "Ostype: linux[\r][\n]"
11:44:20.555 [docker-java-stream--732253271] DEBUG com.github.dockerjava.zerodep.shaded.org.apache.hc.client5.http.wire - http-outgoing-0 << "Server: Docker/24.0.6 (linux)[\r][\n]"
11:44:20.555 [docker-java-stream--732253271] DEBUG com.github.dockerjava.zerodep.shaded.org.apache.hc.client5.http.wire - http-outgoing-0 << "Transfer-Encoding: chunked[\r][\n]"
11:44:20.555 [docker-java-stream--732253271] DEBUG com.github.dockerjava.zerodep.shaded.org.apache.hc.client5.http.wire - http-outgoing-0 << "[\r][\n]"
11:44:20.555 [docker-java-stream--732253271] DEBUG com.github.dockerjava.zerodep.shaded.org.apache.hc.client5.http.headers - http-outgoing-0 << HTTP/1.1 200 OK
11:44:20.555 [docker-java-stream--732253271] DEBUG com.github.dockerjava.zerodep.shaded.org.apache.hc.client5.http.headers - http-outgoing-0 << Api-Version: 1.43
11:44:20.555 [docker-java-stream--732253271] DEBUG com.github.dockerjava.zerodep.shaded.org.apache.hc.client5.http.headers - http-outgoing-0 << Content-Type: application/vnd.docker.raw-stream
11:44:20.555 [docker-java-stream--732253271] DEBUG com.github.dockerjava.zerodep.shaded.org.apache.hc.client5.http.headers - http-outgoing-0 << Date: Sat, 25 Nov 2023 08:44:20 GMT
11:44:20.555 [docker-java-stream--732253271] DEBUG com.github.dockerjava.zerodep.shaded.org.apache.hc.client5.http.headers - http-outgoing-0 << Docker-Experimental: false
11:44:20.555 [docker-java-stream--732253271] DEBUG com.github.dockerjava.zerodep.shaded.org.apache.hc.client5.http.headers - http-outgoing-0 << Ostype: linux
11:44:20.555 [docker-java-stream--732253271] DEBUG com.github.dockerjava.zerodep.shaded.org.apache.hc.client5.http.headers - http-outgoing-0 << Server: Docker/24.0.6 (linux)
11:44:20.555 [docker-java-stream--732253271] DEBUG com.github.dockerjava.zerodep.shaded.org.apache.hc.client5.http.headers - http-outgoing-0 << Transfer-Encoding: chunked
11:44:20.556 [docker-java-stream--732253271] DEBUG com.github.dockerjava.zerodep.shaded.org.apache.hc.client5.http.impl.classic.MainClientExec - ex-00000009: connection can be kept alive for 3 MINUTES
11:44:20.556 [docker-java-stream--732253271] DEBUG com.github.dockerjava.zerodep.shaded.org.apache.hc.client5.http.wire - http-outgoing-0 << "c0[\r][\n]"
11:44:20.556 [docker-java-stream--732253271] DEBUG com.github.dockerjava.zerodep.shaded.org.apache.hc.client5.http.wire - http-outgoing-0 << "[0x2][0x0][0x0][0x0][0x0][0x0][0x0]&2023/11/25 08:44:20 Pinging Docker...[\n]"
11:44:20.556 [docker-java-stream--732253271] DEBUG com.github.dockerjava.zerodep.shaded.org.apache.hc.client5.http.wire - http-outgoing-0 << "[0x2][0x0][0x0][0x0][0x0][0x0][0x0]02023/11/25 08:44:20 Docker daemon is available![\n]"
11:44:20.556 [docker-java-stream--732253271] DEBUG com.github.dockerjava.zerodep.shaded.org.apache.hc.client5.http.wire - http-outgoing-0 << "[0x2][0x0][0x0][0x0][0x0][0x0][0x0]-2023/11/25 08:44:20 Starting on port 8080...[\n]"
11:44:20.556 [docker-java-stream--732253271] DEBUG com.github.dockerjava.zerodep.shaded.org.apache.hc.client5.http.wire - http-outgoing-0 << "[0x2][0x0][0x0][0x0][0x0][0x0][0x0][0x1d]2023/11/25 08:44:20 Started![\n]"
11:44:20.556 [docker-java-stream--732253271] DEBUG com.github.dockerjava.zerodep.shaded.org.apache.hc.client5.http.wire - http-outgoing-0 << "[\r][\n]"
11:44:20.558 [Test worker] DEBUG org.testcontainers.containers.output.WaitingConsumer - STDERR: 2023/11/25 08:44:20 Docker daemon is available!
11:44:20.559 [Test worker] DEBUG org.testcontainers.containers.output.WaitingConsumer - STDERR: 2023/11/25 08:44:20 Started!
11:44:20.560 [Test worker] DEBUG com.github.dockerjava.zerodep.shaded.org.apache.hc.client5.http.impl.classic.InternalHttpClient - ep-00000008: cancel
11:44:20.560 [Test worker] DEBUG com.github.dockerjava.zerodep.shaded.org.apache.hc.client5.http.impl.io.DefaultManagedHttpClientConnection - http-outgoing-0: close connection IMMEDIATE
11:44:20.561 [Test worker] DEBUG com.github.dockerjava.zerodep.shaded.org.apache.hc.client5.http.impl.classic.InternalHttpClient - ep-00000008: endpoint closed
11:44:20.561 [Test worker] DEBUG com.github.dockerjava.zerodep.shaded.org.apache.hc.client5.http.impl.classic.InternalHttpClient - ep-00000008: discarding endpoint
11:44:20.561 [Test worker] DEBUG com.github.dockerjava.zerodep.shaded.org.apache.hc.client5.http.impl.io.PoolingHttpClientConnectionManager - ep-00000008: releasing endpoint
11:44:20.561 [docker-java-stream--732253271] DEBUG com.github.dockerjava.zerodep.shaded.org.apache.hc.client5.http.wire - http-outgoing-0 << "end of stream"
11:44:20.561 [Test worker] DEBUG com.github.dockerjava.zerodep.shaded.org.apache.hc.client5.http.impl.io.PoolingHttpClientConnectionManager - ep-00000008: connection is not kept alive
11:44:20.561 [Test worker] DEBUG com.github.dockerjava.zerodep.shaded.org.apache.hc.client5.http.impl.io.PoolingHttpClientConnectionManager - ep-00000008: connection released [route: {}->npipe://localhost:2375][total available: 0; route allocated: 0 of 2147483647; total allocated: 0 of 2147483647]
11:44:20.562 [docker-java-stream--732253271] DEBUG com.github.dockerjava.zerodep.shaded.org.apache.hc.client5.http.wire - http-outgoing-0 << "[read] I/O error: java.nio.channels.ClosedChannelException"
11:44:20.563 [Test worker] DEBUG com.github.dockerjava.zerodep.shaded.org.apache.hc.client5.http.wire - http-outgoing-0 << "[read] I/O error: java.nio.channels.ClosedChannelException"
11:44:20.566 [docker-java-stream--732253271] DEBUG com.github.dockerjava.zerodep.ApacheDockerHttpClientImpl$ApacheResponse - Failed to close the response
java.io.IOException: java.nio.channels.ClosedChannelException
	at java.nio.channels.Channels$2.read(Channels.java:241)
	at com.github.dockerjava.zerodep.shaded.org.apache.hc.client5.http.impl.io.LoggingInputStream.read(LoggingInputStream.java:81)
	at com.github.dockerjava.zerodep.shaded.org.apache.hc.core5.http.impl.io.SessionInputBufferImpl.fillBuffer(SessionInputBufferImpl.java:149)
	at com.github.dockerjava.zerodep.shaded.org.apache.hc.core5.http.impl.io.SessionInputBufferImpl.readLine(SessionInputBufferImpl.java:280)
	at com.github.dockerjava.zerodep.shaded.org.apache.hc.core5.http.impl.io.ChunkedInputStream.getChunkSize(ChunkedInputStream.java:261)
	at com.github.dockerjava.zerodep.shaded.org.apache.hc.core5.http.impl.io.ChunkedInputStream.nextChunk(ChunkedInputStream.java:222)
	at com.github.dockerjava.zerodep.shaded.org.apache.hc.core5.http.impl.io.ChunkedInputStream.read(ChunkedInputStream.java:147)
	at com.github.dockerjava.zerodep.shaded.org.apache.hc.core5.http.impl.io.ChunkedInputStream.close(ChunkedInputStream.java:314)
	at com.github.dockerjava.zerodep.shaded.org.apache.hc.core5.io.Closer.close(Closer.java:48)
	at com.github.dockerjava.zerodep.shaded.org.apache.hc.core5.http.impl.io.IncomingHttpEntity.close(IncomingHttpEntity.java:111)
	at com.github.dockerjava.zerodep.shaded.org.apache.hc.core5.http.io.entity.HttpEntityWrapper.close(HttpEntityWrapper.java:120)
	at com.github.dockerjava.zerodep.shaded.org.apache.hc.core5.io.Closer.close(Closer.java:48)
	at com.github.dockerjava.zerodep.shaded.org.apache.hc.core5.http.message.BasicClassicHttpResponse.close(BasicClassicHttpResponse.java:93)
	at com.github.dockerjava.zerodep.shaded.org.apache.hc.client5.http.impl.classic.CloseableHttpResponse.close(CloseableHttpResponse.java:200)
	at com.github.dockerjava.zerodep.ApacheDockerHttpClientImpl$ApacheResponse.close(ApacheDockerHttpClientImpl.java:256)
	at org.testcontainers.shaded.com.github.dockerjava.core.DefaultInvocationBuilder.lambda$executeAndStream$1(DefaultInvocationBuilder.java:277)
	at java.lang.Thread.run(Thread.java:750)
Caused by: java.nio.channels.ClosedChannelException: null
	at sun.nio.ch.WindowsAsynchronousFileChannelImpl.implRead(WindowsAsynchronousFileChannelImpl.java:532)
	at sun.nio.ch.AsynchronousFileChannelImpl.read(AsynchronousFileChannelImpl.java:229)
	at com.github.dockerjava.transport.NamedPipeSocket$AsynchronousFileByteChannel.read(NamedPipeSocket.java:117)
	at java.nio.channels.Channels$2.read(Channels.java:239)
	... 16 common frames omitted
11:44:20.566 [Test worker] DEBUG com.github.dockerjava.zerodep.ApacheDockerHttpClientImpl$ApacheResponse - Failed to close the response
java.io.IOException: java.nio.channels.ClosedChannelException
	at java.nio.channels.Channels$2.read(Channels.java:241)
	at com.github.dockerjava.zerodep.shaded.org.apache.hc.client5.http.impl.io.LoggingInputStream.read(LoggingInputStream.java:81)
	at com.github.dockerjava.zerodep.shaded.org.apache.hc.core5.http.impl.io.SessionInputBufferImpl.fillBuffer(SessionInputBufferImpl.java:149)
	at com.github.dockerjava.zerodep.shaded.org.apache.hc.core5.http.impl.io.SessionInputBufferImpl.readLine(SessionInputBufferImpl.java:280)
	at com.github.dockerjava.zerodep.shaded.org.apache.hc.core5.http.impl.io.ChunkedInputStream.getChunkSize(ChunkedInputStream.java:261)
	at com.github.dockerjava.zerodep.shaded.org.apache.hc.core5.http.impl.io.ChunkedInputStream.nextChunk(ChunkedInputStream.java:222)
	at com.github.dockerjava.zerodep.shaded.org.apache.hc.core5.http.impl.io.ChunkedInputStream.read(ChunkedInputStream.java:147)
	at com.github.dockerjava.zerodep.shaded.org.apache.hc.core5.http.impl.io.ChunkedInputStream.close(ChunkedInputStream.java:314)
	at com.github.dockerjava.zerodep.shaded.org.apache.hc.core5.io.Closer.close(Closer.java:48)
	at com.github.dockerjava.zerodep.shaded.org.apache.hc.core5.http.impl.io.IncomingHttpEntity.close(IncomingHttpEntity.java:111)
	at com.github.dockerjava.zerodep.shaded.org.apache.hc.core5.http.io.entity.HttpEntityWrapper.close(HttpEntityWrapper.java:120)
	at com.github.dockerjava.zerodep.shaded.org.apache.hc.core5.io.Closer.close(Closer.java:48)
	at com.github.dockerjava.zerodep.shaded.org.apache.hc.core5.http.message.BasicClassicHttpResponse.close(BasicClassicHttpResponse.java:93)
	at com.github.dockerjava.zerodep.shaded.org.apache.hc.client5.http.impl.classic.CloseableHttpResponse.close(CloseableHttpResponse.java:200)
	at com.github.dockerjava.zerodep.ApacheDockerHttpClientImpl$ApacheResponse.close(ApacheDockerHttpClientImpl.java:256)
	at org.testcontainers.shaded.com.github.dockerjava.core.DefaultInvocationBuilder.lambda$null$0(DefaultInvocationBuilder.java:272)
	at com.github.dockerjava.api.async.ResultCallbackTemplate.close(ResultCallbackTemplate.java:77)
	at org.testcontainers.containers.output.FrameConsumerResultCallback.close(FrameConsumerResultCallback.java:69)
	at org.testcontainers.containers.wait.strategy.LogMessageWaitStrategy.waitUntilReady(LogMessageWaitStrategy.java:49)
	at org.testcontainers.containers.wait.strategy.AbstractWaitStrategy.waitUntilReady(AbstractWaitStrategy.java:52)
	at org.testcontainers.containers.GenericContainer.waitUntilContainerStarted(GenericContainer.java:912)
	at org.testcontainers.containers.GenericContainer.tryStart(GenericContainer.java:503)
	at org.testcontainers.containers.GenericContainer.lambda$doStart$0(GenericContainer.java:357)
	at org.rnorth.ducttape.unreliables.Unreliables.retryUntilSuccess(Unreliables.java:81)
	at org.testcontainers.containers.GenericContainer.doStart(GenericContainer.java:347)
	at org.testcontainers.containers.GenericContainer.start(GenericContainer.java:333)
	at org.testcontainers.utility.RyukResourceReaper.maybeStart(RyukResourceReaper.java:78)
	at org.testcontainers.utility.RyukResourceReaper.init(RyukResourceReaper.java:42)
	at org.testcontainers.DockerClientFactory.client(DockerClientFactory.java:232)
	at org.testcontainers.DockerClientFactory$1.getDockerClient(DockerClientFactory.java:106)
	at com.github.dockerjava.api.DockerClientDelegate.authConfig(DockerClientDelegate.java:109)
	at org.testcontainers.containers.GenericContainer.start(GenericContainer.java:332)
	at org.testcontainers.junit.jupiter.TestcontainersExtension$StoreAdapter.start(TestcontainersExtension.java:280)
	at org.testcontainers.junit.jupiter.TestcontainersExtension$StoreAdapter.access$200(TestcontainersExtension.java:267)
	at org.testcontainers.junit.jupiter.TestcontainersExtension.lambda$null$4(TestcontainersExtension.java:82)
	at org.junit.jupiter.engine.execution.ExtensionValuesStore.lambda$getOrComputeIfAbsent$4(ExtensionValuesStore.java:86)
	at org.junit.jupiter.engine.execution.ExtensionValuesStore$MemoizingSupplier.computeValue(ExtensionValuesStore.java:223)
	at org.junit.jupiter.engine.execution.ExtensionValuesStore$MemoizingSupplier.get(ExtensionValuesStore.java:211)
	at org.junit.jupiter.engine.execution.ExtensionValuesStore$StoredValue.evaluate(ExtensionValuesStore.java:191)
	at org.junit.jupiter.engine.execution.ExtensionValuesStore$StoredValue.access$100(ExtensionValuesStore.java:171)
	at org.junit.jupiter.engine.execution.ExtensionValuesStore.getOrComputeIfAbsent(ExtensionValuesStore.java:89)
	at org.junit.jupiter.engine.execution.NamespaceAwareStore.getOrComputeIfAbsent(NamespaceAwareStore.java:53)
	at org.testcontainers.junit.jupiter.TestcontainersExtension.lambda$startContainers$5(TestcontainersExtension.java:82)
	at java.util.ArrayList.forEach(ArrayList.java:1259)
	at org.testcontainers.junit.jupiter.TestcontainersExtension.startContainers(TestcontainersExtension.java:82)
	at org.testcontainers.junit.jupiter.TestcontainersExtension.beforeAll(TestcontainersExtension.java:56)
	at org.junit.jupiter.engine.descriptor.ClassBasedTestDescriptor.lambda$invokeBeforeAllCallbacks$10(ClassBasedTestDescriptor.java:381)
	at org.junit.platform.engine.support.hierarchical.ThrowableCollector.execute(ThrowableCollector.java:73)
	at org.junit.jupiter.engine.descriptor.ClassBasedTestDescriptor.invokeBeforeAllCallbacks(ClassBasedTestDescriptor.java:381)
	at org.junit.jupiter.engine.descriptor.ClassBasedTestDescriptor.before(ClassBasedTestDescriptor.java:205)
	at org.junit.jupiter.engine.descriptor.ClassBasedTestDescriptor.before(ClassBasedTestDescriptor.java:80)
	at org.junit.platform.engine.support.hierarchical.NodeTestTask.lambda$executeRecursively$6(NodeTestTask.java:148)
	at org.junit.platform.engine.support.hierarchical.ThrowableCollector.execute(ThrowableCollector.java:73)
	at org.junit.platform.engine.support.hierarchical.NodeTestTask.lambda$executeRecursively$8(NodeTestTask.java:141)
	at org.junit.platform.engine.support.hierarchical.Node.around(Node.java:137)
	at org.junit.platform.engine.support.hierarchical.NodeTestTask.lambda$executeRecursively$9(NodeTestTask.java:139)
	at org.junit.platform.engine.support.hierarchical.ThrowableCollector.execute(ThrowableCollector.java:73)
	at org.junit.platform.engine.support.hierarchical.NodeTestTask.executeRecursively(NodeTestTask.java:138)
	at org.junit.platform.engine.support.hierarchical.NodeTestTask.execute(NodeTestTask.java:95)
	at java.util.ArrayList.forEach(ArrayList.java:1259)
	at org.junit.platform.engine.support.hierarchical.SameThreadHierarchicalTestExecutorService.invokeAll(SameThreadHierarchicalTestExecutorService.java:41)
	at org.junit.platform.engine.support.hierarchical.NodeTestTask.lambda$executeRecursively$6(NodeTestTask.java:155)
	at org.junit.platform.engine.support.hierarchical.ThrowableCollector.execute(ThrowableCollector.java:73)
	at org.junit.platform.engine.support.hierarchical.NodeTestTask.lambda$executeRecursively$8(NodeTestTask.java:141)
	at org.junit.platform.engine.support.hierarchical.Node.around(Node.java:137)
	at org.junit.platform.engine.support.hierarchical.NodeTestTask.lambda$executeRecursively$9(NodeTestTask.java:139)
	at org.junit.platform.engine.support.hierarchical.ThrowableCollector.execute(ThrowableCollector.java:73)
	at org.junit.platform.engine.support.hierarchical.NodeTestTask.executeRecursively(NodeTestTask.java:138)
	at org.junit.platform.engine.support.hierarchical.NodeTestTask.execute(NodeTestTask.java:95)
	at org.junit.platform.engine.support.hierarchical.SameThreadHierarchicalTestExecutorService.submit(SameThreadHierarchicalTestExecutorService.java:35)
	at org.junit.platform.engine.support.hierarchical.HierarchicalTestExecutor.execute(HierarchicalTestExecutor.java:57)
	at org.junit.platform.engine.support.hierarchical.HierarchicalTestEngine.execute(HierarchicalTestEngine.java:54)
	at org.junit.platform.launcher.core.EngineExecutionOrchestrator.execute(EngineExecutionOrchestrator.java:107)
	at org.junit.platform.launcher.core.EngineExecutionOrchestrator.execute(EngineExecutionOrchestrator.java:88)
	at org.junit.platform.launcher.core.EngineExecutionOrchestrator.lambda$execute$0(EngineExecutionOrchestrator.java:54)
	at org.junit.platform.launcher.core.EngineExecutionOrchestrator.withInterceptedStreams(EngineExecutionOrchestrator.java:67)
	at org.junit.platform.launcher.core.EngineExecutionOrchestrator.execute(EngineExecutionOrchestrator.java:52)
	at org.junit.platform.launcher.core.DefaultLauncher.execute(DefaultLauncher.java:114)
	at org.junit.platform.launcher.core.DefaultLauncher.execute(DefaultLauncher.java:86)
	at org.junit.platform.launcher.core.DefaultLauncherSession$DelegatingLauncher.execute(DefaultLauncherSession.java:86)
	at org.gradle.api.internal.tasks.testing.junitplatform.JUnitPlatformTestClassProcessor$CollectAllTestClassesExecutor.processAllTestClasses(JUnitPlatformTestClassProcessor.java:110)
	at org.gradle.api.internal.tasks.testing.junitplatform.JUnitPlatformTestClassProcessor$CollectAllTestClassesExecutor.access$000(JUnitPlatformTestClassProcessor.java:90)
	at org.gradle.api.internal.tasks.testing.junitplatform.JUnitPlatformTestClassProcessor.stop(JUnitPlatformTestClassProcessor.java:85)
	at org.gradle.api.internal.tasks.testing.SuiteTestClassProcessor.stop(SuiteTestClassProcessor.java:62)
	at sun.reflect.NativeMethodAccessorImpl.invoke0(Native Method)
	at sun.reflect.NativeMethodAccessorImpl.invoke(NativeMethodAccessorImpl.java:62)
	at sun.reflect.DelegatingMethodAccessorImpl.invoke(DelegatingMethodAccessorImpl.java:43)
	at java.lang.reflect.Method.invoke(Method.java:498)
	at org.gradle.internal.dispatch.ReflectionDispatch.dispatch(ReflectionDispatch.java:36)
	at org.gradle.internal.dispatch.ReflectionDispatch.dispatch(ReflectionDispatch.java:24)
	at org.gradle.internal.dispatch.ContextClassLoaderDispatch.dispatch(ContextClassLoaderDispatch.java:33)
	at org.gradle.internal.dispatch.ProxyDispatchAdapter$DispatchingInvocationHandler.invoke(ProxyDispatchAdapter.java:94)
	at com.sun.proxy.$Proxy2.stop(Unknown Source)
	at org.gradle.api.internal.tasks.testing.worker.TestWorker$3.run(TestWorker.java:193)
	at org.gradle.api.internal.tasks.testing.worker.TestWorker.executeAndMaintainThreadName(TestWorker.java:129)
	at org.gradle.api.internal.tasks.testing.worker.TestWorker.execute(TestWorker.java:100)
	at org.gradle.api.internal.tasks.testing.worker.TestWorker.execute(TestWorker.java:60)
	at org.gradle.process.internal.worker.child.ActionExecutionWorker.execute(ActionExecutionWorker.java:56)
	at org.gradle.process.internal.worker.child.SystemApplicationClassLoaderWorker.call(SystemApplicationClassLoaderWorker.java:113)
	at org.gradle.process.internal.worker.child.SystemApplicationClassLoaderWorker.call(SystemApplicationClassLoaderWorker.java:65)
	at worker.org.gradle.process.internal.worker.GradleWorkerMain.run(GradleWorkerMain.java:69)
	at worker.org.gradle.process.internal.worker.GradleWorkerMain.main(GradleWorkerMain.java:74)
Caused by: java.nio.channels.ClosedChannelException: null
	at sun.nio.ch.WindowsAsynchronousFileChannelImpl.implRead(WindowsAsynchronousFileChannelImpl.java:532)
	at sun.nio.ch.AsynchronousFileChannelImpl.read(AsynchronousFileChannelImpl.java:229)
	at com.github.dockerjava.transport.NamedPipeSocket$AsynchronousFileByteChannel.read(NamedPipeSocket.java:117)
	at java.nio.channels.Channels$2.read(Channels.java:239)
	... 101 common frames omitted
11:44:20.567 [Test worker] INFO tc.testcontainers/ryuk:0.5.1 - Container testcontainers/ryuk:0.5.1 started in PT1.023S
11:44:20.577 [testcontainers-ryuk] DEBUG org.testcontainers.utility.ResourceReaper - Sending 'label=org.testcontainers%3Dtrue&label=org.testcontainers.lang%3Djava&label=org.testcontainers.version%3D1.19.2&label=org.testcontainers.sessionId%3Daf84bb41-8d04-425a-9335-6ad2c7615817' to Ryuk
11:44:20.579 [testcontainers-ryuk] DEBUG org.testcontainers.utility.RyukResourceReaper - Received 'ACK' from Ryuk
11:44:20.579 [Test worker] INFO org.testcontainers.utility.RyukResourceReaper - Ryuk started - will monitor and terminate Testcontainers containers on JVM exit
11:44:20.580 [Test worker] DEBUG org.testcontainers.DockerClientFactory - Checks are enabled
11:44:20.580 [Test worker] INFO org.testcontainers.DockerClientFactory - Checking the system...
11:44:20.580 [Test worker] INFO org.testcontainers.DockerClientFactory - ?? Docker server version should be at least 1.6.0
11:44:20.581 [Test worker] DEBUG org.testcontainers.utility.PrefixingImageNameSubstitutor - No prefix is configured
11:44:20.581 [Test worker] DEBUG org.testcontainers.utility.ImageNameSubstitutor - Did not find a substitute image for postgres:15 (using image substitutor: DefaultImageNameSubstitutor (composite of 'ConfigurationFileImageNameSubstitutor' and 'PrefixingImageNameSubstitutor'))
11:44:20.581 [Test worker] DEBUG org.testcontainers.images.AbstractImagePullPolicy - Using locally available and not pulling image: postgres:15
11:44:20.581 [Test worker] DEBUG tc.postgres:15 - Starting container: postgres:15
11:44:20.581 [Test worker] DEBUG tc.postgres:15 - Trying to start container: postgres:15 (attempt 1/1)
11:44:20.581 [Test worker] DEBUG tc.postgres:15 - Starting container: postgres:15
11:44:20.581 [Test worker] INFO tc.postgres:15 - Creating container for image: postgres:15
11:44:20.581 [Test worker] DEBUG org.testcontainers.utility.RegistryAuthLocator - Looking up auth config for image: postgres:15 at registry: https://index.docker.io/v1/
11:44:20.581 [Test worker] DEBUG org.testcontainers.utility.RegistryAuthLocator - No matching Auth Configs - falling back to defaultAuthConfig [null]
11:44:20.581 [Test worker] DEBUG org.testcontainers.dockerclient.AuthDelegatingDockerClientConfig - Effective auth config [null]
11:44:20.582 [Test worker] DEBUG org.testcontainers.shaded.com.github.dockerjava.core.command.AbstrDockerCmd - Cmd: org.testcontainers.shaded.com.github.dockerjava.core.command.CreateContainerCmdImpl@30506c0d[aliases=<null>,argsEscaped=<null>,attachStderr=<null>,attachStdin=<null>,attachStdout=<null>,authConfig=<null>,cmd={postgres,-c,fsync=off},domainName=<null>,entrypoint=<null>,env={POSTGRES_USER=postgres,POSTGRES_PASSWORD=sadmin,POSTGRES_DB=pethaven},exposedPorts=ExposedPorts(exposedPorts=[5432/tcp]),healthcheck=<null>,hostConfig=HostConfig(binds=[], blkioWeight=null, blkioWeightDevice=null, blkioDeviceReadBps=null, blkioDeviceWriteBps=null, blkioDeviceReadIOps=null, blkioDeviceWriteIOps=null, memorySwappiness=null, nanoCPUs=null, capAdd=null, capDrop=null, containerIDFile=null, cpuPeriod=null, cpuRealtimePeriod=null, cpuRealtimeRuntime=null, cpuShares=null, cpuQuota=null, cpusetCpus=null, cpusetMems=null, devices=null, deviceCgroupRules=null, deviceRequests=null, diskQuota=null, dns=null, dnsOptions=null, dnsSearch=null, extraHosts=[], groupAdd=null, ipcMode=null, cgroup=null, links=[], logConfig=LogConfig(type=null, config=null), lxcConf=null, memory=null, memorySwap=null, memoryReservation=null, kernelMemory=null, networkMode=null, oomKillDisable=null, init=null, autoRemove=null, oomScoreAdj=null, portBindings={5432/tcp=[Lcom.github.dockerjava.api.model.Ports$Binding;@6e1f8469}, privileged=null, publishAllPorts=null, readonlyRootfs=null, restartPolicy=null, ulimits=null, cpuCount=null, cpuPercent=null, ioMaximumIOps=null, ioMaximumBandwidth=null, volumesFrom=[], mounts=null, pidMode=null, isolation=null, securityOpts=null, storageOpt=null, cgroupParent=null, volumeDriver=null, shmSize=null, pidsLimit=null, runtime=null, tmpFs=null, utSMode=null, usernsMode=null, sysctls=null, consoleSize=null, cgroupnsMode=null),hostName=<null>,image=postgres:15,ipv4Address=<null>,ipv6Address=<null>,labels={org.testcontainers=true, org.testcontainers.lang=java, org.testcontainers.version=1.19.2, org.testcontainers.sessionId=af84bb41-8d04-425a-9335-6ad2c7615817},macAddress=<null>,name=<null>,networkDisabled=<null>,networkingConfig=<null>,onBuild=<null>,platform=<null>,portSpecs=<null>,shell=<null>,stdInOnce=<null>,stdinOpen=<null>,stopSignal=<null>,stopTimeout=<null>,tty=<null>,user=<null>,volumes=Volumes(volumes=[]),workingDir=<null>]
11:44:20.583 [Test worker] DEBUG com.github.dockerjava.zerodep.shaded.org.apache.hc.client5.http.impl.classic.InternalHttpClient - ex-0000000A: preparing request execution
11:44:20.584 [Test worker] DEBUG com.github.dockerjava.zerodep.shaded.org.apache.hc.client5.http.protocol.RequestAddCookies - Cookie spec selected: strict
11:44:20.584 [Test worker] DEBUG com.github.dockerjava.zerodep.shaded.org.apache.hc.client5.http.protocol.RequestAuthCache - Auth cache not set in the context
11:44:20.584 [Test worker] DEBUG com.github.dockerjava.zerodep.shaded.org.apache.hc.client5.http.impl.classic.ProtocolExec - ex-0000000A: target auth state: UNCHALLENGED
11:44:20.584 [Test worker] DEBUG com.github.dockerjava.zerodep.shaded.org.apache.hc.client5.http.impl.classic.ProtocolExec - ex-0000000A: proxy auth state: UNCHALLENGED
11:44:20.584 [Test worker] DEBUG com.github.dockerjava.zerodep.shaded.org.apache.hc.client5.http.impl.classic.ConnectExec - ex-0000000A: acquiring connection with route {}->npipe://localhost:2375
11:44:20.584 [Test worker] DEBUG com.github.dockerjava.zerodep.shaded.org.apache.hc.client5.http.impl.classic.InternalHttpClient - ex-0000000A: acquiring endpoint (3 MINUTES)
11:44:20.584 [Test worker] DEBUG com.github.dockerjava.zerodep.shaded.org.apache.hc.client5.http.impl.io.PoolingHttpClientConnectionManager - ex-0000000A: endpoint lease request (3 MINUTES) [route: {}->npipe://localhost:2375][total available: 0; route allocated: 0 of 2147483647; total allocated: 0 of 2147483647]
11:44:20.584 [Test worker] DEBUG com.github.dockerjava.zerodep.shaded.org.apache.hc.client5.http.impl.io.PoolingHttpClientConnectionManager - ex-0000000A: endpoint leased [route: {}->npipe://localhost:2375][total available: 0; route allocated: 1 of 2147483647; total allocated: 1 of 2147483647]
11:44:20.584 [Test worker] DEBUG com.github.dockerjava.zerodep.shaded.org.apache.hc.client5.http.impl.io.PoolingHttpClientConnectionManager - ex-0000000A: acquired ep-00000009
11:44:20.584 [Test worker] DEBUG com.github.dockerjava.zerodep.shaded.org.apache.hc.client5.http.impl.classic.InternalHttpClient - ex-0000000A: acquired endpoint ep-00000009
11:44:20.584 [Test worker] DEBUG com.github.dockerjava.zerodep.shaded.org.apache.hc.client5.http.impl.classic.ConnectExec - ex-0000000A: opening connection {}->npipe://localhost:2375
11:44:20.584 [Test worker] DEBUG com.github.dockerjava.zerodep.shaded.org.apache.hc.client5.http.impl.classic.InternalHttpClient - ep-00000009: connecting endpoint (3 MINUTES)
11:44:20.584 [Test worker] DEBUG com.github.dockerjava.zerodep.shaded.org.apache.hc.client5.http.impl.io.PoolingHttpClientConnectionManager - ep-00000009: connecting endpoint to npipe://localhost:2375 (3 MINUTES)
11:44:20.584 [Test worker] DEBUG com.github.dockerjava.zerodep.shaded.org.apache.hc.client5.http.impl.io.DefaultHttpClientConnectionOperator - http-outgoing-1: connecting to localhost/127.0.0.1:2375
11:44:20.585 [Test worker] DEBUG com.github.dockerjava.zerodep.shaded.org.apache.hc.client5.http.impl.io.DefaultHttpClientConnectionOperator - http-outgoing-1: connection established 
11:44:20.585 [Test worker] DEBUG com.github.dockerjava.zerodep.shaded.org.apache.hc.client5.http.impl.io.PoolingHttpClientConnectionManager - ep-00000009: connected http-outgoing-1
11:44:20.585 [Test worker] DEBUG com.github.dockerjava.zerodep.shaded.org.apache.hc.client5.http.impl.classic.InternalHttpClient - ep-00000009: endpoint connected
11:44:20.585 [Test worker] DEBUG com.github.dockerjava.zerodep.shaded.org.apache.hc.client5.http.impl.classic.MainClientExec - ex-0000000A: executing POST /v1.32/containers/create HTTP/1.1
11:44:20.585 [Test worker] DEBUG com.github.dockerjava.zerodep.shaded.org.apache.hc.client5.http.impl.classic.InternalHttpClient - ep-00000009: start execution ex-0000000A
11:44:20.585 [Test worker] DEBUG com.github.dockerjava.zerodep.shaded.org.apache.hc.client5.http.impl.io.PoolingHttpClientConnectionManager - ep-00000009: executing exchange ex-0000000A over http-outgoing-1
11:44:20.585 [Test worker] DEBUG com.github.dockerjava.zerodep.shaded.org.apache.hc.client5.http.headers - http-outgoing-1 >> POST /v1.32/containers/create HTTP/1.1
11:44:20.585 [Test worker] DEBUG com.github.dockerjava.zerodep.shaded.org.apache.hc.client5.http.headers - http-outgoing-1 >> accept: application/json
11:44:20.585 [Test worker] DEBUG com.github.dockerjava.zerodep.shaded.org.apache.hc.client5.http.headers - http-outgoing-1 >> content-type: application/json
11:44:20.585 [Test worker] DEBUG com.github.dockerjava.zerodep.shaded.org.apache.hc.client5.http.headers - http-outgoing-1 >> x-tc-sid: af84bb41-8d04-425a-9335-6ad2c7615817
11:44:20.585 [Test worker] DEBUG com.github.dockerjava.zerodep.shaded.org.apache.hc.client5.http.headers - http-outgoing-1 >> User-Agent: tc-java/1.19.2
11:44:20.585 [Test worker] DEBUG com.github.dockerjava.zerodep.shaded.org.apache.hc.client5.http.headers - http-outgoing-1 >> Accept-Encoding: gzip, x-gzip, deflate
11:44:20.585 [Test worker] DEBUG com.github.dockerjava.zerodep.shaded.org.apache.hc.client5.http.headers - http-outgoing-1 >> Content-Length: 2065
11:44:20.585 [Test worker] DEBUG com.github.dockerjava.zerodep.shaded.org.apache.hc.client5.http.headers - http-outgoing-1 >> Host: localhost:2375
11:44:20.585 [Test worker] DEBUG com.github.dockerjava.zerodep.shaded.org.apache.hc.client5.http.headers - http-outgoing-1 >> Connection: keep-alive
11:44:20.585 [Test worker] DEBUG com.github.dockerjava.zerodep.shaded.org.apache.hc.client5.http.wire - http-outgoing-1 >> "POST /v1.32/containers/create HTTP/1.1[\r][\n]"
11:44:20.585 [Test worker] DEBUG com.github.dockerjava.zerodep.shaded.org.apache.hc.client5.http.wire - http-outgoing-1 >> "accept: application/json[\r][\n]"
11:44:20.585 [Test worker] DEBUG com.github.dockerjava.zerodep.shaded.org.apache.hc.client5.http.wire - http-outgoing-1 >> "content-type: application/json[\r][\n]"
11:44:20.585 [Test worker] DEBUG com.github.dockerjava.zerodep.shaded.org.apache.hc.client5.http.wire - http-outgoing-1 >> "x-tc-sid: af84bb41-8d04-425a-9335-6ad2c7615817[\r][\n]"
11:44:20.585 [Test worker] DEBUG com.github.dockerjava.zerodep.shaded.org.apache.hc.client5.http.wire - http-outgoing-1 >> "User-Agent: tc-java/1.19.2[\r][\n]"
11:44:20.585 [Test worker] DEBUG com.github.dockerjava.zerodep.shaded.org.apache.hc.client5.http.wire - http-outgoing-1 >> "Accept-Encoding: gzip, x-gzip, deflate[\r][\n]"
11:44:20.585 [Test worker] DEBUG com.github.dockerjava.zerodep.shaded.org.apache.hc.client5.http.wire - http-outgoing-1 >> "Content-Length: 2065[\r][\n]"
11:44:20.585 [Test worker] DEBUG com.github.dockerjava.zerodep.shaded.org.apache.hc.client5.http.wire - http-outgoing-1 >> "Host: localhost:2375[\r][\n]"
11:44:20.585 [Test worker] DEBUG com.github.dockerjava.zerodep.shaded.org.apache.hc.client5.http.wire - http-outgoing-1 >> "Connection: keep-alive[\r][\n]"
11:44:20.585 [Test worker] DEBUG com.github.dockerjava.zerodep.shaded.org.apache.hc.client5.http.wire - http-outgoing-1 >> "[\r][\n]"
11:44:20.585 [Test worker] DEBUG com.github.dockerjava.zerodep.shaded.org.apache.hc.client5.http.wire - http-outgoing-1 >> "{"Hostname":null,"Domainname":null,"User":null,"AttachStdin":null,"AttachStdout":null,"AttachStderr":null,"PortSpecs":null,"Tty":null,"OpenStdin":null,"StdinOnce":null,"Env":["POSTGRES_USER=postgres","POSTGRES_PASSWORD=sadmin","POSTGRES_DB=pethaven"],"Cmd":["postgres","-c","fsync=off"],"Healthcheck":null,"ArgsEscaped":null,"Entrypoint":null,"Image":"postgres:15","Volumes":{},"WorkingDir":null,"MacAddress":null,"OnBuild":null,"NetworkDisabled":null,"ExposedPorts":{"5432/tcp":{}},"StopSignal":null,"StopTimeout":null,"HostConfig":{"Binds":[],"BlkioWeight":null,"BlkioWeightDevice":null,"BlkioDeviceReadBps":null,"BlkioDeviceWriteBps":null,"BlkioDeviceReadIOps":null,"BlkioDeviceWriteIOps":null,"MemorySwappiness":null,"NanoCpus":null,"CapAdd":null,"CapDrop":null,"ContainerIDFile":null,"CpuPeriod":null,"CpuRealtimePeriod":null,"CpuRealtimeRuntime":null,"CpuShares":null,"CpuQuota":null,"CpusetCpus":null,"CpusetMems":null,"Devices":null,"DeviceCgroupRules":null,"DeviceRequests":null,"DiskQuota":null,"Dns":null,"DnsOptions":null,"DnsSearch":null,"ExtraHosts":[],"GroupAdd":null,"IpcMode":null,"Cgroup":null,"Links":[],"LogConfig":null,"LxcConf":null,"Memory":null,"MemorySwap":null,"MemoryReservation":null,"KernelMemory":null,"NetworkMode":null,"OomKillDisable":null,"Init":null,"AutoRemove":null,"OomScoreAdj":null,"PortBindings":{"5432/tcp":[{"HostIp":"","HostPort":""}]},"Privileged":null,"PublishAllPorts":null,"ReadonlyRootfs":null,"RestartPolicy":null,"Ulimits":null,"CpuCount":null,"CpuPercent":null,"IOMaximumIOps":null,"IOMaximumBandwidth":null,"VolumesFrom":[],"Mounts":null,"PidMode":null,"Isolation":null,"SecurityOpt":null,"StorageOpt":null,"CgroupParent":null,"VolumeDriver":null,"ShmSize":null,"PidsLimit":null,"Runtime":null,"Tmpfs":null,"UTSMode":null,"UsernsMode":null,"Sysctls":null,"ConsoleSize":null,"CgroupnsMode":null},"Labels":{"org.testcontainers":"true","org.testcontainers.lang":"java","org.testcontainers.version":"1.19.2","org.testcontainers.sessionId":"af84bb41-8d04-425a-9335-6ad2c7615817"},"Shell":null,"NetworkingConfig":null}"
11:44:20.660 [Test worker] DEBUG com.github.dockerjava.zerodep.shaded.org.apache.hc.client5.http.wire - http-outgoing-1 << "HTTP/1.1 201 Created[\r][\n]"
11:44:20.660 [Test worker] DEBUG com.github.dockerjava.zerodep.shaded.org.apache.hc.client5.http.wire - http-outgoing-1 << "Api-Version: 1.43[\r][\n]"
11:44:20.660 [Test worker] DEBUG com.github.dockerjava.zerodep.shaded.org.apache.hc.client5.http.wire - http-outgoing-1 << "Content-Type: application/json[\r][\n]"
11:44:20.660 [Test worker] DEBUG com.github.dockerjava.zerodep.shaded.org.apache.hc.client5.http.wire - http-outgoing-1 << "Date: Sat, 25 Nov 2023 08:44:20 GMT[\r][\n]"
11:44:20.660 [Test worker] DEBUG com.github.dockerjava.zerodep.shaded.org.apache.hc.client5.http.wire - http-outgoing-1 << "Docker-Experimental: false[\r][\n]"
11:44:20.660 [Test worker] DEBUG com.github.dockerjava.zerodep.shaded.org.apache.hc.client5.http.wire - http-outgoing-1 << "Ostype: linux[\r][\n]"
11:44:20.660 [Test worker] DEBUG com.github.dockerjava.zerodep.shaded.org.apache.hc.client5.http.wire - http-outgoing-1 << "Server: Docker/24.0.6 (linux)[\r][\n]"
11:44:20.660 [Test worker] DEBUG com.github.dockerjava.zerodep.shaded.org.apache.hc.client5.http.wire - http-outgoing-1 << "Transfer-Encoding: chunked[\r][\n]"
11:44:20.661 [Test worker] DEBUG com.github.dockerjava.zerodep.shaded.org.apache.hc.client5.http.wire - http-outgoing-1 << "[\r][\n]"
11:44:20.661 [Test worker] DEBUG com.github.dockerjava.zerodep.shaded.org.apache.hc.client5.http.headers - http-outgoing-1 << HTTP/1.1 201 Created
11:44:20.661 [Test worker] DEBUG com.github.dockerjava.zerodep.shaded.org.apache.hc.client5.http.headers - http-outgoing-1 << Api-Version: 1.43
11:44:20.661 [Test worker] DEBUG com.github.dockerjava.zerodep.shaded.org.apache.hc.client5.http.headers - http-outgoing-1 << Content-Type: application/json
11:44:20.661 [Test worker] DEBUG com.github.dockerjava.zerodep.shaded.org.apache.hc.client5.http.headers - http-outgoing-1 << Date: Sat, 25 Nov 2023 08:44:20 GMT
11:44:20.661 [Test worker] DEBUG com.github.dockerjava.zerodep.shaded.org.apache.hc.client5.http.headers - http-outgoing-1 << Docker-Experimental: false
11:44:20.661 [Test worker] DEBUG com.github.dockerjava.zerodep.shaded.org.apache.hc.client5.http.headers - http-outgoing-1 << Ostype: linux
11:44:20.661 [Test worker] DEBUG com.github.dockerjava.zerodep.shaded.org.apache.hc.client5.http.headers - http-outgoing-1 << Server: Docker/24.0.6 (linux)
11:44:20.661 [Test worker] DEBUG com.github.dockerjava.zerodep.shaded.org.apache.hc.client5.http.headers - http-outgoing-1 << Transfer-Encoding: chunked
11:44:20.661 [Test worker] DEBUG com.github.dockerjava.zerodep.shaded.org.apache.hc.client5.http.impl.classic.MainClientExec - ex-0000000A: connection can be kept alive for 3 MINUTES
11:44:20.662 [Test worker] DEBUG com.github.dockerjava.zerodep.shaded.org.apache.hc.client5.http.wire - http-outgoing-1 << "58[\r][\n]"
11:44:20.662 [Test worker] DEBUG com.github.dockerjava.zerodep.shaded.org.apache.hc.client5.http.wire - http-outgoing-1 << "{"Id":"fd35565a8193ff7497cfe2fec2be73f969c1fc1ab077f4ec20fbcc9a9b6fb97f","Warnings":[]}[\n]"
11:44:20.662 [Test worker] DEBUG com.github.dockerjava.zerodep.shaded.org.apache.hc.client5.http.wire - http-outgoing-1 << "[\r][\n]"
11:44:20.663 [Test worker] DEBUG com.github.dockerjava.zerodep.shaded.org.apache.hc.client5.http.wire - http-outgoing-1 << "0[\r][\n]"
11:44:20.664 [Test worker] DEBUG com.github.dockerjava.zerodep.shaded.org.apache.hc.client5.http.wire - http-outgoing-1 << "[\r][\n]"
11:44:20.664 [Test worker] DEBUG com.github.dockerjava.zerodep.shaded.org.apache.hc.client5.http.impl.classic.InternalHttpClient - ep-00000009: releasing valid endpoint
11:44:20.664 [Test worker] DEBUG com.github.dockerjava.zerodep.shaded.org.apache.hc.client5.http.impl.io.PoolingHttpClientConnectionManager - ep-00000009: releasing endpoint
11:44:20.664 [Test worker] DEBUG com.github.dockerjava.zerodep.shaded.org.apache.hc.client5.http.impl.io.PoolingHttpClientConnectionManager - ep-00000009: connection http-outgoing-1 can be kept alive for 3 MINUTES
11:44:20.664 [Test worker] DEBUG com.github.dockerjava.zerodep.shaded.org.apache.hc.client5.http.impl.io.PoolingHttpClientConnectionManager - ep-00000009: connection released [route: {}->npipe://localhost:2375][total available: 1; route allocated: 1 of 2147483647; total allocated: 1 of 2147483647]
11:44:20.664 [Test worker] INFO tc.postgres:15 - Container postgres:15 is starting: fd35565a8193ff7497cfe2fec2be73f969c1fc1ab077f4ec20fbcc9a9b6fb97f
11:44:20.664 [Test worker] DEBUG org.testcontainers.shaded.com.github.dockerjava.core.command.AbstrDockerCmd - Cmd: fd35565a8193ff7497cfe2fec2be73f969c1fc1ab077f4ec20fbcc9a9b6fb97f
11:44:20.664 [Test worker] DEBUG com.github.dockerjava.zerodep.shaded.org.apache.hc.client5.http.impl.classic.InternalHttpClient - ex-0000000B: preparing request execution
11:44:20.665 [Test worker] DEBUG com.github.dockerjava.zerodep.shaded.org.apache.hc.client5.http.protocol.RequestAddCookies - Cookie spec selected: strict
11:44:20.665 [Test worker] DEBUG com.github.dockerjava.zerodep.shaded.org.apache.hc.client5.http.protocol.RequestAuthCache - Auth cache not set in the context
11:44:20.665 [Test worker] DEBUG com.github.dockerjava.zerodep.shaded.org.apache.hc.client5.http.impl.classic.ProtocolExec - ex-0000000B: target auth state: UNCHALLENGED
11:44:20.665 [Test worker] DEBUG com.github.dockerjava.zerodep.shaded.org.apache.hc.client5.http.impl.classic.ProtocolExec - ex-0000000B: proxy auth state: UNCHALLENGED
11:44:20.665 [Test worker] DEBUG com.github.dockerjava.zerodep.shaded.org.apache.hc.client5.http.impl.classic.ConnectExec - ex-0000000B: acquiring connection with route {}->npipe://localhost:2375
11:44:20.665 [Test worker] DEBUG com.github.dockerjava.zerodep.shaded.org.apache.hc.client5.http.impl.classic.InternalHttpClient - ex-0000000B: acquiring endpoint (3 MINUTES)
11:44:20.665 [Test worker] DEBUG com.github.dockerjava.zerodep.shaded.org.apache.hc.client5.http.impl.io.PoolingHttpClientConnectionManager - ex-0000000B: endpoint lease request (3 MINUTES) [route: {}->npipe://localhost:2375][total available: 1; route allocated: 1 of 2147483647; total allocated: 1 of 2147483647]
11:44:20.665 [Test worker] DEBUG com.github.dockerjava.zerodep.shaded.org.apache.hc.client5.http.impl.io.PoolingHttpClientConnectionManager - ex-0000000B: endpoint leased [route: {}->npipe://localhost:2375][total available: 0; route allocated: 1 of 2147483647; total allocated: 1 of 2147483647]
11:44:20.665 [Test worker] DEBUG com.github.dockerjava.zerodep.shaded.org.apache.hc.client5.http.impl.io.PoolingHttpClientConnectionManager - ex-0000000B: acquired ep-0000000A
11:44:20.665 [Test worker] DEBUG com.github.dockerjava.zerodep.shaded.org.apache.hc.client5.http.impl.classic.InternalHttpClient - ex-0000000B: acquired endpoint ep-0000000A
11:44:20.665 [Test worker] DEBUG com.github.dockerjava.zerodep.shaded.org.apache.hc.client5.http.impl.classic.MainClientExec - ex-0000000B: executing POST /v1.32/containers/fd35565a8193ff7497cfe2fec2be73f969c1fc1ab077f4ec20fbcc9a9b6fb97f/start HTTP/1.1
11:44:20.665 [Test worker] DEBUG com.github.dockerjava.zerodep.shaded.org.apache.hc.client5.http.impl.classic.InternalHttpClient - ep-0000000A: start execution ex-0000000B
11:44:20.665 [Test worker] DEBUG com.github.dockerjava.zerodep.shaded.org.apache.hc.client5.http.impl.io.PoolingHttpClientConnectionManager - ep-0000000A: executing exchange ex-0000000B over http-outgoing-1
11:44:20.665 [Test worker] DEBUG com.github.dockerjava.zerodep.shaded.org.apache.hc.client5.http.headers - http-outgoing-1 >> POST /v1.32/containers/fd35565a8193ff7497cfe2fec2be73f969c1fc1ab077f4ec20fbcc9a9b6fb97f/start HTTP/1.1
11:44:20.665 [Test worker] DEBUG com.github.dockerjava.zerodep.shaded.org.apache.hc.client5.http.headers - http-outgoing-1 >> accept: application/json
11:44:20.665 [Test worker] DEBUG com.github.dockerjava.zerodep.shaded.org.apache.hc.client5.http.headers - http-outgoing-1 >> content-type: application/json
11:44:20.665 [Test worker] DEBUG com.github.dockerjava.zerodep.shaded.org.apache.hc.client5.http.headers - http-outgoing-1 >> x-tc-sid: af84bb41-8d04-425a-9335-6ad2c7615817
11:44:20.665 [Test worker] DEBUG com.github.dockerjava.zerodep.shaded.org.apache.hc.client5.http.headers - http-outgoing-1 >> User-Agent: tc-java/1.19.2
11:44:20.665 [Test worker] DEBUG com.github.dockerjava.zerodep.shaded.org.apache.hc.client5.http.headers - http-outgoing-1 >> Accept-Encoding: gzip, x-gzip, deflate
11:44:20.665 [Test worker] DEBUG com.github.dockerjava.zerodep.shaded.org.apache.hc.client5.http.headers - http-outgoing-1 >> Host: localhost:2375
11:44:20.665 [Test worker] DEBUG com.github.dockerjava.zerodep.shaded.org.apache.hc.client5.http.headers - http-outgoing-1 >> Connection: keep-alive
11:44:20.665 [Test worker] DEBUG com.github.dockerjava.zerodep.shaded.org.apache.hc.client5.http.wire - http-outgoing-1 >> "POST /v1.32/containers/fd35565a8193ff7497cfe2fec2be73f969c1fc1ab077f4ec20fbcc9a9b6fb97f/start HTTP/1.1[\r][\n]"
11:44:20.665 [Test worker] DEBUG com.github.dockerjava.zerodep.shaded.org.apache.hc.client5.http.wire - http-outgoing-1 >> "accept: application/json[\r][\n]"
11:44:20.665 [Test worker] DEBUG com.github.dockerjava.zerodep.shaded.org.apache.hc.client5.http.wire - http-outgoing-1 >> "content-type: application/json[\r][\n]"
11:44:20.665 [Test worker] DEBUG com.github.dockerjava.zerodep.shaded.org.apache.hc.client5.http.wire - http-outgoing-1 >> "x-tc-sid: af84bb41-8d04-425a-9335-6ad2c7615817[\r][\n]"
11:44:20.665 [Test worker] DEBUG com.github.dockerjava.zerodep.shaded.org.apache.hc.client5.http.wire - http-outgoing-1 >> "User-Agent: tc-java/1.19.2[\r][\n]"
11:44:20.665 [Test worker] DEBUG com.github.dockerjava.zerodep.shaded.org.apache.hc.client5.http.wire - http-outgoing-1 >> "Accept-Encoding: gzip, x-gzip, deflate[\r][\n]"
11:44:20.665 [Test worker] DEBUG com.github.dockerjava.zerodep.shaded.org.apache.hc.client5.http.wire - http-outgoing-1 >> "Host: localhost:2375[\r][\n]"
11:44:20.665 [Test worker] DEBUG com.github.dockerjava.zerodep.shaded.org.apache.hc.client5.http.wire - http-outgoing-1 >> "Connection: keep-alive[\r][\n]"
11:44:20.666 [Test worker] DEBUG com.github.dockerjava.zerodep.shaded.org.apache.hc.client5.http.wire - http-outgoing-1 >> "[\r][\n]"
11:44:20.998 [Test worker] DEBUG com.github.dockerjava.zerodep.shaded.org.apache.hc.client5.http.wire - http-outgoing-1 << "HTTP/1.1 204 No Content[\r][\n]"
11:44:20.998 [Test worker] DEBUG com.github.dockerjava.zerodep.shaded.org.apache.hc.client5.http.wire - http-outgoing-1 << "Api-Version: 1.43[\r][\n]"
11:44:20.998 [Test worker] DEBUG com.github.dockerjava.zerodep.shaded.org.apache.hc.client5.http.wire - http-outgoing-1 << "Date: Sat, 25 Nov 2023 08:44:20 GMT[\r][\n]"
11:44:20.998 [Test worker] DEBUG com.github.dockerjava.zerodep.shaded.org.apache.hc.client5.http.wire - http-outgoing-1 << "Docker-Experimental: false[\r][\n]"
11:44:20.998 [Test worker] DEBUG com.github.dockerjava.zerodep.shaded.org.apache.hc.client5.http.wire - http-outgoing-1 << "Ostype: linux[\r][\n]"
11:44:20.998 [Test worker] DEBUG com.github.dockerjava.zerodep.shaded.org.apache.hc.client5.http.wire - http-outgoing-1 << "Server: Docker/24.0.6 (linux)[\r][\n]"
11:44:20.999 [Test worker] DEBUG com.github.dockerjava.zerodep.shaded.org.apache.hc.client5.http.wire - http-outgoing-1 << "[\r][\n]"
11:44:21.000 [Test worker] DEBUG com.github.dockerjava.zerodep.shaded.org.apache.hc.client5.http.headers - http-outgoing-1 << HTTP/1.1 204 No Content
11:44:21.000 [Test worker] DEBUG com.github.dockerjava.zerodep.shaded.org.apache.hc.client5.http.headers - http-outgoing-1 << Api-Version: 1.43
11:44:21.000 [Test worker] DEBUG com.github.dockerjava.zerodep.shaded.org.apache.hc.client5.http.headers - http-outgoing-1 << Date: Sat, 25 Nov 2023 08:44:20 GMT
11:44:21.000 [Test worker] DEBUG com.github.dockerjava.zerodep.shaded.org.apache.hc.client5.http.headers - http-outgoing-1 << Docker-Experimental: false
11:44:21.000 [Test worker] DEBUG com.github.dockerjava.zerodep.shaded.org.apache.hc.client5.http.headers - http-outgoing-1 << Ostype: linux
11:44:21.000 [Test worker] DEBUG com.github.dockerjava.zerodep.shaded.org.apache.hc.client5.http.headers - http-outgoing-1 << Server: Docker/24.0.6 (linux)
11:44:21.000 [Test worker] DEBUG com.github.dockerjava.zerodep.shaded.org.apache.hc.client5.http.impl.classic.MainClientExec - ex-0000000B: connection can be kept alive for 3 MINUTES
11:44:21.000 [Test worker] DEBUG com.github.dockerjava.zerodep.shaded.org.apache.hc.client5.http.impl.classic.InternalHttpClient - ep-0000000A: releasing valid endpoint
11:44:21.000 [Test worker] DEBUG com.github.dockerjava.zerodep.shaded.org.apache.hc.client5.http.impl.io.PoolingHttpClientConnectionManager - ep-0000000A: releasing endpoint
11:44:21.000 [Test worker] DEBUG com.github.dockerjava.zerodep.shaded.org.apache.hc.client5.http.impl.io.PoolingHttpClientConnectionManager - ep-0000000A: connection http-outgoing-1 can be kept alive for 3 MINUTES
11:44:21.000 [Test worker] DEBUG com.github.dockerjava.zerodep.shaded.org.apache.hc.client5.http.impl.io.PoolingHttpClientConnectionManager - ep-0000000A: connection released [route: {}->npipe://localhost:2375][total available: 1; route allocated: 1 of 2147483647; total allocated: 1 of 2147483647]
11:44:21.001 [Test worker] DEBUG org.testcontainers.shaded.com.github.dockerjava.core.command.AbstrDockerCmd - Cmd: fd35565a8193ff7497cfe2fec2be73f969c1fc1ab077f4ec20fbcc9a9b6fb97f,false
11:44:21.001 [Test worker] DEBUG org.testcontainers.shaded.com.github.dockerjava.core.exec.InspectContainerCmdExec - GET: DefaultWebTarget{path=[/containers/fd35565a8193ff7497cfe2fec2be73f969c1fc1ab077f4ec20fbcc9a9b6fb97f/json], queryParams={}}
11:44:21.001 [Test worker] DEBUG com.github.dockerjava.zerodep.shaded.org.apache.hc.client5.http.impl.classic.InternalHttpClient - ex-0000000C: preparing request execution
11:44:21.001 [Test worker] DEBUG com.github.dockerjava.zerodep.shaded.org.apache.hc.client5.http.protocol.RequestAddCookies - Cookie spec selected: strict
11:44:21.001 [Test worker] DEBUG com.github.dockerjava.zerodep.shaded.org.apache.hc.client5.http.protocol.RequestAuthCache - Auth cache not set in the context
11:44:21.001 [Test worker] DEBUG com.github.dockerjava.zerodep.shaded.org.apache.hc.client5.http.impl.classic.ProtocolExec - ex-0000000C: target auth state: UNCHALLENGED
11:44:21.001 [Test worker] DEBUG com.github.dockerjava.zerodep.shaded.org.apache.hc.client5.http.impl.classic.ProtocolExec - ex-0000000C: proxy auth state: UNCHALLENGED
11:44:21.001 [Test worker] DEBUG com.github.dockerjava.zerodep.shaded.org.apache.hc.client5.http.impl.classic.ConnectExec - ex-0000000C: acquiring connection with route {}->npipe://localhost:2375
11:44:21.001 [Test worker] DEBUG com.github.dockerjava.zerodep.shaded.org.apache.hc.client5.http.impl.classic.InternalHttpClient - ex-0000000C: acquiring endpoint (3 MINUTES)
11:44:21.001 [Test worker] DEBUG com.github.dockerjava.zerodep.shaded.org.apache.hc.client5.http.impl.io.PoolingHttpClientConnectionManager - ex-0000000C: endpoint lease request (3 MINUTES) [route: {}->npipe://localhost:2375][total available: 1; route allocated: 1 of 2147483647; total allocated: 1 of 2147483647]
11:44:21.002 [Test worker] DEBUG com.github.dockerjava.zerodep.shaded.org.apache.hc.client5.http.impl.io.PoolingHttpClientConnectionManager - ex-0000000C: endpoint leased [route: {}->npipe://localhost:2375][total available: 0; route allocated: 1 of 2147483647; total allocated: 1 of 2147483647]
11:44:21.002 [Test worker] DEBUG com.github.dockerjava.zerodep.shaded.org.apache.hc.client5.http.impl.io.PoolingHttpClientConnectionManager - ex-0000000C: acquired ep-0000000B
11:44:21.002 [Test worker] DEBUG com.github.dockerjava.zerodep.shaded.org.apache.hc.client5.http.impl.classic.InternalHttpClient - ex-0000000C: acquired endpoint ep-0000000B
11:44:21.002 [Test worker] DEBUG com.github.dockerjava.zerodep.shaded.org.apache.hc.client5.http.impl.classic.MainClientExec - ex-0000000C: executing GET /v1.32/containers/fd35565a8193ff7497cfe2fec2be73f969c1fc1ab077f4ec20fbcc9a9b6fb97f/json HTTP/1.1
11:44:21.002 [Test worker] DEBUG com.github.dockerjava.zerodep.shaded.org.apache.hc.client5.http.impl.classic.InternalHttpClient - ep-0000000B: start execution ex-0000000C
11:44:21.002 [Test worker] DEBUG com.github.dockerjava.zerodep.shaded.org.apache.hc.client5.http.impl.io.PoolingHttpClientConnectionManager - ep-0000000B: executing exchange ex-0000000C over http-outgoing-1
11:44:21.002 [Test worker] DEBUG com.github.dockerjava.zerodep.shaded.org.apache.hc.client5.http.headers - http-outgoing-1 >> GET /v1.32/containers/fd35565a8193ff7497cfe2fec2be73f969c1fc1ab077f4ec20fbcc9a9b6fb97f/json HTTP/1.1
11:44:21.002 [Test worker] DEBUG com.github.dockerjava.zerodep.shaded.org.apache.hc.client5.http.headers - http-outgoing-1 >> accept: application/json
11:44:21.002 [Test worker] DEBUG com.github.dockerjava.zerodep.shaded.org.apache.hc.client5.http.headers - http-outgoing-1 >> x-tc-sid: af84bb41-8d04-425a-9335-6ad2c7615817
11:44:21.002 [Test worker] DEBUG com.github.dockerjava.zerodep.shaded.org.apache.hc.client5.http.headers - http-outgoing-1 >> User-Agent: tc-java/1.19.2
11:44:21.002 [Test worker] DEBUG com.github.dockerjava.zerodep.shaded.org.apache.hc.client5.http.headers - http-outgoing-1 >> Accept-Encoding: gzip, x-gzip, deflate
11:44:21.002 [Test worker] DEBUG com.github.dockerjava.zerodep.shaded.org.apache.hc.client5.http.headers - http-outgoing-1 >> Host: localhost:2375
11:44:21.002 [Test worker] DEBUG com.github.dockerjava.zerodep.shaded.org.apache.hc.client5.http.headers - http-outgoing-1 >> Connection: keep-alive
11:44:21.003 [Test worker] DEBUG com.github.dockerjava.zerodep.shaded.org.apache.hc.client5.http.wire - http-outgoing-1 >> "GET /v1.32/containers/fd35565a8193ff7497cfe2fec2be73f969c1fc1ab077f4ec20fbcc9a9b6fb97f/json HTTP/1.1[\r][\n]"
11:44:21.003 [Test worker] DEBUG com.github.dockerjava.zerodep.shaded.org.apache.hc.client5.http.wire - http-outgoing-1 >> "accept: application/json[\r][\n]"
11:44:21.003 [Test worker] DEBUG com.github.dockerjava.zerodep.shaded.org.apache.hc.client5.http.wire - http-outgoing-1 >> "x-tc-sid: af84bb41-8d04-425a-9335-6ad2c7615817[\r][\n]"
11:44:21.003 [Test worker] DEBUG com.github.dockerjava.zerodep.shaded.org.apache.hc.client5.http.wire - http-outgoing-1 >> "User-Agent: tc-java/1.19.2[\r][\n]"
11:44:21.003 [Test worker] DEBUG com.github.dockerjava.zerodep.shaded.org.apache.hc.client5.http.wire - http-outgoing-1 >> "Accept-Encoding: gzip, x-gzip, deflate[\r][\n]"
11:44:21.003 [Test worker] DEBUG com.github.dockerjava.zerodep.shaded.org.apache.hc.client5.http.wire - http-outgoing-1 >> "Host: localhost:2375[\r][\n]"
11:44:21.003 [Test worker] DEBUG com.github.dockerjava.zerodep.shaded.org.apache.hc.client5.http.wire - http-outgoing-1 >> "Connection: keep-alive[\r][\n]"
11:44:21.003 [Test worker] DEBUG com.github.dockerjava.zerodep.shaded.org.apache.hc.client5.http.wire - http-outgoing-1 >> "[\r][\n]"
11:44:21.006 [Test worker] DEBUG com.github.dockerjava.zerodep.shaded.org.apache.hc.client5.http.wire - http-outgoing-1 << "HTTP/1.1 200 OK[\r][\n]"
11:44:21.006 [Test worker] DEBUG com.github.dockerjava.zerodep.shaded.org.apache.hc.client5.http.wire - http-outgoing-1 << "Api-Version: 1.43[\r][\n]"
11:44:21.006 [Test worker] DEBUG com.github.dockerjava.zerodep.shaded.org.apache.hc.client5.http.wire - http-outgoing-1 << "Content-Type: application/json[\r][\n]"
11:44:21.006 [Test worker] DEBUG com.github.dockerjava.zerodep.shaded.org.apache.hc.client5.http.wire - http-outgoing-1 << "Date: Sat, 25 Nov 2023 08:44:21 GMT[\r][\n]"
11:44:21.006 [Test worker] DEBUG com.github.dockerjava.zerodep.shaded.org.apache.hc.client5.http.wire - http-outgoing-1 << "Docker-Experimental: false[\r][\n]"
11:44:21.006 [Test worker] DEBUG com.github.dockerjava.zerodep.shaded.org.apache.hc.client5.http.wire - http-outgoing-1 << "Ostype: linux[\r][\n]"
11:44:21.006 [Test worker] DEBUG com.github.dockerjava.zerodep.shaded.org.apache.hc.client5.http.wire - http-outgoing-1 << "Server: Docker/24.0.6 (linux)[\r][\n]"
11:44:21.006 [Test worker] DEBUG com.github.dockerjava.zerodep.shaded.org.apache.hc.client5.http.wire - http-outgoing-1 << "Transfer-Encoding: chunked[\r][\n]"
11:44:21.006 [Test worker] DEBUG com.github.dockerjava.zerodep.shaded.org.apache.hc.client5.http.wire - http-outgoing-1 << "[\r][\n]"
11:44:21.006 [Test worker] DEBUG com.github.dockerjava.zerodep.shaded.org.apache.hc.client5.http.headers - http-outgoing-1 << HTTP/1.1 200 OK
11:44:21.006 [Test worker] DEBUG com.github.dockerjava.zerodep.shaded.org.apache.hc.client5.http.headers - http-outgoing-1 << Api-Version: 1.43
11:44:21.006 [Test worker] DEBUG com.github.dockerjava.zerodep.shaded.org.apache.hc.client5.http.headers - http-outgoing-1 << Content-Type: application/json
11:44:21.006 [Test worker] DEBUG com.github.dockerjava.zerodep.shaded.org.apache.hc.client5.http.headers - http-outgoing-1 << Date: Sat, 25 Nov 2023 08:44:21 GMT
11:44:21.006 [Test worker] DEBUG com.github.dockerjava.zerodep.shaded.org.apache.hc.client5.http.headers - http-outgoing-1 << Docker-Experimental: false
11:44:21.006 [Test worker] DEBUG com.github.dockerjava.zerodep.shaded.org.apache.hc.client5.http.headers - http-outgoing-1 << Ostype: linux
11:44:21.006 [Test worker] DEBUG com.github.dockerjava.zerodep.shaded.org.apache.hc.client5.http.headers - http-outgoing-1 << Server: Docker/24.0.6 (linux)
11:44:21.006 [Test worker] DEBUG com.github.dockerjava.zerodep.shaded.org.apache.hc.client5.http.headers - http-outgoing-1 << Transfer-Encoding: chunked
11:44:21.006 [Test worker] DEBUG com.github.dockerjava.zerodep.shaded.org.apache.hc.client5.http.impl.classic.MainClientExec - ex-0000000C: connection can be kept alive for 3 MINUTES
11:44:21.009 [Test worker] DEBUG com.github.dockerjava.zerodep.shaded.org.apache.hc.client5.http.wire - http-outgoing-1 << "1986[\r][\n]"
11:44:21.010 [Test worker] DEBUG com.github.dockerjava.zerodep.shaded.org.apache.hc.client5.http.wire - http-outgoing-1 << "{"Id":"fd35565a8193ff7497cfe2fec2be73f969c1fc1ab077f4ec20fbcc9a9b6fb97f","Created":"2023-11-25T08:44:20.59572136Z","Path":"docker-entrypoint.sh","Args":["postgres","-c","fsync=off"],"State":{"Status":"running","Running":true,"Paused":false,"Restarting":false,"OOMKilled":false,"Dead":false,"Pid":1031,"ExitCode":0,"Error":"","StartedAt":"2023-11-25T08:44:20.991660191Z","FinishedAt":"0001-01-01T00:00:00Z"},"Image":"sha256:30822e49853906b4aa69c3b854ced1ea38c55254ccb8f867550f0deece5486af","ResolvConfPath":"/var/lib/docker/containers/fd35565a8193ff7497cfe2fec2be73f969c1fc1ab077f4ec20fbcc9a9b6fb97f/resolv.conf","HostnamePath":"/var/lib/docker/containers/fd35565a8193ff7497cfe2fec2be73f969c1fc1ab077f4ec20fbcc9a9b6fb97f/hostname","HostsPath":"/var/lib/docker/containers/fd35565a8193ff7497cfe2fec2be73f969c1fc1ab077f4ec20fbcc9a9b6fb97f/hosts","LogPath":"/var/lib/docker/containers/fd35565a8193ff7497cfe2fec2be73f969c1fc1ab077f4ec20fbcc9a9b6fb97f/fd35565a8193ff7497cfe2fec2be73f969c1fc1ab077f4ec20fbcc9a9b6fb97f-json.log","Name":"/intelligent_ganguly","RestartCount":0,"Driver":"overlay2","Platform":"linux","MountLabel":"","ProcessLabel":"","AppArmorProfile":"","ExecIDs":null,"HostConfig":{"Binds":[],"ContainerIDFile":"","LogConfig":{"Type":"json-file","Config":{}},"NetworkMode":"default","PortBindings":{"5432/tcp":[{"HostIp":"0.0.0.0","HostPort":"0"}]},"RestartPolicy":{"Name":"","MaximumRetryCount":0},"AutoRemove":false,"VolumeDriver":"","VolumesFrom":[],"ConsoleSize":[0,0],"CapAdd":null,"CapDrop":null,"CgroupnsMode":"host","Dns":null,"DnsOptions":null,"DnsSearch":null,"ExtraHosts":[],"GroupAdd":null,"IpcMode":"shareable","Cgroup":"","Links":null,"OomScoreAdj":0,"PidMode":"","Privileged":false,"PublishAllPorts":false,"ReadonlyRootfs":false,"SecurityOpt":null,"UTSMode":"","UsernsMode":"","ShmSize":67108864,"Runtime":"runc","Isolation":"","CpuShares":0,"Memory":0,"NanoCpus":0,"CgroupParent":"","BlkioWeight":0,"BlkioWeightDevice":null,"BlkioDeviceReadBps":null,"BlkioDeviceWriteBps":null,"BlkioDeviceReadIOps":null,"BlkioDeviceWriteIOps":null,"CpuPeriod":0,"CpuQuota":0,"CpuRealtimePeriod":0,"CpuRealtimeRuntime":0,"CpusetCpus":"","CpusetMems":"","Devices":null,"DeviceCgroupRules":null,"DeviceRequests":null,"MemoryReservation":0,"MemorySwap":0,"MemorySwappiness":null,"OomKillDisable":false,"PidsLimit":null,"Ulimits":null,"CpuCount":0,"CpuPercent":0,"IOMaximumIOps":0,"IOMaximumBandwidth":0,"MaskedPaths":["/proc/asound","/proc/acpi","/proc/kcore","/proc/keys","/proc/latency_stats","/proc/timer_list","/proc/timer_stats","/proc/sched_debug","/proc/scsi","/sys/firmware"],"ReadonlyPaths":["/proc/bus","/proc/fs","/proc/irq","/proc/sys","/proc/sysrq-trigger"]},"GraphDriver":{"Data":{"LowerDir":"/var/lib/docker/overlay2/ff433571e4b8705fc7bb4094402f3fe98a704aa5d7cfa502bb005728e76f19ca-init/diff:/var/lib/docker/overlay2/5b6f24923ede1bf54be31fdbaeb36ed3db9a3596881aa34df510bd38e08f905f/diff:/var/lib/docker/overlay2/6f79dc1680472dd84ff1b70a487ba890d6fc726f5275f3d04aa8d1e2a2781563/diff:/var/lib/docker/overlay2/d4d7124f7620e02844225fdc94a098c02d10a7907a78bcf1e2e08fe34d71c89f/diff:/var/lib/docker/overlay2/4be20e346657384e7e1053257c6fb5b43cc5d84705fe25bfa1a285b0d883429e/diff:/var/lib/docker/overlay2/e60716d6e3e30100c1a302ca462acf1b54e3d34943466a7885255109c84548e2/diff:/var/lib/docker/overlay2/dae1eac525c37aa1994f24e2a032ce036eb5afa76ecdb671b0289ed4411d6ea3/diff:/var/lib/docker/overlay2/bd1b0f32aafcb54ed2cdd402110e822270ea1e20a74ab6829438ed6a899e1365/diff:/var/lib/docker/overlay2/dca718cde5f6e02c0a7082b8bfc321dc376717fe8029c132d30a2529c82e8c7e/diff:/var/lib/docker/overlay2/bcf176b7c97a4ce0bad464f660eeda0f7af120d3c9b5070e50e924ceca7b6d2b/diff:/var/lib/docker/overlay2/667369bd70f12af4220e4987f6eaf92f9ed81a2912c9450559a206dcb550c26e/diff:/var/lib/docker/overlay2/e761f1c542643e67329b196e32eaf845aacbfb5827cf0919bc9acc5b2de508a2/diff:/var/lib/docker/overlay2/ea5478ac478e6821ecfc0a5c9defe87aaf7395e0aa2140679da03e38060cd16d/diff:/var/lib/docker/overlay2/294c376824d6259b8b6a082e450c8f69bd812495acc6ef93bedcd80a0e9ed0e1/diff","MergedDir":"/var/lib/docker/overlay2/ff433"
11:44:21.011 [Test worker] DEBUG com.github.dockerjava.zerodep.shaded.org.apache.hc.client5.http.wire - http-outgoing-1 << "571e4b8705fc7bb4094402f3fe98a704aa5d7cfa502bb005728e76f19ca/merged","UpperDir":"/var/lib/docker/overlay2/ff433571e4b8705fc7bb4094402f3fe98a704aa5d7cfa502bb005728e76f19ca/diff","WorkDir":"/var/lib/docker/overlay2/ff433571e4b8705fc7bb4094402f3fe98a704aa5d7cfa502bb005728e76f19ca/work"},"Name":"overlay2"},"Mounts":[{"Type":"volume","Name":"07ecbc3d801969d4e312ce53375dfdea8debec9ad7a0f0fb38f8defa27a50875","Source":"/var/lib/docker/volumes/07ecbc3d801969d4e312ce53375dfdea8debec9ad7a0f0fb38f8defa27a50875/_data","Destination":"/var/lib/postgresql/data","Driver":"local","Mode":"","RW":true,"Propagation":""}],"Config":{"Hostname":"fd35565a8193","Domainname":"","User":"","AttachStdin":false,"AttachStdout":false,"AttachStderr":false,"ExposedPorts":{"5432/tcp":{}},"Tty":false,"OpenStdin":false,"StdinOnce":false,"Env":["POSTGRES_USER=postgres","POSTGRES_PASSWORD=sadmin","POSTGRES_DB=pethaven","PATH=/usr/local/sbin:/usr/local/bin:/usr/sbin:/usr/bin:/sbin:/bin:/usr/lib/postgresql/15/bin","GOSU_VERSION=1.16","LANG=en_US.utf8","PG_MAJOR=15","PG_VERSION=15.5-1.pgdg120+1","PGDATA=/var/lib/postgresql/data"],"Cmd":["postgres","-c","fsync=off"],"Image":"postgres:15","Volumes":{"/var/lib/postgresql/data":{}},"WorkingDir":"","Entrypoint":["docker-entrypoint.sh"],"OnBuild":null,"Labels":{"org.testcontainers":"true","org.testcontainers.lang":"java","org.testcontainers.sessionId":"af84bb41-8d04-425a-9335-6ad2c7615817","org.testcontainers.version":"1.19.2"},"StopSignal":"SIGINT"},"NetworkSettings":{"Bridge":"","SandboxID":"bb69420f63c0d928fe099dea546417da48898971263fe6969eb2637323e90e5b","HairpinMode":false,"LinkLocalIPv6Address":"","LinkLocalIPv6PrefixLen":0,"Ports":{"5432/tcp":[]},"SandboxKey":"/var/run/docker/netns/bb69420f63c0","SecondaryIPAddresses":null,"SecondaryIPv6Addresses":null,"EndpointID":"420efdf1f1f61cd7aad3fd0c94479a6f3fcf4eab0d603b4dc0ec4e73dc5dcca3","Gateway":"172.17.0.1","GlobalIPv6Address":"","GlobalIPv6PrefixLen":0,"IPAddress":"172.17.0.3","IPPrefixLen":16,"IPv6Gateway":"","MacAddress":"02:42:ac:11:00:03","Networks":{"bridge":{"IPAMConfig":null,"Links":null,"Aliases":null,"NetworkID":"c3be540af3c247ad90b78915e92d8da1799de4169ddf9333eb90684d819cbb7b","EndpointID":"420efdf1f1f61cd7aad3fd0c94479a6f3fcf4eab0d603b4dc0ec4e73dc5dcca3","Gateway":"172.17.0.1","IPAddress":"172.17.0.3","IPPrefixLen":16,"IPv6Gateway":"","GlobalIPv6Address":"","GlobalIPv6PrefixLen":0,"MacAddress":"02:42:ac:11:00:03","DriverOpts":null}}}}[\n]"
11:44:21.013 [Test worker] DEBUG com.github.dockerjava.zerodep.shaded.org.apache.hc.client5.http.wire - http-outgoing-1 << "[\r][\n]"
11:44:21.013 [Test worker] DEBUG com.github.dockerjava.zerodep.shaded.org.apache.hc.client5.http.wire - http-outgoing-1 << "0[\r][\n]"
11:44:21.013 [Test worker] DEBUG com.github.dockerjava.zerodep.shaded.org.apache.hc.client5.http.wire - http-outgoing-1 << "[\r][\n]"
11:44:21.013 [Test worker] DEBUG com.github.dockerjava.zerodep.shaded.org.apache.hc.client5.http.impl.classic.InternalHttpClient - ep-0000000B: releasing valid endpoint
11:44:21.013 [Test worker] DEBUG com.github.dockerjava.zerodep.shaded.org.apache.hc.client5.http.impl.io.PoolingHttpClientConnectionManager - ep-0000000B: releasing endpoint
11:44:21.013 [Test worker] DEBUG com.github.dockerjava.zerodep.shaded.org.apache.hc.client5.http.impl.io.PoolingHttpClientConnectionManager - ep-0000000B: connection http-outgoing-1 can be kept alive for 3 MINUTES
11:44:21.013 [Test worker] DEBUG com.github.dockerjava.zerodep.shaded.org.apache.hc.client5.http.impl.io.PoolingHttpClientConnectionManager - ep-0000000B: connection released [route: {}->npipe://localhost:2375][total available: 1; route allocated: 1 of 2147483647; total allocated: 1 of 2147483647]
11:44:21.052 [Test worker] DEBUG org.testcontainers.shaded.com.github.dockerjava.core.command.AbstrDockerCmd - Cmd: fd35565a8193ff7497cfe2fec2be73f969c1fc1ab077f4ec20fbcc9a9b6fb97f,false
11:44:21.052 [Test worker] DEBUG org.testcontainers.shaded.com.github.dockerjava.core.exec.InspectContainerCmdExec - GET: DefaultWebTarget{path=[/containers/fd35565a8193ff7497cfe2fec2be73f969c1fc1ab077f4ec20fbcc9a9b6fb97f/json], queryParams={}}
11:44:21.053 [Test worker] DEBUG com.github.dockerjava.zerodep.shaded.org.apache.hc.client5.http.impl.classic.InternalHttpClient - ex-0000000D: preparing request execution
11:44:21.053 [Test worker] DEBUG com.github.dockerjava.zerodep.shaded.org.apache.hc.client5.http.protocol.RequestAddCookies - Cookie spec selected: strict
11:44:21.053 [Test worker] DEBUG com.github.dockerjava.zerodep.shaded.org.apache.hc.client5.http.protocol.RequestAuthCache - Auth cache not set in the context
11:44:21.053 [Test worker] DEBUG com.github.dockerjava.zerodep.shaded.org.apache.hc.client5.http.impl.classic.ProtocolExec - ex-0000000D: target auth state: UNCHALLENGED
11:44:21.053 [Test worker] DEBUG com.github.dockerjava.zerodep.shaded.org.apache.hc.client5.http.impl.classic.ProtocolExec - ex-0000000D: proxy auth state: UNCHALLENGED
11:44:21.053 [Test worker] DEBUG com.github.dockerjava.zerodep.shaded.org.apache.hc.client5.http.impl.classic.ConnectExec - ex-0000000D: acquiring connection with route {}->npipe://localhost:2375
11:44:21.053 [Test worker] DEBUG com.github.dockerjava.zerodep.shaded.org.apache.hc.client5.http.impl.classic.InternalHttpClient - ex-0000000D: acquiring endpoint (3 MINUTES)
11:44:21.053 [Test worker] DEBUG com.github.dockerjava.zerodep.shaded.org.apache.hc.client5.http.impl.io.PoolingHttpClientConnectionManager - ex-0000000D: endpoint lease request (3 MINUTES) [route: {}->npipe://localhost:2375][total available: 1; route allocated: 1 of 2147483647; total allocated: 1 of 2147483647]
11:44:21.053 [Test worker] DEBUG com.github.dockerjava.zerodep.shaded.org.apache.hc.client5.http.impl.io.PoolingHttpClientConnectionManager - ex-0000000D: endpoint leased [route: {}->npipe://localhost:2375][total available: 0; route allocated: 1 of 2147483647; total allocated: 1 of 2147483647]
11:44:21.053 [Test worker] DEBUG com.github.dockerjava.zerodep.shaded.org.apache.hc.client5.http.impl.io.PoolingHttpClientConnectionManager - ex-0000000D: acquired ep-0000000C
11:44:21.053 [Test worker] DEBUG com.github.dockerjava.zerodep.shaded.org.apache.hc.client5.http.impl.classic.InternalHttpClient - ex-0000000D: acquired endpoint ep-0000000C
11:44:21.053 [Test worker] DEBUG com.github.dockerjava.zerodep.shaded.org.apache.hc.client5.http.impl.classic.MainClientExec - ex-0000000D: executing GET /v1.32/containers/fd35565a8193ff7497cfe2fec2be73f969c1fc1ab077f4ec20fbcc9a9b6fb97f/json HTTP/1.1
11:44:21.053 [Test worker] DEBUG com.github.dockerjava.zerodep.shaded.org.apache.hc.client5.http.impl.classic.InternalHttpClient - ep-0000000C: start execution ex-0000000D
11:44:21.053 [Test worker] DEBUG com.github.dockerjava.zerodep.shaded.org.apache.hc.client5.http.impl.io.PoolingHttpClientConnectionManager - ep-0000000C: executing exchange ex-0000000D over http-outgoing-1
11:44:21.053 [Test worker] DEBUG com.github.dockerjava.zerodep.shaded.org.apache.hc.client5.http.headers - http-outgoing-1 >> GET /v1.32/containers/fd35565a8193ff7497cfe2fec2be73f969c1fc1ab077f4ec20fbcc9a9b6fb97f/json HTTP/1.1
11:44:21.053 [Test worker] DEBUG com.github.dockerjava.zerodep.shaded.org.apache.hc.client5.http.headers - http-outgoing-1 >> accept: application/json
11:44:21.053 [Test worker] DEBUG com.github.dockerjava.zerodep.shaded.org.apache.hc.client5.http.headers - http-outgoing-1 >> x-tc-sid: af84bb41-8d04-425a-9335-6ad2c7615817
11:44:21.053 [Test worker] DEBUG com.github.dockerjava.zerodep.shaded.org.apache.hc.client5.http.headers - http-outgoing-1 >> User-Agent: tc-java/1.19.2
11:44:21.053 [Test worker] DEBUG com.github.dockerjava.zerodep.shaded.org.apache.hc.client5.http.headers - http-outgoing-1 >> Accept-Encoding: gzip, x-gzip, deflate
11:44:21.053 [Test worker] DEBUG com.github.dockerjava.zerodep.shaded.org.apache.hc.client5.http.headers - http-outgoing-1 >> Host: localhost:2375
11:44:21.053 [Test worker] DEBUG com.github.dockerjava.zerodep.shaded.org.apache.hc.client5.http.headers - http-outgoing-1 >> Connection: keep-alive
11:44:21.053 [Test worker] DEBUG com.github.dockerjava.zerodep.shaded.org.apache.hc.client5.http.wire - http-outgoing-1 >> "GET /v1.32/containers/fd35565a8193ff7497cfe2fec2be73f969c1fc1ab077f4ec20fbcc9a9b6fb97f/json HTTP/1.1[\r][\n]"
11:44:21.053 [Test worker] DEBUG com.github.dockerjava.zerodep.shaded.org.apache.hc.client5.http.wire - http-outgoing-1 >> "accept: application/json[\r][\n]"
11:44:21.053 [Test worker] DEBUG com.github.dockerjava.zerodep.shaded.org.apache.hc.client5.http.wire - http-outgoing-1 >> "x-tc-sid: af84bb41-8d04-425a-9335-6ad2c7615817[\r][\n]"
11:44:21.053 [Test worker] DEBUG com.github.dockerjava.zerodep.shaded.org.apache.hc.client5.http.wire - http-outgoing-1 >> "User-Agent: tc-java/1.19.2[\r][\n]"
11:44:21.053 [Test worker] DEBUG com.github.dockerjava.zerodep.shaded.org.apache.hc.client5.http.wire - http-outgoing-1 >> "Accept-Encoding: gzip, x-gzip, deflate[\r][\n]"
11:44:21.054 [Test worker] DEBUG com.github.dockerjava.zerodep.shaded.org.apache.hc.client5.http.wire - http-outgoing-1 >> "Host: localhost:2375[\r][\n]"
11:44:21.054 [Test worker] DEBUG com.github.dockerjava.zerodep.shaded.org.apache.hc.client5.http.wire - http-outgoing-1 >> "Connection: keep-alive[\r][\n]"
11:44:21.054 [Test worker] DEBUG com.github.dockerjava.zerodep.shaded.org.apache.hc.client5.http.wire - http-outgoing-1 >> "[\r][\n]"
11:44:21.057 [Test worker] DEBUG com.github.dockerjava.zerodep.shaded.org.apache.hc.client5.http.wire - http-outgoing-1 << "HTTP/1.1 200 OK[\r][\n]"
11:44:21.057 [Test worker] DEBUG com.github.dockerjava.zerodep.shaded.org.apache.hc.client5.http.wire - http-outgoing-1 << "Api-Version: 1.43[\r][\n]"
11:44:21.057 [Test worker] DEBUG com.github.dockerjava.zerodep.shaded.org.apache.hc.client5.http.wire - http-outgoing-1 << "Content-Type: application/json[\r][\n]"
11:44:21.057 [Test worker] DEBUG com.github.dockerjava.zerodep.shaded.org.apache.hc.client5.http.wire - http-outgoing-1 << "Date: Sat, 25 Nov 2023 08:44:21 GMT[\r][\n]"
11:44:21.057 [Test worker] DEBUG com.github.dockerjava.zerodep.shaded.org.apache.hc.client5.http.wire - http-outgoing-1 << "Docker-Experimental: false[\r][\n]"
11:44:21.057 [Test worker] DEBUG com.github.dockerjava.zerodep.shaded.org.apache.hc.client5.http.wire - http-outgoing-1 << "Ostype: linux[\r][\n]"
11:44:21.057 [Test worker] DEBUG com.github.dockerjava.zerodep.shaded.org.apache.hc.client5.http.wire - http-outgoing-1 << "Server: Docker/24.0.6 (linux)[\r][\n]"
11:44:21.057 [Test worker] DEBUG com.github.dockerjava.zerodep.shaded.org.apache.hc.client5.http.wire - http-outgoing-1 << "Transfer-Encoding: chunked[\r][\n]"
11:44:21.057 [Test worker] DEBUG com.github.dockerjava.zerodep.shaded.org.apache.hc.client5.http.wire - http-outgoing-1 << "[\r][\n]"
11:44:21.057 [Test worker] DEBUG com.github.dockerjava.zerodep.shaded.org.apache.hc.client5.http.headers - http-outgoing-1 << HTTP/1.1 200 OK
11:44:21.057 [Test worker] DEBUG com.github.dockerjava.zerodep.shaded.org.apache.hc.client5.http.headers - http-outgoing-1 << Api-Version: 1.43
11:44:21.057 [Test worker] DEBUG com.github.dockerjava.zerodep.shaded.org.apache.hc.client5.http.headers - http-outgoing-1 << Content-Type: application/json
11:44:21.057 [Test worker] DEBUG com.github.dockerjava.zerodep.shaded.org.apache.hc.client5.http.headers - http-outgoing-1 << Date: Sat, 25 Nov 2023 08:44:21 GMT
11:44:21.057 [Test worker] DEBUG com.github.dockerjava.zerodep.shaded.org.apache.hc.client5.http.headers - http-outgoing-1 << Docker-Experimental: false
11:44:21.057 [Test worker] DEBUG com.github.dockerjava.zerodep.shaded.org.apache.hc.client5.http.headers - http-outgoing-1 << Ostype: linux
11:44:21.057 [Test worker] DEBUG com.github.dockerjava.zerodep.shaded.org.apache.hc.client5.http.headers - http-outgoing-1 << Server: Docker/24.0.6 (linux)
11:44:21.057 [Test worker] DEBUG com.github.dockerjava.zerodep.shaded.org.apache.hc.client5.http.headers - http-outgoing-1 << Transfer-Encoding: chunked
11:44:21.057 [Test worker] DEBUG com.github.dockerjava.zerodep.shaded.org.apache.hc.client5.http.impl.classic.MainClientExec - ex-0000000D: connection can be kept alive for 3 MINUTES
11:44:21.058 [Test worker] DEBUG com.github.dockerjava.zerodep.shaded.org.apache.hc.client5.http.wire - http-outgoing-1 << "19ad[\r][\n]"
11:44:21.058 [Test worker] DEBUG com.github.dockerjava.zerodep.shaded.org.apache.hc.client5.http.wire - http-outgoing-1 << "{"Id":"fd35565a8193ff7497cfe2fec2be73f969c1fc1ab077f4ec20fbcc9a9b6fb97f","Created":"2023-11-25T08:44:20.59572136Z","Path":"docker-entrypoint.sh","Args":["postgres","-c","fsync=off"],"State":{"Status":"running","Running":true,"Paused":false,"Restarting":false,"OOMKilled":false,"Dead":false,"Pid":1031,"ExitCode":0,"Error":"","StartedAt":"2023-11-25T08:44:20.991660191Z","FinishedAt":"0001-01-01T00:00:00Z"},"Image":"sha256:30822e49853906b4aa69c3b854ced1ea38c55254ccb8f867550f0deece5486af","ResolvConfPath":"/var/lib/docker/containers/fd35565a8193ff7497cfe2fec2be73f969c1fc1ab077f4ec20fbcc9a9b6fb97f/resolv.conf","HostnamePath":"/var/lib/docker/containers/fd35565a8193ff7497cfe2fec2be73f969c1fc1ab077f4ec20fbcc9a9b6fb97f/hostname","HostsPath":"/var/lib/docker/containers/fd35565a8193ff7497cfe2fec2be73f969c1fc1ab077f4ec20fbcc9a9b6fb97f/hosts","LogPath":"/var/lib/docker/containers/fd35565a8193ff7497cfe2fec2be73f969c1fc1ab077f4ec20fbcc9a9b6fb97f/fd35565a8193ff7497cfe2fec2be73f969c1fc1ab077f4ec20fbcc9a9b6fb97f-json.log","Name":"/intelligent_ganguly","RestartCount":0,"Driver":"overlay2","Platform":"linux","MountLabel":"","ProcessLabel":"","AppArmorProfile":"","ExecIDs":null,"HostConfig":{"Binds":[],"ContainerIDFile":"","LogConfig":{"Type":"json-file","Config":{}},"NetworkMode":"default","PortBindings":{"5432/tcp":[{"HostIp":"0.0.0.0","HostPort":"0"}]},"RestartPolicy":{"Name":"","MaximumRetryCount":0},"AutoRemove":false,"VolumeDriver":"","VolumesFrom":[],"ConsoleSize":[0,0],"CapAdd":null,"CapDrop":null,"CgroupnsMode":"host","Dns":null,"DnsOptions":null,"DnsSearch":null,"ExtraHosts":[],"GroupAdd":null,"IpcMode":"shareable","Cgroup":"","Links":null,"OomScoreAdj":0,"PidMode":"","Privileged":false,"PublishAllPorts":false,"ReadonlyRootfs":false,"SecurityOpt":null,"UTSMode":"","UsernsMode":"","ShmSize":67108864,"Runtime":"runc","Isolation":"","CpuShares":0,"Memory":0,"NanoCpus":0,"CgroupParent":"","BlkioWeight":0,"BlkioWeightDevice":null,"BlkioDeviceReadBps":null,"BlkioDeviceWriteBps":null,"BlkioDeviceReadIOps":null,"BlkioDeviceWriteIOps":null,"CpuPeriod":0,"CpuQuota":0,"CpuRealtimePeriod":0,"CpuRealtimeRuntime":0,"CpusetCpus":"","CpusetMems":"","Devices":null,"DeviceCgroupRules":null,"DeviceRequests":null,"MemoryReservation":0,"MemorySwap":0,"MemorySwappiness":null,"OomKillDisable":false,"PidsLimit":null,"Ulimits":null,"CpuCount":0,"CpuPercent":0,"IOMaximumIOps":0,"IOMaximumBandwidth":0,"MaskedPaths":["/proc/asound","/proc/acpi","/proc/kcore","/proc/keys","/proc/latency_stats","/proc/timer_list","/proc/timer_stats","/proc/sched_debug","/proc/scsi","/sys/firmware"],"ReadonlyPaths":["/proc/bus","/proc/fs","/proc/irq","/proc/sys","/proc/sysrq-trigger"]},"GraphDriver":{"Data":{"LowerDir":"/var/lib/docker/overlay2/ff433571e4b8705fc7bb4094402f3fe98a704aa5d7cfa502bb005728e76f19ca-init/diff:/var/lib/docker/overlay2/5b6f24923ede1bf54be31fdbaeb36ed3db9a3596881aa34df510bd38e08f905f/diff:/var/lib/docker/overlay2/6f79dc1680472dd84ff1b70a487ba890d6fc726f5275f3d04aa8d1e2a2781563/diff:/var/lib/docker/overlay2/d4d7124f7620e02844225fdc94a098c02d10a7907a78bcf1e2e08fe34d71c89f/diff:/var/lib/docker/overlay2/4be20e346657384e7e1053257c6fb5b43cc5d84705fe25bfa1a285b0d883429e/diff:/var/lib/docker/overlay2/e60716d6e3e30100c1a302ca462acf1b54e3d34943466a7885255109c84548e2/diff:/var/lib/docker/overlay2/dae1eac525c37aa1994f24e2a032ce036eb5afa76ecdb671b0289ed4411d6ea3/diff:/var/lib/docker/overlay2/bd1b0f32aafcb54ed2cdd402110e822270ea1e20a74ab6829438ed6a899e1365/diff:/var/lib/docker/overlay2/dca718cde5f6e02c0a7082b8bfc321dc376717fe8029c132d30a2529c82e8c7e/diff:/var/lib/docker/overlay2/bcf176b7c97a4ce0bad464f660eeda0f7af120d3c9b5070e50e924ceca7b6d2b/diff:/var/lib/docker/overlay2/667369bd70f12af4220e4987f6eaf92f9ed81a2912c9450559a206dcb550c26e/diff:/var/lib/docker/overlay2/e761f1c542643e67329b196e32eaf845aacbfb5827cf0919bc9acc5b2de508a2/diff:/var/lib/docker/overlay2/ea5478ac478e6821ecfc0a5c9defe87aaf7395e0aa2140679da03e38060cd16d/diff:/var/lib/docker/overlay2/294c376824d6259b8b6a082e450c8f69bd812495acc6ef93bedcd80a0e9ed0e1/diff","MergedDir":"/var/lib/docker/overlay2/ff433"
11:44:21.059 [Test worker] DEBUG com.github.dockerjava.zerodep.shaded.org.apache.hc.client5.http.wire - http-outgoing-1 << "571e4b8705fc7bb4094402f3fe98a704aa5d7cfa502bb005728e76f19ca/merged","UpperDir":"/var/lib/docker/overlay2/ff433571e4b8705fc7bb4094402f3fe98a704aa5d7cfa502bb005728e76f19ca/diff","WorkDir":"/var/lib/docker/overlay2/ff433571e4b8705fc7bb4094402f3fe98a704aa5d7cfa502bb005728e76f19ca/work"},"Name":"overlay2"},"Mounts":[{"Type":"volume","Name":"07ecbc3d801969d4e312ce53375dfdea8debec9ad7a0f0fb38f8defa27a50875","Source":"/var/lib/docker/volumes/07ecbc3d801969d4e312ce53375dfdea8debec9ad7a0f0fb38f8defa27a50875/_data","Destination":"/var/lib/postgresql/data","Driver":"local","Mode":"","RW":true,"Propagation":""}],"Config":{"Hostname":"fd35565a8193","Domainname":"","User":"","AttachStdin":false,"AttachStdout":false,"AttachStderr":false,"ExposedPorts":{"5432/tcp":{}},"Tty":false,"OpenStdin":false,"StdinOnce":false,"Env":["POSTGRES_USER=postgres","POSTGRES_PASSWORD=sadmin","POSTGRES_DB=pethaven","PATH=/usr/local/sbin:/usr/local/bin:/usr/sbin:/usr/bin:/sbin:/bin:/usr/lib/postgresql/15/bin","GOSU_VERSION=1.16","LANG=en_US.utf8","PG_MAJOR=15","PG_VERSION=15.5-1.pgdg120+1","PGDATA=/var/lib/postgresql/data"],"Cmd":["postgres","-c","fsync=off"],"Image":"postgres:15","Volumes":{"/var/lib/postgresql/data":{}},"WorkingDir":"","Entrypoint":["docker-entrypoint.sh"],"OnBuild":null,"Labels":{"org.testcontainers":"true","org.testcontainers.lang":"java","org.testcontainers.sessionId":"af84bb41-8d04-425a-9335-6ad2c7615817","org.testcontainers.version":"1.19.2"},"StopSignal":"SIGINT"},"NetworkSettings":{"Bridge":"","SandboxID":"bb69420f63c0d928fe099dea546417da48898971263fe6969eb2637323e90e5b","HairpinMode":false,"LinkLocalIPv6Address":"","LinkLocalIPv6PrefixLen":0,"Ports":{"5432/tcp":[{"HostIp":"0.0.0.0","HostPort":"60895"}]},"SandboxKey":"/var/run/docker/netns/bb69420f63c0","SecondaryIPAddresses":null,"SecondaryIPv6Addresses":null,"EndpointID":"420efdf1f1f61cd7aad3fd0c94479a6f3fcf4eab0d603b4dc0ec4e73dc5dcca3","Gateway":"172.17.0.1","GlobalIPv6Address":"","GlobalIPv6PrefixLen":0,"IPAddress":"172.17.0.3","IPPrefixLen":16,"IPv6Gateway":"","MacAddress":"02:42:ac:11:00:03","Networks":{"bridge":{"IPAMConfig":null,"Links":null,"Aliases":null,"NetworkID":"c3be540af3c247ad90b78915e92d8da1799de4169ddf9333eb90684d819cbb7b","EndpointID":"420efdf1f1f61cd7aad3fd0c94479a6f3fcf4eab0d603b4dc0ec4e73dc5dcca3","Gateway":"172.17.0.1","IPAddress":"172.17.0.3","IPPrefixLen":16,"IPv6Gateway":"","GlobalIPv6Address":"","GlobalIPv6PrefixLen":0,"MacAddress":"02:42:ac:11:00:03","DriverOpts":null}}}}[\n]"
11:44:21.061 [Test worker] DEBUG com.github.dockerjava.zerodep.shaded.org.apache.hc.client5.http.wire - http-outgoing-1 << "[\r][\n]"
11:44:21.061 [Test worker] DEBUG com.github.dockerjava.zerodep.shaded.org.apache.hc.client5.http.wire - http-outgoing-1 << "0[\r][\n]"
11:44:21.061 [Test worker] DEBUG com.github.dockerjava.zerodep.shaded.org.apache.hc.client5.http.wire - http-outgoing-1 << "[\r][\n]"
11:44:21.061 [Test worker] DEBUG com.github.dockerjava.zerodep.shaded.org.apache.hc.client5.http.impl.classic.InternalHttpClient - ep-0000000C: releasing valid endpoint
11:44:21.061 [Test worker] DEBUG com.github.dockerjava.zerodep.shaded.org.apache.hc.client5.http.impl.io.PoolingHttpClientConnectionManager - ep-0000000C: releasing endpoint
11:44:21.061 [Test worker] DEBUG com.github.dockerjava.zerodep.shaded.org.apache.hc.client5.http.impl.io.PoolingHttpClientConnectionManager - ep-0000000C: connection http-outgoing-1 can be kept alive for 3 MINUTES
11:44:21.061 [Test worker] DEBUG com.github.dockerjava.zerodep.shaded.org.apache.hc.client5.http.impl.io.PoolingHttpClientConnectionManager - ep-0000000C: connection released [route: {}->npipe://localhost:2375][total available: 1; route allocated: 1 of 2147483647; total allocated: 1 of 2147483647]
11:44:21.061 [Test worker] DEBUG org.testcontainers.shaded.com.github.dockerjava.core.command.AbstrDockerCmd - Cmd: sha256:30822e49853906b4aa69c3b854ced1ea38c55254ccb8f867550f0deece5486af
11:44:21.062 [Test worker] DEBUG com.github.dockerjava.zerodep.shaded.org.apache.hc.client5.http.impl.classic.InternalHttpClient - ex-0000000E: preparing request execution
11:44:21.062 [Test worker] DEBUG com.github.dockerjava.zerodep.shaded.org.apache.hc.client5.http.protocol.RequestAddCookies - Cookie spec selected: strict
11:44:21.062 [Test worker] DEBUG com.github.dockerjava.zerodep.shaded.org.apache.hc.client5.http.protocol.RequestAuthCache - Auth cache not set in the context
11:44:21.062 [Test worker] DEBUG com.github.dockerjava.zerodep.shaded.org.apache.hc.client5.http.impl.classic.ProtocolExec - ex-0000000E: target auth state: UNCHALLENGED
11:44:21.062 [Test worker] DEBUG com.github.dockerjava.zerodep.shaded.org.apache.hc.client5.http.impl.classic.ProtocolExec - ex-0000000E: proxy auth state: UNCHALLENGED
11:44:21.062 [Test worker] DEBUG com.github.dockerjava.zerodep.shaded.org.apache.hc.client5.http.impl.classic.ConnectExec - ex-0000000E: acquiring connection with route {}->npipe://localhost:2375
11:44:21.062 [Test worker] DEBUG com.github.dockerjava.zerodep.shaded.org.apache.hc.client5.http.impl.classic.InternalHttpClient - ex-0000000E: acquiring endpoint (3 MINUTES)
11:44:21.062 [Test worker] DEBUG com.github.dockerjava.zerodep.shaded.org.apache.hc.client5.http.impl.io.PoolingHttpClientConnectionManager - ex-0000000E: endpoint lease request (3 MINUTES) [route: {}->npipe://localhost:2375][total available: 1; route allocated: 1 of 2147483647; total allocated: 1 of 2147483647]
11:44:21.063 [Test worker] DEBUG com.github.dockerjava.zerodep.shaded.org.apache.hc.client5.http.impl.io.PoolingHttpClientConnectionManager - ex-0000000E: endpoint leased [route: {}->npipe://localhost:2375][total available: 0; route allocated: 1 of 2147483647; total allocated: 1 of 2147483647]
11:44:21.063 [Test worker] DEBUG com.github.dockerjava.zerodep.shaded.org.apache.hc.client5.http.impl.io.PoolingHttpClientConnectionManager - ex-0000000E: acquired ep-0000000D
11:44:21.063 [Test worker] DEBUG com.github.dockerjava.zerodep.shaded.org.apache.hc.client5.http.impl.classic.InternalHttpClient - ex-0000000E: acquired endpoint ep-0000000D
11:44:21.063 [Test worker] DEBUG com.github.dockerjava.zerodep.shaded.org.apache.hc.client5.http.impl.classic.MainClientExec - ex-0000000E: executing GET /v1.32/images/sha256:30822e49853906b4aa69c3b854ced1ea38c55254ccb8f867550f0deece5486af/json HTTP/1.1
11:44:21.063 [Test worker] DEBUG com.github.dockerjava.zerodep.shaded.org.apache.hc.client5.http.impl.classic.InternalHttpClient - ep-0000000D: start execution ex-0000000E
11:44:21.063 [Test worker] DEBUG com.github.dockerjava.zerodep.shaded.org.apache.hc.client5.http.impl.io.PoolingHttpClientConnectionManager - ep-0000000D: executing exchange ex-0000000E over http-outgoing-1
11:44:21.063 [Test worker] DEBUG com.github.dockerjava.zerodep.shaded.org.apache.hc.client5.http.headers - http-outgoing-1 >> GET /v1.32/images/sha256:30822e49853906b4aa69c3b854ced1ea38c55254ccb8f867550f0deece5486af/json HTTP/1.1
11:44:21.063 [Test worker] DEBUG com.github.dockerjava.zerodep.shaded.org.apache.hc.client5.http.headers - http-outgoing-1 >> accept: application/json
11:44:21.063 [Test worker] DEBUG com.github.dockerjava.zerodep.shaded.org.apache.hc.client5.http.headers - http-outgoing-1 >> x-tc-sid: af84bb41-8d04-425a-9335-6ad2c7615817
11:44:21.063 [Test worker] DEBUG com.github.dockerjava.zerodep.shaded.org.apache.hc.client5.http.headers - http-outgoing-1 >> User-Agent: tc-java/1.19.2
11:44:21.063 [Test worker] DEBUG com.github.dockerjava.zerodep.shaded.org.apache.hc.client5.http.headers - http-outgoing-1 >> Accept-Encoding: gzip, x-gzip, deflate
11:44:21.063 [Test worker] DEBUG com.github.dockerjava.zerodep.shaded.org.apache.hc.client5.http.headers - http-outgoing-1 >> Host: localhost:2375
11:44:21.063 [Test worker] DEBUG com.github.dockerjava.zerodep.shaded.org.apache.hc.client5.http.headers - http-outgoing-1 >> Connection: keep-alive
11:44:21.063 [Test worker] DEBUG com.github.dockerjava.zerodep.shaded.org.apache.hc.client5.http.wire - http-outgoing-1 >> "GET /v1.32/images/sha256:30822e49853906b4aa69c3b854ced1ea38c55254ccb8f867550f0deece5486af/json HTTP/1.1[\r][\n]"
11:44:21.063 [Test worker] DEBUG com.github.dockerjava.zerodep.shaded.org.apache.hc.client5.http.wire - http-outgoing-1 >> "accept: application/json[\r][\n]"
11:44:21.063 [Test worker] DEBUG com.github.dockerjava.zerodep.shaded.org.apache.hc.client5.http.wire - http-outgoing-1 >> "x-tc-sid: af84bb41-8d04-425a-9335-6ad2c7615817[\r][\n]"
11:44:21.063 [Test worker] DEBUG com.github.dockerjava.zerodep.shaded.org.apache.hc.client5.http.wire - http-outgoing-1 >> "User-Agent: tc-java/1.19.2[\r][\n]"
11:44:21.063 [Test worker] DEBUG com.github.dockerjava.zerodep.shaded.org.apache.hc.client5.http.wire - http-outgoing-1 >> "Accept-Encoding: gzip, x-gzip, deflate[\r][\n]"
11:44:21.063 [Test worker] DEBUG com.github.dockerjava.zerodep.shaded.org.apache.hc.client5.http.wire - http-outgoing-1 >> "Host: localhost:2375[\r][\n]"
11:44:21.063 [Test worker] DEBUG com.github.dockerjava.zerodep.shaded.org.apache.hc.client5.http.wire - http-outgoing-1 >> "Connection: keep-alive[\r][\n]"
11:44:21.063 [Test worker] DEBUG com.github.dockerjava.zerodep.shaded.org.apache.hc.client5.http.wire - http-outgoing-1 >> "[\r][\n]"
11:44:21.066 [Test worker] DEBUG com.github.dockerjava.zerodep.shaded.org.apache.hc.client5.http.wire - http-outgoing-1 << "HTTP/1.1 200 OK[\r][\n]"
11:44:21.067 [Test worker] DEBUG com.github.dockerjava.zerodep.shaded.org.apache.hc.client5.http.wire - http-outgoing-1 << "Api-Version: 1.43[\r][\n]"
11:44:21.067 [Test worker] DEBUG com.github.dockerjava.zerodep.shaded.org.apache.hc.client5.http.wire - http-outgoing-1 << "Content-Type: application/json[\r][\n]"
11:44:21.067 [Test worker] DEBUG com.github.dockerjava.zerodep.shaded.org.apache.hc.client5.http.wire - http-outgoing-1 << "Date: Sat, 25 Nov 2023 08:44:21 GMT[\r][\n]"
11:44:21.067 [Test worker] DEBUG com.github.dockerjava.zerodep.shaded.org.apache.hc.client5.http.wire - http-outgoing-1 << "Docker-Experimental: false[\r][\n]"
11:44:21.067 [Test worker] DEBUG com.github.dockerjava.zerodep.shaded.org.apache.hc.client5.http.wire - http-outgoing-1 << "Ostype: linux[\r][\n]"
11:44:21.067 [Test worker] DEBUG com.github.dockerjava.zerodep.shaded.org.apache.hc.client5.http.wire - http-outgoing-1 << "Server: Docker/24.0.6 (linux)[\r][\n]"
11:44:21.067 [Test worker] DEBUG com.github.dockerjava.zerodep.shaded.org.apache.hc.client5.http.wire - http-outgoing-1 << "Transfer-Encoding: chunked[\r][\n]"
11:44:21.067 [Test worker] DEBUG com.github.dockerjava.zerodep.shaded.org.apache.hc.client5.http.wire - http-outgoing-1 << "[\r][\n]"
11:44:21.067 [Test worker] DEBUG com.github.dockerjava.zerodep.shaded.org.apache.hc.client5.http.headers - http-outgoing-1 << HTTP/1.1 200 OK
11:44:21.067 [Test worker] DEBUG com.github.dockerjava.zerodep.shaded.org.apache.hc.client5.http.headers - http-outgoing-1 << Api-Version: 1.43
11:44:21.067 [Test worker] DEBUG com.github.dockerjava.zerodep.shaded.org.apache.hc.client5.http.headers - http-outgoing-1 << Content-Type: application/json
11:44:21.067 [Test worker] DEBUG com.github.dockerjava.zerodep.shaded.org.apache.hc.client5.http.headers - http-outgoing-1 << Date: Sat, 25 Nov 2023 08:44:21 GMT
11:44:21.067 [Test worker] DEBUG com.github.dockerjava.zerodep.shaded.org.apache.hc.client5.http.headers - http-outgoing-1 << Docker-Experimental: false
11:44:21.067 [Test worker] DEBUG com.github.dockerjava.zerodep.shaded.org.apache.hc.client5.http.headers - http-outgoing-1 << Ostype: linux
11:44:21.067 [Test worker] DEBUG com.github.dockerjava.zerodep.shaded.org.apache.hc.client5.http.headers - http-outgoing-1 << Server: Docker/24.0.6 (linux)
11:44:21.067 [Test worker] DEBUG com.github.dockerjava.zerodep.shaded.org.apache.hc.client5.http.headers - http-outgoing-1 << Transfer-Encoding: chunked
11:44:21.067 [Test worker] DEBUG com.github.dockerjava.zerodep.shaded.org.apache.hc.client5.http.impl.classic.MainClientExec - ex-0000000E: connection can be kept alive for 3 MINUTES
11:44:21.068 [Test worker] DEBUG com.github.dockerjava.zerodep.shaded.org.apache.hc.client5.http.wire - http-outgoing-1 << "f1e[\r][\n]"
11:44:21.068 [Test worker] DEBUG com.github.dockerjava.zerodep.shaded.org.apache.hc.client5.http.wire - http-outgoing-1 << "{"Id":"sha256:30822e49853906b4aa69c3b854ced1ea38c55254ccb8f867550f0deece5486af","RepoTags":["postgres:15"],"RepoDigests":["postgres@sha256:2a4a773a097f79f673273d95637b72aa36f20bcc2f8892a01c3f7348f5ba3459"],"Parent":"","Comment":"buildkit.dockerfile.v0","Created":"2023-11-09T19:51:15Z","Container":"","ContainerConfig":{"Hostname":"","Domainname":"","User":"","AttachStdin":false,"AttachStdout":false,"AttachStderr":false,"Tty":false,"OpenStdin":false,"StdinOnce":false,"Env":null,"Cmd":null,"Image":"","Volumes":null,"WorkingDir":"","Entrypoint":null,"OnBuild":null,"Labels":null},"DockerVersion":"","Author":"","Config":{"Hostname":"","Domainname":"","User":"","AttachStdin":false,"AttachStdout":false,"AttachStderr":false,"ExposedPorts":{"5432/tcp":{}},"Tty":false,"OpenStdin":false,"StdinOnce":false,"Env":["PATH=/usr/local/sbin:/usr/local/bin:/usr/sbin:/usr/bin:/sbin:/bin:/usr/lib/postgresql/15/bin","GOSU_VERSION=1.16","LANG=en_US.utf8","PG_MAJOR=15","PG_VERSION=15.5-1.pgdg120+1","PGDATA=/var/lib/postgresql/data"],"Cmd":["postgres"],"ArgsEscaped":true,"Image":"","Volumes":{"/var/lib/postgresql/data":{}},"WorkingDir":"","Entrypoint":["docker-entrypoint.sh"],"OnBuild":null,"Labels":null,"StopSignal":"SIGINT"},"Architecture":"amd64","Os":"linux","Size":419050837,"VirtualSize":419050837,"GraphDriver":{"Data":{"LowerDir":"/var/lib/docker/overlay2/6f79dc1680472dd84ff1b70a487ba890d6fc726f5275f3d04aa8d1e2a2781563/diff:/var/lib/docker/overlay2/d4d7124f7620e02844225fdc94a098c02d10a7907a78bcf1e2e08fe34d71c89f/diff:/var/lib/docker/overlay2/4be20e346657384e7e1053257c6fb5b43cc5d84705fe25bfa1a285b0d883429e/diff:/var/lib/docker/overlay2/e60716d6e3e30100c1a302ca462acf1b54e3d34943466a7885255109c84548e2/diff:/var/lib/docker/overlay2/dae1eac525c37aa1994f24e2a032ce036eb5afa76ecdb671b0289ed4411d6ea3/diff:/var/lib/docker/overlay2/bd1b0f32aafcb54ed2cdd402110e822270ea1e20a74ab6829438ed6a899e1365/diff:/var/lib/docker/overlay2/dca718cde5f6e02c0a7082b8bfc321dc376717fe8029c132d30a2529c82e8c7e/diff:/var/lib/docker/overlay2/bcf176b7c97a4ce0bad464f660eeda0f7af120d3c9b5070e50e924ceca7b6d2b/diff:/var/lib/docker/overlay2/667369bd70f12af4220e4987f6eaf92f9ed81a2912c9450559a206dcb550c26e/diff:/var/lib/docker/overlay2/e761f1c542643e67329b196e32eaf845aacbfb5827cf0919bc9acc5b2de508a2/diff:/var/lib/docker/overlay2/ea5478ac478e6821ecfc0a5c9defe87aaf7395e0aa2140679da03e38060cd16d/diff:/var/lib/docker/overlay2/294c376824d6259b8b6a082e450c8f69bd812495acc6ef93bedcd80a0e9ed0e1/diff","MergedDir":"/var/lib/docker/overlay2/5b6f24923ede1bf54be31fdbaeb36ed3db9a3596881aa34df510bd38e08f905f/merged","UpperDir":"/var/lib/docker/overlay2/5b6f24923ede1bf54be31fdbaeb36ed3db9a3596881aa34df510bd38e08f905f/diff","WorkDir":"/var/lib/docker/overlay2/5b6f24923ede1bf54be31fdbaeb36ed3db9a3596881aa34df510bd38e08f905f/work"},"Name":"overlay2"},"RootFS":{"Type":"layers","Layers":["sha256:ec983b16636050e69677eb81537e955ab927757c23aaf73971ecf5f71fcc262a","sha256:ef0e2144436b3944c2b2259f66bd8d34fdb9a53ff75bbd269684eb24b9685993","sha256:59aac9921d3e6dcc61a76e6a3a1587a8c0c5c0c5cad6a3cec5dc583fc2aa217b","sha256:7533ae03b75fd4aa429d80f831f6d2946dc0240e3a0332fe5ae75c0dba33813d","sha256:49212432ac59ea4f5504a4555734a3880e4773e8dc4789f4accd6558bf6fa775","sha256:3e402932407efb4df17aaf6253e86b36894d417343ebc5fe03704a44b18c8cbc","sha256:d0b2654334584c19e65204e59ea671802041dc3cbb439b1fd1b2ce9b3e325515","sha256:cfa40c26161ca4e5d9df66922943e9b4cb9e4d5d8f97e09dd936e31983053af4","sha256:0821759c5210061855e18ef88ae4ba666d2fe82ee183fd67f582fac094ac6d1d","sha256:d5b9c74feecdf3b8327b2e7a68903ff08fd31d577db48bf9ed632e203097cbaf","sha256:b7718f808cd98f7db49038b2056af932b0039afbaf9f149661f595a510373cae","sha256:446d24faeaac6c653f52612b0eeed46216603c9a150addab35a526b6a31340a8","sha256:0dadbf0b918f5fa27b4beff07a229ddc8997792c095acdb08f5fa8eab928c469"]},"Metadata":{"LastTagTime":"0001-01-01T00:00:00Z"}}[\n]"
11:44:21.068 [Test worker] DEBUG com.github.dockerjava.zerodep.shaded.org.apache.hc.client5.http.wire - http-outgoing-1 << "[\r][\n]"
11:44:21.068 [Test worker] DEBUG com.github.dockerjava.zerodep.shaded.org.apache.hc.client5.http.wire - http-outgoing-1 << "0[\r][\n]"
11:44:21.068 [Test worker] DEBUG com.github.dockerjava.zerodep.shaded.org.apache.hc.client5.http.wire - http-outgoing-1 << "[\r][\n]"
11:44:21.069 [Test worker] DEBUG com.github.dockerjava.zerodep.shaded.org.apache.hc.client5.http.impl.classic.InternalHttpClient - ep-0000000D: releasing valid endpoint
11:44:21.069 [Test worker] DEBUG com.github.dockerjava.zerodep.shaded.org.apache.hc.client5.http.impl.io.PoolingHttpClientConnectionManager - ep-0000000D: releasing endpoint
11:44:21.069 [Test worker] DEBUG com.github.dockerjava.zerodep.shaded.org.apache.hc.client5.http.impl.io.PoolingHttpClientConnectionManager - ep-0000000D: connection http-outgoing-1 can be kept alive for 3 MINUTES
11:44:21.069 [Test worker] DEBUG com.github.dockerjava.zerodep.shaded.org.apache.hc.client5.http.impl.io.PoolingHttpClientConnectionManager - ep-0000000D: connection released [route: {}->npipe://localhost:2375][total available: 1; route allocated: 1 of 2147483647; total allocated: 1 of 2147483647]
11:44:21.069 [Test worker] DEBUG org.testcontainers.shaded.com.github.dockerjava.core.command.AbstrDockerCmd - Cmd: 
11:44:21.070 [Test worker] DEBUG com.github.dockerjava.zerodep.shaded.org.apache.hc.client5.http.impl.classic.InternalHttpClient - ex-0000000F: preparing request execution
11:44:21.070 [Test worker] DEBUG com.github.dockerjava.zerodep.shaded.org.apache.hc.client5.http.protocol.RequestAddCookies - Cookie spec selected: strict
11:44:21.070 [Test worker] DEBUG com.github.dockerjava.zerodep.shaded.org.apache.hc.client5.http.protocol.RequestAuthCache - Auth cache not set in the context
11:44:21.070 [Test worker] DEBUG com.github.dockerjava.zerodep.shaded.org.apache.hc.client5.http.impl.classic.ProtocolExec - ex-0000000F: target auth state: UNCHALLENGED
11:44:21.070 [Test worker] DEBUG com.github.dockerjava.zerodep.shaded.org.apache.hc.client5.http.impl.classic.ProtocolExec - ex-0000000F: proxy auth state: UNCHALLENGED
11:44:21.070 [Test worker] DEBUG com.github.dockerjava.zerodep.shaded.org.apache.hc.client5.http.impl.classic.ConnectExec - ex-0000000F: acquiring connection with route {}->npipe://localhost:2375
11:44:21.070 [Test worker] DEBUG com.github.dockerjava.zerodep.shaded.org.apache.hc.client5.http.impl.classic.InternalHttpClient - ex-0000000F: acquiring endpoint (3 MINUTES)
11:44:21.070 [Test worker] DEBUG com.github.dockerjava.zerodep.shaded.org.apache.hc.client5.http.impl.io.PoolingHttpClientConnectionManager - ex-0000000F: endpoint lease request (3 MINUTES) [route: {}->npipe://localhost:2375][total available: 1; route allocated: 1 of 2147483647; total allocated: 1 of 2147483647]
11:44:21.070 [Test worker] DEBUG com.github.dockerjava.zerodep.shaded.org.apache.hc.client5.http.impl.io.PoolingHttpClientConnectionManager - ex-0000000F: endpoint leased [route: {}->npipe://localhost:2375][total available: 0; route allocated: 1 of 2147483647; total allocated: 1 of 2147483647]
11:44:21.070 [Test worker] DEBUG com.github.dockerjava.zerodep.shaded.org.apache.hc.client5.http.impl.io.PoolingHttpClientConnectionManager - ex-0000000F: acquired ep-0000000E
11:44:21.070 [Test worker] DEBUG com.github.dockerjava.zerodep.shaded.org.apache.hc.client5.http.impl.classic.InternalHttpClient - ex-0000000F: acquired endpoint ep-0000000E
11:44:21.070 [Test worker] DEBUG com.github.dockerjava.zerodep.shaded.org.apache.hc.client5.http.impl.classic.MainClientExec - ex-0000000F: executing GET /v1.32/version HTTP/1.1
11:44:21.070 [Test worker] DEBUG com.github.dockerjava.zerodep.shaded.org.apache.hc.client5.http.impl.classic.InternalHttpClient - ep-0000000E: start execution ex-0000000F
11:44:21.070 [Test worker] DEBUG com.github.dockerjava.zerodep.shaded.org.apache.hc.client5.http.impl.io.PoolingHttpClientConnectionManager - ep-0000000E: executing exchange ex-0000000F over http-outgoing-1
11:44:21.070 [Test worker] DEBUG com.github.dockerjava.zerodep.shaded.org.apache.hc.client5.http.headers - http-outgoing-1 >> GET /v1.32/version HTTP/1.1
11:44:21.070 [Test worker] DEBUG com.github.dockerjava.zerodep.shaded.org.apache.hc.client5.http.headers - http-outgoing-1 >> accept: application/json
11:44:21.070 [Test worker] DEBUG com.github.dockerjava.zerodep.shaded.org.apache.hc.client5.http.headers - http-outgoing-1 >> x-tc-sid: af84bb41-8d04-425a-9335-6ad2c7615817
11:44:21.070 [Test worker] DEBUG com.github.dockerjava.zerodep.shaded.org.apache.hc.client5.http.headers - http-outgoing-1 >> User-Agent: tc-java/1.19.2
11:44:21.070 [Test worker] DEBUG com.github.dockerjava.zerodep.shaded.org.apache.hc.client5.http.headers - http-outgoing-1 >> Accept-Encoding: gzip, x-gzip, deflate
11:44:21.070 [Test worker] DEBUG com.github.dockerjava.zerodep.shaded.org.apache.hc.client5.http.headers - http-outgoing-1 >> Host: localhost:2375
11:44:21.070 [Test worker] DEBUG com.github.dockerjava.zerodep.shaded.org.apache.hc.client5.http.headers - http-outgoing-1 >> Connection: keep-alive
11:44:21.071 [Test worker] DEBUG com.github.dockerjava.zerodep.shaded.org.apache.hc.client5.http.wire - http-outgoing-1 >> "GET /v1.32/version HTTP/1.1[\r][\n]"
11:44:21.071 [Test worker] DEBUG com.github.dockerjava.zerodep.shaded.org.apache.hc.client5.http.wire - http-outgoing-1 >> "accept: application/json[\r][\n]"
11:44:21.071 [Test worker] DEBUG com.github.dockerjava.zerodep.shaded.org.apache.hc.client5.http.wire - http-outgoing-1 >> "x-tc-sid: af84bb41-8d04-425a-9335-6ad2c7615817[\r][\n]"
11:44:21.071 [Test worker] DEBUG com.github.dockerjava.zerodep.shaded.org.apache.hc.client5.http.wire - http-outgoing-1 >> "User-Agent: tc-java/1.19.2[\r][\n]"
11:44:21.071 [Test worker] DEBUG com.github.dockerjava.zerodep.shaded.org.apache.hc.client5.http.wire - http-outgoing-1 >> "Accept-Encoding: gzip, x-gzip, deflate[\r][\n]"
11:44:21.071 [Test worker] DEBUG com.github.dockerjava.zerodep.shaded.org.apache.hc.client5.http.wire - http-outgoing-1 >> "Host: localhost:2375[\r][\n]"
11:44:21.071 [Test worker] DEBUG com.github.dockerjava.zerodep.shaded.org.apache.hc.client5.http.wire - http-outgoing-1 >> "Connection: keep-alive[\r][\n]"
11:44:21.071 [Test worker] DEBUG com.github.dockerjava.zerodep.shaded.org.apache.hc.client5.http.wire - http-outgoing-1 >> "[\r][\n]"
11:44:21.081 [Test worker] DEBUG com.github.dockerjava.zerodep.shaded.org.apache.hc.client5.http.wire - http-outgoing-1 << "HTTP/1.1 200 OK[\r][\n]"
11:44:21.081 [Test worker] DEBUG com.github.dockerjava.zerodep.shaded.org.apache.hc.client5.http.wire - http-outgoing-1 << "Api-Version: 1.43[\r][\n]"
11:44:21.081 [Test worker] DEBUG com.github.dockerjava.zerodep.shaded.org.apache.hc.client5.http.wire - http-outgoing-1 << "Content-Type: application/json[\r][\n]"
11:44:21.081 [Test worker] DEBUG com.github.dockerjava.zerodep.shaded.org.apache.hc.client5.http.wire - http-outgoing-1 << "Date: Sat, 25 Nov 2023 08:44:21 GMT[\r][\n]"
11:44:21.081 [Test worker] DEBUG com.github.dockerjava.zerodep.shaded.org.apache.hc.client5.http.wire - http-outgoing-1 << "Docker-Experimental: false[\r][\n]"
11:44:21.081 [Test worker] DEBUG com.github.dockerjava.zerodep.shaded.org.apache.hc.client5.http.wire - http-outgoing-1 << "Ostype: linux[\r][\n]"
11:44:21.081 [Test worker] DEBUG com.github.dockerjava.zerodep.shaded.org.apache.hc.client5.http.wire - http-outgoing-1 << "Server: Docker/24.0.6 (linux)[\r][\n]"
11:44:21.081 [Test worker] DEBUG com.github.dockerjava.zerodep.shaded.org.apache.hc.client5.http.wire - http-outgoing-1 << "Transfer-Encoding: chunked[\r][\n]"
11:44:21.081 [Test worker] DEBUG com.github.dockerjava.zerodep.shaded.org.apache.hc.client5.http.wire - http-outgoing-1 << "[\r][\n]"
11:44:21.081 [Test worker] DEBUG com.github.dockerjava.zerodep.shaded.org.apache.hc.client5.http.headers - http-outgoing-1 << HTTP/1.1 200 OK
11:44:21.081 [Test worker] DEBUG com.github.dockerjava.zerodep.shaded.org.apache.hc.client5.http.headers - http-outgoing-1 << Api-Version: 1.43
11:44:21.081 [Test worker] DEBUG com.github.dockerjava.zerodep.shaded.org.apache.hc.client5.http.headers - http-outgoing-1 << Content-Type: application/json
11:44:21.081 [Test worker] DEBUG com.github.dockerjava.zerodep.shaded.org.apache.hc.client5.http.headers - http-outgoing-1 << Date: Sat, 25 Nov 2023 08:44:21 GMT
11:44:21.081 [Test worker] DEBUG com.github.dockerjava.zerodep.shaded.org.apache.hc.client5.http.headers - http-outgoing-1 << Docker-Experimental: false
11:44:21.081 [Test worker] DEBUG com.github.dockerjava.zerodep.shaded.org.apache.hc.client5.http.headers - http-outgoing-1 << Ostype: linux
11:44:21.081 [Test worker] DEBUG com.github.dockerjava.zerodep.shaded.org.apache.hc.client5.http.headers - http-outgoing-1 << Server: Docker/24.0.6 (linux)
11:44:21.081 [Test worker] DEBUG com.github.dockerjava.zerodep.shaded.org.apache.hc.client5.http.headers - http-outgoing-1 << Transfer-Encoding: chunked
11:44:21.081 [Test worker] DEBUG com.github.dockerjava.zerodep.shaded.org.apache.hc.client5.http.impl.classic.MainClientExec - ex-0000000F: connection can be kept alive for 3 MINUTES
11:44:21.082 [Test worker] DEBUG com.github.dockerjava.zerodep.shaded.org.apache.hc.client5.http.wire - http-outgoing-1 << "35d[\r][\n]"
11:44:21.082 [Test worker] DEBUG com.github.dockerjava.zerodep.shaded.org.apache.hc.client5.http.wire - http-outgoing-1 << "{"Platform":{"Name":"Docker Desktop 4.25.0 (126437)"},"Components":[{"Name":"Engine","Version":"24.0.6","Details":{"ApiVersion":"1.43","Arch":"amd64","BuildTime":"2023-09-04T12:32:16.000000000+00:00","Experimental":"false","GitCommit":"1a79695","GoVersion":"go1.20.7","KernelVersion":"5.15.133.1-microsoft-standard-WSL2","MinAPIVersion":"1.12","Os":"linux"}},{"Name":"containerd","Version":"1.6.22","Details":{"GitCommit":"8165feabfdfe38c65b599c4993d227328c231fca"}},{"Name":"runc","Version":"1.1.8","Details":{"GitCommit":"v1.1.8-0-g82f18fe"}},{"Name":"docker-init","Version":"0.19.0","Details":{"GitCommit":"de40ad0"}}],"Version":"24.0.6","ApiVersion":"1.43","MinAPIVersion":"1.12","GitCommit":"1a79695","GoVersion":"go1.20.7","Os":"linux","Arch":"amd64","KernelVersion":"5.15.133.1-microsoft-standard-WSL2","BuildTime":"2023-09-04T12:32:16.000000000+00:00"}[\n]"
11:44:21.082 [Test worker] DEBUG com.github.dockerjava.zerodep.shaded.org.apache.hc.client5.http.wire - http-outgoing-1 << "[\r][\n]"
11:44:21.082 [Test worker] DEBUG com.github.dockerjava.zerodep.shaded.org.apache.hc.client5.http.wire - http-outgoing-1 << "0[\r][\n]"
11:44:21.082 [Test worker] DEBUG com.github.dockerjava.zerodep.shaded.org.apache.hc.client5.http.wire - http-outgoing-1 << "[\r][\n]"
11:44:21.082 [Test worker] DEBUG com.github.dockerjava.zerodep.shaded.org.apache.hc.client5.http.impl.classic.InternalHttpClient - ep-0000000E: releasing valid endpoint
11:44:21.082 [Test worker] DEBUG com.github.dockerjava.zerodep.shaded.org.apache.hc.client5.http.impl.io.PoolingHttpClientConnectionManager - ep-0000000E: releasing endpoint
11:44:21.082 [Test worker] DEBUG com.github.dockerjava.zerodep.shaded.org.apache.hc.client5.http.impl.io.PoolingHttpClientConnectionManager - ep-0000000E: connection http-outgoing-1 can be kept alive for 3 MINUTES
11:44:21.082 [Test worker] DEBUG com.github.dockerjava.zerodep.shaded.org.apache.hc.client5.http.impl.io.PoolingHttpClientConnectionManager - ep-0000000E: connection released [route: {}->npipe://localhost:2375][total available: 1; route allocated: 1 of 2147483647; total allocated: 1 of 2147483647]
11:44:21.084 [docker-java-stream--346210973] DEBUG com.github.dockerjava.zerodep.shaded.org.apache.hc.client5.http.impl.classic.InternalHttpClient - ex-00000010: preparing request execution
11:44:21.085 [docker-java-stream--346210973] DEBUG com.github.dockerjava.zerodep.shaded.org.apache.hc.client5.http.protocol.RequestAddCookies - Cookie spec selected: strict
11:44:21.085 [docker-java-stream--346210973] DEBUG com.github.dockerjava.zerodep.shaded.org.apache.hc.client5.http.protocol.RequestAuthCache - Auth cache not set in the context
11:44:21.085 [docker-java-stream--346210973] DEBUG com.github.dockerjava.zerodep.shaded.org.apache.hc.client5.http.impl.classic.ProtocolExec - ex-00000010: target auth state: UNCHALLENGED
11:44:21.085 [docker-java-stream--346210973] DEBUG com.github.dockerjava.zerodep.shaded.org.apache.hc.client5.http.impl.classic.ProtocolExec - ex-00000010: proxy auth state: UNCHALLENGED
11:44:21.085 [docker-java-stream--346210973] DEBUG com.github.dockerjava.zerodep.shaded.org.apache.hc.client5.http.impl.classic.ConnectExec - ex-00000010: acquiring connection with route {}->npipe://localhost:2375
11:44:21.085 [docker-java-stream--346210973] DEBUG com.github.dockerjava.zerodep.shaded.org.apache.hc.client5.http.impl.classic.InternalHttpClient - ex-00000010: acquiring endpoint (3 MINUTES)
11:44:21.085 [docker-java-stream--346210973] DEBUG com.github.dockerjava.zerodep.shaded.org.apache.hc.client5.http.impl.io.PoolingHttpClientConnectionManager - ex-00000010: endpoint lease request (3 MINUTES) [route: {}->npipe://localhost:2375][total available: 1; route allocated: 1 of 2147483647; total allocated: 1 of 2147483647]
11:44:21.085 [docker-java-stream--346210973] DEBUG com.github.dockerjava.zerodep.shaded.org.apache.hc.client5.http.impl.io.PoolingHttpClientConnectionManager - ex-00000010: endpoint leased [route: {}->npipe://localhost:2375][total available: 0; route allocated: 1 of 2147483647; total allocated: 1 of 2147483647]
11:44:21.085 [docker-java-stream--346210973] DEBUG com.github.dockerjava.zerodep.shaded.org.apache.hc.client5.http.impl.io.PoolingHttpClientConnectionManager - ex-00000010: acquired ep-0000000F
11:44:21.085 [docker-java-stream--346210973] DEBUG com.github.dockerjava.zerodep.shaded.org.apache.hc.client5.http.impl.classic.InternalHttpClient - ex-00000010: acquired endpoint ep-0000000F
11:44:21.085 [docker-java-stream--346210973] DEBUG com.github.dockerjava.zerodep.shaded.org.apache.hc.client5.http.impl.classic.MainClientExec - ex-00000010: executing GET /v1.32/containers/fd35565a8193ff7497cfe2fec2be73f969c1fc1ab077f4ec20fbcc9a9b6fb97f/logs?stdout=true&stderr=true&follow=true&since=0 HTTP/1.1
11:44:21.085 [docker-java-stream--346210973] DEBUG com.github.dockerjava.zerodep.shaded.org.apache.hc.client5.http.impl.classic.InternalHttpClient - ep-0000000F: start execution ex-00000010
11:44:21.085 [docker-java-stream--346210973] DEBUG com.github.dockerjava.zerodep.shaded.org.apache.hc.client5.http.impl.io.PoolingHttpClientConnectionManager - ep-0000000F: executing exchange ex-00000010 over http-outgoing-1
11:44:21.085 [docker-java-stream--346210973] DEBUG com.github.dockerjava.zerodep.shaded.org.apache.hc.client5.http.headers - http-outgoing-1 >> GET /v1.32/containers/fd35565a8193ff7497cfe2fec2be73f969c1fc1ab077f4ec20fbcc9a9b6fb97f/logs?stdout=true&stderr=true&follow=true&since=0 HTTP/1.1
11:44:21.085 [docker-java-stream--346210973] DEBUG com.github.dockerjava.zerodep.shaded.org.apache.hc.client5.http.headers - http-outgoing-1 >> x-tc-sid: af84bb41-8d04-425a-9335-6ad2c7615817
11:44:21.085 [docker-java-stream--346210973] DEBUG com.github.dockerjava.zerodep.shaded.org.apache.hc.client5.http.headers - http-outgoing-1 >> User-Agent: tc-java/1.19.2
11:44:21.085 [docker-java-stream--346210973] DEBUG com.github.dockerjava.zerodep.shaded.org.apache.hc.client5.http.headers - http-outgoing-1 >> Accept-Encoding: gzip, x-gzip, deflate
11:44:21.085 [docker-java-stream--346210973] DEBUG com.github.dockerjava.zerodep.shaded.org.apache.hc.client5.http.headers - http-outgoing-1 >> Host: localhost:2375
11:44:21.085 [docker-java-stream--346210973] DEBUG com.github.dockerjava.zerodep.shaded.org.apache.hc.client5.http.headers - http-outgoing-1 >> Connection: keep-alive
11:44:21.085 [docker-java-stream--346210973] DEBUG com.github.dockerjava.zerodep.shaded.org.apache.hc.client5.http.wire - http-outgoing-1 >> "GET /v1.32/containers/fd35565a8193ff7497cfe2fec2be73f969c1fc1ab077f4ec20fbcc9a9b6fb97f/logs?stdout=true&stderr=true&follow=true&since=0 HTTP/1.1[\r][\n]"
11:44:21.085 [docker-java-stream--346210973] DEBUG com.github.dockerjava.zerodep.shaded.org.apache.hc.client5.http.wire - http-outgoing-1 >> "x-tc-sid: af84bb41-8d04-425a-9335-6ad2c7615817[\r][\n]"
11:44:21.085 [docker-java-stream--346210973] DEBUG com.github.dockerjava.zerodep.shaded.org.apache.hc.client5.http.wire - http-outgoing-1 >> "User-Agent: tc-java/1.19.2[\r][\n]"
11:44:21.085 [docker-java-stream--346210973] DEBUG com.github.dockerjava.zerodep.shaded.org.apache.hc.client5.http.wire - http-outgoing-1 >> "Accept-Encoding: gzip, x-gzip, deflate[\r][\n]"
11:44:21.085 [docker-java-stream--346210973] DEBUG com.github.dockerjava.zerodep.shaded.org.apache.hc.client5.http.wire - http-outgoing-1 >> "Host: localhost:2375[\r][\n]"
11:44:21.085 [docker-java-stream--346210973] DEBUG com.github.dockerjava.zerodep.shaded.org.apache.hc.client5.http.wire - http-outgoing-1 >> "Connection: keep-alive[\r][\n]"
11:44:21.085 [docker-java-stream--346210973] DEBUG com.github.dockerjava.zerodep.shaded.org.apache.hc.client5.http.wire - http-outgoing-1 >> "[\r][\n]"
11:44:21.091 [docker-java-stream--346210973] DEBUG com.github.dockerjava.zerodep.shaded.org.apache.hc.client5.http.wire - http-outgoing-1 << "HTTP/1.1 200 OK[\r][\n]"
11:44:21.091 [docker-java-stream--346210973] DEBUG com.github.dockerjava.zerodep.shaded.org.apache.hc.client5.http.wire - http-outgoing-1 << "Api-Version: 1.43[\r][\n]"
11:44:21.091 [docker-java-stream--346210973] DEBUG com.github.dockerjava.zerodep.shaded.org.apache.hc.client5.http.wire - http-outgoing-1 << "Content-Type: application/vnd.docker.raw-stream[\r][\n]"
11:44:21.091 [docker-java-stream--346210973] DEBUG com.github.dockerjava.zerodep.shaded.org.apache.hc.client5.http.wire - http-outgoing-1 << "Date: Sat, 25 Nov 2023 08:44:21 GMT[\r][\n]"
11:44:21.091 [docker-java-stream--346210973] DEBUG com.github.dockerjava.zerodep.shaded.org.apache.hc.client5.http.wire - http-outgoing-1 << "Docker-Experimental: false[\r][\n]"
11:44:21.091 [docker-java-stream--346210973] DEBUG com.github.dockerjava.zerodep.shaded.org.apache.hc.client5.http.wire - http-outgoing-1 << "Ostype: linux[\r][\n]"
11:44:21.091 [docker-java-stream--346210973] DEBUG com.github.dockerjava.zerodep.shaded.org.apache.hc.client5.http.wire - http-outgoing-1 << "Server: Docker/24.0.6 (linux)[\r][\n]"
11:44:21.091 [docker-java-stream--346210973] DEBUG com.github.dockerjava.zerodep.shaded.org.apache.hc.client5.http.wire - http-outgoing-1 << "Transfer-Encoding: chunked[\r][\n]"
11:44:21.091 [docker-java-stream--346210973] DEBUG com.github.dockerjava.zerodep.shaded.org.apache.hc.client5.http.wire - http-outgoing-1 << "[\r][\n]"
11:44:21.091 [docker-java-stream--346210973] DEBUG com.github.dockerjava.zerodep.shaded.org.apache.hc.client5.http.headers - http-outgoing-1 << HTTP/1.1 200 OK
11:44:21.091 [docker-java-stream--346210973] DEBUG com.github.dockerjava.zerodep.shaded.org.apache.hc.client5.http.headers - http-outgoing-1 << Api-Version: 1.43
11:44:21.091 [docker-java-stream--346210973] DEBUG com.github.dockerjava.zerodep.shaded.org.apache.hc.client5.http.headers - http-outgoing-1 << Content-Type: application/vnd.docker.raw-stream
11:44:21.091 [docker-java-stream--346210973] DEBUG com.github.dockerjava.zerodep.shaded.org.apache.hc.client5.http.headers - http-outgoing-1 << Date: Sat, 25 Nov 2023 08:44:21 GMT
11:44:21.091 [docker-java-stream--346210973] DEBUG com.github.dockerjava.zerodep.shaded.org.apache.hc.client5.http.headers - http-outgoing-1 << Docker-Experimental: false
11:44:21.091 [docker-java-stream--346210973] DEBUG com.github.dockerjava.zerodep.shaded.org.apache.hc.client5.http.headers - http-outgoing-1 << Ostype: linux
11:44:21.091 [docker-java-stream--346210973] DEBUG com.github.dockerjava.zerodep.shaded.org.apache.hc.client5.http.headers - http-outgoing-1 << Server: Docker/24.0.6 (linux)
11:44:21.091 [docker-java-stream--346210973] DEBUG com.github.dockerjava.zerodep.shaded.org.apache.hc.client5.http.headers - http-outgoing-1 << Transfer-Encoding: chunked
11:44:21.091 [docker-java-stream--346210973] DEBUG com.github.dockerjava.zerodep.shaded.org.apache.hc.client5.http.impl.classic.MainClientExec - ex-00000010: connection can be kept alive for 3 MINUTES
11:44:21.092 [docker-java-stream--346210973] DEBUG com.github.dockerjava.zerodep.shaded.org.apache.hc.client5.http.wire - http-outgoing-1 << "2ca[\r][\n]"
11:44:21.092 [docker-java-stream--346210973] DEBUG com.github.dockerjava.zerodep.shaded.org.apache.hc.client5.http.wire - http-outgoing-1 << "[0x1][0x0][0x0][0x0][0x0][0x0][0x0]NThe files belonging to this database system will be owned by user "postgres".[\n]"
11:44:21.092 [docker-java-stream--346210973] DEBUG com.github.dockerjava.zerodep.shaded.org.apache.hc.client5.http.wire - http-outgoing-1 << "[0x1][0x0][0x0][0x0][0x0][0x0][0x0],This user must also own the server process.[\n]"
11:44:21.092 [docker-java-stream--346210973] DEBUG com.github.dockerjava.zerodep.shaded.org.apache.hc.client5.http.wire - http-outgoing-1 << "[0x1][0x0][0x0][0x0][0x0][0x0][0x0][0x1][\n]"
11:44:21.092 [docker-java-stream--346210973] DEBUG com.github.dockerjava.zerodep.shaded.org.apache.hc.client5.http.wire - http-outgoing-1 << "[0x1][0x0][0x0][0x0][0x0][0x0][0x0]CThe database cluster will be initialized with locale "en_US.utf8".[\n]"
11:44:21.092 [docker-java-stream--346210973] DEBUG com.github.dockerjava.zerodep.shaded.org.apache.hc.client5.http.wire - http-outgoing-1 << "[0x1][0x0][0x0][0x0][0x0][0x0][0x0]BThe default database encoding has accordingly been set to "UTF8".[\n]"
11:44:21.092 [docker-java-stream--346210973] DEBUG com.github.dockerjava.zerodep.shaded.org.apache.hc.client5.http.wire - http-outgoing-1 << "[0x1][0x0][0x0][0x0][0x0][0x0][0x0]@The default text search configuration will be set to "english".[\n]"
11:44:21.092 [docker-java-stream--346210973] DEBUG com.github.dockerjava.zerodep.shaded.org.apache.hc.client5.http.wire - http-outgoing-1 << "[0x1][0x0][0x0][0x0][0x0][0x0][0x0][0x1][\n]"
11:44:21.092 [docker-java-stream--346210973] DEBUG com.github.dockerjava.zerodep.shaded.org.apache.hc.client5.http.wire - http-outgoing-1 << "[0x1][0x0][0x0][0x0][0x0][0x0][0x0]"Data page checksums are disabled.[\n]"
11:44:21.092 [docker-java-stream--346210973] DEBUG com.github.dockerjava.zerodep.shaded.org.apache.hc.client5.http.wire - http-outgoing-1 << "[0x1][0x0][0x0][0x0][0x0][0x0][0x0][0x1][\n]"
11:44:21.092 [docker-java-stream--346210973] DEBUG com.github.dockerjava.zerodep.shaded.org.apache.hc.client5.http.wire - http-outgoing-1 << "[0x1][0x0][0x0][0x0][0x0][0x0][0x0]Ifixing permissions on existing directory /var/lib/postgresql/data ... ok[\n]"
11:44:21.092 [docker-java-stream--346210973] DEBUG com.github.dockerjava.zerodep.shaded.org.apache.hc.client5.http.wire - http-outgoing-1 << "[0x1][0x0][0x0][0x0][0x0][0x0][0x0][0x1f]creating subdirectories ... ok[\n]"
11:44:21.092 [docker-java-stream--346210973] DEBUG com.github.dockerjava.zerodep.shaded.org.apache.hc.client5.http.wire - http-outgoing-1 << "[0x1][0x0][0x0][0x0][0x0][0x0][0x0]9selecting dynamic shared memory implementation ... posix[\n]"
11:44:21.092 [docker-java-stream--346210973] DEBUG com.github.dockerjava.zerodep.shaded.org.apache.hc.client5.http.wire - http-outgoing-1 << "[0x1][0x0][0x0][0x0][0x0][0x0][0x0]*selecting default max_connections ... 100[\n]"
11:44:21.092 [docker-java-stream--346210973] DEBUG com.github.dockerjava.zerodep.shaded.org.apache.hc.client5.http.wire - http-outgoing-1 << "[0x1][0x0][0x0][0x0][0x0][0x0][0x0]+selecting default shared_buffers ... 128MB[\n]"
11:44:21.092 [docker-java-stream--346210973] DEBUG com.github.dockerjava.zerodep.shaded.org.apache.hc.client5.http.wire - http-outgoing-1 << "[\r][\n]"
11:44:21.092 [Test worker] DEBUG org.testcontainers.containers.output.WaitingConsumer - STDOUT: The files belonging to this database system will be owned by user "postgres".
11:44:21.092 [Test worker] DEBUG org.testcontainers.containers.output.WaitingConsumer - STDOUT: fixing permissions on existing directory /var/lib/postgresql/data ... ok
11:44:21.092 [Test worker] DEBUG org.testcontainers.containers.output.WaitingConsumer - STDOUT: selecting default shared_buffers ... 128MB
11:44:21.092 [Test worker] DEBUG org.testcontainers.containers.output.WaitingConsumer - STDOUT: selecting default max_connections ... 100
11:44:21.092 [Test worker] DEBUG org.testcontainers.containers.output.WaitingConsumer - STDOUT: selecting dynamic shared memory implementation ... posix
11:44:21.092 [Test worker] DEBUG org.testcontainers.containers.output.WaitingConsumer - STDOUT: creating subdirectories ... ok
11:44:21.093 [Test worker] DEBUG org.testcontainers.containers.output.WaitingConsumer - STDOUT: 
11:44:21.093 [Test worker] DEBUG org.testcontainers.containers.output.WaitingConsumer - STDOUT: Data page checksums are disabled.
11:44:21.093 [Test worker] DEBUG org.testcontainers.containers.output.WaitingConsumer - STDOUT: 
11:44:21.093 [Test worker] DEBUG org.testcontainers.containers.output.WaitingConsumer - STDOUT: The default text search configuration will be set to "english".
11:44:21.093 [Test worker] DEBUG org.testcontainers.containers.output.WaitingConsumer - STDOUT: The default database encoding has accordingly been set to "UTF8".
11:44:21.093 [Test worker] DEBUG org.testcontainers.containers.output.WaitingConsumer - STDOUT: The database cluster will be initialized with locale "en_US.utf8".
11:44:21.093 [Test worker] DEBUG org.testcontainers.containers.output.WaitingConsumer - STDOUT: 
11:44:21.093 [Test worker] DEBUG org.testcontainers.containers.output.WaitingConsumer - STDOUT: This user must also own the server process.
11:44:21.099 [docker-java-stream--346210973] DEBUG com.github.dockerjava.zerodep.shaded.org.apache.hc.client5.http.wire - http-outgoing-1 << "30[\r][\n]"
11:44:21.099 [docker-java-stream--346210973] DEBUG com.github.dockerjava.zerodep.shaded.org.apache.hc.client5.http.wire - http-outgoing-1 << "[0x1][0x0][0x0][0x0][0x0][0x0][0x0](selecting default time zone ... Etc/UTC[\n]"
11:44:21.099 [docker-java-stream--346210973] DEBUG com.github.dockerjava.zerodep.shaded.org.apache.hc.client5.http.wire - http-outgoing-1 << "[\r][\n]"
11:44:21.102 [docker-java-stream--346210973] DEBUG com.github.dockerjava.zerodep.shaded.org.apache.hc.client5.http.wire - http-outgoing-1 << "2c[\r][\n]"
11:44:21.102 [docker-java-stream--346210973] DEBUG com.github.dockerjava.zerodep.shaded.org.apache.hc.client5.http.wire - http-outgoing-1 << "[0x1][0x0][0x0][0x0][0x0][0x0][0x0]$creating configuration files ... ok[\n]"
11:44:21.102 [docker-java-stream--346210973] DEBUG com.github.dockerjava.zerodep.shaded.org.apache.hc.client5.http.wire - http-outgoing-1 << "[\r][\n]"
11:44:21.113 [Test worker] DEBUG org.testcontainers.containers.output.WaitingConsumer - STDOUT: creating configuration files ... ok
11:44:21.113 [Test worker] DEBUG org.testcontainers.containers.output.WaitingConsumer - STDOUT: selecting default time zone ... Etc/UTC
11:44:21.250 [docker-java-stream--346210973] DEBUG com.github.dockerjava.zerodep.shaded.org.apache.hc.client5.http.wire - http-outgoing-1 << "28[\r][\n]"
11:44:21.250 [docker-java-stream--346210973] DEBUG com.github.dockerjava.zerodep.shaded.org.apache.hc.client5.http.wire - http-outgoing-1 << "[0x1][0x0][0x0][0x0][0x0][0x0][0x0] running bootstrap script ... ok[\n]"
11:44:21.250 [docker-java-stream--346210973] DEBUG com.github.dockerjava.zerodep.shaded.org.apache.hc.client5.http.wire - http-outgoing-1 << "[\r][\n]"
11:44:21.251 [Test worker] DEBUG org.testcontainers.containers.output.WaitingConsumer - STDOUT: running bootstrap script ... ok
11:44:21.568 [docker-java-stream--346210973] DEBUG com.github.dockerjava.zerodep.shaded.org.apache.hc.client5.http.wire - http-outgoing-1 << "38[\r][\n]"
11:44:21.568 [docker-java-stream--346210973] DEBUG com.github.dockerjava.zerodep.shaded.org.apache.hc.client5.http.wire - http-outgoing-1 << "[0x1][0x0][0x0][0x0][0x0][0x0][0x0]0performing post-bootstrap initialization ... ok[\n]"
11:44:21.569 [docker-java-stream--346210973] DEBUG com.github.dockerjava.zerodep.shaded.org.apache.hc.client5.http.wire - http-outgoing-1 << "[\r][\n]"
11:44:21.569 [Test worker] DEBUG org.testcontainers.containers.output.WaitingConsumer - STDOUT: performing post-bootstrap initialization ... ok
11:44:21.724 [docker-java-stream--346210973] DEBUG com.github.dockerjava.zerodep.shaded.org.apache.hc.client5.http.wire - http-outgoing-1 << "1ad[\r][\n]"
11:44:21.724 [docker-java-stream--346210973] DEBUG com.github.dockerjava.zerodep.shaded.org.apache.hc.client5.http.wire - http-outgoing-1 << "[0x2][0x0][0x0][0x0][0x0][0x0][0x0]Ginitdb: warning: enabling "trust" authentication for local connections[\n]"
11:44:21.724 [docker-java-stream--346210973] DEBUG com.github.dockerjava.zerodep.shaded.org.apache.hc.client5.http.wire - http-outgoing-1 << "[0x2][0x0][0x0][0x0][0x0][0x0][0x0][0xffffff90]initdb: hint: You can change this by editing pg_hba.conf or using the option -A, or --auth-local and --auth-host, the next time you run initdb.[\n]"
11:44:21.724 [docker-java-stream--346210973] DEBUG com.github.dockerjava.zerodep.shaded.org.apache.hc.client5.http.wire - http-outgoing-1 << "[0x1][0x0][0x0][0x0][0x0][0x0][0x0][0x1c]syncing data to disk ... ok[\n]"
11:44:21.724 [docker-java-stream--346210973] DEBUG com.github.dockerjava.zerodep.shaded.org.apache.hc.client5.http.wire - http-outgoing-1 << "[0x1][0x0][0x0][0x0][0x0][0x0][0x0][0x1][\n]"
11:44:21.724 [docker-java-stream--346210973] DEBUG com.github.dockerjava.zerodep.shaded.org.apache.hc.client5.http.wire - http-outgoing-1 << "[0x1][0x0][0x0][0x0][0x0][0x0][0x0][0x1][\n]"
11:44:21.724 [docker-java-stream--346210973] DEBUG com.github.dockerjava.zerodep.shaded.org.apache.hc.client5.http.wire - http-outgoing-1 << "[0x1][0x0][0x0][0x0][0x0][0x0][0x0]6Success. You can now start the database server using:[\n]"
11:44:21.724 [docker-java-stream--346210973] DEBUG com.github.dockerjava.zerodep.shaded.org.apache.hc.client5.http.wire - http-outgoing-1 << "[0x1][0x0][0x0][0x0][0x0][0x0][0x0][0x1][\n]"
11:44:21.724 [docker-java-stream--346210973] DEBUG com.github.dockerjava.zerodep.shaded.org.apache.hc.client5.http.wire - http-outgoing-1 << "[0x1][0x0][0x0][0x0][0x0][0x0][0x0]8    pg_ctl -D /var/lib/postgresql/data -l logfile start[\n]"
11:44:21.724 [docker-java-stream--346210973] DEBUG com.github.dockerjava.zerodep.shaded.org.apache.hc.client5.http.wire - http-outgoing-1 << "[0x1][0x0][0x0][0x0][0x0][0x0][0x0][0x1][\n]"
11:44:21.724 [docker-java-stream--346210973] DEBUG com.github.dockerjava.zerodep.shaded.org.apache.hc.client5.http.wire - http-outgoing-1 << "[\r][\n]"
11:44:21.724 [Test worker] DEBUG org.testcontainers.containers.output.WaitingConsumer - STDERR: initdb: warning: enabling "trust" authentication for local connections
11:44:21.724 [Test worker] DEBUG org.testcontainers.containers.output.WaitingConsumer - STDOUT: 
11:44:21.724 [Test worker] DEBUG org.testcontainers.containers.output.WaitingConsumer - STDOUT: Success. You can now start the database server using:
11:44:21.724 [Test worker] DEBUG org.testcontainers.containers.output.WaitingConsumer - STDOUT: 
11:44:21.724 [Test worker] DEBUG org.testcontainers.containers.output.WaitingConsumer - STDOUT: 
11:44:21.724 [Test worker] DEBUG org.testcontainers.containers.output.WaitingConsumer - STDOUT:     pg_ctl -D /var/lib/postgresql/data -l logfile start
11:44:21.724 [Test worker] DEBUG org.testcontainers.containers.output.WaitingConsumer - STDOUT: 
11:44:21.724 [Test worker] DEBUG org.testcontainers.containers.output.WaitingConsumer - STDOUT: syncing data to disk ... ok
11:44:21.724 [Test worker] DEBUG org.testcontainers.containers.output.WaitingConsumer - STDERR: initdb: hint: You can change this by editing pg_hba.conf or using the option -A, or --auth-local and --auth-host, the next time you run initdb.
11:44:21.754 [docker-java-stream--346210973] DEBUG com.github.dockerjava.zerodep.shaded.org.apache.hc.client5.http.wire - http-outgoing-1 << "137[\r][\n]"
11:44:21.754 [docker-java-stream--346210973] DEBUG com.github.dockerjava.zerodep.shaded.org.apache.hc.client5.http.wire - http-outgoing-1 << "[0x1][0x0][0x0][0x0][0x0][0x0][0x0][0xffffffc3]waiting for server to start....2023-11-25 08:44:21.753 UTC [48] LOG:  starting PostgreSQL 15.5 (Debian 15.5-1.pgdg120+1) on x86_64-pc-linux-gnu, compiled by gcc (Debian 12.2.0-14) 12.2.0, 64-bit[\n]"
11:44:21.754 [docker-java-stream--346210973] DEBUG com.github.dockerjava.zerodep.shaded.org.apache.hc.client5.http.wire - http-outgoing-1 << "[0x1][0x0][0x0][0x0][0x0][0x0][0x0]d2023-11-25 08:44:21.753 UTC [48] LOG:  listening on Unix socket "/var/run/postgresql/.s.PGSQL.5432"[\n]"
11:44:21.754 [docker-java-stream--346210973] DEBUG com.github.dockerjava.zerodep.shaded.org.apache.hc.client5.http.wire - http-outgoing-1 << "[\r][\n]"
11:44:21.754 [Test worker] DEBUG org.testcontainers.containers.output.WaitingConsumer - STDOUT: waiting for server to start....2023-11-25 08:44:21.753 UTC [48] LOG:  starting PostgreSQL 15.5 (Debian 15.5-1.pgdg120+1) on x86_64-pc-linux-gnu, compiled by gcc (Debian 12.2.0-14) 12.2.0, 64-bit
11:44:21.754 [Test worker] DEBUG org.testcontainers.containers.output.WaitingConsumer - STDOUT: 2023-11-25 08:44:21.753 UTC [48] LOG:  listening on Unix socket "/var/run/postgresql/.s.PGSQL.5432"
11:44:21.755 [docker-java-stream--346210973] DEBUG com.github.dockerjava.zerodep.shaded.org.apache.hc.client5.http.wire - http-outgoing-1 << "68[\r][\n]"
11:44:21.755 [docker-java-stream--346210973] DEBUG com.github.dockerjava.zerodep.shaded.org.apache.hc.client5.http.wire - http-outgoing-1 << "[0x1][0x0][0x0][0x0][0x0][0x0][0x0]`2023-11-25 08:44:21.755 UTC [51] LOG:  database system was shut down at 2023-11-25 08:44:21 UTC[\n]"
11:44:21.755 [docker-java-stream--346210973] DEBUG com.github.dockerjava.zerodep.shaded.org.apache.hc.client5.http.wire - http-outgoing-1 << "[\r][\n]"
11:44:21.758 [docker-java-stream--346210973] DEBUG com.github.dockerjava.zerodep.shaded.org.apache.hc.client5.http.wire - http-outgoing-1 << "5e[\r][\n]"
11:44:21.758 [docker-java-stream--346210973] DEBUG com.github.dockerjava.zerodep.shaded.org.apache.hc.client5.http.wire - http-outgoing-1 << "[0x1][0x0][0x0][0x0][0x0][0x0][0x0]V2023-11-25 08:44:21.757 UTC [48] LOG:  database system is ready to accept connections[\n]"
11:44:21.758 [docker-java-stream--346210973] DEBUG com.github.dockerjava.zerodep.shaded.org.apache.hc.client5.http.wire - http-outgoing-1 << "[\r][\n]"
11:44:21.767 [Test worker] DEBUG org.testcontainers.containers.output.WaitingConsumer - STDOUT: 2023-11-25 08:44:21.757 UTC [48] LOG:  database system is ready to accept connections
11:44:21.767 [Test worker] DEBUG org.testcontainers.containers.output.WaitingConsumer - STDOUT: 2023-11-25 08:44:21.755 UTC [51] LOG:  database system was shut down at 2023-11-25 08:44:21 UTC
11:44:21.843 [docker-java-stream--346210973] DEBUG com.github.dockerjava.zerodep.shaded.org.apache.hc.client5.http.wire - http-outgoing-1 << "25[\r][\n]"
11:44:21.843 [docker-java-stream--346210973] DEBUG com.github.dockerjava.zerodep.shaded.org.apache.hc.client5.http.wire - http-outgoing-1 << "[0x1][0x0][0x0][0x0][0x0][0x0][0x0][0x6] done[\n]"
11:44:21.843 [docker-java-stream--346210973] DEBUG com.github.dockerjava.zerodep.shaded.org.apache.hc.client5.http.wire - http-outgoing-1 << "[0x1][0x0][0x0][0x0][0x0][0x0][0x0][0xf]server started[\n]"
11:44:21.843 [docker-java-stream--346210973] DEBUG com.github.dockerjava.zerodep.shaded.org.apache.hc.client5.http.wire - http-outgoing-1 << "[\r][\n]"
11:44:21.844 [Test worker] DEBUG org.testcontainers.containers.output.WaitingConsumer - STDOUT:  done
11:44:21.844 [Test worker] DEBUG org.testcontainers.containers.output.WaitingConsumer - STDOUT: server started
11:44:21.941 [docker-java-stream--346210973] DEBUG com.github.dockerjava.zerodep.shaded.org.apache.hc.client5.http.wire - http-outgoing-1 << "87[\r][\n]"
11:44:21.942 [docker-java-stream--346210973] DEBUG com.github.dockerjava.zerodep.shaded.org.apache.hc.client5.http.wire - http-outgoing-1 << "[0x1][0x0][0x0][0x0][0x0][0x0][0x0][0x10]CREATE DATABASE[\n]"
11:44:21.942 [docker-java-stream--346210973] DEBUG com.github.dockerjava.zerodep.shaded.org.apache.hc.client5.http.wire - http-outgoing-1 << "[0x1][0x0][0x0][0x0][0x0][0x0][0x0][0x1][\n]"
11:44:21.942 [docker-java-stream--346210973] DEBUG com.github.dockerjava.zerodep.shaded.org.apache.hc.client5.http.wire - http-outgoing-1 << "[0x1][0x0][0x0][0x0][0x0][0x0][0x0][0x1][\n]"
11:44:21.942 [docker-java-stream--346210973] DEBUG com.github.dockerjava.zerodep.shaded.org.apache.hc.client5.http.wire - http-outgoing-1 << "[0x1][0x0][0x0][0x0][0x0][0x0][0x0]L/usr/local/bin/docker-entrypoint.sh: ignoring /docker-entrypoint-initdb.d/*[\n]"
11:44:21.942 [docker-java-stream--346210973] DEBUG com.github.dockerjava.zerodep.shaded.org.apache.hc.client5.http.wire - http-outgoing-1 << "[0x1][0x0][0x0][0x0][0x0][0x0][0x0][0x1][\n]"
11:44:21.942 [docker-java-stream--346210973] DEBUG com.github.dockerjava.zerodep.shaded.org.apache.hc.client5.http.wire - http-outgoing-1 << "[\r][\n]"
11:44:21.942 [Test worker] DEBUG org.testcontainers.containers.output.WaitingConsumer - STDOUT: CREATE DATABASE
11:44:21.942 [Test worker] DEBUG org.testcontainers.containers.output.WaitingConsumer - STDOUT: 
11:44:21.942 [Test worker] DEBUG org.testcontainers.containers.output.WaitingConsumer - STDOUT: /usr/local/bin/docker-entrypoint.sh: ignoring /docker-entrypoint-initdb.d/*
11:44:21.942 [Test worker] DEBUG org.testcontainers.containers.output.WaitingConsumer - STDOUT: 
11:44:21.942 [Test worker] DEBUG org.testcontainers.containers.output.WaitingConsumer - STDOUT: 
11:44:21.942 [docker-java-stream--346210973] DEBUG com.github.dockerjava.zerodep.shaded.org.apache.hc.client5.http.wire - http-outgoing-1 << "c1[\r][\n]"
11:44:21.942 [docker-java-stream--346210973] DEBUG com.github.dockerjava.zerodep.shaded.org.apache.hc.client5.http.wire - http-outgoing-1 << "[0x1][0x0][0x0][0x0][0x0][0x0][0x0]hwaiting for server to shut down...2023-11-25 08:44:21.942 UTC [48] LOG:  received fast shutdown request[\n]"
11:44:21.942 [docker-java-stream--346210973] DEBUG com.github.dockerjava.zerodep.shaded.org.apache.hc.client5.http.wire - http-outgoing-1 << "[0x1][0x0][0x0][0x0][0x0][0x0][0x0]I.2023-11-25 08:44:21.942 UTC [48] LOG:  aborting any active transactions[\n]"
11:44:21.942 [docker-java-stream--346210973] DEBUG com.github.dockerjava.zerodep.shaded.org.apache.hc.client5.http.wire - http-outgoing-1 << "[\r][\n]"
11:44:21.944 [docker-java-stream--346210973] DEBUG com.github.dockerjava.zerodep.shaded.org.apache.hc.client5.http.wire - http-outgoing-1 << "81[\r][\n]"
11:44:21.945 [docker-java-stream--346210973] DEBUG com.github.dockerjava.zerodep.shaded.org.apache.hc.client5.http.wire - http-outgoing-1 << "[0x1][0x0][0x0][0x0][0x0][0x0][0x0]y2023-11-25 08:44:21.944 UTC [48] LOG:  background worker "logical replication launcher" (PID 54) exited with exit code 1[\n]"
11:44:21.945 [docker-java-stream--346210973] DEBUG com.github.dockerjava.zerodep.shaded.org.apache.hc.client5.http.wire - http-outgoing-1 << "[\r][\n]"
11:44:21.946 [docker-java-stream--346210973] DEBUG com.github.dockerjava.zerodep.shaded.org.apache.hc.client5.http.wire - http-outgoing-1 << "94[\r][\n]"
11:44:21.946 [docker-java-stream--346210973] DEBUG com.github.dockerjava.zerodep.shaded.org.apache.hc.client5.http.wire - http-outgoing-1 << "[0x1][0x0][0x0][0x0][0x0][0x0][0x0]52023-11-25 08:44:21.945 UTC [49] LOG:  shutting down[\n]"
11:44:21.946 [docker-java-stream--346210973] DEBUG com.github.dockerjava.zerodep.shaded.org.apache.hc.client5.http.wire - http-outgoing-1 << "[0x1][0x0][0x0][0x0][0x0][0x0][0x0]O2023-11-25 08:44:21.945 UTC [49] LOG:  checkpoint starting: shutdown immediate[\n]"
11:44:21.946 [docker-java-stream--346210973] DEBUG com.github.dockerjava.zerodep.shaded.org.apache.hc.client5.http.wire - http-outgoing-1 << "[\r][\n]"
11:44:21.952 [docker-java-stream--346210973] DEBUG com.github.dockerjava.zerodep.shaded.org.apache.hc.client5.http.wire - http-outgoing-1 << "109[\r][\n]"
11:44:21.952 [docker-java-stream--346210973] DEBUG com.github.dockerjava.zerodep.shaded.org.apache.hc.client5.http.wire - http-outgoing-1 << "[0x1][0x0][0x0][0x0][0x0][0x0][0x1][0x1]2023-11-25 08:44:21.951 UTC [49] LOG:  checkpoint complete: wrote 918 buffers (5.6%); 0 WAL file(s) added, 0 removed, 0 recycled; write=0.006 s, sync=0.001 s, total=0.006 s; sync files=0, longest=0.000 s, average=0.000 s; distance=4223 kB, estimate=4223 kB[\n]"
11:44:21.952 [docker-java-stream--346210973] DEBUG com.github.dockerjava.zerodep.shaded.org.apache.hc.client5.http.wire - http-outgoing-1 << "[\r][\n]"
11:44:21.953 [Test worker] DEBUG org.testcontainers.containers.output.WaitingConsumer - STDOUT: 2023-11-25 08:44:21.951 UTC [49] LOG:  checkpoint complete: wrote 918 buffers (5.6%); 0 WAL file(s) added, 0 removed, 0 recycled; write=0.006 s, sync=0.001 s, total=0.006 s; sync files=0, longest=0.000 s, average=0.000 s; distance=4223 kB, estimate=4223 kB
11:44:21.953 [Test worker] DEBUG org.testcontainers.containers.output.WaitingConsumer - STDOUT: 2023-11-25 08:44:21.945 UTC [49] LOG:  checkpoint starting: shutdown immediate
11:44:21.953 [Test worker] DEBUG org.testcontainers.containers.output.WaitingConsumer - STDOUT: 2023-11-25 08:44:21.945 UTC [49] LOG:  shutting down
11:44:21.953 [Test worker] DEBUG org.testcontainers.containers.output.WaitingConsumer - STDOUT: 2023-11-25 08:44:21.944 UTC [48] LOG:  background worker "logical replication launcher" (PID 54) exited with exit code 1
11:44:21.953 [Test worker] DEBUG org.testcontainers.containers.output.WaitingConsumer - STDOUT: .2023-11-25 08:44:21.942 UTC [48] LOG:  aborting any active transactions
11:44:21.953 [Test worker] DEBUG org.testcontainers.containers.output.WaitingConsumer - STDOUT: waiting for server to shut down...2023-11-25 08:44:21.942 UTC [48] LOG:  received fast shutdown request
11:44:21.956 [docker-java-stream--346210973] DEBUG com.github.dockerjava.zerodep.shaded.org.apache.hc.client5.http.wire - http-outgoing-1 << "4c[\r][\n]"
11:44:21.957 [docker-java-stream--346210973] DEBUG com.github.dockerjava.zerodep.shaded.org.apache.hc.client5.http.wire - http-outgoing-1 << "[0x1][0x0][0x0][0x0][0x0][0x0][0x0]D2023-11-25 08:44:21.956 UTC [48] LOG:  database system is shut down[\n]"
11:44:21.957 [docker-java-stream--346210973] DEBUG com.github.dockerjava.zerodep.shaded.org.apache.hc.client5.http.wire - http-outgoing-1 << "[\r][\n]"
11:44:21.969 [Test worker] DEBUG org.testcontainers.containers.output.WaitingConsumer - STDOUT: 2023-11-25 08:44:21.956 UTC [48] LOG:  database system is shut down
11:44:22.043 [docker-java-stream--346210973] DEBUG com.github.dockerjava.zerodep.shaded.org.apache.hc.client5.http.wire - http-outgoing-1 << "25[\r][\n]"
11:44:22.043 [docker-java-stream--346210973] DEBUG com.github.dockerjava.zerodep.shaded.org.apache.hc.client5.http.wire - http-outgoing-1 << "[0x1][0x0][0x0][0x0][0x0][0x0][0x0][0x6] done[\n]"
11:44:22.043 [docker-java-stream--346210973] DEBUG com.github.dockerjava.zerodep.shaded.org.apache.hc.client5.http.wire - http-outgoing-1 << "[0x1][0x0][0x0][0x0][0x0][0x0][0x0][0xf]server stopped[\n]"
11:44:22.043 [docker-java-stream--346210973] DEBUG com.github.dockerjava.zerodep.shaded.org.apache.hc.client5.http.wire - http-outgoing-1 << "[\r][\n]"
11:44:22.044 [Test worker] DEBUG org.testcontainers.containers.output.WaitingConsumer - STDOUT:  done
11:44:22.044 [Test worker] DEBUG org.testcontainers.containers.output.WaitingConsumer - STDOUT: server stopped
11:44:22.044 [docker-java-stream--346210973] DEBUG com.github.dockerjava.zerodep.shaded.org.apache.hc.client5.http.wire - http-outgoing-1 << "50[\r][\n]"
11:44:22.044 [docker-java-stream--346210973] DEBUG com.github.dockerjava.zerodep.shaded.org.apache.hc.client5.http.wire - http-outgoing-1 << "[0x1][0x0][0x0][0x0][0x0][0x0][0x0][0x1][\n]"
11:44:22.044 [docker-java-stream--346210973] DEBUG com.github.dockerjava.zerodep.shaded.org.apache.hc.client5.http.wire - http-outgoing-1 << "[0x1][0x0][0x0][0x0][0x0][0x0][0x0]6PostgreSQL init process complete; ready for start up.[\n]"
11:44:22.044 [docker-java-stream--346210973] DEBUG com.github.dockerjava.zerodep.shaded.org.apache.hc.client5.http.wire - http-outgoing-1 << "[0x1][0x0][0x0][0x0][0x0][0x0][0x0][0x1][\n]"
11:44:22.044 [docker-java-stream--346210973] DEBUG com.github.dockerjava.zerodep.shaded.org.apache.hc.client5.http.wire - http-outgoing-1 << "[\r][\n]"
11:44:22.059 [docker-java-stream--346210973] DEBUG com.github.dockerjava.zerodep.shaded.org.apache.hc.client5.http.wire - http-outgoing-1 << "1cb[\r][\n]"
11:44:22.059 [docker-java-stream--346210973] DEBUG com.github.dockerjava.zerodep.shaded.org.apache.hc.client5.http.wire - http-outgoing-1 << "[0x2][0x0][0x0][0x0][0x0][0x0][0x0][0xffffffa3]2023-11-25 08:44:22.058 UTC [1] LOG:  starting PostgreSQL 15.5 (Debian 15.5-1.pgdg120+1) on x86_64-pc-linux-gnu, compiled by gcc (Debian 12.2.0-14) 12.2.0, 64-bit[\n]"
11:44:22.059 [docker-java-stream--346210973] DEBUG com.github.dockerjava.zerodep.shaded.org.apache.hc.client5.http.wire - http-outgoing-1 << "[0x2][0x0][0x0][0x0][0x0][0x0][0x0]U2023-11-25 08:44:22.058 UTC [1] LOG:  listening on IPv4 address "0.0.0.0", port 5432[\n]"
11:44:22.059 [docker-java-stream--346210973] DEBUG com.github.dockerjava.zerodep.shaded.org.apache.hc.client5.http.wire - http-outgoing-1 << "[0x2][0x0][0x0][0x0][0x0][0x0][0x0]P2023-11-25 08:44:22.058 UTC [1] LOG:  listening on IPv6 address "::", port 5432[\n]"
11:44:22.059 [docker-java-stream--346210973] DEBUG com.github.dockerjava.zerodep.shaded.org.apache.hc.client5.http.wire - http-outgoing-1 << "[0x2][0x0][0x0][0x0][0x0][0x0][0x0]c2023-11-25 08:44:22.058 UTC [1] LOG:  listening on Unix socket "/var/run/postgresql/.s.PGSQL.5432"[\n]"
11:44:22.059 [docker-java-stream--346210973] DEBUG com.github.dockerjava.zerodep.shaded.org.apache.hc.client5.http.wire - http-outgoing-1 << "[\r][\n]"
11:44:22.061 [docker-java-stream--346210973] DEBUG com.github.dockerjava.zerodep.shaded.org.apache.hc.client5.http.wire - http-outgoing-1 << "68[\r][\n]"
11:44:22.061 [docker-java-stream--346210973] DEBUG com.github.dockerjava.zerodep.shaded.org.apache.hc.client5.http.wire - http-outgoing-1 << "[0x2][0x0][0x0][0x0][0x0][0x0][0x0]`2023-11-25 08:44:22.060 UTC [64] LOG:  database system was shut down at 2023-11-25 08:44:21 UTC[\n]"
11:44:22.061 [docker-java-stream--346210973] DEBUG com.github.dockerjava.zerodep.shaded.org.apache.hc.client5.http.wire - http-outgoing-1 << "[\r][\n]"
11:44:22.062 [Test worker] DEBUG org.testcontainers.containers.output.WaitingConsumer - STDERR: 2023-11-25 08:44:22.060 UTC [64] LOG:  database system was shut down at 2023-11-25 08:44:21 UTC
11:44:22.062 [Test worker] DEBUG org.testcontainers.containers.output.WaitingConsumer - STDERR: 2023-11-25 08:44:22.058 UTC [1] LOG:  listening on Unix socket "/var/run/postgresql/.s.PGSQL.5432"
11:44:22.062 [Test worker] DEBUG org.testcontainers.containers.output.WaitingConsumer - STDERR: 2023-11-25 08:44:22.058 UTC [1] LOG:  listening on IPv6 address "::", port 5432
11:44:22.062 [Test worker] DEBUG org.testcontainers.containers.output.WaitingConsumer - STDERR: 2023-11-25 08:44:22.058 UTC [1] LOG:  listening on IPv4 address "0.0.0.0", port 5432
11:44:22.062 [Test worker] DEBUG org.testcontainers.containers.output.WaitingConsumer - STDERR: 2023-11-25 08:44:22.058 UTC [1] LOG:  starting PostgreSQL 15.5 (Debian 15.5-1.pgdg120+1) on x86_64-pc-linux-gnu, compiled by gcc (Debian 12.2.0-14) 12.2.0, 64-bit
11:44:22.062 [Test worker] DEBUG org.testcontainers.containers.output.WaitingConsumer - STDOUT: 
11:44:22.062 [Test worker] DEBUG org.testcontainers.containers.output.WaitingConsumer - STDOUT: PostgreSQL init process complete; ready for start up.
11:44:22.062 [Test worker] DEBUG org.testcontainers.containers.output.WaitingConsumer - STDOUT: 
11:44:22.064 [docker-java-stream--346210973] DEBUG com.github.dockerjava.zerodep.shaded.org.apache.hc.client5.http.wire - http-outgoing-1 << "5d[\r][\n]"
11:44:22.064 [docker-java-stream--346210973] DEBUG com.github.dockerjava.zerodep.shaded.org.apache.hc.client5.http.wire - http-outgoing-1 << "[0x2][0x0][0x0][0x0][0x0][0x0][0x0]U2023-11-25 08:44:22.063 UTC [1] LOG:  database system is ready to accept connections[\n]"
11:44:22.064 [docker-java-stream--346210973] DEBUG com.github.dockerjava.zerodep.shaded.org.apache.hc.client5.http.wire - http-outgoing-1 << "[\r][\n]"
11:44:22.077 [Test worker] DEBUG org.testcontainers.containers.output.WaitingConsumer - STDERR: 2023-11-25 08:44:22.063 UTC [1] LOG:  database system is ready to accept connections
11:44:22.077 [Test worker] DEBUG com.github.dockerjava.zerodep.shaded.org.apache.hc.client5.http.impl.classic.InternalHttpClient - ep-0000000F: cancel
11:44:22.077 [Test worker] DEBUG com.github.dockerjava.zerodep.shaded.org.apache.hc.client5.http.impl.io.DefaultManagedHttpClientConnection - http-outgoing-1: close connection IMMEDIATE
11:44:22.077 [Test worker] DEBUG com.github.dockerjava.zerodep.shaded.org.apache.hc.client5.http.impl.classic.InternalHttpClient - ep-0000000F: endpoint closed
11:44:22.077 [Test worker] DEBUG com.github.dockerjava.zerodep.shaded.org.apache.hc.client5.http.impl.classic.InternalHttpClient - ep-0000000F: discarding endpoint
11:44:22.077 [Test worker] DEBUG com.github.dockerjava.zerodep.shaded.org.apache.hc.client5.http.impl.io.PoolingHttpClientConnectionManager - ep-0000000F: releasing endpoint
11:44:22.077 [Test worker] DEBUG com.github.dockerjava.zerodep.shaded.org.apache.hc.client5.http.impl.io.PoolingHttpClientConnectionManager - ep-0000000F: connection is not kept alive
11:44:22.077 [docker-java-stream--346210973] DEBUG com.github.dockerjava.zerodep.shaded.org.apache.hc.client5.http.wire - http-outgoing-1 << "end of stream"
11:44:22.078 [Test worker] DEBUG com.github.dockerjava.zerodep.shaded.org.apache.hc.client5.http.impl.io.PoolingHttpClientConnectionManager - ep-0000000F: connection released [route: {}->npipe://localhost:2375][total available: 0; route allocated: 0 of 2147483647; total allocated: 0 of 2147483647]
11:44:22.078 [docker-java-stream--346210973] DEBUG com.github.dockerjava.zerodep.shaded.org.apache.hc.client5.http.wire - http-outgoing-1 << "[read] I/O error: java.nio.channels.ClosedChannelException"
11:44:22.078 [Test worker] DEBUG com.github.dockerjava.zerodep.shaded.org.apache.hc.client5.http.wire - http-outgoing-1 << "[read] I/O error: java.nio.channels.ClosedChannelException"
11:44:22.078 [docker-java-stream--346210973] DEBUG com.github.dockerjava.zerodep.ApacheDockerHttpClientImpl$ApacheResponse - Failed to close the response
java.io.IOException: java.nio.channels.ClosedChannelException
	at java.nio.channels.Channels$2.read(Channels.java:241)
	at com.github.dockerjava.zerodep.shaded.org.apache.hc.client5.http.impl.io.LoggingInputStream.read(LoggingInputStream.java:81)
	at com.github.dockerjava.zerodep.shaded.org.apache.hc.core5.http.impl.io.SessionInputBufferImpl.fillBuffer(SessionInputBufferImpl.java:149)
	at com.github.dockerjava.zerodep.shaded.org.apache.hc.core5.http.impl.io.SessionInputBufferImpl.readLine(SessionInputBufferImpl.java:280)
	at com.github.dockerjava.zerodep.shaded.org.apache.hc.core5.http.impl.io.ChunkedInputStream.getChunkSize(ChunkedInputStream.java:261)
	at com.github.dockerjava.zerodep.shaded.org.apache.hc.core5.http.impl.io.ChunkedInputStream.nextChunk(ChunkedInputStream.java:222)
	at com.github.dockerjava.zerodep.shaded.org.apache.hc.core5.http.impl.io.ChunkedInputStream.read(ChunkedInputStream.java:147)
	at com.github.dockerjava.zerodep.shaded.org.apache.hc.core5.http.impl.io.ChunkedInputStream.close(ChunkedInputStream.java:314)
	at com.github.dockerjava.zerodep.shaded.org.apache.hc.core5.io.Closer.close(Closer.java:48)
	at com.github.dockerjava.zerodep.shaded.org.apache.hc.core5.http.impl.io.IncomingHttpEntity.close(IncomingHttpEntity.java:111)
	at com.github.dockerjava.zerodep.shaded.org.apache.hc.core5.http.io.entity.HttpEntityWrapper.close(HttpEntityWrapper.java:120)
	at com.github.dockerjava.zerodep.shaded.org.apache.hc.core5.io.Closer.close(Closer.java:48)
	at com.github.dockerjava.zerodep.shaded.org.apache.hc.core5.http.message.BasicClassicHttpResponse.close(BasicClassicHttpResponse.java:93)
	at com.github.dockerjava.zerodep.shaded.org.apache.hc.client5.http.impl.classic.CloseableHttpResponse.close(CloseableHttpResponse.java:200)
	at com.github.dockerjava.zerodep.ApacheDockerHttpClientImpl$ApacheResponse.close(ApacheDockerHttpClientImpl.java:256)
	at org.testcontainers.shaded.com.github.dockerjava.core.DefaultInvocationBuilder.lambda$executeAndStream$1(DefaultInvocationBuilder.java:277)
	at java.lang.Thread.run(Thread.java:750)
Caused by: java.nio.channels.ClosedChannelException: null
	at sun.nio.ch.WindowsAsynchronousFileChannelImpl.implRead(WindowsAsynchronousFileChannelImpl.java:532)
	at sun.nio.ch.AsynchronousFileChannelImpl.read(AsynchronousFileChannelImpl.java:229)
	at com.github.dockerjava.transport.NamedPipeSocket$AsynchronousFileByteChannel.read(NamedPipeSocket.java:117)
	at java.nio.channels.Channels$2.read(Channels.java:239)
	... 16 common frames omitted
11:44:22.079 [Test worker] DEBUG com.github.dockerjava.zerodep.ApacheDockerHttpClientImpl$ApacheResponse - Failed to close the response
java.io.IOException: java.nio.channels.ClosedChannelException
	at java.nio.channels.Channels$2.read(Channels.java:241)
	at com.github.dockerjava.zerodep.shaded.org.apache.hc.client5.http.impl.io.LoggingInputStream.read(LoggingInputStream.java:81)
	at com.github.dockerjava.zerodep.shaded.org.apache.hc.core5.http.impl.io.SessionInputBufferImpl.fillBuffer(SessionInputBufferImpl.java:149)
	at com.github.dockerjava.zerodep.shaded.org.apache.hc.core5.http.impl.io.SessionInputBufferImpl.readLine(SessionInputBufferImpl.java:280)
	at com.github.dockerjava.zerodep.shaded.org.apache.hc.core5.http.impl.io.ChunkedInputStream.getChunkSize(ChunkedInputStream.java:261)
	at com.github.dockerjava.zerodep.shaded.org.apache.hc.core5.http.impl.io.ChunkedInputStream.nextChunk(ChunkedInputStream.java:222)
	at com.github.dockerjava.zerodep.shaded.org.apache.hc.core5.http.impl.io.ChunkedInputStream.read(ChunkedInputStream.java:147)
	at com.github.dockerjava.zerodep.shaded.org.apache.hc.core5.http.impl.io.ChunkedInputStream.close(ChunkedInputStream.java:314)
	at com.github.dockerjava.zerodep.shaded.org.apache.hc.core5.io.Closer.close(Closer.java:48)
	at com.github.dockerjava.zerodep.shaded.org.apache.hc.core5.http.impl.io.IncomingHttpEntity.close(IncomingHttpEntity.java:111)
	at com.github.dockerjava.zerodep.shaded.org.apache.hc.core5.http.io.entity.HttpEntityWrapper.close(HttpEntityWrapper.java:120)
	at com.github.dockerjava.zerodep.shaded.org.apache.hc.core5.io.Closer.close(Closer.java:48)
	at com.github.dockerjava.zerodep.shaded.org.apache.hc.core5.http.message.BasicClassicHttpResponse.close(BasicClassicHttpResponse.java:93)
	at com.github.dockerjava.zerodep.shaded.org.apache.hc.client5.http.impl.classic.CloseableHttpResponse.close(CloseableHttpResponse.java:200)
	at com.github.dockerjava.zerodep.ApacheDockerHttpClientImpl$ApacheResponse.close(ApacheDockerHttpClientImpl.java:256)
	at org.testcontainers.shaded.com.github.dockerjava.core.DefaultInvocationBuilder.lambda$null$0(DefaultInvocationBuilder.java:272)
	at com.github.dockerjava.api.async.ResultCallbackTemplate.close(ResultCallbackTemplate.java:77)
	at org.testcontainers.containers.output.FrameConsumerResultCallback.close(FrameConsumerResultCallback.java:69)
	at org.testcontainers.containers.wait.strategy.LogMessageWaitStrategy.waitUntilReady(LogMessageWaitStrategy.java:49)
	at org.testcontainers.containers.wait.strategy.AbstractWaitStrategy.waitUntilReady(AbstractWaitStrategy.java:52)
	at org.testcontainers.containers.PostgreSQLContainer.waitUntilContainerStarted(PostgreSQLContainer.java:147)
	at org.testcontainers.containers.GenericContainer.tryStart(GenericContainer.java:503)
	at org.testcontainers.containers.GenericContainer.lambda$doStart$0(GenericContainer.java:357)
	at org.rnorth.ducttape.unreliables.Unreliables.retryUntilSuccess(Unreliables.java:81)
	at org.testcontainers.containers.GenericContainer.doStart(GenericContainer.java:347)
	at org.testcontainers.containers.GenericContainer.start(GenericContainer.java:333)
	at org.testcontainers.junit.jupiter.TestcontainersExtension$StoreAdapter.start(TestcontainersExtension.java:280)
	at org.testcontainers.junit.jupiter.TestcontainersExtension$StoreAdapter.access$200(TestcontainersExtension.java:267)
	at org.testcontainers.junit.jupiter.TestcontainersExtension.lambda$null$4(TestcontainersExtension.java:82)
	at org.junit.jupiter.engine.execution.ExtensionValuesStore.lambda$getOrComputeIfAbsent$4(ExtensionValuesStore.java:86)
	at org.junit.jupiter.engine.execution.ExtensionValuesStore$MemoizingSupplier.computeValue(ExtensionValuesStore.java:223)
	at org.junit.jupiter.engine.execution.ExtensionValuesStore$MemoizingSupplier.get(ExtensionValuesStore.java:211)
	at org.junit.jupiter.engine.execution.ExtensionValuesStore$StoredValue.evaluate(ExtensionValuesStore.java:191)
	at org.junit.jupiter.engine.execution.ExtensionValuesStore$StoredValue.access$100(ExtensionValuesStore.java:171)
	at org.junit.jupiter.engine.execution.ExtensionValuesStore.getOrComputeIfAbsent(ExtensionValuesStore.java:89)
	at org.junit.jupiter.engine.execution.NamespaceAwareStore.getOrComputeIfAbsent(NamespaceAwareStore.java:53)
	at org.testcontainers.junit.jupiter.TestcontainersExtension.lambda$startContainers$5(TestcontainersExtension.java:82)
	at java.util.ArrayList.forEach(ArrayList.java:1259)
	at org.testcontainers.junit.jupiter.TestcontainersExtension.startContainers(TestcontainersExtension.java:82)
	at org.testcontainers.junit.jupiter.TestcontainersExtension.beforeAll(TestcontainersExtension.java:56)
	at org.junit.jupiter.engine.descriptor.ClassBasedTestDescriptor.lambda$invokeBeforeAllCallbacks$10(ClassBasedTestDescriptor.java:381)
	at org.junit.platform.engine.support.hierarchical.ThrowableCollector.execute(ThrowableCollector.java:73)
	at org.junit.jupiter.engine.descriptor.ClassBasedTestDescriptor.invokeBeforeAllCallbacks(ClassBasedTestDescriptor.java:381)
	at org.junit.jupiter.engine.descriptor.ClassBasedTestDescriptor.before(ClassBasedTestDescriptor.java:205)
	at org.junit.jupiter.engine.descriptor.ClassBasedTestDescriptor.before(ClassBasedTestDescriptor.java:80)
	at org.junit.platform.engine.support.hierarchical.NodeTestTask.lambda$executeRecursively$6(NodeTestTask.java:148)
	at org.junit.platform.engine.support.hierarchical.ThrowableCollector.execute(ThrowableCollector.java:73)
	at org.junit.platform.engine.support.hierarchical.NodeTestTask.lambda$executeRecursively$8(NodeTestTask.java:141)
	at org.junit.platform.engine.support.hierarchical.Node.around(Node.java:137)
	at org.junit.platform.engine.support.hierarchical.NodeTestTask.lambda$executeRecursively$9(NodeTestTask.java:139)
	at org.junit.platform.engine.support.hierarchical.ThrowableCollector.execute(ThrowableCollector.java:73)
	at org.junit.platform.engine.support.hierarchical.NodeTestTask.executeRecursively(NodeTestTask.java:138)
	at org.junit.platform.engine.support.hierarchical.NodeTestTask.execute(NodeTestTask.java:95)
	at java.util.ArrayList.forEach(ArrayList.java:1259)
	at org.junit.platform.engine.support.hierarchical.SameThreadHierarchicalTestExecutorService.invokeAll(SameThreadHierarchicalTestExecutorService.java:41)
	at org.junit.platform.engine.support.hierarchical.NodeTestTask.lambda$executeRecursively$6(NodeTestTask.java:155)
	at org.junit.platform.engine.support.hierarchical.ThrowableCollector.execute(ThrowableCollector.java:73)
	at org.junit.platform.engine.support.hierarchical.NodeTestTask.lambda$executeRecursively$8(NodeTestTask.java:141)
	at org.junit.platform.engine.support.hierarchical.Node.around(Node.java:137)
	at org.junit.platform.engine.support.hierarchical.NodeTestTask.lambda$executeRecursively$9(NodeTestTask.java:139)
	at org.junit.platform.engine.support.hierarchical.ThrowableCollector.execute(ThrowableCollector.java:73)
	at org.junit.platform.engine.support.hierarchical.NodeTestTask.executeRecursively(NodeTestTask.java:138)
	at org.junit.platform.engine.support.hierarchical.NodeTestTask.execute(NodeTestTask.java:95)
	at org.junit.platform.engine.support.hierarchical.SameThreadHierarchicalTestExecutorService.submit(SameThreadHierarchicalTestExecutorService.java:35)
	at org.junit.platform.engine.support.hierarchical.HierarchicalTestExecutor.execute(HierarchicalTestExecutor.java:57)
	at org.junit.platform.engine.support.hierarchical.HierarchicalTestEngine.execute(HierarchicalTestEngine.java:54)
	at org.junit.platform.launcher.core.EngineExecutionOrchestrator.execute(EngineExecutionOrchestrator.java:107)
	at org.junit.platform.launcher.core.EngineExecutionOrchestrator.execute(EngineExecutionOrchestrator.java:88)
	at org.junit.platform.launcher.core.EngineExecutionOrchestrator.lambda$execute$0(EngineExecutionOrchestrator.java:54)
	at org.junit.platform.launcher.core.EngineExecutionOrchestrator.withInterceptedStreams(EngineExecutionOrchestrator.java:67)
	at org.junit.platform.launcher.core.EngineExecutionOrchestrator.execute(EngineExecutionOrchestrator.java:52)
	at org.junit.platform.launcher.core.DefaultLauncher.execute(DefaultLauncher.java:114)
	at org.junit.platform.launcher.core.DefaultLauncher.execute(DefaultLauncher.java:86)
	at org.junit.platform.launcher.core.DefaultLauncherSession$DelegatingLauncher.execute(DefaultLauncherSession.java:86)
	at org.gradle.api.internal.tasks.testing.junitplatform.JUnitPlatformTestClassProcessor$CollectAllTestClassesExecutor.processAllTestClasses(JUnitPlatformTestClassProcessor.java:110)
	at org.gradle.api.internal.tasks.testing.junitplatform.JUnitPlatformTestClassProcessor$CollectAllTestClassesExecutor.access$000(JUnitPlatformTestClassProcessor.java:90)
	at org.gradle.api.internal.tasks.testing.junitplatform.JUnitPlatformTestClassProcessor.stop(JUnitPlatformTestClassProcessor.java:85)
	at org.gradle.api.internal.tasks.testing.SuiteTestClassProcessor.stop(SuiteTestClassProcessor.java:62)
	at sun.reflect.NativeMethodAccessorImpl.invoke0(Native Method)
	at sun.reflect.NativeMethodAccessorImpl.invoke(NativeMethodAccessorImpl.java:62)
	at sun.reflect.DelegatingMethodAccessorImpl.invoke(DelegatingMethodAccessorImpl.java:43)
	at java.lang.reflect.Method.invoke(Method.java:498)
	at org.gradle.internal.dispatch.ReflectionDispatch.dispatch(ReflectionDispatch.java:36)
	at org.gradle.internal.dispatch.ReflectionDispatch.dispatch(ReflectionDispatch.java:24)
	at org.gradle.internal.dispatch.ContextClassLoaderDispatch.dispatch(ContextClassLoaderDispatch.java:33)
	at org.gradle.internal.dispatch.ProxyDispatchAdapter$DispatchingInvocationHandler.invoke(ProxyDispatchAdapter.java:94)
	at com.sun.proxy.$Proxy2.stop(Unknown Source)
	at org.gradle.api.internal.tasks.testing.worker.TestWorker$3.run(TestWorker.java:193)
	at org.gradle.api.internal.tasks.testing.worker.TestWorker.executeAndMaintainThreadName(TestWorker.java:129)
	at org.gradle.api.internal.tasks.testing.worker.TestWorker.execute(TestWorker.java:100)
	at org.gradle.api.internal.tasks.testing.worker.TestWorker.execute(TestWorker.java:60)
	at org.gradle.process.internal.worker.child.ActionExecutionWorker.execute(ActionExecutionWorker.java:56)
	at org.gradle.process.internal.worker.child.SystemApplicationClassLoaderWorker.call(SystemApplicationClassLoaderWorker.java:113)
	at org.gradle.process.internal.worker.child.SystemApplicationClassLoaderWorker.call(SystemApplicationClassLoaderWorker.java:65)
	at worker.org.gradle.process.internal.worker.GradleWorkerMain.run(GradleWorkerMain.java:69)
	at worker.org.gradle.process.internal.worker.GradleWorkerMain.main(GradleWorkerMain.java:74)
Caused by: java.nio.channels.ClosedChannelException: null
	at sun.nio.ch.WindowsAsynchronousFileChannelImpl.implRead(WindowsAsynchronousFileChannelImpl.java:532)
	at sun.nio.ch.AsynchronousFileChannelImpl.read(AsynchronousFileChannelImpl.java:229)
	at com.github.dockerjava.transport.NamedPipeSocket$AsynchronousFileByteChannel.read(NamedPipeSocket.java:117)
	at java.nio.channels.Channels$2.read(Channels.java:239)
	... 95 common frames omitted
11:44:22.079 [Test worker] INFO tc.postgres:15 - Container postgres:15 started in PT1.498S
11:44:22.080 [Test worker] INFO tc.postgres:15 - Container is started (JDBC URL: jdbc:postgresql://localhost:60895/pethaven?loggerLevel=OFF)

  .   ____          _            __ _ _
 /\\ / ___'_ __ _ _(_)_ __  __ _ \ \ \ \
( ( )\___ | '_ | '_| | '_ \/ _` | \ \ \ \
 \\/  ___)| |_)| | | | | || (_| |  ) ) ) )
  '  |____| .__|_| |_|_| |_\__, | / / / /
 =========|_|==============|___/=/_/_/_/
 :: Spring Boot ::               (v2.7.13)

2023-11-25 11:44:22.405  INFO 580 --- [    Test worker] d.p.controllers.ChatControllerTest       : Starting ChatControllerTest using Java 1.8.0_372 on DESKTOP-A5JLMPO with PID 580 (started by Dmitry in D:\Proekti\PetHaven\backend)
2023-11-25 11:44:22.407  INFO 580 --- [    Test worker] d.p.controllers.ChatControllerTest       : No active profile set, falling back to 1 default profile: "default"
2023-11-25 11:44:23.319  INFO 580 --- [    Test worker] .s.d.r.c.RepositoryConfigurationDelegate : Bootstrapping Spring Data JPA repositories in DEFAULT mode.
2023-11-25 11:44:23.390  INFO 580 --- [    Test worker] .s.d.r.c.RepositoryConfigurationDelegate : Finished Spring Data repository scanning in 63 ms. Found 7 JPA repository interfaces.
2023-11-25 11:44:24.158  INFO 580 --- [    Test worker] com.zaxxer.hikari.HikariDataSource       : HikariPool-1 - Starting...
2023-11-25 11:44:24.359  INFO 580 --- [    Test worker] com.zaxxer.hikari.HikariDataSource       : HikariPool-1 - Start completed.
2023-11-25 11:44:24.522  INFO 580 --- [    Test worker] liquibase.database                       : Set default schema name to public
2023-11-25 11:44:24.643  INFO 580 --- [    Test worker] liquibase.lockservice                    : Successfully acquired change log lock
2023-11-25 11:44:26.668  INFO 580 --- [    Test worker] liquibase.changelog                      : Creating database history table with name: public.databasechangelog
2023-11-25 11:44:26.674  INFO 580 --- [    Test worker] liquibase.changelog                      : Reading from public.databasechangelog
2023-11-25 11:44:26.815  INFO 580 --- [    Test worker] liquibase.changelog                      : Table auth created
2023-11-25 11:44:26.819  INFO 580 --- [    Test worker] liquibase.changelog                      : Unique constraint added to auth(username)
2023-11-25 11:44:26.820  INFO 580 --- [    Test worker] liquibase.changelog                      : ChangeSet db/changelog/001_create_table_auth.xml::001_create_table_auth::d.srb@yandex.ru ran successfully in 10ms
2023-11-25 11:44:26.828  INFO 580 --- [    Test worker] liquibase.changelog                      : Table users created
2023-11-25 11:44:26.829  INFO 580 --- [    Test worker] liquibase.changelog                      : ChangeSet db/changelog/002_create_table_users.xml::002_create_table_users::d.srb@yandex.ru ran successfully in 5ms
2023-11-25 11:44:26.836  INFO 580 --- [    Test worker] liquibase.changelog                      : Foreign key constraint added to users (auth_id)
2023-11-25 11:44:26.837  INFO 580 --- [    Test worker] liquibase.changelog                      : ChangeSet db/changelog/002_create_table_users.xml::addForeignKeyConstraint::d.srb@yandex.ru ran successfully in 4ms
2023-11-25 11:44:26.842  INFO 580 --- [    Test worker] liquibase.changelog                      : Table organizations created
2023-11-25 11:44:26.843  INFO 580 --- [    Test worker] liquibase.changelog                      : ChangeSet db/changelog/003_create_table_organizations.xml::003_create_table_organizations::d.srb@yandex.ru ran successfully in 4ms
2023-11-25 11:44:26.848  INFO 580 --- [    Test worker] liquibase.changelog                      : Foreign key constraint added to organizations (auth_id)
2023-11-25 11:44:26.849  INFO 580 --- [    Test worker] liquibase.changelog                      : ChangeSet db/changelog/003_create_table_organizations.xml::addForeignKeyConstraint::d.srb@yandex.ru ran successfully in 2ms
2023-11-25 11:44:26.855  INFO 580 --- [    Test worker] liquibase.changelog                      : Table pets created
2023-11-25 11:44:26.856  INFO 580 --- [    Test worker] liquibase.changelog                      : ChangeSet db/changelog/004_create_table_pets.xml::004_create_table_pets::d.srb@yandex.ru ran successfully in 4ms
2023-11-25 11:44:26.861  INFO 580 --- [    Test worker] liquibase.changelog                      : Table pet_photos created
2023-11-25 11:44:26.862  INFO 580 --- [    Test worker] liquibase.changelog                      : ChangeSet db/changelog/005_create_table_pet_photos.xml::005_create_table_pet_photos::d.srb@yandex.ru ran successfully in 3ms
2023-11-25 11:44:26.866  INFO 580 --- [    Test worker] liquibase.changelog                      : Table user_pet created
2023-11-25 11:44:26.866  INFO 580 --- [    Test worker] liquibase.changelog                      : ChangeSet db/changelog/006_create_table_user_pet.xml::006_create_table_user_pet::d.srb@yandex.ru ran successfully in 2ms
2023-11-25 11:44:26.871  INFO 580 --- [    Test worker] liquibase.changelog                      : Foreign key constraint added to user_pet (pet_id)
2023-11-25 11:44:26.872  INFO 580 --- [    Test worker] liquibase.changelog                      : ChangeSet db/changelog/006_create_table_user_pet.xml::addForeignKeyConstraintPet::d.srb@yandex.ru ran successfully in 3ms
2023-11-25 11:44:26.876  INFO 580 --- [    Test worker] liquibase.changelog                      : Columns description(TEXT) added to pets
2023-11-25 11:44:26.877  INFO 580 --- [    Test worker] liquibase.changelog                      : ChangeSet db/changelog/007_add_description_to_pets.xml::007_add_description_to_pets::d.srb@yandex.ru ran successfully in 2ms
2023-11-25 11:44:26.881  INFO 580 --- [    Test worker] liquibase.changelog                      : Columns city(VARCHAR(70)) added to organizations
2023-11-25 11:44:26.882  INFO 580 --- [    Test worker] liquibase.changelog                      : ChangeSet db/changelog/008_add_city_to_organizations.xml::008_add_city_to_organizations::d.srb@yandex.ru ran successfully in 3ms
2023-11-25 11:44:26.893  INFO 580 --- [    Test worker] liquibase.changelog                      : Custom SQL executed
2023-11-25 11:44:26.894  INFO 580 --- [    Test worker] liquibase.changelog                      : ChangeSet db/changelog/009_update_city_not_null.xml::009_update_city_not_null::d.srb@yandex.ru ran successfully in 10ms
2023-11-25 11:44:26.898  INFO 580 --- [    Test worker] liquibase.changelog                      : NOT NULL constraint has been added to organizations.city
2023-11-25 11:44:26.898  INFO 580 --- [    Test worker] liquibase.changelog                      : ChangeSet db/changelog/010_add_not_null_constraint.xml::010_add_not_null_constraint::d.srb@yandex.ru ran successfully in 2ms
2023-11-25 11:44:26.904  INFO 580 --- [    Test worker] liquibase.changelog                      : Table chats created
2023-11-25 11:44:26.905  INFO 580 --- [    Test worker] liquibase.changelog                      : ChangeSet db/changelog/011_create_table_chats.xml::011_create_table_chats::d.srb@yandex.ru ran successfully in 4ms
2023-11-25 11:44:26.909  INFO 580 --- [    Test worker] liquibase.changelog                      : Foreign key constraint added to chats (user_id)
2023-11-25 11:44:26.911  INFO 580 --- [    Test worker] liquibase.changelog                      : ChangeSet db/changelog/011_create_table_chats.xml::addForeignKeyConstraintChatsUser::d.srb@yandex.ru ran successfully in 4ms
2023-11-25 11:44:26.916  INFO 580 --- [    Test worker] liquibase.changelog                      : Foreign key constraint added to chats (organization_id)
2023-11-25 11:44:26.917  INFO 580 --- [    Test worker] liquibase.changelog                      : ChangeSet db/changelog/011_create_table_chats.xml::addForeignKeyConstraintChatsOrganization::d.srb@yandex.ru ran successfully in 4ms
2023-11-25 11:44:26.921  INFO 580 --- [    Test worker] liquibase.changelog                      : Table messages created
2023-11-25 11:44:26.923  INFO 580 --- [    Test worker] liquibase.changelog                      : ChangeSet db/changelog/012_create_table_messages.xml::012_create_table_messages::d.srb@yandex.ru ran successfully in 4ms
2023-11-25 11:44:26.927  INFO 580 --- [    Test worker] liquibase.changelog                      : Foreign key constraint added to messages (user_id)
2023-11-25 11:44:26.928  INFO 580 --- [    Test worker] liquibase.changelog                      : ChangeSet db/changelog/012_create_table_messages.xml::addForeignKeyConstraintMessagesUser::d.srb@yandex.ru ran successfully in 3ms
2023-11-25 11:44:26.932  INFO 580 --- [    Test worker] liquibase.changelog                      : Foreign key constraint added to messages (organization_id)
2023-11-25 11:44:26.933  INFO 580 --- [    Test worker] liquibase.changelog                      : ChangeSet db/changelog/012_create_table_messages.xml::addForeignKeyConstraintMessagesOrganization::d.srb@yandex.ru ran successfully in 3ms
2023-11-25 11:44:26.938  INFO 580 --- [    Test worker] liquibase.changelog                      : Foreign key constraint added to messages (chat_id)
2023-11-25 11:44:26.939  INFO 580 --- [    Test worker] liquibase.changelog                      : ChangeSet db/changelog/012_create_table_messages.xml::addForeignKeyConstraintMessagesChat::d.srb@yandex.ru ran successfully in 3ms
2023-11-25 11:44:26.943  INFO 580 --- [    Test worker] liquibase.lockservice                    : Successfully released change log lock
2023-11-25 11:44:27.064  INFO 580 --- [    Test worker] o.hibernate.jpa.internal.util.LogHelper  : HHH000204: Processing PersistenceUnitInfo [name: default]
2023-11-25 11:44:27.150  INFO 580 --- [    Test worker] org.hibernate.Version                    : HHH000412: Hibernate ORM core version 5.6.15.Final
2023-11-25 11:44:27.379  INFO 580 --- [    Test worker] o.hibernate.annotations.common.Version   : HCANN000001: Hibernate Commons Annotations {5.1.2.Final}
2023-11-25 11:44:27.560  INFO 580 --- [    Test worker] org.hibernate.dialect.Dialect            : HHH000400: Using dialect: org.hibernate.dialect.PostgreSQL10Dialect
2023-11-25 11:44:28.422  INFO 580 --- [    Test worker] o.h.e.t.j.p.i.JtaPlatformInitiator       : HHH000490: Using JtaPlatform implementation: [org.hibernate.engine.transaction.jta.platform.internal.NoJtaPlatform]
2023-11-25 11:44:28.433  INFO 580 --- [    Test worker] j.LocalContainerEntityManagerFactoryBean : Initialized JPA EntityManagerFactory for persistence unit 'default'
2023-11-25 11:44:28.514  WARN 580 --- [    Test worker] JpaBaseConfiguration$JpaWebConfiguration : spring.jpa.open-in-view is enabled by default. Therefore, database queries may be performed during view rendering. Explicitly configure spring.jpa.open-in-view to disable this warning
2023-11-25 11:44:30.123  INFO 580 --- [    Test worker] o.s.s.web.DefaultSecurityFilterChain     : Will secure any request with [org.springframework.security.web.session.DisableEncodeUrlFilter@5de6c7d7, org.springframework.security.web.context.request.async.WebAsyncManagerIntegrationFilter@69f55ea, org.springframework.security.web.context.SecurityContextPersistenceFilter@306c8e09, org.springframework.security.web.header.HeaderWriterFilter@4a532271, org.springframework.security.web.authentication.logout.LogoutFilter@16eb01d4, dev.pethaven.auth.AuthTokenFilter@7a3f3bc4, org.springframework.security.web.savedrequest.RequestCacheAwareFilter@4f3b11e6, org.springframework.security.web.servletapi.SecurityContextHolderAwareRequestFilter@cef23a8, org.springframework.security.web.authentication.AnonymousAuthenticationFilter@2b370ca9, org.springframework.security.web.session.SessionManagementFilter@6e7d9d0, org.springframework.security.web.access.ExceptionTranslationFilter@62f3ad90, org.springframework.security.web.access.intercept.FilterSecurityInterceptor@7b9f7087]
2023-11-25 11:44:31.336  INFO 580 --- [    Test worker] o.s.b.t.m.w.SpringBootMockServletContext : Initializing Spring TestDispatcherServlet ''
2023-11-25 11:44:31.336  INFO 580 --- [    Test worker] o.s.t.web.servlet.TestDispatcherServlet  : Initializing Servlet ''
2023-11-25 11:44:31.338  INFO 580 --- [    Test worker] o.s.t.web.servlet.TestDispatcherServlet  : Completed initialization in 2 ms
2023-11-25 11:44:31.367  INFO 580 --- [    Test worker] d.p.controllers.ChatControllerTest       : Started ChatControllerTest in 9.239 seconds (JVM running for 14.183)
2023-11-25 11:44:31.554  INFO 580 --- [    Test worker] o.s.b.t.m.w.SpringBootMockServletContext : Initializing Spring TestDispatcherServlet ''
2023-11-25 11:44:31.554  INFO 580 --- [    Test worker] o.s.t.web.servlet.TestDispatcherServlet  : Initializing Servlet ''
2023-11-25 11:44:31.555  INFO 580 --- [    Test worker] o.s.t.web.servlet.TestDispatcherServlet  : Completed initialization in 1 ms
2023-11-25 11:44:31.591 DEBUG 580 --- [    Test worker] org.hibernate.SQL                        : 
    select
        auth0_.id as id1_0_,
        auth0_.enable as enable2_0_,
        auth0_.password as password3_0_,
        auth0_.role as role4_0_,
        auth0_.username as username5_0_ 
    from
        auth auth0_
Hibernate: 
    select
        auth0_.id as id1_0_,
        auth0_.enable as enable2_0_,
        auth0_.password as password3_0_,
        auth0_.role as role4_0_,
        auth0_.username as username5_0_ 
    from
        auth auth0_
2023-11-25 11:44:31.605 DEBUG 580 --- [    Test worker] org.hibernate.SQL                        : 
    select
        user0_.id as id1_7_,
        user0_.auth_id as auth_id5_7_,
        user0_.lastname as lastname2_7_,
        user0_.name as name3_7_,
        user0_.phone_number as phone_nu4_7_ 
    from
        users user0_
Hibernate: 
    select
        user0_.id as id1_7_,
        user0_.auth_id as auth_id5_7_,
        user0_.lastname as lastname2_7_,
        user0_.name as name3_7_,
        user0_.phone_number as phone_nu4_7_ 
    from
        users user0_
2023-11-25 11:44:31.610 DEBUG 580 --- [    Test worker] org.hibernate.SQL                        : 
    select
        organizati0_.id as id1_3_,
        organizati0_.auth_id as auth_id7_3_,
        organizati0_.city as city2_3_,
        organizati0_.name_organization as name_org3_3_,
        organizati0_.passport_number as passport4_3_,
        organizati0_.passport_series as passport5_3_,
        organizati0_.phone_number as phone_nu6_3_ 
    from
        organizations organizati0_
Hibernate: 
    select
        organizati0_.id as id1_3_,
        organizati0_.auth_id as auth_id7_3_,
        organizati0_.city as city2_3_,
        organizati0_.name_organization as name_org3_3_,
        organizati0_.passport_number as passport4_3_,
        organizati0_.passport_series as passport5_3_,
        organizati0_.phone_number as phone_nu6_3_ 
    from
        organizations organizati0_
2023-11-25 11:44:31.717 DEBUG 580 --- [    Test worker] org.hibernate.SQL                        : 
    insert 
    into
        auth
        (enable, password, role, username) 
    values
        (?, ?, ?, ?)
Hibernate: 
    insert 
    into
        auth
        (enable, password, role, username) 
    values
        (?, ?, ?, ?)
2023-11-25 11:44:31.719 TRACE 580 --- [    Test worker] o.h.type.descriptor.sql.BasicBinder      : binding parameter [1] as [BOOLEAN] - [true]
2023-11-25 11:44:31.719 TRACE 580 --- [    Test worker] o.h.type.descriptor.sql.BasicBinder      : binding parameter [2] as [VARCHAR] - [$2a$10$tjrvxUMPrJfwHtimADTaC.YtLXz9g.lux9FTtPR3RHmlExGdXXWhy]
2023-11-25 11:44:31.719 TRACE 580 --- [    Test worker] o.h.type.descriptor.sql.BasicBinder      : binding parameter [3] as [VARCHAR] - [USER]
2023-11-25 11:44:31.720 TRACE 580 --- [    Test worker] o.h.type.descriptor.sql.BasicBinder      : binding parameter [4] as [VARCHAR] - [testUser]
2023-11-25 11:44:31.847 DEBUG 580 --- [    Test worker] org.hibernate.SQL                        : 
    insert 
    into
        users
        (auth_id, lastname, name, phone_number) 
    values
        (?, ?, ?, ?)
Hibernate: 
    insert 
    into
        users
        (auth_id, lastname, name, phone_number) 
    values
        (?, ?, ?, ?)
2023-11-25 11:44:31.848 TRACE 580 --- [    Test worker] o.h.type.descriptor.sql.BasicBinder      : binding parameter [1] as [BIGINT] - [1]
2023-11-25 11:44:31.849 TRACE 580 --- [    Test worker] o.h.type.descriptor.sql.BasicBinder      : binding parameter [2] as [VARCHAR] - [Last name]
2023-11-25 11:44:31.849 TRACE 580 --- [    Test worker] o.h.type.descriptor.sql.BasicBinder      : binding parameter [3] as [VARCHAR] - [Name]
2023-11-25 11:44:31.849 TRACE 580 --- [    Test worker] o.h.type.descriptor.sql.BasicBinder      : binding parameter [4] as [VARCHAR] - [71234567890]
2023-11-25 11:44:31.875 DEBUG 580 --- [    Test worker] org.hibernate.SQL                        : 
    select
        auth0_.id as id1_0_0_,
        auth0_.enable as enable2_0_0_,
        auth0_.password as password3_0_0_,
        auth0_.role as role4_0_0_,
        auth0_.username as username5_0_0_ 
    from
        auth auth0_ 
    where
        auth0_.id=?
Hibernate: 
    select
        auth0_.id as id1_0_0_,
        auth0_.enable as enable2_0_0_,
        auth0_.password as password3_0_0_,
        auth0_.role as role4_0_0_,
        auth0_.username as username5_0_0_ 
    from
        auth auth0_ 
    where
        auth0_.id=?
2023-11-25 11:44:31.876 TRACE 580 --- [    Test worker] o.h.type.descriptor.sql.BasicBinder      : binding parameter [1] as [BIGINT] - [1]
2023-11-25 11:44:31.944 DEBUG 580 --- [    Test worker] org.hibernate.SQL                        : 
    insert 
    into
        auth
        (enable, password, role, username) 
    values
        (?, ?, ?, ?)
Hibernate: 
    insert 
    into
        auth
        (enable, password, role, username) 
    values
        (?, ?, ?, ?)
2023-11-25 11:44:31.944 TRACE 580 --- [    Test worker] o.h.type.descriptor.sql.BasicBinder      : binding parameter [1] as [BOOLEAN] - [true]
2023-11-25 11:44:31.945 TRACE 580 --- [    Test worker] o.h.type.descriptor.sql.BasicBinder      : binding parameter [2] as [VARCHAR] - [$2a$10$zza4ESDcN20QMEedrwbwK.QlHZw7feysb0zSIP6STZ7pKAYXN55Ry]
2023-11-25 11:44:31.945 TRACE 580 --- [    Test worker] o.h.type.descriptor.sql.BasicBinder      : binding parameter [3] as [VARCHAR] - [ORG]
2023-11-25 11:44:31.945 TRACE 580 --- [    Test worker] o.h.type.descriptor.sql.BasicBinder      : binding parameter [4] as [VARCHAR] - [testOrg]
2023-11-25 11:44:31.952 DEBUG 580 --- [    Test worker] org.hibernate.SQL                        : 
    insert 
    into
        organizations
        (auth_id, city, name_organization, passport_number, passport_series, phone_number) 
    values
        (?, ?, ?, ?, ?, ?)
Hibernate: 
    insert 
    into
        organizations
        (auth_id, city, name_organization, passport_number, passport_series, phone_number) 
    values
        (?, ?, ?, ?, ?, ?)
2023-11-25 11:44:31.952 TRACE 580 --- [    Test worker] o.h.type.descriptor.sql.BasicBinder      : binding parameter [1] as [BIGINT] - [2]
2023-11-25 11:44:31.952 TRACE 580 --- [    Test worker] o.h.type.descriptor.sql.BasicBinder      : binding parameter [2] as [VARCHAR] - [City]
2023-11-25 11:44:31.953 TRACE 580 --- [    Test worker] o.h.type.descriptor.sql.BasicBinder      : binding parameter [3] as [VARCHAR] - [NameOrg]
2023-11-25 11:44:31.953 TRACE 580 --- [    Test worker] o.h.type.descriptor.sql.BasicBinder      : binding parameter [4] as [VARCHAR] - [312132]
2023-11-25 11:44:31.953 TRACE 580 --- [    Test worker] o.h.type.descriptor.sql.BasicBinder      : binding parameter [5] as [VARCHAR] - [0000]
2023-11-25 11:44:31.953 TRACE 580 --- [    Test worker] o.h.type.descriptor.sql.BasicBinder      : binding parameter [6] as [VARCHAR] - [71234567890]
2023-11-25 11:44:31.963 DEBUG 580 --- [    Test worker] org.hibernate.SQL                        : 
    insert 
    into
        chats
        (organization_id, user_id) 
    values
        (?, ?)
Hibernate: 
    insert 
    into
        chats
        (organization_id, user_id) 
    values
        (?, ?)
2023-11-25 11:44:31.963 TRACE 580 --- [    Test worker] o.h.type.descriptor.sql.BasicBinder      : binding parameter [1] as [BIGINT] - [1]
2023-11-25 11:44:31.963 TRACE 580 --- [    Test worker] o.h.type.descriptor.sql.BasicBinder      : binding parameter [2] as [BIGINT] - [1]
2023-11-25 11:44:32.142 DEBUG 580 --- [    Test worker] org.hibernate.SQL                        : 
    select
        chat0_.id as id1_1_0_,
        chat0_.organization_id as organiza2_1_0_,
        chat0_.user_id as user_id3_1_0_ 
    from
        chats chat0_ 
    where
        chat0_.id=?
Hibernate: 
    select
        chat0_.id as id1_1_0_,
        chat0_.organization_id as organiza2_1_0_,
        chat0_.user_id as user_id3_1_0_ 
    from
        chats chat0_ 
    where
        chat0_.id=?
2023-11-25 11:44:32.143 TRACE 580 --- [    Test worker] o.h.type.descriptor.sql.BasicBinder      : binding parameter [1] as [BIGINT] - [1]
2023-11-25 11:44:32.175 DEBUG 580 --- [    Test worker] org.hibernate.SQL                        : 
    select
        user0_.id as id1_7_,
        user0_.auth_id as auth_id5_7_,
        user0_.lastname as lastname2_7_,
        user0_.name as name3_7_,
        user0_.phone_number as phone_nu4_7_ 
    from
        users user0_ 
    inner join
        auth auth1_ 
            on user0_.auth_id=auth1_.id 
    where
        auth1_.username=?
Hibernate: 
    select
        user0_.id as id1_7_,
        user0_.auth_id as auth_id5_7_,
        user0_.lastname as lastname2_7_,
        user0_.name as name3_7_,
        user0_.phone_number as phone_nu4_7_ 
    from
        users user0_ 
    inner join
        auth auth1_ 
            on user0_.auth_id=auth1_.id 
    where
        auth1_.username=?
2023-11-25 11:44:32.176 TRACE 580 --- [    Test worker] o.h.type.descriptor.sql.BasicBinder      : binding parameter [1] as [VARCHAR] - [testUser]
2023-11-25 11:44:32.179 DEBUG 580 --- [    Test worker] org.hibernate.SQL                        : 
    select
        auth0_.id as id1_0_0_,
        auth0_.enable as enable2_0_0_,
        auth0_.password as password3_0_0_,
        auth0_.role as role4_0_0_,
        auth0_.username as username5_0_0_ 
    from
        auth auth0_ 
    where
        auth0_.id=?
Hibernate: 
    select
        auth0_.id as id1_0_0_,
        auth0_.enable as enable2_0_0_,
        auth0_.password as password3_0_0_,
        auth0_.role as role4_0_0_,
        auth0_.username as username5_0_0_ 
    from
        auth auth0_ 
    where
        auth0_.id=?
2023-11-25 11:44:32.179 TRACE 580 --- [    Test worker] o.h.type.descriptor.sql.BasicBinder      : binding parameter [1] as [BIGINT] - [1]
2023-11-25 11:44:32.187 DEBUG 580 --- [    Test worker] org.hibernate.SQL                        : 
    insert 
    into
        messages
        (chat_id, date, message, organization_id, user_id) 
    values
        (?, ?, ?, ?, ?)
Hibernate: 
    insert 
    into
        messages
        (chat_id, date, message, organization_id, user_id) 
    values
        (?, ?, ?, ?, ?)
2023-11-25 11:44:32.187 TRACE 580 --- [    Test worker] o.h.type.descriptor.sql.BasicBinder      : binding parameter [1] as [BIGINT] - [1]
2023-11-25 11:44:32.188 TRACE 580 --- [    Test worker] o.h.type.descriptor.sql.BasicBinder      : binding parameter [2] as [TIMESTAMP] - [2023-11-19T15:00]
2023-11-25 11:44:32.191 TRACE 580 --- [    Test worker] o.h.type.descriptor.sql.BasicBinder      : binding parameter [3] as [VARCHAR] - [Test message]
2023-11-25 11:44:32.192 TRACE 580 --- [    Test worker] o.h.type.descriptor.sql.BasicBinder      : binding parameter [4] as [BIGINT] - [null]
2023-11-25 11:44:32.192 TRACE 580 --- [    Test worker] o.h.type.descriptor.sql.BasicBinder      : binding parameter [5] as [BIGINT] - [1]
2023-11-25 11:44:32.306  INFO 580 --- [    Test worker] o.s.b.t.m.w.SpringBootMockServletContext : Initializing Spring TestDispatcherServlet ''
2023-11-25 11:44:32.307  INFO 580 --- [    Test worker] o.s.t.web.servlet.TestDispatcherServlet  : Initializing Servlet ''
2023-11-25 11:44:32.308  INFO 580 --- [    Test worker] o.s.t.web.servlet.TestDispatcherServlet  : Completed initialization in 1 ms
2023-11-25 11:44:32.308 DEBUG 580 --- [    Test worker] org.hibernate.SQL                        : 
    select
        auth0_.id as id1_0_,
        auth0_.enable as enable2_0_,
        auth0_.password as password3_0_,
        auth0_.role as role4_0_,
        auth0_.username as username5_0_ 
    from
        auth auth0_
Hibernate: 
    select
        auth0_.id as id1_0_,
        auth0_.enable as enable2_0_,
        auth0_.password as password3_0_,
        auth0_.role as role4_0_,
        auth0_.username as username5_0_ 
    from
        auth auth0_
2023-11-25 11:44:32.322 DEBUG 580 --- [    Test worker] org.hibernate.SQL                        : 
    delete 
    from
        auth 
    where
        id=?
Hibernate: 
    delete 
    from
        auth 
    where
        id=?
2023-11-25 11:44:32.323 TRACE 580 --- [    Test worker] o.h.type.descriptor.sql.BasicBinder      : binding parameter [1] as [BIGINT] - [1]
2023-11-25 11:44:32.329 DEBUG 580 --- [    Test worker] org.hibernate.SQL                        : 
    delete 
    from
        auth 
    where
        id=?
Hibernate: 
    delete 
    from
        auth 
    where
        id=?
2023-11-25 11:44:32.329 TRACE 580 --- [    Test worker] o.h.type.descriptor.sql.BasicBinder      : binding parameter [1] as [BIGINT] - [2]
2023-11-25 11:44:32.338 DEBUG 580 --- [    Test worker] org.hibernate.SQL                        : 
    select
        user0_.id as id1_7_,
        user0_.auth_id as auth_id5_7_,
        user0_.lastname as lastname2_7_,
        user0_.name as name3_7_,
        user0_.phone_number as phone_nu4_7_ 
    from
        users user0_
Hibernate: 
    select
        user0_.id as id1_7_,
        user0_.auth_id as auth_id5_7_,
        user0_.lastname as lastname2_7_,
        user0_.name as name3_7_,
        user0_.phone_number as phone_nu4_7_ 
    from
        users user0_
2023-11-25 11:44:32.343 DEBUG 580 --- [    Test worker] org.hibernate.SQL                        : 
    select
        organizati0_.id as id1_3_,
        organizati0_.auth_id as auth_id7_3_,
        organizati0_.city as city2_3_,
        organizati0_.name_organization as name_org3_3_,
        organizati0_.passport_number as passport4_3_,
        organizati0_.passport_series as passport5_3_,
        organizati0_.phone_number as phone_nu6_3_ 
    from
        organizations organizati0_
Hibernate: 
    select
        organizati0_.id as id1_3_,
        organizati0_.auth_id as auth_id7_3_,
        organizati0_.city as city2_3_,
        organizati0_.name_organization as name_org3_3_,
        organizati0_.passport_number as passport4_3_,
        organizati0_.passport_series as passport5_3_,
        organizati0_.phone_number as phone_nu6_3_ 
    from
        organizations organizati0_
2023-11-25 11:44:32.414 DEBUG 580 --- [    Test worker] org.hibernate.SQL                        : 
    insert 
    into
        auth
        (enable, password, role, username) 
    values
        (?, ?, ?, ?)
Hibernate: 
    insert 
    into
        auth
        (enable, password, role, username) 
    values
        (?, ?, ?, ?)
2023-11-25 11:44:32.414 TRACE 580 --- [    Test worker] o.h.type.descriptor.sql.BasicBinder      : binding parameter [1] as [BOOLEAN] - [true]
2023-11-25 11:44:32.414 TRACE 580 --- [    Test worker] o.h.type.descriptor.sql.BasicBinder      : binding parameter [2] as [VARCHAR] - [$2a$10$TYYD9OeZ/hMvguyI6cON2OHAyRZ2cdoMKwfnXito3f1PI4zIt8NV6]
2023-11-25 11:44:32.415 TRACE 580 --- [    Test worker] o.h.type.descriptor.sql.BasicBinder      : binding parameter [3] as [VARCHAR] - [USER]
2023-11-25 11:44:32.415 TRACE 580 --- [    Test worker] o.h.type.descriptor.sql.BasicBinder      : binding parameter [4] as [VARCHAR] - [testUser]
2023-11-25 11:44:32.416 DEBUG 580 --- [    Test worker] org.hibernate.SQL                        : 
    insert 
    into
        users
        (auth_id, lastname, name, phone_number) 
    values
        (?, ?, ?, ?)
Hibernate: 
    insert 
    into
        users
        (auth_id, lastname, name, phone_number) 
    values
        (?, ?, ?, ?)
2023-11-25 11:44:32.417 TRACE 580 --- [    Test worker] o.h.type.descriptor.sql.BasicBinder      : binding parameter [1] as [BIGINT] - [3]
2023-11-25 11:44:32.417 TRACE 580 --- [    Test worker] o.h.type.descriptor.sql.BasicBinder      : binding parameter [2] as [VARCHAR] - [Last name]
2023-11-25 11:44:32.417 TRACE 580 --- [    Test worker] o.h.type.descriptor.sql.BasicBinder      : binding parameter [3] as [VARCHAR] - [Name]
2023-11-25 11:44:32.417 TRACE 580 --- [    Test worker] o.h.type.descriptor.sql.BasicBinder      : binding parameter [4] as [VARCHAR] - [71234567890]
2023-11-25 11:44:32.420 DEBUG 580 --- [    Test worker] org.hibernate.SQL                        : 
    select
        auth0_.id as id1_0_0_,
        auth0_.enable as enable2_0_0_,
        auth0_.password as password3_0_0_,
        auth0_.role as role4_0_0_,
        auth0_.username as username5_0_0_ 
    from
        auth auth0_ 
    where
        auth0_.id=?
Hibernate: 
    select
        auth0_.id as id1_0_0_,
        auth0_.enable as enable2_0_0_,
        auth0_.password as password3_0_0_,
        auth0_.role as role4_0_0_,
        auth0_.username as username5_0_0_ 
    from
        auth auth0_ 
    where
        auth0_.id=?
2023-11-25 11:44:32.420 TRACE 580 --- [    Test worker] o.h.type.descriptor.sql.BasicBinder      : binding parameter [1] as [BIGINT] - [3]
2023-11-25 11:44:32.483 DEBUG 580 --- [    Test worker] org.hibernate.SQL                        : 
    insert 
    into
        auth
        (enable, password, role, username) 
    values
        (?, ?, ?, ?)
Hibernate: 
    insert 
    into
        auth
        (enable, password, role, username) 
    values
        (?, ?, ?, ?)
2023-11-25 11:44:32.483 TRACE 580 --- [    Test worker] o.h.type.descriptor.sql.BasicBinder      : binding parameter [1] as [BOOLEAN] - [true]
2023-11-25 11:44:32.483 TRACE 580 --- [    Test worker] o.h.type.descriptor.sql.BasicBinder      : binding parameter [2] as [VARCHAR] - [$2a$10$AgqJo4s7CHDNTG2kZwzh4e2CUCK0DknWtn5h1raZxmY5C2bqoUYyq]
2023-11-25 11:44:32.483 TRACE 580 --- [    Test worker] o.h.type.descriptor.sql.BasicBinder      : binding parameter [3] as [VARCHAR] - [ORG]
2023-11-25 11:44:32.483 TRACE 580 --- [    Test worker] o.h.type.descriptor.sql.BasicBinder      : binding parameter [4] as [VARCHAR] - [testOrg]
2023-11-25 11:44:32.487 DEBUG 580 --- [    Test worker] org.hibernate.SQL                        : 
    insert 
    into
        organizations
        (auth_id, city, name_organization, passport_number, passport_series, phone_number) 
    values
        (?, ?, ?, ?, ?, ?)
Hibernate: 
    insert 
    into
        organizations
        (auth_id, city, name_organization, passport_number, passport_series, phone_number) 
    values
        (?, ?, ?, ?, ?, ?)
2023-11-25 11:44:32.487 TRACE 580 --- [    Test worker] o.h.type.descriptor.sql.BasicBinder      : binding parameter [1] as [BIGINT] - [4]
2023-11-25 11:44:32.487 TRACE 580 --- [    Test worker] o.h.type.descriptor.sql.BasicBinder      : binding parameter [2] as [VARCHAR] - [City]
2023-11-25 11:44:32.487 TRACE 580 --- [    Test worker] o.h.type.descriptor.sql.BasicBinder      : binding parameter [3] as [VARCHAR] - [NameOrg]
2023-11-25 11:44:32.487 TRACE 580 --- [    Test worker] o.h.type.descriptor.sql.BasicBinder      : binding parameter [4] as [VARCHAR] - [312132]
2023-11-25 11:44:32.487 TRACE 580 --- [    Test worker] o.h.type.descriptor.sql.BasicBinder      : binding parameter [5] as [VARCHAR] - [0000]
2023-11-25 11:44:32.487 TRACE 580 --- [    Test worker] o.h.type.descriptor.sql.BasicBinder      : binding parameter [6] as [VARCHAR] - [71234567890]
2023-11-25 11:44:32.491 DEBUG 580 --- [    Test worker] org.hibernate.SQL                        : 
    insert 
    into
        chats
        (organization_id, user_id) 
    values
        (?, ?)
Hibernate: 
    insert 
    into
        chats
        (organization_id, user_id) 
    values
        (?, ?)
2023-11-25 11:44:32.491 TRACE 580 --- [    Test worker] o.h.type.descriptor.sql.BasicBinder      : binding parameter [1] as [BIGINT] - [2]
2023-11-25 11:44:32.491 TRACE 580 --- [    Test worker] o.h.type.descriptor.sql.BasicBinder      : binding parameter [2] as [BIGINT] - [2]
2023-11-25 11:44:32.525 DEBUG 580 --- [    Test worker] org.hibernate.SQL                        : 
    select
        auth0_.id as id1_0_,
        auth0_.enable as enable2_0_,
        auth0_.password as password3_0_,
        auth0_.role as role4_0_,
        auth0_.username as username5_0_ 
    from
        auth auth0_ 
    where
        auth0_.username=?
Hibernate: 
    select
        auth0_.id as id1_0_,
        auth0_.enable as enable2_0_,
        auth0_.password as password3_0_,
        auth0_.role as role4_0_,
        auth0_.username as username5_0_ 
    from
        auth auth0_ 
    where
        auth0_.username=?
2023-11-25 11:44:32.525 TRACE 580 --- [    Test worker] o.h.type.descriptor.sql.BasicBinder      : binding parameter [1] as [VARCHAR] - [testUser]
2023-11-25 11:44:32.530 DEBUG 580 --- [    Test worker] org.hibernate.SQL                        : 
    select
        user0_.id as id1_7_,
        user0_.auth_id as auth_id5_7_,
        user0_.lastname as lastname2_7_,
        user0_.name as name3_7_,
        user0_.phone_number as phone_nu4_7_ 
    from
        users user0_ 
    inner join
        auth auth1_ 
            on user0_.auth_id=auth1_.id 
    where
        auth1_.username=?
Hibernate: 
    select
        user0_.id as id1_7_,
        user0_.auth_id as auth_id5_7_,
        user0_.lastname as lastname2_7_,
        user0_.name as name3_7_,
        user0_.phone_number as phone_nu4_7_ 
    from
        users user0_ 
    inner join
        auth auth1_ 
            on user0_.auth_id=auth1_.id 
    where
        auth1_.username=?
2023-11-25 11:44:32.530 TRACE 580 --- [    Test worker] o.h.type.descriptor.sql.BasicBinder      : binding parameter [1] as [VARCHAR] - [testUser]
2023-11-25 11:44:32.537 DEBUG 580 --- [    Test worker] org.hibernate.SQL                        : 
    select
        chat0_.id as id1_1_,
        chat0_.organization_id as organiza2_1_,
        chat0_.user_id as user_id3_1_ 
    from
        chats chat0_ 
    left outer join
        users user1_ 
            on chat0_.user_id=user1_.id 
    where
        user1_.id=?
Hibernate: 
    select
        chat0_.id as id1_1_,
        chat0_.organization_id as organiza2_1_,
        chat0_.user_id as user_id3_1_ 
    from
        chats chat0_ 
    left outer join
        users user1_ 
            on chat0_.user_id=user1_.id 
    where
        user1_.id=?
2023-11-25 11:44:32.538 TRACE 580 --- [    Test worker] o.h.type.descriptor.sql.BasicBinder      : binding parameter [1] as [BIGINT] - [2]
2023-11-25 11:44:32.541 DEBUG 580 --- [    Test worker] org.hibernate.SQL                        : 
    select
        organizati0_.id as id1_3_0_,
        organizati0_.auth_id as auth_id7_3_0_,
        organizati0_.city as city2_3_0_,
        organizati0_.name_organization as name_org3_3_0_,
        organizati0_.passport_number as passport4_3_0_,
        organizati0_.passport_series as passport5_3_0_,
        organizati0_.phone_number as phone_nu6_3_0_,
        auth1_.id as id1_0_1_,
        auth1_.enable as enable2_0_1_,
        auth1_.password as password3_0_1_,
        auth1_.role as role4_0_1_,
        auth1_.username as username5_0_1_ 
    from
        organizations organizati0_ 
    inner join
        auth auth1_ 
            on organizati0_.auth_id=auth1_.id 
    where
        organizati0_.id=?
Hibernate: 
    select
        organizati0_.id as id1_3_0_,
        organizati0_.auth_id as auth_id7_3_0_,
        organizati0_.city as city2_3_0_,
        organizati0_.name_organization as name_org3_3_0_,
        organizati0_.passport_number as passport4_3_0_,
        organizati0_.passport_series as passport5_3_0_,
        organizati0_.phone_number as phone_nu6_3_0_,
        auth1_.id as id1_0_1_,
        auth1_.enable as enable2_0_1_,
        auth1_.password as password3_0_1_,
        auth1_.role as role4_0_1_,
        auth1_.username as username5_0_1_ 
    from
        organizations organizati0_ 
    inner join
        auth auth1_ 
            on organizati0_.auth_id=auth1_.id 
    where
        organizati0_.id=?
2023-11-25 11:44:32.541 TRACE 580 --- [    Test worker] o.h.type.descriptor.sql.BasicBinder      : binding parameter [1] as [BIGINT] - [2]
2023-11-25 11:44:32.558  INFO 580 --- [    Test worker] o.s.b.t.m.w.SpringBootMockServletContext : Initializing Spring TestDispatcherServlet ''
2023-11-25 11:44:32.558  INFO 580 --- [    Test worker] o.s.t.web.servlet.TestDispatcherServlet  : Initializing Servlet ''
2023-11-25 11:44:32.559  INFO 580 --- [    Test worker] o.s.t.web.servlet.TestDispatcherServlet  : Completed initialization in 1 ms
2023-11-25 11:44:32.560 DEBUG 580 --- [    Test worker] org.hibernate.SQL                        : 
    select
        auth0_.id as id1_0_,
        auth0_.enable as enable2_0_,
        auth0_.password as password3_0_,
        auth0_.role as role4_0_,
        auth0_.username as username5_0_ 
    from
        auth auth0_
Hibernate: 
    select
        auth0_.id as id1_0_,
        auth0_.enable as enable2_0_,
        auth0_.password as password3_0_,
        auth0_.role as role4_0_,
        auth0_.username as username5_0_ 
    from
        auth auth0_
2023-11-25 11:44:32.569 DEBUG 580 --- [    Test worker] org.hibernate.SQL                        : 
    delete 
    from
        auth 
    where
        id=?
Hibernate: 
    delete 
    from
        auth 
    where
        id=?
2023-11-25 11:44:32.570 TRACE 580 --- [    Test worker] o.h.type.descriptor.sql.BasicBinder      : binding parameter [1] as [BIGINT] - [3]
2023-11-25 11:44:32.572 DEBUG 580 --- [    Test worker] org.hibernate.SQL                        : 
    delete 
    from
        auth 
    where
        id=?
Hibernate: 
    delete 
    from
        auth 
    where
        id=?
2023-11-25 11:44:32.573 TRACE 580 --- [    Test worker] o.h.type.descriptor.sql.BasicBinder      : binding parameter [1] as [BIGINT] - [4]
2023-11-25 11:44:32.576 DEBUG 580 --- [    Test worker] org.hibernate.SQL                        : 
    select
        user0_.id as id1_7_,
        user0_.auth_id as auth_id5_7_,
        user0_.lastname as lastname2_7_,
        user0_.name as name3_7_,
        user0_.phone_number as phone_nu4_7_ 
    from
        users user0_
Hibernate: 
    select
        user0_.id as id1_7_,
        user0_.auth_id as auth_id5_7_,
        user0_.lastname as lastname2_7_,
        user0_.name as name3_7_,
        user0_.phone_number as phone_nu4_7_ 
    from
        users user0_
2023-11-25 11:44:32.579 DEBUG 580 --- [    Test worker] org.hibernate.SQL                        : 
    select
        organizati0_.id as id1_3_,
        organizati0_.auth_id as auth_id7_3_,
        organizati0_.city as city2_3_,
        organizati0_.name_organization as name_org3_3_,
        organizati0_.passport_number as passport4_3_,
        organizati0_.passport_series as passport5_3_,
        organizati0_.phone_number as phone_nu6_3_ 
    from
        organizations organizati0_
Hibernate: 
    select
        organizati0_.id as id1_3_,
        organizati0_.auth_id as auth_id7_3_,
        organizati0_.city as city2_3_,
        organizati0_.name_organization as name_org3_3_,
        organizati0_.passport_number as passport4_3_,
        organizati0_.passport_series as passport5_3_,
        organizati0_.phone_number as phone_nu6_3_ 
    from
        organizations organizati0_
2023-11-25 11:44:32.652 DEBUG 580 --- [    Test worker] org.hibernate.SQL                        : 
    insert 
    into
        auth
        (enable, password, role, username) 
    values
        (?, ?, ?, ?)
Hibernate: 
    insert 
    into
        auth
        (enable, password, role, username) 
    values
        (?, ?, ?, ?)
2023-11-25 11:44:32.652 TRACE 580 --- [    Test worker] o.h.type.descriptor.sql.BasicBinder      : binding parameter [1] as [BOOLEAN] - [true]
2023-11-25 11:44:32.652 TRACE 580 --- [    Test worker] o.h.type.descriptor.sql.BasicBinder      : binding parameter [2] as [VARCHAR] - [$2a$10$PVbkgmDKOhgclwjt3NeJOOsGq8Vz3LE25q4k2BD9Od4Q72s80WuvK]
2023-11-25 11:44:32.652 TRACE 580 --- [    Test worker] o.h.type.descriptor.sql.BasicBinder      : binding parameter [3] as [VARCHAR] - [USER]
2023-11-25 11:44:32.652 TRACE 580 --- [    Test worker] o.h.type.descriptor.sql.BasicBinder      : binding parameter [4] as [VARCHAR] - [testUser]
2023-11-25 11:44:32.654 DEBUG 580 --- [    Test worker] org.hibernate.SQL                        : 
    insert 
    into
        users
        (auth_id, lastname, name, phone_number) 
    values
        (?, ?, ?, ?)
Hibernate: 
    insert 
    into
        users
        (auth_id, lastname, name, phone_number) 
    values
        (?, ?, ?, ?)
2023-11-25 11:44:32.655 TRACE 580 --- [    Test worker] o.h.type.descriptor.sql.BasicBinder      : binding parameter [1] as [BIGINT] - [5]
2023-11-25 11:44:32.655 TRACE 580 --- [    Test worker] o.h.type.descriptor.sql.BasicBinder      : binding parameter [2] as [VARCHAR] - [Last name]
2023-11-25 11:44:32.655 TRACE 580 --- [    Test worker] o.h.type.descriptor.sql.BasicBinder      : binding parameter [3] as [VARCHAR] - [Name]
2023-11-25 11:44:32.655 TRACE 580 --- [    Test worker] o.h.type.descriptor.sql.BasicBinder      : binding parameter [4] as [VARCHAR] - [71234567890]
2023-11-25 11:44:32.658 DEBUG 580 --- [    Test worker] org.hibernate.SQL                        : 
    select
        auth0_.id as id1_0_0_,
        auth0_.enable as enable2_0_0_,
        auth0_.password as password3_0_0_,
        auth0_.role as role4_0_0_,
        auth0_.username as username5_0_0_ 
    from
        auth auth0_ 
    where
        auth0_.id=?
Hibernate: 
    select
        auth0_.id as id1_0_0_,
        auth0_.enable as enable2_0_0_,
        auth0_.password as password3_0_0_,
        auth0_.role as role4_0_0_,
        auth0_.username as username5_0_0_ 
    from
        auth auth0_ 
    where
        auth0_.id=?
2023-11-25 11:44:32.658 TRACE 580 --- [    Test worker] o.h.type.descriptor.sql.BasicBinder      : binding parameter [1] as [BIGINT] - [5]
2023-11-25 11:44:32.722 DEBUG 580 --- [    Test worker] org.hibernate.SQL                        : 
    insert 
    into
        auth
        (enable, password, role, username) 
    values
        (?, ?, ?, ?)
Hibernate: 
    insert 
    into
        auth
        (enable, password, role, username) 
    values
        (?, ?, ?, ?)
2023-11-25 11:44:32.722 TRACE 580 --- [    Test worker] o.h.type.descriptor.sql.BasicBinder      : binding parameter [1] as [BOOLEAN] - [true]
2023-11-25 11:44:32.722 TRACE 580 --- [    Test worker] o.h.type.descriptor.sql.BasicBinder      : binding parameter [2] as [VARCHAR] - [$2a$10$ivSiOu3NIBmxkA/ToiTbKeTMHlDy55UcAX0j0.TqAD6pZ92D/kkEm]
2023-11-25 11:44:32.722 TRACE 580 --- [    Test worker] o.h.type.descriptor.sql.BasicBinder      : binding parameter [3] as [VARCHAR] - [ORG]
2023-11-25 11:44:32.722 TRACE 580 --- [    Test worker] o.h.type.descriptor.sql.BasicBinder      : binding parameter [4] as [VARCHAR] - [testOrg]
2023-11-25 11:44:32.725 DEBUG 580 --- [    Test worker] org.hibernate.SQL                        : 
    insert 
    into
        organizations
        (auth_id, city, name_organization, passport_number, passport_series, phone_number) 
    values
        (?, ?, ?, ?, ?, ?)
Hibernate: 
    insert 
    into
        organizations
        (auth_id, city, name_organization, passport_number, passport_series, phone_number) 
    values
        (?, ?, ?, ?, ?, ?)
2023-11-25 11:44:32.725 TRACE 580 --- [    Test worker] o.h.type.descriptor.sql.BasicBinder      : binding parameter [1] as [BIGINT] - [6]
2023-11-25 11:44:32.725 TRACE 580 --- [    Test worker] o.h.type.descriptor.sql.BasicBinder      : binding parameter [2] as [VARCHAR] - [City]
2023-11-25 11:44:32.725 TRACE 580 --- [    Test worker] o.h.type.descriptor.sql.BasicBinder      : binding parameter [3] as [VARCHAR] - [NameOrg]
2023-11-25 11:44:32.725 TRACE 580 --- [    Test worker] o.h.type.descriptor.sql.BasicBinder      : binding parameter [4] as [VARCHAR] - [312132]
2023-11-25 11:44:32.725 TRACE 580 --- [    Test worker] o.h.type.descriptor.sql.BasicBinder      : binding parameter [5] as [VARCHAR] - [0000]
2023-11-25 11:44:32.725 TRACE 580 --- [    Test worker] o.h.type.descriptor.sql.BasicBinder      : binding parameter [6] as [VARCHAR] - [71234567890]
2023-11-25 11:44:32.733 DEBUG 580 --- [    Test worker] org.hibernate.SQL                        : 
    select
        message0_.id as id1_2_,
        message0_.chat_id as chat_id4_2_,
        message0_.date as date2_2_,
        message0_.message as message3_2_,
        message0_.organization_id as organiza5_2_,
        message0_.user_id as user_id6_2_ 
    from
        messages message0_ 
    left outer join
        chats chat1_ 
            on message0_.chat_id=chat1_.id 
    where
        chat1_.id=?
Hibernate: 
    select
        message0_.id as id1_2_,
        message0_.chat_id as chat_id4_2_,
        message0_.date as date2_2_,
        message0_.message as message3_2_,
        message0_.organization_id as organiza5_2_,
        message0_.user_id as user_id6_2_ 
    from
        messages message0_ 
    left outer join
        chats chat1_ 
            on message0_.chat_id=chat1_.id 
    where
        chat1_.id=?
2023-11-25 11:44:32.734 TRACE 580 --- [    Test worker] o.h.type.descriptor.sql.BasicBinder      : binding parameter [1] as [BIGINT] - [1]
2023-11-25 11:44:32.743  INFO 580 --- [    Test worker] o.s.b.t.m.w.SpringBootMockServletContext : Initializing Spring TestDispatcherServlet ''
2023-11-25 11:44:32.743  INFO 580 --- [    Test worker] o.s.t.web.servlet.TestDispatcherServlet  : Initializing Servlet ''
2023-11-25 11:44:32.744  INFO 580 --- [    Test worker] o.s.t.web.servlet.TestDispatcherServlet  : Completed initialization in 1 ms
2023-11-25 11:44:32.745 DEBUG 580 --- [    Test worker] org.hibernate.SQL                        : 
    select
        auth0_.id as id1_0_,
        auth0_.enable as enable2_0_,
        auth0_.password as password3_0_,
        auth0_.role as role4_0_,
        auth0_.username as username5_0_ 
    from
        auth auth0_
Hibernate: 
    select
        auth0_.id as id1_0_,
        auth0_.enable as enable2_0_,
        auth0_.password as password3_0_,
        auth0_.role as role4_0_,
        auth0_.username as username5_0_ 
    from
        auth auth0_
2023-11-25 11:44:32.749 DEBUG 580 --- [    Test worker] org.hibernate.SQL                        : 
    delete 
    from
        auth 
    where
        id=?
Hibernate: 
    delete 
    from
        auth 
    where
        id=?
2023-11-25 11:44:32.749 TRACE 580 --- [    Test worker] o.h.type.descriptor.sql.BasicBinder      : binding parameter [1] as [BIGINT] - [5]
2023-11-25 11:44:32.750 DEBUG 580 --- [    Test worker] org.hibernate.SQL                        : 
    delete 
    from
        auth 
    where
        id=?
Hibernate: 
    delete 
    from
        auth 
    where
        id=?
2023-11-25 11:44:32.751 TRACE 580 --- [    Test worker] o.h.type.descriptor.sql.BasicBinder      : binding parameter [1] as [BIGINT] - [6]
2023-11-25 11:44:32.754 DEBUG 580 --- [    Test worker] org.hibernate.SQL                        : 
    select
        user0_.id as id1_7_,
        user0_.auth_id as auth_id5_7_,
        user0_.lastname as lastname2_7_,
        user0_.name as name3_7_,
        user0_.phone_number as phone_nu4_7_ 
    from
        users user0_
Hibernate: 
    select
        user0_.id as id1_7_,
        user0_.auth_id as auth_id5_7_,
        user0_.lastname as lastname2_7_,
        user0_.name as name3_7_,
        user0_.phone_number as phone_nu4_7_ 
    from
        users user0_
2023-11-25 11:44:32.761 DEBUG 580 --- [    Test worker] org.hibernate.SQL                        : 
    select
        organizati0_.id as id1_3_,
        organizati0_.auth_id as auth_id7_3_,
        organizati0_.city as city2_3_,
        organizati0_.name_organization as name_org3_3_,
        organizati0_.passport_number as passport4_3_,
        organizati0_.passport_series as passport5_3_,
        organizati0_.phone_number as phone_nu6_3_ 
    from
        organizations organizati0_
Hibernate: 
    select
        organizati0_.id as id1_3_,
        organizati0_.auth_id as auth_id7_3_,
        organizati0_.city as city2_3_,
        organizati0_.name_organization as name_org3_3_,
        organizati0_.passport_number as passport4_3_,
        organizati0_.passport_series as passport5_3_,
        organizati0_.phone_number as phone_nu6_3_ 
    from
        organizations organizati0_
2023-11-25 11:44:32.837 DEBUG 580 --- [    Test worker] org.hibernate.SQL                        : 
    insert 
    into
        auth
        (enable, password, role, username) 
    values
        (?, ?, ?, ?)
Hibernate: 
    insert 
    into
        auth
        (enable, password, role, username) 
    values
        (?, ?, ?, ?)
2023-11-25 11:44:32.838 TRACE 580 --- [    Test worker] o.h.type.descriptor.sql.BasicBinder      : binding parameter [1] as [BOOLEAN] - [true]
2023-11-25 11:44:32.838 TRACE 580 --- [    Test worker] o.h.type.descriptor.sql.BasicBinder      : binding parameter [2] as [VARCHAR] - [$2a$10$xo15EV7Ip8gNfF67XhBOg.jrPlqhRJuxzLpd4w7DvmGKi6q9BkpBa]
2023-11-25 11:44:32.838 TRACE 580 --- [    Test worker] o.h.type.descriptor.sql.BasicBinder      : binding parameter [3] as [VARCHAR] - [USER]
2023-11-25 11:44:32.838 TRACE 580 --- [    Test worker] o.h.type.descriptor.sql.BasicBinder      : binding parameter [4] as [VARCHAR] - [testUser]
2023-11-25 11:44:32.841 DEBUG 580 --- [    Test worker] org.hibernate.SQL                        : 
    insert 
    into
        users
        (auth_id, lastname, name, phone_number) 
    values
        (?, ?, ?, ?)
Hibernate: 
    insert 
    into
        users
        (auth_id, lastname, name, phone_number) 
    values
        (?, ?, ?, ?)
2023-11-25 11:44:32.841 TRACE 580 --- [    Test worker] o.h.type.descriptor.sql.BasicBinder      : binding parameter [1] as [BIGINT] - [7]
2023-11-25 11:44:32.841 TRACE 580 --- [    Test worker] o.h.type.descriptor.sql.BasicBinder      : binding parameter [2] as [VARCHAR] - [Last name]
2023-11-25 11:44:32.841 TRACE 580 --- [    Test worker] o.h.type.descriptor.sql.BasicBinder      : binding parameter [3] as [VARCHAR] - [Name]
2023-11-25 11:44:32.841 TRACE 580 --- [    Test worker] o.h.type.descriptor.sql.BasicBinder      : binding parameter [4] as [VARCHAR] - [71234567890]
2023-11-25 11:44:32.846 DEBUG 580 --- [    Test worker] org.hibernate.SQL                        : 
    select
        auth0_.id as id1_0_0_,
        auth0_.enable as enable2_0_0_,
        auth0_.password as password3_0_0_,
        auth0_.role as role4_0_0_,
        auth0_.username as username5_0_0_ 
    from
        auth auth0_ 
    where
        auth0_.id=?
Hibernate: 
    select
        auth0_.id as id1_0_0_,
        auth0_.enable as enable2_0_0_,
        auth0_.password as password3_0_0_,
        auth0_.role as role4_0_0_,
        auth0_.username as username5_0_0_ 
    from
        auth auth0_ 
    where
        auth0_.id=?
2023-11-25 11:44:32.846 TRACE 580 --- [    Test worker] o.h.type.descriptor.sql.BasicBinder      : binding parameter [1] as [BIGINT] - [7]
2023-11-25 11:44:32.909 DEBUG 580 --- [    Test worker] org.hibernate.SQL                        : 
    insert 
    into
        auth
        (enable, password, role, username) 
    values
        (?, ?, ?, ?)
Hibernate: 
    insert 
    into
        auth
        (enable, password, role, username) 
    values
        (?, ?, ?, ?)
2023-11-25 11:44:32.910 TRACE 580 --- [    Test worker] o.h.type.descriptor.sql.BasicBinder      : binding parameter [1] as [BOOLEAN] - [true]
2023-11-25 11:44:32.910 TRACE 580 --- [    Test worker] o.h.type.descriptor.sql.BasicBinder      : binding parameter [2] as [VARCHAR] - [$2a$10$9Y4U0ekqpNFhow96EkLqluI7DQ2JD.MOlHPYemPO7u9dlKhZfuTdC]
2023-11-25 11:44:32.910 TRACE 580 --- [    Test worker] o.h.type.descriptor.sql.BasicBinder      : binding parameter [3] as [VARCHAR] - [ORG]
2023-11-25 11:44:32.910 TRACE 580 --- [    Test worker] o.h.type.descriptor.sql.BasicBinder      : binding parameter [4] as [VARCHAR] - [testOrg]
2023-11-25 11:44:32.914 DEBUG 580 --- [    Test worker] org.hibernate.SQL                        : 
    insert 
    into
        organizations
        (auth_id, city, name_organization, passport_number, passport_series, phone_number) 
    values
        (?, ?, ?, ?, ?, ?)
Hibernate: 
    insert 
    into
        organizations
        (auth_id, city, name_organization, passport_number, passport_series, phone_number) 
    values
        (?, ?, ?, ?, ?, ?)
2023-11-25 11:44:32.914 TRACE 580 --- [    Test worker] o.h.type.descriptor.sql.BasicBinder      : binding parameter [1] as [BIGINT] - [8]
2023-11-25 11:44:32.914 TRACE 580 --- [    Test worker] o.h.type.descriptor.sql.BasicBinder      : binding parameter [2] as [VARCHAR] - [City]
2023-11-25 11:44:32.914 TRACE 580 --- [    Test worker] o.h.type.descriptor.sql.BasicBinder      : binding parameter [3] as [VARCHAR] - [NameOrg]
2023-11-25 11:44:32.914 TRACE 580 --- [    Test worker] o.h.type.descriptor.sql.BasicBinder      : binding parameter [4] as [VARCHAR] - [312132]
2023-11-25 11:44:32.914 TRACE 580 --- [    Test worker] o.h.type.descriptor.sql.BasicBinder      : binding parameter [5] as [VARCHAR] - [0000]
2023-11-25 11:44:32.914 TRACE 580 --- [    Test worker] o.h.type.descriptor.sql.BasicBinder      : binding parameter [6] as [VARCHAR] - [71234567890]
2023-11-25 11:44:32.922 DEBUG 580 --- [    Test worker] org.hibernate.SQL                        : 
    insert 
    into
        pets
        (birth_day, breed, description, gender, name, organization_id, status, type_pet, user_id) 
    values
        (?, ?, ?, ?, ?, ?, ?, ?, ?)
Hibernate: 
    insert 
    into
        pets
        (birth_day, breed, description, gender, name, organization_id, status, type_pet, user_id) 
    values
        (?, ?, ?, ?, ?, ?, ?, ?, ?)
2023-11-25 11:44:32.923 TRACE 580 --- [    Test worker] o.h.type.descriptor.sql.BasicBinder      : binding parameter [1] as [DATE] - [2023-11-25]
2023-11-25 11:44:32.924 TRACE 580 --- [    Test worker] o.h.type.descriptor.sql.BasicBinder      : binding parameter [2] as [VARCHAR] - [testbreed]
2023-11-25 11:44:32.924 TRACE 580 --- [    Test worker] o.h.type.descriptor.sql.BasicBinder      : binding parameter [3] as [VARCHAR] - [null]
2023-11-25 11:44:32.924 TRACE 580 --- [    Test worker] o.h.type.descriptor.sql.BasicBinder      : binding parameter [4] as [VARCHAR] - [M]
2023-11-25 11:44:32.924 TRACE 580 --- [    Test worker] o.h.type.descriptor.sql.BasicBinder      : binding parameter [5] as [VARCHAR] - [testName]
2023-11-25 11:44:32.924 TRACE 580 --- [    Test worker] o.h.type.descriptor.sql.BasicBinder      : binding parameter [6] as [BIGINT] - [4]
2023-11-25 11:44:32.924 TRACE 580 --- [    Test worker] o.h.type.descriptor.sql.BasicBinder      : binding parameter [7] as [VARCHAR] - [ACTIVE]
2023-11-25 11:44:32.924 TRACE 580 --- [    Test worker] o.h.type.descriptor.sql.BasicBinder      : binding parameter [8] as [VARCHAR] - [DOG]
2023-11-25 11:44:32.924 TRACE 580 --- [    Test worker] o.h.type.descriptor.sql.BasicBinder      : binding parameter [9] as [BIGINT] - [null]
2023-11-25 11:44:32.942 DEBUG 580 --- [    Test worker] org.hibernate.SQL                        : 
    select
        chat0_.id as col_0_0_ 
    from
        chats chat0_ 
    left outer join
        organizations organizati1_ 
            on chat0_.organization_id=organizati1_.id 
    left outer join
        auth auth2_ 
            on organizati1_.auth_id=auth2_.id 
    left outer join
        users user3_ 
            on chat0_.user_id=user3_.id 
    left outer join
        auth auth4_ 
            on user3_.auth_id=auth4_.id 
    where
        auth2_.username=? 
        and auth4_.username=? limit ?
Hibernate: 
    select
        chat0_.id as col_0_0_ 
    from
        chats chat0_ 
    left outer join
        organizations organizati1_ 
            on chat0_.organization_id=organizati1_.id 
    left outer join
        auth auth2_ 
            on organizati1_.auth_id=auth2_.id 
    left outer join
        users user3_ 
            on chat0_.user_id=user3_.id 
    left outer join
        auth auth4_ 
            on user3_.auth_id=auth4_.id 
    where
        auth2_.username=? 
        and auth4_.username=? limit ?
2023-11-25 11:44:32.942 TRACE 580 --- [    Test worker] o.h.type.descriptor.sql.BasicBinder      : binding parameter [1] as [VARCHAR] - [testOrg]
2023-11-25 11:44:32.942 TRACE 580 --- [    Test worker] o.h.type.descriptor.sql.BasicBinder      : binding parameter [2] as [VARCHAR] - [testUser]
2023-11-25 11:44:32.945 DEBUG 580 --- [    Test worker] org.hibernate.SQL                        : 
    select
        user0_.id as id1_7_,
        user0_.auth_id as auth_id5_7_,
        user0_.lastname as lastname2_7_,
        user0_.name as name3_7_,
        user0_.phone_number as phone_nu4_7_ 
    from
        users user0_ 
    inner join
        auth auth1_ 
            on user0_.auth_id=auth1_.id 
    where
        auth1_.username=?
Hibernate: 
    select
        user0_.id as id1_7_,
        user0_.auth_id as auth_id5_7_,
        user0_.lastname as lastname2_7_,
        user0_.name as name3_7_,
        user0_.phone_number as phone_nu4_7_ 
    from
        users user0_ 
    inner join
        auth auth1_ 
            on user0_.auth_id=auth1_.id 
    where
        auth1_.username=?
2023-11-25 11:44:32.946 TRACE 580 --- [    Test worker] o.h.type.descriptor.sql.BasicBinder      : binding parameter [1] as [VARCHAR] - [testUser]
2023-11-25 11:44:32.947 DEBUG 580 --- [    Test worker] org.hibernate.SQL                        : 
    select
        auth0_.id as id1_0_0_,
        auth0_.enable as enable2_0_0_,
        auth0_.password as password3_0_0_,
        auth0_.role as role4_0_0_,
        auth0_.username as username5_0_0_ 
    from
        auth auth0_ 
    where
        auth0_.id=?
Hibernate: 
    select
        auth0_.id as id1_0_0_,
        auth0_.enable as enable2_0_0_,
        auth0_.password as password3_0_0_,
        auth0_.role as role4_0_0_,
        auth0_.username as username5_0_0_ 
    from
        auth auth0_ 
    where
        auth0_.id=?
2023-11-25 11:44:32.948 TRACE 580 --- [    Test worker] o.h.type.descriptor.sql.BasicBinder      : binding parameter [1] as [BIGINT] - [7]
2023-11-25 11:44:32.950 DEBUG 580 --- [    Test worker] org.hibernate.SQL                        : 
    select
        auth0_.id as id1_0_,
        auth0_.enable as enable2_0_,
        auth0_.password as password3_0_,
        auth0_.role as role4_0_,
        auth0_.username as username5_0_ 
    from
        auth auth0_ 
    where
        auth0_.username=?
Hibernate: 
    select
        auth0_.id as id1_0_,
        auth0_.enable as enable2_0_,
        auth0_.password as password3_0_,
        auth0_.role as role4_0_,
        auth0_.username as username5_0_ 
    from
        auth auth0_ 
    where
        auth0_.username=?
2023-11-25 11:44:32.950 TRACE 580 --- [    Test worker] o.h.type.descriptor.sql.BasicBinder      : binding parameter [1] as [VARCHAR] - [testOrg]
2023-11-25 11:44:32.960 DEBUG 580 --- [    Test worker] org.hibernate.SQL                        : 
    select
        organizati0_.id as id1_3_,
        organizati0_.auth_id as auth_id7_3_,
        organizati0_.city as city2_3_,
        organizati0_.name_organization as name_org3_3_,
        organizati0_.passport_number as passport4_3_,
        organizati0_.passport_series as passport5_3_,
        organizati0_.phone_number as phone_nu6_3_ 
    from
        organizations organizati0_ 
    left outer join
        auth auth1_ 
            on organizati0_.auth_id=auth1_.id 
    where
        auth1_.id=?
Hibernate: 
    select
        organizati0_.id as id1_3_,
        organizati0_.auth_id as auth_id7_3_,
        organizati0_.city as city2_3_,
        organizati0_.name_organization as name_org3_3_,
        organizati0_.passport_number as passport4_3_,
        organizati0_.passport_series as passport5_3_,
        organizati0_.phone_number as phone_nu6_3_ 
    from
        organizations organizati0_ 
    left outer join
        auth auth1_ 
            on organizati0_.auth_id=auth1_.id 
    where
        auth1_.id=?
2023-11-25 11:44:32.960 TRACE 580 --- [    Test worker] o.h.type.descriptor.sql.BasicBinder      : binding parameter [1] as [BIGINT] - [8]
2023-11-25 11:44:32.964 DEBUG 580 --- [    Test worker] org.hibernate.SQL                        : 
    insert 
    into
        chats
        (organization_id, user_id) 
    values
        (?, ?)
Hibernate: 
    insert 
    into
        chats
        (organization_id, user_id) 
    values
        (?, ?)
2023-11-25 11:44:32.964 TRACE 580 --- [    Test worker] o.h.type.descriptor.sql.BasicBinder      : binding parameter [1] as [BIGINT] - [4]
2023-11-25 11:44:32.964 TRACE 580 --- [    Test worker] o.h.type.descriptor.sql.BasicBinder      : binding parameter [2] as [BIGINT] - [4]
2023-11-25 11:44:32.971 DEBUG 580 --- [    Test worker] org.hibernate.SQL                        : 
    select
        pet0_.id as id1_5_0_,
        pet0_.birth_day as birth_da2_5_0_,
        pet0_.breed as breed3_5_0_,
        pet0_.description as descript4_5_0_,
        pet0_.gender as gender5_5_0_,
        pet0_.name as name6_5_0_,
        pet0_.organization_id as organiza9_5_0_,
        pet0_.status as status7_5_0_,
        pet0_.type_pet as type_pet8_5_0_,
        pet0_.user_id as user_id10_5_0_ 
    from
        pets pet0_ 
    where
        pet0_.id=?
Hibernate: 
    select
        pet0_.id as id1_5_0_,
        pet0_.birth_day as birth_da2_5_0_,
        pet0_.breed as breed3_5_0_,
        pet0_.description as descript4_5_0_,
        pet0_.gender as gender5_5_0_,
        pet0_.name as name6_5_0_,
        pet0_.organization_id as organiza9_5_0_,
        pet0_.status as status7_5_0_,
        pet0_.type_pet as type_pet8_5_0_,
        pet0_.user_id as user_id10_5_0_ 
    from
        pets pet0_ 
    where
        pet0_.id=?
2023-11-25 11:44:32.972 TRACE 580 --- [    Test worker] o.h.type.descriptor.sql.BasicBinder      : binding parameter [1] as [BIGINT] - [1]
2023-11-25 11:44:32.979 DEBUG 580 --- [    Test worker] org.hibernate.SQL                        : 
    select
        chat0_.id as id1_1_,
        chat0_.organization_id as organiza2_1_,
        chat0_.user_id as user_id3_1_ 
    from
        chats chat0_ 
    left outer join
        organizations organizati1_ 
            on chat0_.organization_id=organizati1_.id 
    left outer join
        auth auth2_ 
            on organizati1_.auth_id=auth2_.id 
    left outer join
        users user3_ 
            on chat0_.user_id=user3_.id 
    left outer join
        auth auth4_ 
            on user3_.auth_id=auth4_.id 
    where
        auth2_.username=? 
        and auth4_.username=?
Hibernate: 
    select
        chat0_.id as id1_1_,
        chat0_.organization_id as organiza2_1_,
        chat0_.user_id as user_id3_1_ 
    from
        chats chat0_ 
    left outer join
        organizations organizati1_ 
            on chat0_.organization_id=organizati1_.id 
    left outer join
        auth auth2_ 
            on organizati1_.auth_id=auth2_.id 
    left outer join
        users user3_ 
            on chat0_.user_id=user3_.id 
    left outer join
        auth auth4_ 
            on user3_.auth_id=auth4_.id 
    where
        auth2_.username=? 
        and auth4_.username=?
2023-11-25 11:44:32.980 TRACE 580 --- [    Test worker] o.h.type.descriptor.sql.BasicBinder      : binding parameter [1] as [VARCHAR] - [testOrg]
2023-11-25 11:44:32.980 TRACE 580 --- [    Test worker] o.h.type.descriptor.sql.BasicBinder      : binding parameter [2] as [VARCHAR] - [testUser]
2023-11-25 11:44:32.983 DEBUG 580 --- [    Test worker] org.hibernate.SQL                        : 
    select
        user0_.id as id1_7_,
        user0_.auth_id as auth_id5_7_,
        user0_.lastname as lastname2_7_,
        user0_.name as name3_7_,
        user0_.phone_number as phone_nu4_7_ 
    from
        users user0_ 
    inner join
        auth auth1_ 
            on user0_.auth_id=auth1_.id 
    where
        auth1_.username=?
Hibernate: 
    select
        user0_.id as id1_7_,
        user0_.auth_id as auth_id5_7_,
        user0_.lastname as lastname2_7_,
        user0_.name as name3_7_,
        user0_.phone_number as phone_nu4_7_ 
    from
        users user0_ 
    inner join
        auth auth1_ 
            on user0_.auth_id=auth1_.id 
    where
        auth1_.username=?
2023-11-25 11:44:32.983 TRACE 580 --- [    Test worker] o.h.type.descriptor.sql.BasicBinder      : binding parameter [1] as [VARCHAR] - [testUser]
2023-11-25 11:44:32.987 DEBUG 580 --- [    Test worker] org.hibernate.SQL                        : 
    insert 
    into
        messages
        (chat_id, date, message, organization_id, user_id) 
    values
        (?, ?, ?, ?, ?)
Hibernate: 
    insert 
    into
        messages
        (chat_id, date, message, organization_id, user_id) 
    values
        (?, ?, ?, ?, ?)
2023-11-25 11:44:32.987 TRACE 580 --- [    Test worker] o.h.type.descriptor.sql.BasicBinder      : binding parameter [1] as [BIGINT] - [3]
2023-11-25 11:44:32.987 TRACE 580 --- [    Test worker] o.h.type.descriptor.sql.BasicBinder      : binding parameter [2] as [TIMESTAMP] - [2023-11-25T11:44:32.977]
2023-11-25 11:44:32.988 TRACE 580 --- [    Test worker] o.h.type.descriptor.sql.BasicBinder      : binding parameter [3] as [VARCHAR] - [Заявка на питомца с кличкой testName. Ссылка на питомца: http://localhost:4200/home/1]
2023-11-25 11:44:32.988 TRACE 580 --- [    Test worker] o.h.type.descriptor.sql.BasicBinder      : binding parameter [4] as [BIGINT] - [null]
2023-11-25 11:44:32.988 TRACE 580 --- [    Test worker] o.h.type.descriptor.sql.BasicBinder      : binding parameter [5] as [BIGINT] - [4]
]]></system-out>
  <system-err><![CDATA[]]></system-err>
</testsuite>
